[ 2016-03-25T17:02:17+08:00 ] ::1 /Files_manage_system/Admin/BaseInfo/create
INFO: [ app_init ] --START--
INFO: Run Behavior\BuildLiteBehavior [ RunTime:0.000030s ]
INFO: [ app_init ] --END-- [ RunTime:0.000479s ]
INFO: [ app_begin ] --START--
INFO: Run Behavior\ReadHtmlCacheBehavior [ RunTime:0.000633s ]
INFO: [ app_begin ] --END-- [ RunTime:0.000772s ]
NOTIC: [2048] Declaration of Admin\Controller\BaseInfoController::show() should be compatible with Think\Controller::show($content, $charset = '', $contentType = '', $prefix = '') F:\wamp\www\Files_manage_system\Apps\Admin\Controller\BaseInfoController.class.php 第 1105 行.
SQL: SHOW COLUMNS FROM `fm_personal_info` [ RunTime:0.0094s ]
SQL: SHOW COLUMNS FROM `fm_department` [ RunTime:0.0066s ]
SQL: SHOW COLUMNS FROM `fm_folk_type` [ RunTime:0.0071s ]
SQL: SHOW COLUMNS FROM `fm_native_type` [ RunTime:0.0064s ]
SQL: SHOW COLUMNS FROM `fm_use_form` [ RunTime:0.0065s ]
SQL: SELECT `id` FROM `fm_personal_info`  [ RunTime:0.0003s ]
SQL: SELECT * FROM `fm_department`  [ RunTime:0.0002s ]
SQL: SELECT * FROM `fm_folk_type`  [ RunTime:0.0002s ]
SQL: SELECT * FROM `fm_native_type`  [ RunTime:0.0002s ]
SQL: SELECT * FROM `fm_use_form`  [ RunTime:0.0002s ]
INFO: [ view_parse ] --START--
INFO: [ template_filter ] --START--
INFO: Run Behavior\ContentReplaceBehavior [ RunTime:0.000233s ]
INFO: [ template_filter ] --END-- [ RunTime:0.000384s ]
NOTIC: [8] Undefined variable: emp_sex_male F:\wamp\www\Files_manage_system\Apps\Runtime\Cache\Admin\ef665b77c2d05f05ae906fe22629942a.php 第 124 行.
NOTIC: [8] Undefined variable: emp_sex_female F:\wamp\www\Files_manage_system\Apps\Runtime\Cache\Admin\ef665b77c2d05f05ae906fe22629942a.php 第 128 行.
NOTIC: [8] Undefined variable: emp_politics_dangyuan F:\wamp\www\Files_manage_system\Apps\Runtime\Cache\Admin\ef665b77c2d05f05ae906fe22629942a.php 第 178 行.
NOTIC: [8] Undefined variable: emp_politics_qunzhong F:\wamp\www\Files_manage_system\Apps\Runtime\Cache\Admin\ef665b77c2d05f05ae906fe22629942a.php 第 182 行.
NOTIC: [8] Undefined variable: emp_marriage_unmarried F:\wamp\www\Files_manage_system\Apps\Runtime\Cache\Admin\ef665b77c2d05f05ae906fe22629942a.php 第 189 行.
NOTIC: [8] Undefined variable: emp_marriage_married F:\wamp\www\Files_manage_system\Apps\Runtime\Cache\Admin\ef665b77c2d05f05ae906fe22629942a.php 第 193 行.
INFO: Run Behavior\ParseTemplateBehavior [ RunTime:0.024254s ]
INFO: [ view_parse ] --END-- [ RunTime:0.024400s ]
INFO: [ view_filter ] --START--
INFO: Run Behavior\WriteHtmlCacheBehavior [ RunTime:0.000479s ]
INFO: [ view_filter ] --END-- [ RunTime:0.000644s ]
INFO: [ app_end ] --START--
INFO: Run Behavior\ShowPageTraceBehavior [ RunTime:0.001117s ]
INFO: [ app_end ] --END-- [ RunTime:0.001408s ]

[ 2016-03-25T17:03:14+08:00 ] ::1 /Files_manage_system/Admin/BaseInfo/BaseInfo_save
INFO: [ app_init ] --START--
INFO: Run Behavior\BuildLiteBehavior [ RunTime:0.000039s ]
INFO: [ app_init ] --END-- [ RunTime:0.000484s ]
INFO: [ app_begin ] --START--
INFO: Run Behavior\ReadHtmlCacheBehavior [ RunTime:0.000572s ]
INFO: [ app_begin ] --END-- [ RunTime:0.000713s ]
NOTIC: [2048] Declaration of Admin\Controller\BaseInfoController::show() should be compatible with Think\Controller::show($content, $charset = '', $contentType = '', $prefix = '') F:\wamp\www\Files_manage_system\Apps\Admin\Controller\BaseInfoController.class.php 第 1105 行.
SQL: SHOW COLUMNS FROM `fm_personal_info` [ RunTime:0.0100s ]
SQL: SHOW COLUMNS FROM `fm_duty_info` [ RunTime:0.0087s ]
SQL: SHOW COLUMNS FROM `fm_account_project` [ RunTime:0.0099s ]
SQL: SHOW COLUMNS FROM `fm_project_person` [ RunTime:0.0066s ]
SQL: SHOW COLUMNS FROM `fm_user` [ RunTime:0.0069s ]
NOTIC: [2] finfo_file(): Empty filename or path F:\wamp\www\Files_manage_system\ThinkPHP\Library\Think\Upload.class.php 第 152 行.
SQL: SELECT `id` FROM `fm_user`  [ RunTime:0.0004s ]
SQL: INSERT INTO `fm_user` (`id`,`username`,`password`,`usertype`) VALUES ('8','王五-8','e10adc3949ba59abbe56e057f20f883e','普通用户') [ RunTime:0.1258s ]
SQL: SELECT * FROM `fm_account_project` WHERE ( project_id>5 )  [ RunTime:0.0008s ]
SQL: SELECT `id` FROM `fm_project_person`  [ RunTime:0.0006s ]
SQL: INSERT INTO `fm_project_person` (`id`,`account_id`,`project_id`,`emp_id`,`count`,`update_time`) VALUES ('9','1','6','8','0','2016-03-25') [ RunTime:0.0935s ]
SQL: SELECT `id` FROM `fm_project_person`  [ RunTime:0.0008s ]
SQL: INSERT INTO `fm_project_person` (`id`,`account_id`,`project_id`,`emp_id`,`count`,`update_time`) VALUES ('10','1','7','8','0','2016-03-25') [ RunTime:0.0489s ]
NOTIC: [8] Undefined index: validate F:\wamp\www\Files_manage_system\ThinkPHP\Library\Think\Model.class.php 第 1185 行.
NOTIC: [8] Undefined index: auto F:\wamp\www\Files_manage_system\ThinkPHP\Library\Think\Model.class.php 第 1128 行.
SQL: INSERT INTO `fm_personal_info` (`id`,`fm_num`,`emp_name`,`emp_sex`,`emp_borndate`,`emp_folk`,`emp_native`,`emp_idnum`,`emp_edu`,`emp_gra_school`,`emp_gra_date`,`emp_politics`,`emp_postcode`,`emp_phone`,`emp_qq`,`emp_email`,`emp_addr`,`have_photo`) VALUES ('8','B00008','王五','男','2016-03-01','汉族','广东','441882199401041412','大专','524','2016-03-01','党员','542','4312','413','4132@qq.com','5234','') [ RunTime:0.0497s ]
NOTIC: [8] Undefined index: validate F:\wamp\www\Files_manage_system\ThinkPHP\Library\Think\Model.class.php 第 1185 行.
NOTIC: [8] Undefined index: auto F:\wamp\www\Files_manage_system\ThinkPHP\Library\Think\Model.class.php 第 1128 行.
SQL: INSERT INTO `fm_duty_info` (`id`,`fm_num`,`emp_name`,`emp_department`,`emp_job`,`emp_entry_date`,`emp_use_form`,`emp_exit_date`,`emp_exit_reason`,`emp_cont_start`,`emp_cont_end`,`emp_full_date`,`emp_full_age`,`emp_bank_name`,`emp_sociaty_insu`,`emp_lostjob_insu`,`emp_old_insu`,`emp_bank_num`,`emp_medical_insu`,`emp_hurt_insu`,`emp_resevered_fund`) VALUES ('8','B00008','王五','Java项目组','打杂','2016-03-09','全职','','','2016-03-10','2016-03-22','','','','','','','','','','') [ RunTime:0.0716s ]
NOTIC: [8] A session had already been started - ignoring session_start() F:\wamp\www\Files_manage_system\Apps\Admin\Controller\BaseInfoController.class.php 第 993 行.
INFO: [ view_parse ] --START--
INFO: [ template_filter ] --START--
INFO: Run Behavior\ContentReplaceBehavior [ RunTime:0.000134s ]
INFO: [ template_filter ] --END-- [ RunTime:0.000375s ]
INFO: Run Behavior\ParseTemplateBehavior [ RunTime:0.011848s ]
INFO: [ view_parse ] --END-- [ RunTime:0.012162s ]
INFO: [ view_filter ] --START--
INFO: Run Behavior\WriteHtmlCacheBehavior [ RunTime:0.000962s ]
INFO: [ view_filter ] --END-- [ RunTime:0.001222s ]
INFO: [ app_end ] --START--
INFO: Run Behavior\ShowPageTraceBehavior [ RunTime:0.000813s ]
INFO: [ app_end ] --END-- [ RunTime:0.001003s ]

[ 2016-03-25T17:03:16+08:00 ] ::1 /Files_manage_system/Admin/BaseInfo/show
INFO: [ app_init ] --START--
INFO: Run Behavior\BuildLiteBehavior [ RunTime:0.000057s ]
INFO: [ app_init ] --END-- [ RunTime:0.000891s ]
INFO: [ app_begin ] --START--
INFO: Run Behavior\ReadHtmlCacheBehavior [ RunTime:0.000689s ]
INFO: [ app_begin ] --END-- [ RunTime:0.000844s ]
NOTIC: [2048] Declaration of Admin\Controller\BaseInfoController::show() should be compatible with Think\Controller::show($content, $charset = '', $contentType = '', $prefix = '') F:\wamp\www\Files_manage_system\Apps\Admin\Controller\BaseInfoController.class.php 第 1105 行.
NOTIC: [8] Undefined index: id F:\wamp\www\Files_manage_system\Apps\Admin\Controller\BaseInfoController.class.php 第 393 行.
SQL: SHOW COLUMNS FROM `fm_personal_info` [ RunTime:0.0103s ]
SQL: SHOW COLUMNS FROM `fm_duty_info` [ RunTime:0.0090s ]
SQL: SHOW COLUMNS FROM `fm_department` [ RunTime:0.0068s ]
SQL: SHOW COLUMNS FROM `fm_folk_type` [ RunTime:0.0107s ]
SQL: SHOW COLUMNS FROM `fm_native_type` [ RunTime:0.0065s ]
SQL: SHOW COLUMNS FROM `fm_use_form` [ RunTime:0.0111s ]
SQL: SELECT * FROM `fm_personal_info` WHERE ( id=8 )  [ RunTime:0.0005s ]
SQL: SELECT * FROM `fm_duty_info` WHERE ( id=8 )  [ RunTime:0.0004s ]
SQL: SELECT * FROM `fm_department`  [ RunTime:0.0003s ]
SQL: SELECT * FROM `fm_folk_type`  [ RunTime:0.0002s ]
SQL: SELECT * FROM `fm_native_type`  [ RunTime:0.0002s ]
SQL: SELECT * FROM `fm_use_form`  [ RunTime:0.0002s ]
INFO: [ view_parse ] --START--
INFO: [ template_filter ] --START--
INFO: Run Behavior\ContentReplaceBehavior [ RunTime:0.000271s ]
INFO: [ template_filter ] --END-- [ RunTime:0.000428s ]
NOTIC: [8] Undefined variable: emp_marriage_unmarried F:\wamp\www\Files_manage_system\Apps\Runtime\Cache\Admin\a78414778fa5117b21e45f24be588b4a.php 第 188 行.
NOTIC: [8] Undefined variable: emp_marriage_married F:\wamp\www\Files_manage_system\Apps\Runtime\Cache\Admin\a78414778fa5117b21e45f24be588b4a.php 第 192 行.
NOTIC: [8] Undefined variable: emp_exit_date F:\wamp\www\Files_manage_system\Apps\Runtime\Cache\Admin\a78414778fa5117b21e45f24be588b4a.php 第 248 行.
NOTIC: [8] Undefined variable: emp_exit_reason F:\wamp\www\Files_manage_system\Apps\Runtime\Cache\Admin\a78414778fa5117b21e45f24be588b4a.php 第 252 行.
NOTIC: [8] Undefined variable: emp_full_date F:\wamp\www\Files_manage_system\Apps\Runtime\Cache\Admin\a78414778fa5117b21e45f24be588b4a.php 第 266 行.
NOTIC: [8] Undefined variable: emp_full_age F:\wamp\www\Files_manage_system\Apps\Runtime\Cache\Admin\a78414778fa5117b21e45f24be588b4a.php 第 270 行.
NOTIC: [8] Undefined variable: emp_bank_name F:\wamp\www\Files_manage_system\Apps\Runtime\Cache\Admin\a78414778fa5117b21e45f24be588b4a.php 第 276 行.
NOTIC: [8] Undefined variable: emp_sociaty_insu F:\wamp\www\Files_manage_system\Apps\Runtime\Cache\Admin\a78414778fa5117b21e45f24be588b4a.php 第 280 行.
NOTIC: [8] Undefined variable: emp_lostjob_insu F:\wamp\www\Files_manage_system\Apps\Runtime\Cache\Admin\a78414778fa5117b21e45f24be588b4a.php 第 284 行.
NOTIC: [8] Undefined variable: emp_old_insu F:\wamp\www\Files_manage_system\Apps\Runtime\Cache\Admin\a78414778fa5117b21e45f24be588b4a.php 第 288 行.
NOTIC: [8] Undefined variable: emp_bank_num F:\wamp\www\Files_manage_system\Apps\Runtime\Cache\Admin\a78414778fa5117b21e45f24be588b4a.php 第 294 行.
NOTIC: [8] Undefined variable: emp_medical_insu F:\wamp\www\Files_manage_system\Apps\Runtime\Cache\Admin\a78414778fa5117b21e45f24be588b4a.php 第 298 行.
NOTIC: [8] Undefined variable: emp_hurt_insu F:\wamp\www\Files_manage_system\Apps\Runtime\Cache\Admin\a78414778fa5117b21e45f24be588b4a.php 第 302 行.
NOTIC: [8] Undefined variable: emp_resevered_fund F:\wamp\www\Files_manage_system\Apps\Runtime\Cache\Admin\a78414778fa5117b21e45f24be588b4a.php 第 306 行.
NOTIC: [8] Undefined variable: have_photo F:\wamp\www\Files_manage_system\Apps\Runtime\Cache\Admin\a78414778fa5117b21e45f24be588b4a.php 第 308 行.
INFO: Run Behavior\ParseTemplateBehavior [ RunTime:0.030099s ]
INFO: [ view_parse ] --END-- [ RunTime:0.030241s ]
INFO: [ view_filter ] --START--
INFO: Run Behavior\WriteHtmlCacheBehavior [ RunTime:0.000409s ]
INFO: [ view_filter ] --END-- [ RunTime:0.000576s ]
INFO: [ app_end ] --START--
INFO: Run Behavior\ShowPageTraceBehavior [ RunTime:0.001070s ]
INFO: [ app_end ] --END-- [ RunTime:0.001317s ]

