[ 2016-01-04T22:34:20+08:00 ] ::1 /Files_manage_system/Admin
INFO: [ app_init ] --START--
INFO: Run Behavior\BuildLiteBehavior [ RunTime:0.000036s ]
INFO: [ app_init ] --END-- [ RunTime:0.009466s ]
INFO: [ app_begin ] --START--
INFO: Run Behavior\ReadHtmlCacheBehavior [ RunTime:0.018624s ]
INFO: [ app_begin ] --END-- [ RunTime:0.018819s ]
INFO: [ view_parse ] --START--
INFO: [ template_filter ] --START--
INFO: Run Behavior\ContentReplaceBehavior [ RunTime:0.017255s ]
INFO: [ template_filter ] --END-- [ RunTime:0.017416s ]
INFO: Run Behavior\ParseTemplateBehavior [ RunTime:0.092813s ]
INFO: [ view_parse ] --END-- [ RunTime:0.092978s ]
INFO: [ view_filter ] --START--
INFO: Run Behavior\WriteHtmlCacheBehavior [ RunTime:0.005360s ]
INFO: [ view_filter ] --END-- [ RunTime:0.005515s ]
INFO: [ app_end ] --START--
INFO: Run Behavior\ShowPageTraceBehavior [ RunTime:0.006333s ]
INFO: [ app_end ] --END-- [ RunTime:0.006532s ]

[ 2016-01-04T22:34:25+08:00 ] ::1 /Files_manage_system/Admin/User/redir_consultation
INFO: [ app_init ] --START--
INFO: Run Behavior\BuildLiteBehavior [ RunTime:0.000035s ]
INFO: [ app_init ] --END-- [ RunTime:0.000851s ]
INFO: [ app_begin ] --START--
INFO: Run Behavior\ReadHtmlCacheBehavior [ RunTime:0.000585s ]
INFO: [ app_begin ] --END-- [ RunTime:0.000734s ]
SQL: SHOW COLUMNS FROM `fm_user` [ RunTime:0.0190s ]
SQL: SELECT * FROM `fm_user` WHERE `username` = 'admin' AND `password` = '21232f297a57a5a743894a0e4a801fc3'  [ RunTime:0.0005s ]
SQL: SELECT * FROM `fm_user` WHERE `username` = 'admin'  [ RunTime:0.0002s ]
NOTIC: [8] A session had already been started - ignoring session_start() F:\wamp\www\Files_manage_system\Apps\Admin\Controller\UserController.class.php 第 32 行.
NOTIC: [8] Undefined index: job F:\wamp\www\Files_manage_system\Apps\Admin\Controller\UserController.class.php 第 33 行.

[ 2016-01-04T22:34:25+08:00 ] ::1 /Files_manage_system/Admin/Index/index
INFO: [ app_init ] --START--
INFO: Run Behavior\BuildLiteBehavior [ RunTime:0.000028s ]
INFO: [ app_init ] --END-- [ RunTime:0.000426s ]
INFO: [ app_begin ] --START--
INFO: Run Behavior\ReadHtmlCacheBehavior [ RunTime:0.000408s ]
INFO: [ app_begin ] --END-- [ RunTime:0.000596s ]
INFO: [ view_parse ] --START--
INFO: [ template_filter ] --START--
INFO: Run Behavior\ContentReplaceBehavior [ RunTime:0.000115s ]
INFO: [ template_filter ] --END-- [ RunTime:0.000271s ]
INFO: Run Behavior\ParseTemplateBehavior [ RunTime:0.017033s ]
INFO: [ view_parse ] --END-- [ RunTime:0.017265s ]
INFO: [ view_filter ] --START--
INFO: Run Behavior\WriteHtmlCacheBehavior [ RunTime:0.000339s ]
INFO: [ view_filter ] --END-- [ RunTime:0.000472s ]
INFO: [ app_end ] --START--
INFO: Run Behavior\ShowPageTraceBehavior [ RunTime:0.000490s ]
INFO: [ app_end ] --END-- [ RunTime:0.000650s ]

[ 2016-01-04T22:34:28+08:00 ] ::1 /Files_manage_system/Admin/Index/index
INFO: [ app_init ] --START--
INFO: Run Behavior\BuildLiteBehavior [ RunTime:0.000040s ]
INFO: [ app_init ] --END-- [ RunTime:0.000445s ]
INFO: [ app_begin ] --START--
INFO: Run Behavior\ReadHtmlCacheBehavior [ RunTime:0.000444s ]
INFO: [ app_begin ] --END-- [ RunTime:0.000577s ]
INFO: [ view_parse ] --START--
INFO: [ template_filter ] --START--
INFO: Run Behavior\ContentReplaceBehavior [ RunTime:0.000104s ]
INFO: [ template_filter ] --END-- [ RunTime:0.000248s ]
INFO: Run Behavior\ParseTemplateBehavior [ RunTime:0.006920s ]
INFO: [ view_parse ] --END-- [ RunTime:0.007076s ]
INFO: [ view_filter ] --START--
INFO: Run Behavior\WriteHtmlCacheBehavior [ RunTime:0.000253s ]
INFO: [ view_filter ] --END-- [ RunTime:0.000377s ]
INFO: [ app_end ] --START--
INFO: Run Behavior\ShowPageTraceBehavior [ RunTime:0.000472s ]
INFO: [ app_end ] --END-- [ RunTime:0.000616s ]

