[ 2016-04-15T14:26:40+08:00 ] ::1 /Files_manage_system/Admin/BaseInfo/check
INFO: [ app_init ] --START--
INFO: Run Behavior\BuildLiteBehavior [ RunTime:0.000036s ]
INFO: [ app_init ] --END-- [ RunTime:0.043024s ]
INFO: [ app_begin ] --START--
INFO: Run Behavior\ReadHtmlCacheBehavior [ RunTime:0.015649s ]
INFO: [ app_begin ] --END-- [ RunTime:0.015818s ]
NOTIC: [2048] Declaration of Admin\Controller\BaseInfoController::show() should be compatible with Think\Controller::show($content, $charset = '', $contentType = '', $prefix = '') F:\wamp\www\Files_manage_system\Apps\Admin\Controller\BaseInfoController.class.php 第 1105 行.
NOTIC: [8] Undefined index: username F:\wamp\www\Files_manage_system\Apps\Admin\Controller\BaseInfoController.class.php 第 7 行.

[ 2016-04-15T14:26:40+08:00 ] ::1 /Files_manage_system/Admin/User/index
INFO: [ app_init ] --START--
INFO: Run Behavior\BuildLiteBehavior [ RunTime:0.000039s ]
INFO: [ app_init ] --END-- [ RunTime:0.000558s ]
INFO: [ app_begin ] --START--
INFO: Run Behavior\ReadHtmlCacheBehavior [ RunTime:0.000568s ]
INFO: [ app_begin ] --END-- [ RunTime:0.000744s ]
INFO: [ view_parse ] --START--
INFO: [ template_filter ] --START--
INFO: Run Behavior\ContentReplaceBehavior [ RunTime:0.000878s ]
INFO: [ template_filter ] --END-- [ RunTime:0.001099s ]
INFO: Run Behavior\ParseTemplateBehavior [ RunTime:0.207883s ]
INFO: [ view_parse ] --END-- [ RunTime:0.208110s ]
INFO: [ view_filter ] --START--
INFO: Run Behavior\WriteHtmlCacheBehavior [ RunTime:0.019578s ]
INFO: [ view_filter ] --END-- [ RunTime:0.019867s ]
INFO: [ app_end ] --START--
INFO: Run Behavior\ShowPageTraceBehavior [ RunTime:0.013369s ]
INFO: [ app_end ] --END-- [ RunTime:0.013783s ]

[ 2016-04-15T14:26:55+08:00 ] ::1 /Files_manage_system/Admin/User/redir_consultation
INFO: [ app_init ] --START--
INFO: Run Behavior\BuildLiteBehavior [ RunTime:0.000042s ]
INFO: [ app_init ] --END-- [ RunTime:0.000556s ]
INFO: [ app_begin ] --START--
INFO: Run Behavior\ReadHtmlCacheBehavior [ RunTime:0.000755s ]
INFO: [ app_begin ] --END-- [ RunTime:0.000929s ]
NOTIC: [8] Undefined index: emp_id F:\wamp\www\Files_manage_system\Apps\Admin\Controller\UserController.class.php 第 16 行.
SQL: SHOW COLUMNS FROM `fm_user` [ RunTime:0.1395s ]
SQL: SELECT `id` FROM `fm_user`  [ RunTime:0.0013s ]
SQL: SELECT * FROM `fm_user` WHERE `username` = 'duo' AND `password` = '979d472a84804b9f647bc185a877a8b5'  [ RunTime:0.0081s ]
SQL: SELECT * FROM `fm_user` WHERE `username` = 'duo' AND `usertype` = '超级管理员'  [ RunTime:0.0002s ]
INFO: [ view_parse ] --START--
INFO: [ template_filter ] --START--
INFO: Run Behavior\ContentReplaceBehavior [ RunTime:0.000100s ]
INFO: [ template_filter ] --END-- [ RunTime:0.000244s ]
INFO: Run Behavior\ParseTemplateBehavior [ RunTime:0.031327s ]
INFO: [ view_parse ] --END-- [ RunTime:0.031548s ]
INFO: [ view_filter ] --START--
INFO: Run Behavior\WriteHtmlCacheBehavior [ RunTime:0.000412s ]
INFO: [ view_filter ] --END-- [ RunTime:0.000548s ]

[ 2016-04-15T14:26:58+08:00 ] ::1 /Files_manage_system/Admin/User/redir_consultation
INFO: [ app_init ] --START--
INFO: Run Behavior\BuildLiteBehavior [ RunTime:0.000035s ]
INFO: [ app_init ] --END-- [ RunTime:0.000512s ]
INFO: [ app_begin ] --START--
INFO: Run Behavior\ReadHtmlCacheBehavior [ RunTime:0.000509s ]
INFO: [ app_begin ] --END-- [ RunTime:0.000681s ]
NOTIC: [8] Undefined index: emp_id F:\wamp\www\Files_manage_system\Apps\Admin\Controller\UserController.class.php 第 16 行.
SQL: SHOW COLUMNS FROM `fm_user` [ RunTime:0.1522s ]
SQL: SELECT `id` FROM `fm_user`  [ RunTime:0.0003s ]
SQL: SELECT * FROM `fm_user` WHERE `username` = 'duo' AND `password` = 'e10adc3949ba59abbe56e057f20f883e'  [ RunTime:0.0003s ]
SQL: SELECT * FROM `fm_user` WHERE `username` = 'duo' AND `usertype` = '超级管理员'  [ RunTime:0.0006s ]
INFO: [ view_parse ] --START--
INFO: [ template_filter ] --START--
INFO: Run Behavior\ContentReplaceBehavior [ RunTime:0.000119s ]
INFO: [ template_filter ] --END-- [ RunTime:0.000290s ]
INFO: Run Behavior\ParseTemplateBehavior [ RunTime:0.008987s ]
INFO: [ view_parse ] --END-- [ RunTime:0.009277s ]
INFO: [ view_filter ] --START--
INFO: Run Behavior\WriteHtmlCacheBehavior [ RunTime:0.000348s ]
INFO: [ view_filter ] --END-- [ RunTime:0.000505s ]

[ 2016-04-15T14:27:03+08:00 ] ::1 /Files_manage_system/Admin/User/redir_consultation
INFO: [ app_init ] --START--
INFO: Run Behavior\BuildLiteBehavior [ RunTime:0.000036s ]
INFO: [ app_init ] --END-- [ RunTime:0.000515s ]
INFO: [ app_begin ] --START--
INFO: Run Behavior\ReadHtmlCacheBehavior [ RunTime:0.000496s ]
INFO: [ app_begin ] --END-- [ RunTime:0.000656s ]
NOTIC: [8] Undefined index: emp_id F:\wamp\www\Files_manage_system\Apps\Admin\Controller\UserController.class.php 第 16 行.
SQL: SHOW COLUMNS FROM `fm_user` [ RunTime:0.0116s ]
SQL: SELECT `id` FROM `fm_user`  [ RunTime:0.0003s ]
SQL: SELECT * FROM `fm_user` WHERE `username` = 'duo' AND `password` = '202cb962ac59075b964b07152d234b70'  [ RunTime:0.0004s ]
SQL: SELECT * FROM `fm_user` WHERE `username` = 'duo' AND `usertype` = '超级管理员'  [ RunTime:0.0004s ]
NOTIC: [8] A session had already been started - ignoring session_start() F:\wamp\www\Files_manage_system\Apps\Admin\Controller\UserController.class.php 第 33 行.

[ 2016-04-15T14:27:03+08:00 ] ::1 /Files_manage_system/Admin/Index/index
INFO: [ app_init ] --START--
INFO: Run Behavior\BuildLiteBehavior [ RunTime:0.000030s ]
INFO: [ app_init ] --END-- [ RunTime:0.000441s ]
INFO: [ app_begin ] --START--
INFO: Run Behavior\ReadHtmlCacheBehavior [ RunTime:0.000448s ]
INFO: [ app_begin ] --END-- [ RunTime:0.000577s ]
INFO: [ view_parse ] --START--
INFO: [ template_filter ] --START--
INFO: Run Behavior\ContentReplaceBehavior [ RunTime:0.000123s ]
INFO: [ template_filter ] --END-- [ RunTime:0.000263s ]
INFO: Run Behavior\ParseTemplateBehavior [ RunTime:0.034425s ]
INFO: [ view_parse ] --END-- [ RunTime:0.034598s ]
INFO: [ view_filter ] --START--
INFO: Run Behavior\WriteHtmlCacheBehavior [ RunTime:0.000305s ]
INFO: [ view_filter ] --END-- [ RunTime:0.000457s ]
INFO: [ app_end ] --START--
INFO: Run Behavior\ShowPageTraceBehavior [ RunTime:0.000543s ]
INFO: [ app_end ] --END-- [ RunTime:0.000675s ]

[ 2016-04-15T14:27:06+08:00 ] ::1 /Files_manage_system/Admin/Salary/salary_setting
INFO: [ app_init ] --START--
INFO: Run Behavior\BuildLiteBehavior [ RunTime:0.000035s ]
INFO: [ app_init ] --END-- [ RunTime:0.000504s ]
INFO: [ app_begin ] --START--
INFO: Run Behavior\ReadHtmlCacheBehavior [ RunTime:0.000512s ]
INFO: [ app_begin ] --END-- [ RunTime:0.000673s ]
SQL: SHOW COLUMNS FROM `fm_personal_info` [ RunTime:0.0433s ]
SQL: SHOW COLUMNS FROM `fm_duty_info` [ RunTime:0.0420s ]
SQL: SHOW COLUMNS FROM `fm_salary` [ RunTime:0.0376s ]
SQL: SHOW COLUMNS FROM `fm_account_info` [ RunTime:0.0287s ]
SQL: SHOW COLUMNS FROM `fm_account_project` [ RunTime:0.0361s ]
SQL: SHOW COLUMNS FROM `fm_project_person` [ RunTime:0.0197s ]
SQL: SHOW COLUMNS FROM `fm_department` [ RunTime:0.0529s ]
SQL: SHOW COLUMNS FROM `fm_folk_type` [ RunTime:0.0467s ]
SQL: SHOW COLUMNS FROM `fm_native_type` [ RunTime:0.0514s ]
SQL: SHOW COLUMNS FROM `fm_use_form` [ RunTime:0.0315s ]
SQL: SELECT * FROM `fm_personal_info`  [ RunTime:0.0005s ]
SQL: SELECT * FROM `fm_duty_info`  [ RunTime:0.0003s ]
SQL: SELECT * FROM `fm_salary`  [ RunTime:0.0010s ]
SQL: SELECT `id` FROM `fm_account_info` WHERE ( use_status="on" )  [ RunTime:0.0003s ]
SQL: SELECT `project_id`,`project_name`,`project_unit` FROM `fm_account_project` WHERE ( account_id=1 and project_id>5 ) ORDER BY project_id asc  [ RunTime:0.0146s ]
SQL: SELECT `count`,`project_id` FROM `fm_project_person` WHERE ( account_id=1 and emp_id=1 and update_time like "2016-%" ) ORDER BY project_id asc  [ RunTime:0.0004s ]
SQL: SELECT `count`,`project_id` FROM `fm_project_person` WHERE ( account_id=1 and emp_id=2 and update_time like "2016-%" ) ORDER BY project_id asc  [ RunTime:0.0003s ]
SQL: SELECT * FROM `fm_department`  [ RunTime:0.0002s ]
SQL: SELECT * FROM `fm_folk_type`  [ RunTime:0.0002s ]
SQL: SELECT * FROM `fm_native_type`  [ RunTime:0.0002s ]
SQL: SELECT * FROM `fm_use_form`  [ RunTime:0.0002s ]
INFO: [ view_parse ] --START--
INFO: [ template_filter ] --START--
INFO: Run Behavior\ContentReplaceBehavior [ RunTime:0.000269s ]
INFO: [ template_filter ] --END-- [ RunTime:0.000476s ]
INFO: Run Behavior\ParseTemplateBehavior [ RunTime:0.042617s ]
INFO: [ view_parse ] --END-- [ RunTime:0.042792s ]
INFO: [ view_filter ] --START--
INFO: Run Behavior\WriteHtmlCacheBehavior [ RunTime:0.000281s ]
INFO: [ view_filter ] --END-- [ RunTime:0.000414s ]
INFO: [ app_end ] --START--
INFO: Run Behavior\ShowPageTraceBehavior [ RunTime:0.000571s ]
INFO: [ app_end ] --END-- [ RunTime:0.000742s ]

[ 2016-04-15T14:31:08+08:00 ] ::1 /Files_manage_system/Admin/Salary/salary_setting
INFO: [ app_init ] --START--
INFO: Run Behavior\BuildLiteBehavior [ RunTime:0.000028s ]
INFO: [ app_init ] --END-- [ RunTime:0.000458s ]
INFO: [ app_begin ] --START--
INFO: Run Behavior\ReadHtmlCacheBehavior [ RunTime:0.000783s ]
INFO: [ app_begin ] --END-- [ RunTime:0.000969s ]
SQL: SHOW COLUMNS FROM `fm_personal_info` [ RunTime:0.0141s ]
SQL: SHOW COLUMNS FROM `fm_duty_info` [ RunTime:0.0103s ]
SQL: SHOW COLUMNS FROM `fm_salary` [ RunTime:0.0981s ]
SQL: SHOW COLUMNS FROM `fm_account_info` [ RunTime:0.0088s ]
SQL: SHOW COLUMNS FROM `fm_account_project` [ RunTime:0.0295s ]
SQL: SHOW COLUMNS FROM `fm_project_person` [ RunTime:0.0098s ]
SQL: SHOW COLUMNS FROM `fm_department` [ RunTime:0.0074s ]
SQL: SHOW COLUMNS FROM `fm_folk_type` [ RunTime:0.0087s ]
SQL: SHOW COLUMNS FROM `fm_native_type` [ RunTime:0.0248s ]
SQL: SHOW COLUMNS FROM `fm_use_form` [ RunTime:0.0095s ]
SQL: SELECT * FROM `fm_personal_info`  [ RunTime:0.0005s ]
SQL: SELECT * FROM `fm_duty_info`  [ RunTime:0.0004s ]
SQL: SELECT * FROM `fm_salary`  [ RunTime:0.0002s ]
SQL: SELECT `id` FROM `fm_account_info` WHERE ( use_status="on" )  [ RunTime:0.0003s ]
SQL: SELECT `project_id`,`project_name`,`project_unit` FROM `fm_account_project` WHERE ( account_id=1 and project_id>5 ) ORDER BY project_id asc  [ RunTime:0.0003s ]
SQL: SELECT `count`,`project_id` FROM `fm_project_person` WHERE ( account_id=1 and emp_id=1 and update_time like "2016-%" ) ORDER BY project_id asc  [ RunTime:0.0002s ]
SQL: SELECT `count`,`project_id` FROM `fm_project_person` WHERE ( account_id=1 and emp_id=2 and update_time like "2016-%" ) ORDER BY project_id asc  [ RunTime:0.0002s ]
SQL: SELECT * FROM `fm_department`  [ RunTime:0.0002s ]
SQL: SELECT * FROM `fm_folk_type`  [ RunTime:0.0002s ]
SQL: SELECT * FROM `fm_native_type`  [ RunTime:0.0002s ]
SQL: SELECT * FROM `fm_use_form`  [ RunTime:0.0002s ]
INFO: [ view_parse ] --START--
INFO: [ template_filter ] --START--
INFO: Run Behavior\ContentReplaceBehavior [ RunTime:0.000157s ]
INFO: [ template_filter ] --END-- [ RunTime:0.000304s ]
INFO: Run Behavior\ParseTemplateBehavior [ RunTime:0.023943s ]
INFO: [ view_parse ] --END-- [ RunTime:0.024100s ]
INFO: [ view_filter ] --START--
INFO: Run Behavior\WriteHtmlCacheBehavior [ RunTime:0.000414s ]
INFO: [ view_filter ] --END-- [ RunTime:0.000539s ]
INFO: [ app_end ] --START--
INFO: Run Behavior\ShowPageTraceBehavior [ RunTime:0.000924s ]
INFO: [ app_end ] --END-- [ RunTime:0.001219s ]

[ 2016-04-15T14:40:48+08:00 ] ::1 /Files_manage_system/Admin/System/basedata_setting
INFO: [ app_init ] --START--
INFO: Run Behavior\BuildLiteBehavior [ RunTime:0.000036s ]
INFO: [ app_init ] --END-- [ RunTime:0.000543s ]
INFO: [ app_begin ] --START--
INFO: Run Behavior\ReadHtmlCacheBehavior [ RunTime:0.000631s ]
INFO: [ app_begin ] --END-- [ RunTime:0.000798s ]
INFO: [ view_parse ] --START--
INFO: [ template_filter ] --START--
INFO: Run Behavior\ContentReplaceBehavior [ RunTime:0.000164s ]
INFO: [ template_filter ] --END-- [ RunTime:0.000337s ]
INFO: Run Behavior\ParseTemplateBehavior [ RunTime:0.017105s ]
INFO: [ view_parse ] --END-- [ RunTime:0.017307s ]
INFO: [ view_filter ] --START--
INFO: Run Behavior\WriteHtmlCacheBehavior [ RunTime:0.000404s ]
INFO: [ view_filter ] --END-- [ RunTime:0.000560s ]
INFO: [ app_end ] --START--
INFO: Run Behavior\ShowPageTraceBehavior [ RunTime:0.000534s ]
INFO: [ app_end ] --END-- [ RunTime:0.000682s ]

[ 2016-04-15T14:48:05+08:00 ] ::1 /Files_manage_system/Admin/Index
INFO: [ app_init ] --START--
INFO: Run Behavior\BuildLiteBehavior [ RunTime:0.000031s ]
INFO: [ app_init ] --END-- [ RunTime:0.000474s ]
INFO: [ app_begin ] --START--
INFO: Run Behavior\ReadHtmlCacheBehavior [ RunTime:0.001576s ]
INFO: [ app_begin ] --END-- [ RunTime:0.001771s ]
INFO: [ view_parse ] --START--
INFO: [ template_filter ] --START--
INFO: Run Behavior\ContentReplaceBehavior [ RunTime:0.000132s ]
INFO: [ template_filter ] --END-- [ RunTime:0.000277s ]
INFO: Run Behavior\ParseTemplateBehavior [ RunTime:0.013066s ]
INFO: [ view_parse ] --END-- [ RunTime:0.013236s ]
INFO: [ view_filter ] --START--
INFO: Run Behavior\WriteHtmlCacheBehavior [ RunTime:0.000735s ]
INFO: [ view_filter ] --END-- [ RunTime:0.001009s ]
INFO: [ app_end ] --START--
INFO: Run Behavior\ShowPageTraceBehavior [ RunTime:0.000859s ]
INFO: [ app_end ] --END-- [ RunTime:0.001040s ]

[ 2016-04-15T21:52:38+08:00 ] ::1 /Files_manage_system/Admin/BaseInfo/create
INFO: [ app_init ] --START--
INFO: Run Behavior\BuildLiteBehavior [ RunTime:0.000036s ]
INFO: [ app_init ] --END-- [ RunTime:0.008039s ]
INFO: [ app_begin ] --START--
INFO: Run Behavior\ReadHtmlCacheBehavior [ RunTime:0.013084s ]
INFO: [ app_begin ] --END-- [ RunTime:0.013391s ]
NOTIC: [2048] Declaration of Admin\Controller\BaseInfoController::show() should be compatible with Think\Controller::show($content, $charset = '', $contentType = '', $prefix = '') F:\wamp\www\Files_manage_system\Apps\Admin\Controller\BaseInfoController.class.php 第 1105 行.
SQL: SHOW COLUMNS FROM `fm_personal_info` [ RunTime:0.0184s ]
SQL: SHOW COLUMNS FROM `fm_department` [ RunTime:0.0078s ]
SQL: SHOW COLUMNS FROM `fm_folk_type` [ RunTime:0.0188s ]
SQL: SHOW COLUMNS FROM `fm_native_type` [ RunTime:0.0094s ]
SQL: SHOW COLUMNS FROM `fm_use_form` [ RunTime:0.0076s ]
SQL: SELECT `id` FROM `fm_personal_info`  [ RunTime:0.0009s ]
SQL: SELECT * FROM `fm_department`  [ RunTime:0.0005s ]
SQL: SELECT * FROM `fm_folk_type`  [ RunTime:0.0004s ]
SQL: SELECT * FROM `fm_native_type`  [ RunTime:0.0003s ]
SQL: SELECT * FROM `fm_use_form`  [ RunTime:0.0002s ]
INFO: [ view_parse ] --START--
INFO: [ template_filter ] --START--
INFO: Run Behavior\ContentReplaceBehavior [ RunTime:0.000258s ]
INFO: [ template_filter ] --END-- [ RunTime:0.000415s ]
NOTIC: [8] Undefined variable: emp_sex_male F:\wamp\www\Files_manage_system\Apps\Runtime\Cache\Admin\ef665b77c2d05f05ae906fe22629942a.php 第 124 行.
NOTIC: [8] Undefined variable: emp_sex_female F:\wamp\www\Files_manage_system\Apps\Runtime\Cache\Admin\ef665b77c2d05f05ae906fe22629942a.php 第 128 行.
NOTIC: [8] Undefined variable: emp_politics_dangyuan F:\wamp\www\Files_manage_system\Apps\Runtime\Cache\Admin\ef665b77c2d05f05ae906fe22629942a.php 第 178 行.
NOTIC: [8] Undefined variable: emp_politics_qunzhong F:\wamp\www\Files_manage_system\Apps\Runtime\Cache\Admin\ef665b77c2d05f05ae906fe22629942a.php 第 182 行.
NOTIC: [8] Undefined variable: emp_marriage_unmarried F:\wamp\www\Files_manage_system\Apps\Runtime\Cache\Admin\ef665b77c2d05f05ae906fe22629942a.php 第 189 行.
NOTIC: [8] Undefined variable: emp_marriage_married F:\wamp\www\Files_manage_system\Apps\Runtime\Cache\Admin\ef665b77c2d05f05ae906fe22629942a.php 第 193 行.
INFO: Run Behavior\ParseTemplateBehavior [ RunTime:0.128434s ]
INFO: [ view_parse ] --END-- [ RunTime:0.128673s ]
INFO: [ view_filter ] --START--
INFO: Run Behavior\WriteHtmlCacheBehavior [ RunTime:0.001849s ]
INFO: [ view_filter ] --END-- [ RunTime:0.002069s ]
INFO: [ app_end ] --START--
INFO: Run Behavior\ShowPageTraceBehavior [ RunTime:0.011497s ]
INFO: [ app_end ] --END-- [ RunTime:0.011801s ]

[ 2016-04-15T21:52:41+08:00 ] ::1 /Files_manage_system/Admin/BaseInfo/check
INFO: [ app_init ] --START--
INFO: Run Behavior\BuildLiteBehavior [ RunTime:0.000037s ]
INFO: [ app_init ] --END-- [ RunTime:0.000626s ]
INFO: [ app_begin ] --START--
INFO: Run Behavior\ReadHtmlCacheBehavior [ RunTime:0.000674s ]
INFO: [ app_begin ] --END-- [ RunTime:0.000844s ]
NOTIC: [2048] Declaration of Admin\Controller\BaseInfoController::show() should be compatible with Think\Controller::show($content, $charset = '', $contentType = '', $prefix = '') F:\wamp\www\Files_manage_system\Apps\Admin\Controller\BaseInfoController.class.php 第 1105 行.
SQL: SHOW COLUMNS FROM `fm_personal_info` [ RunTime:0.0128s ]
SQL: SHOW COLUMNS FROM `fm_duty_info` [ RunTime:0.0111s ]
SQL: SHOW COLUMNS FROM `fm_department` [ RunTime:0.1203s ]
SQL: SELECT * FROM `fm_personal_info`  [ RunTime:0.0005s ]
SQL: SELECT * FROM `fm_duty_info`  [ RunTime:0.0005s ]
SQL: SELECT * FROM `fm_department`  [ RunTime:0.0003s ]
INFO: [ view_parse ] --START--
INFO: [ template_filter ] --START--
INFO: Run Behavior\ContentReplaceBehavior [ RunTime:0.000195s ]
INFO: [ template_filter ] --END-- [ RunTime:0.000366s ]
INFO: Run Behavior\ParseTemplateBehavior [ RunTime:0.057453s ]
INFO: [ view_parse ] --END-- [ RunTime:0.057717s ]
INFO: [ view_filter ] --START--
INFO: Run Behavior\WriteHtmlCacheBehavior [ RunTime:0.000424s ]
INFO: [ view_filter ] --END-- [ RunTime:0.000608s ]
INFO: [ app_end ] --START--
INFO: Run Behavior\ShowPageTraceBehavior [ RunTime:0.000583s ]
INFO: [ app_end ] --END-- [ RunTime:0.000767s ]

[ 2016-04-15T21:52:42+08:00 ] ::1 /Files_manage_system/Admin/BaseInfo/check
INFO: [ app_init ] --START--
INFO: Run Behavior\BuildLiteBehavior [ RunTime:0.000036s ]
INFO: [ app_init ] --END-- [ RunTime:0.000562s ]
INFO: [ app_begin ] --START--
INFO: Run Behavior\ReadHtmlCacheBehavior [ RunTime:0.000514s ]
INFO: [ app_begin ] --END-- [ RunTime:0.000711s ]
NOTIC: [2048] Declaration of Admin\Controller\BaseInfoController::show() should be compatible with Think\Controller::show($content, $charset = '', $contentType = '', $prefix = '') F:\wamp\www\Files_manage_system\Apps\Admin\Controller\BaseInfoController.class.php 第 1105 行.
SQL: SHOW COLUMNS FROM `fm_personal_info` [ RunTime:0.0122s ]
SQL: SHOW COLUMNS FROM `fm_duty_info` [ RunTime:0.0070s ]
SQL: SHOW COLUMNS FROM `fm_department` [ RunTime:0.0073s ]
SQL: SELECT * FROM `fm_personal_info`  [ RunTime:0.0003s ]
SQL: SELECT * FROM `fm_duty_info`  [ RunTime:0.0002s ]
SQL: SELECT * FROM `fm_department`  [ RunTime:0.0002s ]
INFO: [ view_parse ] --START--
INFO: [ template_filter ] --START--
INFO: Run Behavior\ContentReplaceBehavior [ RunTime:0.000147s ]
INFO: [ template_filter ] --END-- [ RunTime:0.000312s ]
INFO: Run Behavior\ParseTemplateBehavior [ RunTime:0.008231s ]
INFO: [ view_parse ] --END-- [ RunTime:0.008448s ]
INFO: [ view_filter ] --START--
INFO: Run Behavior\WriteHtmlCacheBehavior [ RunTime:0.000553s ]
INFO: [ view_filter ] --END-- [ RunTime:0.000707s ]
INFO: [ app_end ] --START--
INFO: Run Behavior\ShowPageTraceBehavior [ RunTime:0.000443s ]
INFO: [ app_end ] --END-- [ RunTime:0.000592s ]

[ 2016-04-15T21:52:45+08:00 ] ::1 /Files_manage_system/Admin/BaseInfo/create
INFO: [ app_init ] --START--
INFO: Run Behavior\BuildLiteBehavior [ RunTime:0.000035s ]
INFO: [ app_init ] --END-- [ RunTime:0.000519s ]
INFO: [ app_begin ] --START--
INFO: Run Behavior\ReadHtmlCacheBehavior [ RunTime:0.000706s ]
INFO: [ app_begin ] --END-- [ RunTime:0.000923s ]
NOTIC: [2048] Declaration of Admin\Controller\BaseInfoController::show() should be compatible with Think\Controller::show($content, $charset = '', $contentType = '', $prefix = '') F:\wamp\www\Files_manage_system\Apps\Admin\Controller\BaseInfoController.class.php 第 1105 行.
SQL: SHOW COLUMNS FROM `fm_personal_info` [ RunTime:0.0108s ]
SQL: SHOW COLUMNS FROM `fm_department` [ RunTime:0.0057s ]
SQL: SHOW COLUMNS FROM `fm_folk_type` [ RunTime:0.0072s ]
SQL: SHOW COLUMNS FROM `fm_native_type` [ RunTime:0.0999s ]
SQL: SHOW COLUMNS FROM `fm_use_form` [ RunTime:0.0069s ]
SQL: SELECT `id` FROM `fm_personal_info`  [ RunTime:0.0003s ]
SQL: SELECT * FROM `fm_department`  [ RunTime:0.0003s ]
SQL: SELECT * FROM `fm_folk_type`  [ RunTime:0.0002s ]
SQL: SELECT * FROM `fm_native_type`  [ RunTime:0.0002s ]
SQL: SELECT * FROM `fm_use_form`  [ RunTime:0.0002s ]
INFO: [ view_parse ] --START--
INFO: [ template_filter ] --START--
INFO: Run Behavior\ContentReplaceBehavior [ RunTime:0.000270s ]
INFO: [ template_filter ] --END-- [ RunTime:0.000447s ]
NOTIC: [8] Undefined variable: emp_sex_male F:\wamp\www\Files_manage_system\Apps\Runtime\Cache\Admin\ef665b77c2d05f05ae906fe22629942a.php 第 124 行.
NOTIC: [8] Undefined variable: emp_sex_female F:\wamp\www\Files_manage_system\Apps\Runtime\Cache\Admin\ef665b77c2d05f05ae906fe22629942a.php 第 128 行.
NOTIC: [8] Undefined variable: emp_politics_dangyuan F:\wamp\www\Files_manage_system\Apps\Runtime\Cache\Admin\ef665b77c2d05f05ae906fe22629942a.php 第 178 行.
NOTIC: [8] Undefined variable: emp_politics_qunzhong F:\wamp\www\Files_manage_system\Apps\Runtime\Cache\Admin\ef665b77c2d05f05ae906fe22629942a.php 第 182 行.
NOTIC: [8] Undefined variable: emp_marriage_unmarried F:\wamp\www\Files_manage_system\Apps\Runtime\Cache\Admin\ef665b77c2d05f05ae906fe22629942a.php 第 189 行.
NOTIC: [8] Undefined variable: emp_marriage_married F:\wamp\www\Files_manage_system\Apps\Runtime\Cache\Admin\ef665b77c2d05f05ae906fe22629942a.php 第 193 行.
INFO: Run Behavior\ParseTemplateBehavior [ RunTime:0.020941s ]
INFO: [ view_parse ] --END-- [ RunTime:0.021111s ]
INFO: [ view_filter ] --START--
INFO: Run Behavior\WriteHtmlCacheBehavior [ RunTime:0.000320s ]
INFO: [ view_filter ] --END-- [ RunTime:0.000472s ]
INFO: [ app_end ] --START--
INFO: Run Behavior\ShowPageTraceBehavior [ RunTime:0.000633s ]
INFO: [ app_end ] --END-- [ RunTime:0.000880s ]

[ 2016-04-15T22:14:27+08:00 ] ::1 /Files_manage_system/Admin/BaseInfo/check
INFO: [ app_init ] --START--
INFO: Run Behavior\BuildLiteBehavior [ RunTime:0.000072s ]
INFO: [ app_init ] --END-- [ RunTime:0.000839s ]
INFO: [ app_begin ] --START--
INFO: Run Behavior\ReadHtmlCacheBehavior [ RunTime:0.000614s ]
INFO: [ app_begin ] --END-- [ RunTime:0.000764s ]
NOTIC: [2048] Declaration of Admin\Controller\BaseInfoController::show() should be compatible with Think\Controller::show($content, $charset = '', $contentType = '', $prefix = '') F:\wamp\www\Files_manage_system\Apps\Admin\Controller\BaseInfoController.class.php 第 1105 行.
SQL: SHOW COLUMNS FROM `fm_personal_info` [ RunTime:0.0904s ]
SQL: SHOW COLUMNS FROM `fm_duty_info` [ RunTime:0.0114s ]
SQL: SHOW COLUMNS FROM `fm_department` [ RunTime:0.0074s ]
SQL: SELECT * FROM `fm_personal_info`  [ RunTime:0.0004s ]
SQL: SELECT * FROM `fm_duty_info`  [ RunTime:0.0003s ]
SQL: SELECT * FROM `fm_department`  [ RunTime:0.0002s ]
INFO: [ view_parse ] --START--
INFO: [ template_filter ] --START--
INFO: Run Behavior\ContentReplaceBehavior [ RunTime:0.000148s ]
INFO: [ template_filter ] --END-- [ RunTime:0.000289s ]
INFO: Run Behavior\ParseTemplateBehavior [ RunTime:0.008825s ]
INFO: [ view_parse ] --END-- [ RunTime:0.008990s ]
INFO: [ view_filter ] --START--
INFO: Run Behavior\WriteHtmlCacheBehavior [ RunTime:0.000428s ]
INFO: [ view_filter ] --END-- [ RunTime:0.000562s ]
INFO: [ app_end ] --START--
INFO: Run Behavior\ShowPageTraceBehavior [ RunTime:0.000511s ]
INFO: [ app_end ] --END-- [ RunTime:0.000657s ]

[ 2016-04-15T22:14:34+08:00 ] ::1 /Files_manage_system/Admin/Performance/attendence_check
INFO: [ app_init ] --START--
INFO: Run Behavior\BuildLiteBehavior [ RunTime:0.000062s ]
INFO: [ app_init ] --END-- [ RunTime:0.000682s ]
INFO: [ app_begin ] --START--
INFO: Run Behavior\ReadHtmlCacheBehavior [ RunTime:0.000529s ]
INFO: [ app_begin ] --END-- [ RunTime:0.000696s ]
SQL: SHOW COLUMNS FROM `fm_personal_info` [ RunTime:0.0136s ]
SQL: SHOW COLUMNS FROM `fm_duty_info` [ RunTime:0.0075s ]
SQL: SHOW COLUMNS FROM `fm_department` [ RunTime:0.0071s ]
SQL: SHOW COLUMNS FROM `fm_attendence_info` [ RunTime:0.0840s ]
SQL: SELECT * FROM `fm_personal_info`  [ RunTime:0.0005s ]
SQL: SELECT * FROM `fm_duty_info`  [ RunTime:0.0003s ]
SQL: SELECT * FROM `fm_department`  [ RunTime:0.0002s ]
SQL: SELECT * FROM `fm_attendence_info` WHERE ( attendence_status="请假" and check_status=0 )  [ RunTime:0.0004s ]
INFO: [ view_parse ] --START--
INFO: [ template_filter ] --START--
INFO: Run Behavior\ContentReplaceBehavior [ RunTime:0.000189s ]
INFO: [ template_filter ] --END-- [ RunTime:0.000475s ]
INFO: Run Behavior\ParseTemplateBehavior [ RunTime:0.037317s ]
INFO: [ view_parse ] --END-- [ RunTime:0.037549s ]
INFO: [ view_filter ] --START--
INFO: Run Behavior\WriteHtmlCacheBehavior [ RunTime:0.000377s ]
INFO: [ view_filter ] --END-- [ RunTime:0.000531s ]
INFO: [ app_end ] --START--
INFO: Run Behavior\ShowPageTraceBehavior [ RunTime:0.000492s ]
INFO: [ app_end ] --END-- [ RunTime:0.000635s ]

[ 2016-04-15T22:14:38+08:00 ] ::1 /Files_manage_system/Admin/Performance/train_check
INFO: [ app_init ] --START--
INFO: Run Behavior\BuildLiteBehavior [ RunTime:0.000061s ]
INFO: [ app_init ] --END-- [ RunTime:0.000781s ]
INFO: [ app_begin ] --START--
INFO: Run Behavior\ReadHtmlCacheBehavior [ RunTime:0.000732s ]
INFO: [ app_begin ] --END-- [ RunTime:0.001023s ]
SQL: SHOW COLUMNS FROM `fm_train_info` [ RunTime:0.0764s ]
SQL: SHOW COLUMNS FROM `fm_train_person` [ RunTime:0.0509s ]
SQL: SELECT `id`,`fm_num`,`train_name`,`train_start_date`,`train_end_date`,`train_unit`,`train_lecture` FROM `fm_train_info`  [ RunTime:0.0004s ]
INFO: [ view_parse ] --START--
INFO: [ template_filter ] --START--
INFO: Run Behavior\ContentReplaceBehavior [ RunTime:0.000170s ]
INFO: [ template_filter ] --END-- [ RunTime:0.000344s ]
INFO: Run Behavior\ParseTemplateBehavior [ RunTime:0.052077s ]
INFO: [ view_parse ] --END-- [ RunTime:0.052264s ]
INFO: [ view_filter ] --START--
INFO: Run Behavior\WriteHtmlCacheBehavior [ RunTime:0.000358s ]
INFO: [ view_filter ] --END-- [ RunTime:0.000513s ]
INFO: [ app_end ] --START--
INFO: Run Behavior\ShowPageTraceBehavior [ RunTime:0.000558s ]
INFO: [ app_end ] --END-- [ RunTime:0.000711s ]

[ 2016-04-15T22:14:39+08:00 ] ::1 /Files_manage_system/Admin/Salary/account_setting
INFO: [ app_init ] --START--
INFO: Run Behavior\BuildLiteBehavior [ RunTime:0.000059s ]
INFO: [ app_init ] --END-- [ RunTime:0.000745s ]
INFO: [ app_begin ] --START--
INFO: Run Behavior\ReadHtmlCacheBehavior [ RunTime:0.000613s ]
INFO: [ app_begin ] --END-- [ RunTime:0.000789s ]
SQL: SHOW COLUMNS FROM `fm_account_info` [ RunTime:0.0802s ]
SQL: SELECT * FROM `fm_account_info`  [ RunTime:0.0007s ]
INFO: [ view_parse ] --START--
INFO: [ template_filter ] --START--
INFO: Run Behavior\ContentReplaceBehavior [ RunTime:0.000216s ]
INFO: [ template_filter ] --END-- [ RunTime:0.000420s ]
INFO: Run Behavior\ParseTemplateBehavior [ RunTime:0.041693s ]
INFO: [ view_parse ] --END-- [ RunTime:0.041968s ]
INFO: [ view_filter ] --START--
INFO: Run Behavior\WriteHtmlCacheBehavior [ RunTime:0.000425s ]
INFO: [ view_filter ] --END-- [ RunTime:0.000599s ]
INFO: [ app_end ] --START--
INFO: Run Behavior\ShowPageTraceBehavior [ RunTime:0.001014s ]
INFO: [ app_end ] --END-- [ RunTime:0.001304s ]

[ 2016-04-15T22:14:40+08:00 ] ::1 /Files_manage_system/Admin/Salary/salary_setting
INFO: [ app_init ] --START--
INFO: Run Behavior\BuildLiteBehavior [ RunTime:0.000066s ]
INFO: [ app_init ] --END-- [ RunTime:0.000748s ]
INFO: [ app_begin ] --START--
INFO: Run Behavior\ReadHtmlCacheBehavior [ RunTime:0.000533s ]
INFO: [ app_begin ] --END-- [ RunTime:0.000706s ]
SQL: SHOW COLUMNS FROM `fm_personal_info` [ RunTime:0.0102s ]
SQL: SHOW COLUMNS FROM `fm_duty_info` [ RunTime:0.0125s ]
SQL: SHOW COLUMNS FROM `fm_salary` [ RunTime:0.0058s ]
SQL: SHOW COLUMNS FROM `fm_account_info` [ RunTime:0.0912s ]
SQL: SHOW COLUMNS FROM `fm_account_project` [ RunTime:0.0112s ]
SQL: SHOW COLUMNS FROM `fm_project_person` [ RunTime:0.0122s ]
SQL: SHOW COLUMNS FROM `fm_department` [ RunTime:0.0086s ]
SQL: SHOW COLUMNS FROM `fm_folk_type` [ RunTime:0.0098s ]
SQL: SHOW COLUMNS FROM `fm_native_type` [ RunTime:0.0082s ]
SQL: SHOW COLUMNS FROM `fm_use_form` [ RunTime:0.0067s ]
SQL: SELECT * FROM `fm_personal_info`  [ RunTime:0.0004s ]
SQL: SELECT * FROM `fm_duty_info`  [ RunTime:0.0003s ]
SQL: SELECT * FROM `fm_salary`  [ RunTime:0.0002s ]
SQL: SELECT `id` FROM `fm_account_info` WHERE ( use_status="on" )  [ RunTime:0.0002s ]
SQL: SELECT `project_id`,`project_name`,`project_unit` FROM `fm_account_project` WHERE ( account_id=1 and project_id>5 ) ORDER BY project_id asc  [ RunTime:0.0002s ]
SQL: SELECT `count`,`project_id` FROM `fm_project_person` WHERE ( account_id=1 and emp_id=1 and update_time like "2016-%" ) ORDER BY project_id asc  [ RunTime:0.0003s ]
SQL: SELECT `count`,`project_id` FROM `fm_project_person` WHERE ( account_id=1 and emp_id=2 and update_time like "2016-%" ) ORDER BY project_id asc  [ RunTime:0.0003s ]
SQL: SELECT * FROM `fm_department`  [ RunTime:0.0003s ]
SQL: SELECT * FROM `fm_folk_type`  [ RunTime:0.0005s ]
SQL: SELECT * FROM `fm_native_type`  [ RunTime:0.0004s ]
SQL: SELECT * FROM `fm_use_form`  [ RunTime:0.0003s ]
INFO: [ view_parse ] --START--
INFO: [ template_filter ] --START--
INFO: Run Behavior\ContentReplaceBehavior [ RunTime:0.000170s ]
INFO: [ template_filter ] --END-- [ RunTime:0.000319s ]
INFO: Run Behavior\ParseTemplateBehavior [ RunTime:0.049888s ]
INFO: [ view_parse ] --END-- [ RunTime:0.050118s ]
INFO: [ view_filter ] --START--
INFO: Run Behavior\WriteHtmlCacheBehavior [ RunTime:0.000317s ]
INFO: [ view_filter ] --END-- [ RunTime:0.000450s ]
INFO: [ app_end ] --START--
INFO: Run Behavior\ShowPageTraceBehavior [ RunTime:0.000730s ]
INFO: [ app_end ] --END-- [ RunTime:0.000956s ]

[ 2016-04-15T22:14:42+08:00 ] ::1 /Files_manage_system/Admin/System/basedata_setting
INFO: [ app_init ] --START--
INFO: Run Behavior\BuildLiteBehavior [ RunTime:0.000035s ]
INFO: [ app_init ] --END-- [ RunTime:0.000432s ]
INFO: [ app_begin ] --START--
INFO: Run Behavior\ReadHtmlCacheBehavior [ RunTime:0.000434s ]
INFO: [ app_begin ] --END-- [ RunTime:0.000592s ]
INFO: [ view_parse ] --START--
INFO: [ template_filter ] --START--
INFO: Run Behavior\ContentReplaceBehavior [ RunTime:0.000132s ]
INFO: [ template_filter ] --END-- [ RunTime:0.000296s ]
INFO: Run Behavior\ParseTemplateBehavior [ RunTime:0.011096s ]
INFO: [ view_parse ] --END-- [ RunTime:0.011441s ]
INFO: [ view_filter ] --START--
INFO: Run Behavior\WriteHtmlCacheBehavior [ RunTime:0.000331s ]
INFO: [ view_filter ] --END-- [ RunTime:0.000463s ]
INFO: [ app_end ] --START--
INFO: Run Behavior\ShowPageTraceBehavior [ RunTime:0.000494s ]
INFO: [ app_end ] --END-- [ RunTime:0.000630s ]

[ 2016-04-15T22:14:43+08:00 ] ::1 /Files_manage_system/Admin/System/company_frame
INFO: [ app_init ] --START--
INFO: Run Behavior\BuildLiteBehavior [ RunTime:0.000028s ]
INFO: [ app_init ] --END-- [ RunTime:0.000425s ]
INFO: [ app_begin ] --START--
INFO: Run Behavior\ReadHtmlCacheBehavior [ RunTime:0.000425s ]
INFO: [ app_begin ] --END-- [ RunTime:0.000555s ]
SQL: SHOW COLUMNS FROM `fm_department` [ RunTime:0.0146s ]
SQL: SELECT * FROM `fm_department`  [ RunTime:0.0004s ]
SQL: SELECT `department` FROM `fm_department` WHERE ( id=0 )  [ RunTime:0.2174s ]
NOTIC: [8] Undefined offset: 0 F:\wamp\www\Files_manage_system\Apps\Admin\Controller\SystemController.class.php 第 136 行.
SQL: SELECT `department` FROM `fm_department` WHERE ( id=1 )  [ RunTime:0.0003s ]
SQL: SELECT `department` FROM `fm_department` WHERE ( id=1 )  [ RunTime:0.0002s ]
SQL: SELECT `department` FROM `fm_department` WHERE ( id=1 )  [ RunTime:0.0002s ]
INFO: [ view_parse ] --START--
INFO: [ template_filter ] --START--
INFO: Run Behavior\ContentReplaceBehavior [ RunTime:0.000137s ]
INFO: [ template_filter ] --END-- [ RunTime:0.000281s ]
INFO: Run Behavior\ParseTemplateBehavior [ RunTime:0.021755s ]
INFO: [ view_parse ] --END-- [ RunTime:0.021916s ]
INFO: [ view_filter ] --START--
INFO: Run Behavior\WriteHtmlCacheBehavior [ RunTime:0.000356s ]
INFO: [ view_filter ] --END-- [ RunTime:0.000491s ]
INFO: [ app_end ] --START--
INFO: Run Behavior\ShowPageTraceBehavior [ RunTime:0.000509s ]
INFO: [ app_end ] --END-- [ RunTime:0.000644s ]

[ 2016-04-15T22:14:45+08:00 ] ::1 /Files_manage_system/Admin/System/system_init
INFO: [ app_init ] --START--
INFO: Run Behavior\BuildLiteBehavior [ RunTime:0.000030s ]
INFO: [ app_init ] --END-- [ RunTime:0.000426s ]
INFO: [ app_begin ] --START--
INFO: Run Behavior\ReadHtmlCacheBehavior [ RunTime:0.000428s ]
INFO: [ app_begin ] --END-- [ RunTime:0.000560s ]
INFO: [ view_parse ] --START--
INFO: [ template_filter ] --START--
INFO: Run Behavior\ContentReplaceBehavior [ RunTime:0.000128s ]
INFO: [ template_filter ] --END-- [ RunTime:0.000270s ]
INFO: Run Behavior\ParseTemplateBehavior [ RunTime:0.020488s ]
INFO: [ view_parse ] --END-- [ RunTime:0.020676s ]
INFO: [ view_filter ] --START--
INFO: Run Behavior\WriteHtmlCacheBehavior [ RunTime:0.000408s ]
INFO: [ view_filter ] --END-- [ RunTime:0.000545s ]
INFO: [ app_end ] --START--
INFO: Run Behavior\ShowPageTraceBehavior [ RunTime:0.000726s ]
INFO: [ app_end ] --END-- [ RunTime:0.000871s ]

[ 2016-04-15T22:14:46+08:00 ] ::1 /Files_manage_system/Admin/User/user_add
INFO: [ app_init ] --START--
INFO: Run Behavior\BuildLiteBehavior [ RunTime:0.000035s ]
INFO: [ app_init ] --END-- [ RunTime:0.000495s ]
INFO: [ app_begin ] --START--
INFO: Run Behavior\ReadHtmlCacheBehavior [ RunTime:0.000523s ]
INFO: [ app_begin ] --END-- [ RunTime:0.000688s ]
INFO: [ view_parse ] --START--
INFO: [ template_filter ] --START--
INFO: Run Behavior\ContentReplaceBehavior [ RunTime:0.000134s ]
INFO: [ template_filter ] --END-- [ RunTime:0.000275s ]
INFO: Run Behavior\ParseTemplateBehavior [ RunTime:0.019185s ]
INFO: [ view_parse ] --END-- [ RunTime:0.019348s ]
INFO: [ view_filter ] --START--
INFO: Run Behavior\WriteHtmlCacheBehavior [ RunTime:0.000341s ]
INFO: [ view_filter ] --END-- [ RunTime:0.000475s ]
INFO: [ app_end ] --START--
INFO: Run Behavior\ShowPageTraceBehavior [ RunTime:0.000489s ]
INFO: [ app_end ] --END-- [ RunTime:0.000622s ]

[ 2016-04-15T22:14:47+08:00 ] ::1 /Files_manage_system/Admin/User/password_edit
INFO: [ app_init ] --START--
INFO: Run Behavior\BuildLiteBehavior [ RunTime:0.000035s ]
INFO: [ app_init ] --END-- [ RunTime:0.000503s ]
INFO: [ app_begin ] --START--
INFO: Run Behavior\ReadHtmlCacheBehavior [ RunTime:0.000496s ]
INFO: [ app_begin ] --END-- [ RunTime:0.000658s ]
INFO: [ view_parse ] --START--
INFO: [ template_filter ] --START--
INFO: Run Behavior\ContentReplaceBehavior [ RunTime:0.000167s ]
INFO: [ template_filter ] --END-- [ RunTime:0.000342s ]
INFO: Run Behavior\ParseTemplateBehavior [ RunTime:0.026516s ]
INFO: [ view_parse ] --END-- [ RunTime:0.026691s ]
INFO: [ view_filter ] --START--
INFO: Run Behavior\WriteHtmlCacheBehavior [ RunTime:0.000305s ]
INFO: [ view_filter ] --END-- [ RunTime:0.000444s ]
INFO: [ app_end ] --START--
INFO: Run Behavior\ShowPageTraceBehavior [ RunTime:0.000481s ]
INFO: [ app_end ] --END-- [ RunTime:0.000606s ]

[ 2016-04-15T22:14:48+08:00 ] ::1 /Files_manage_system/Admin/Salary/account_setting
INFO: [ app_init ] --START--
INFO: Run Behavior\BuildLiteBehavior [ RunTime:0.000035s ]
INFO: [ app_init ] --END-- [ RunTime:0.000495s ]
INFO: [ app_begin ] --START--
INFO: Run Behavior\ReadHtmlCacheBehavior [ RunTime:0.000520s ]
INFO: [ app_begin ] --END-- [ RunTime:0.000683s ]
SQL: SHOW COLUMNS FROM `fm_account_info` [ RunTime:0.0432s ]
SQL: SELECT * FROM `fm_account_info`  [ RunTime:0.0003s ]
INFO: [ view_parse ] --START--
INFO: [ template_filter ] --START--
INFO: Run Behavior\ContentReplaceBehavior [ RunTime:0.000154s ]
INFO: [ template_filter ] --END-- [ RunTime:0.000291s ]
INFO: Run Behavior\ParseTemplateBehavior [ RunTime:0.009675s ]
INFO: [ view_parse ] --END-- [ RunTime:0.009843s ]
INFO: [ view_filter ] --START--
INFO: Run Behavior\WriteHtmlCacheBehavior [ RunTime:0.000337s ]
INFO: [ view_filter ] --END-- [ RunTime:0.000471s ]
INFO: [ app_end ] --START--
INFO: Run Behavior\ShowPageTraceBehavior [ RunTime:0.000776s ]
INFO: [ app_end ] --END-- [ RunTime:0.001044s ]

[ 2016-04-15T22:14:49+08:00 ] ::1 /Files_manage_system/Admin/Performance/attendence_check
INFO: [ app_init ] --START--
INFO: Run Behavior\BuildLiteBehavior [ RunTime:0.000034s ]
INFO: [ app_init ] --END-- [ RunTime:0.000498s ]
INFO: [ app_begin ] --START--
INFO: Run Behavior\ReadHtmlCacheBehavior [ RunTime:0.000498s ]
INFO: [ app_begin ] --END-- [ RunTime:0.000659s ]
SQL: SHOW COLUMNS FROM `fm_personal_info` [ RunTime:0.0106s ]
SQL: SHOW COLUMNS FROM `fm_duty_info` [ RunTime:0.0088s ]
SQL: SHOW COLUMNS FROM `fm_department` [ RunTime:0.0068s ]
SQL: SHOW COLUMNS FROM `fm_attendence_info` [ RunTime:0.1055s ]
SQL: SELECT * FROM `fm_personal_info`  [ RunTime:0.0005s ]
SQL: SELECT * FROM `fm_duty_info`  [ RunTime:0.0005s ]
SQL: SELECT * FROM `fm_department`  [ RunTime:0.0004s ]
SQL: SELECT * FROM `fm_attendence_info` WHERE ( attendence_status="请假" and check_status=0 )  [ RunTime:0.0004s ]
INFO: [ view_parse ] --START--
INFO: [ template_filter ] --START--
INFO: Run Behavior\ContentReplaceBehavior [ RunTime:0.000301s ]
INFO: [ template_filter ] --END-- [ RunTime:0.000741s ]
INFO: Run Behavior\ParseTemplateBehavior [ RunTime:0.014164s ]
INFO: [ view_parse ] --END-- [ RunTime:0.014390s ]
INFO: [ view_filter ] --START--
INFO: Run Behavior\WriteHtmlCacheBehavior [ RunTime:0.000391s ]
INFO: [ view_filter ] --END-- [ RunTime:0.000542s ]
INFO: [ app_end ] --START--
INFO: Run Behavior\ShowPageTraceBehavior [ RunTime:0.000504s ]
INFO: [ app_end ] --END-- [ RunTime:0.000639s ]

[ 2016-04-15T22:14:51+08:00 ] ::1 /Files_manage_system/Admin/BaseInfo/check
INFO: [ app_init ] --START--
INFO: Run Behavior\BuildLiteBehavior [ RunTime:0.000035s ]
INFO: [ app_init ] --END-- [ RunTime:0.000497s ]
INFO: [ app_begin ] --START--
INFO: Run Behavior\ReadHtmlCacheBehavior [ RunTime:0.000509s ]
INFO: [ app_begin ] --END-- [ RunTime:0.000674s ]
NOTIC: [2048] Declaration of Admin\Controller\BaseInfoController::show() should be compatible with Think\Controller::show($content, $charset = '', $contentType = '', $prefix = '') F:\wamp\www\Files_manage_system\Apps\Admin\Controller\BaseInfoController.class.php 第 1105 行.
SQL: SHOW COLUMNS FROM `fm_personal_info` [ RunTime:0.0602s ]
SQL: SHOW COLUMNS FROM `fm_duty_info` [ RunTime:0.0116s ]
SQL: SHOW COLUMNS FROM `fm_department` [ RunTime:0.0073s ]
SQL: SELECT * FROM `fm_personal_info`  [ RunTime:0.0004s ]
SQL: SELECT * FROM `fm_duty_info`  [ RunTime:0.0003s ]
SQL: SELECT * FROM `fm_department`  [ RunTime:0.0002s ]
INFO: [ view_parse ] --START--
INFO: [ template_filter ] --START--
INFO: Run Behavior\ContentReplaceBehavior [ RunTime:0.000146s ]
INFO: [ template_filter ] --END-- [ RunTime:0.000301s ]
INFO: Run Behavior\ParseTemplateBehavior [ RunTime:0.008261s ]
INFO: [ view_parse ] --END-- [ RunTime:0.008420s ]
INFO: [ view_filter ] --START--
INFO: Run Behavior\WriteHtmlCacheBehavior [ RunTime:0.000295s ]
INFO: [ view_filter ] --END-- [ RunTime:0.000430s ]
INFO: [ app_end ] --START--
INFO: Run Behavior\ShowPageTraceBehavior [ RunTime:0.000461s ]
INFO: [ app_end ] --END-- [ RunTime:0.000601s ]

[ 2016-04-15T22:14:52+08:00 ] ::1 /Files_manage_system/Admin/BaseInfo/show
INFO: [ app_init ] --START--
INFO: Run Behavior\BuildLiteBehavior [ RunTime:0.000061s ]
INFO: [ app_init ] --END-- [ RunTime:0.000782s ]
INFO: [ app_begin ] --START--
INFO: Run Behavior\ReadHtmlCacheBehavior [ RunTime:0.000705s ]
INFO: [ app_begin ] --END-- [ RunTime:0.000917s ]
NOTIC: [2048] Declaration of Admin\Controller\BaseInfoController::show() should be compatible with Think\Controller::show($content, $charset = '', $contentType = '', $prefix = '') F:\wamp\www\Files_manage_system\Apps\Admin\Controller\BaseInfoController.class.php 第 1105 行.
SQL: SHOW COLUMNS FROM `fm_personal_info` [ RunTime:0.0105s ]
SQL: SHOW COLUMNS FROM `fm_duty_info` [ RunTime:0.0074s ]
SQL: SHOW COLUMNS FROM `fm_department` [ RunTime:0.0063s ]
SQL: SHOW COLUMNS FROM `fm_folk_type` [ RunTime:0.0064s ]
SQL: SHOW COLUMNS FROM `fm_native_type` [ RunTime:0.0062s ]
SQL: SHOW COLUMNS FROM `fm_use_form` [ RunTime:0.0065s ]
SQL: SELECT * FROM `fm_personal_info` WHERE ( id=1 )  [ RunTime:0.0004s ]
SQL: SELECT * FROM `fm_duty_info` WHERE ( id=1 )  [ RunTime:0.0003s ]
SQL: SELECT * FROM `fm_department`  [ RunTime:0.0002s ]
SQL: SELECT * FROM `fm_folk_type`  [ RunTime:0.0002s ]
SQL: SELECT * FROM `fm_native_type`  [ RunTime:0.0002s ]
SQL: SELECT * FROM `fm_use_form`  [ RunTime:0.0002s ]
INFO: [ view_parse ] --START--
INFO: [ template_filter ] --START--
INFO: Run Behavior\ContentReplaceBehavior [ RunTime:0.000243s ]
INFO: [ template_filter ] --END-- [ RunTime:0.000359s ]
NOTIC: [8] Undefined variable: emp_exit_date F:\wamp\www\Files_manage_system\Apps\Runtime\Cache\Admin\a78414778fa5117b21e45f24be588b4a.php 第 248 行.
NOTIC: [8] Undefined variable: emp_exit_reason F:\wamp\www\Files_manage_system\Apps\Runtime\Cache\Admin\a78414778fa5117b21e45f24be588b4a.php 第 252 行.
NOTIC: [8] Undefined variable: emp_full_date F:\wamp\www\Files_manage_system\Apps\Runtime\Cache\Admin\a78414778fa5117b21e45f24be588b4a.php 第 266 行.
NOTIC: [8] Undefined variable: emp_full_age F:\wamp\www\Files_manage_system\Apps\Runtime\Cache\Admin\a78414778fa5117b21e45f24be588b4a.php 第 270 行.
NOTIC: [8] Undefined variable: emp_bank_name F:\wamp\www\Files_manage_system\Apps\Runtime\Cache\Admin\a78414778fa5117b21e45f24be588b4a.php 第 276 行.
NOTIC: [8] Undefined variable: emp_sociaty_insu F:\wamp\www\Files_manage_system\Apps\Runtime\Cache\Admin\a78414778fa5117b21e45f24be588b4a.php 第 280 行.
NOTIC: [8] Undefined variable: emp_lostjob_insu F:\wamp\www\Files_manage_system\Apps\Runtime\Cache\Admin\a78414778fa5117b21e45f24be588b4a.php 第 284 行.
NOTIC: [8] Undefined variable: emp_old_insu F:\wamp\www\Files_manage_system\Apps\Runtime\Cache\Admin\a78414778fa5117b21e45f24be588b4a.php 第 288 行.
NOTIC: [8] Undefined variable: emp_bank_num F:\wamp\www\Files_manage_system\Apps\Runtime\Cache\Admin\a78414778fa5117b21e45f24be588b4a.php 第 294 行.
NOTIC: [8] Undefined variable: emp_medical_insu F:\wamp\www\Files_manage_system\Apps\Runtime\Cache\Admin\a78414778fa5117b21e45f24be588b4a.php 第 298 行.
NOTIC: [8] Undefined variable: emp_hurt_insu F:\wamp\www\Files_manage_system\Apps\Runtime\Cache\Admin\a78414778fa5117b21e45f24be588b4a.php 第 302 行.
NOTIC: [8] Undefined variable: emp_resevered_fund F:\wamp\www\Files_manage_system\Apps\Runtime\Cache\Admin\a78414778fa5117b21e45f24be588b4a.php 第 306 行.
INFO: Run Behavior\ParseTemplateBehavior [ RunTime:0.024758s ]
INFO: [ view_parse ] --END-- [ RunTime:0.024873s ]
INFO: [ view_filter ] --START--
INFO: Run Behavior\WriteHtmlCacheBehavior [ RunTime:0.000296s ]
INFO: [ view_filter ] --END-- [ RunTime:0.000396s ]
INFO: [ app_end ] --START--
INFO: Run Behavior\ShowPageTraceBehavior [ RunTime:0.000565s ]
INFO: [ app_end ] --END-- [ RunTime:0.000687s ]

[ 2016-04-15T22:14:52+08:00 ] ::1 /Files_manage_system/Admin/BaseInfo/show
INFO: [ app_init ] --START--
INFO: Run Behavior\BuildLiteBehavior [ RunTime:0.000061s ]
INFO: [ app_init ] --END-- [ RunTime:0.000684s ]
INFO: [ app_begin ] --START--
INFO: Run Behavior\ReadHtmlCacheBehavior [ RunTime:0.000631s ]
INFO: [ app_begin ] --END-- [ RunTime:0.000865s ]
NOTIC: [2048] Declaration of Admin\Controller\BaseInfoController::show() should be compatible with Think\Controller::show($content, $charset = '', $contentType = '', $prefix = '') F:\wamp\www\Files_manage_system\Apps\Admin\Controller\BaseInfoController.class.php 第 1105 行.
NOTIC: [8] Undefined index: id F:\wamp\www\Files_manage_system\Apps\Admin\Controller\BaseInfoController.class.php 第 393 行.
SQL: SHOW COLUMNS FROM `fm_personal_info` [ RunTime:0.0060s ]
SQL: SHOW COLUMNS FROM `fm_duty_info` [ RunTime:0.0055s ]
SQL: SHOW COLUMNS FROM `fm_department` [ RunTime:0.0039s ]
SQL: SHOW COLUMNS FROM `fm_folk_type` [ RunTime:0.0041s ]
SQL: SHOW COLUMNS FROM `fm_native_type` [ RunTime:0.0044s ]
SQL: SHOW COLUMNS FROM `fm_use_form` [ RunTime:0.0044s ]
SQL: SELECT * FROM `fm_personal_info` WHERE ( id=1 )  [ RunTime:0.0006s ]
SQL: SELECT * FROM `fm_duty_info` WHERE ( id=1 )  [ RunTime:0.0003s ]
SQL: SELECT * FROM `fm_department`  [ RunTime:0.0002s ]
SQL: SELECT * FROM `fm_folk_type`  [ RunTime:0.0002s ]
SQL: SELECT * FROM `fm_native_type`  [ RunTime:0.0002s ]
SQL: SELECT * FROM `fm_use_form`  [ RunTime:0.0002s ]
INFO: [ view_parse ] --START--
INFO: [ template_filter ] --START--
INFO: Run Behavior\ContentReplaceBehavior [ RunTime:0.000257s ]
INFO: [ template_filter ] --END-- [ RunTime:0.000410s ]
NOTIC: [8] Undefined variable: emp_exit_date F:\wamp\www\Files_manage_system\Apps\Runtime\Cache\Admin\a78414778fa5117b21e45f24be588b4a.php 第 248 行.
NOTIC: [8] Undefined variable: emp_exit_reason F:\wamp\www\Files_manage_system\Apps\Runtime\Cache\Admin\a78414778fa5117b21e45f24be588b4a.php 第 252 行.
NOTIC: [8] Undefined variable: emp_full_date F:\wamp\www\Files_manage_system\Apps\Runtime\Cache\Admin\a78414778fa5117b21e45f24be588b4a.php 第 266 行.
NOTIC: [8] Undefined variable: emp_full_age F:\wamp\www\Files_manage_system\Apps\Runtime\Cache\Admin\a78414778fa5117b21e45f24be588b4a.php 第 270 行.
NOTIC: [8] Undefined variable: emp_bank_name F:\wamp\www\Files_manage_system\Apps\Runtime\Cache\Admin\a78414778fa5117b21e45f24be588b4a.php 第 276 行.
NOTIC: [8] Undefined variable: emp_sociaty_insu F:\wamp\www\Files_manage_system\Apps\Runtime\Cache\Admin\a78414778fa5117b21e45f24be588b4a.php 第 280 行.
NOTIC: [8] Undefined variable: emp_lostjob_insu F:\wamp\www\Files_manage_system\Apps\Runtime\Cache\Admin\a78414778fa5117b21e45f24be588b4a.php 第 284 行.
NOTIC: [8] Undefined variable: emp_old_insu F:\wamp\www\Files_manage_system\Apps\Runtime\Cache\Admin\a78414778fa5117b21e45f24be588b4a.php 第 288 行.
NOTIC: [8] Undefined variable: emp_bank_num F:\wamp\www\Files_manage_system\Apps\Runtime\Cache\Admin\a78414778fa5117b21e45f24be588b4a.php 第 294 行.
NOTIC: [8] Undefined variable: emp_medical_insu F:\wamp\www\Files_manage_system\Apps\Runtime\Cache\Admin\a78414778fa5117b21e45f24be588b4a.php 第 298 行.
NOTIC: [8] Undefined variable: emp_hurt_insu F:\wamp\www\Files_manage_system\Apps\Runtime\Cache\Admin\a78414778fa5117b21e45f24be588b4a.php 第 302 行.
NOTIC: [8] Undefined variable: emp_resevered_fund F:\wamp\www\Files_manage_system\Apps\Runtime\Cache\Admin\a78414778fa5117b21e45f24be588b4a.php 第 306 行.
INFO: Run Behavior\ParseTemplateBehavior [ RunTime:0.021566s ]
INFO: [ view_parse ] --END-- [ RunTime:0.021712s ]
INFO: [ view_filter ] --START--
INFO: Run Behavior\WriteHtmlCacheBehavior [ RunTime:0.000389s ]
INFO: [ view_filter ] --END-- [ RunTime:0.000519s ]
INFO: [ app_end ] --START--
INFO: Run Behavior\ShowPageTraceBehavior [ RunTime:0.000704s ]
INFO: [ app_end ] --END-- [ RunTime:0.000918s ]

[ 2016-04-15T22:14:55+08:00 ] ::1 /Files_manage_system/Admin/BaseInfo/check
INFO: [ app_init ] --START--
INFO: Run Behavior\BuildLiteBehavior [ RunTime:0.000049s ]
INFO: [ app_init ] --END-- [ RunTime:0.000654s ]
INFO: [ app_begin ] --START--
INFO: Run Behavior\ReadHtmlCacheBehavior [ RunTime:0.000685s ]
INFO: [ app_begin ] --END-- [ RunTime:0.000966s ]
NOTIC: [2048] Declaration of Admin\Controller\BaseInfoController::show() should be compatible with Think\Controller::show($content, $charset = '', $contentType = '', $prefix = '') F:\wamp\www\Files_manage_system\Apps\Admin\Controller\BaseInfoController.class.php 第 1105 行.
SQL: SHOW COLUMNS FROM `fm_personal_info` [ RunTime:0.1058s ]
SQL: SHOW COLUMNS FROM `fm_duty_info` [ RunTime:0.0106s ]
SQL: SHOW COLUMNS FROM `fm_department` [ RunTime:0.0075s ]
SQL: SELECT * FROM `fm_personal_info`  [ RunTime:0.0004s ]
SQL: SELECT * FROM `fm_duty_info`  [ RunTime:0.0003s ]
SQL: SELECT * FROM `fm_department`  [ RunTime:0.0002s ]
INFO: [ view_parse ] --START--
INFO: [ template_filter ] --START--
INFO: Run Behavior\ContentReplaceBehavior [ RunTime:0.000168s ]
INFO: [ template_filter ] --END-- [ RunTime:0.000305s ]
INFO: Run Behavior\ParseTemplateBehavior [ RunTime:0.008244s ]
INFO: [ view_parse ] --END-- [ RunTime:0.008413s ]
INFO: [ view_filter ] --START--
INFO: Run Behavior\WriteHtmlCacheBehavior [ RunTime:0.000332s ]
INFO: [ view_filter ] --END-- [ RunTime:0.000493s ]
INFO: [ app_end ] --START--
INFO: Run Behavior\ShowPageTraceBehavior [ RunTime:0.000557s ]
INFO: [ app_end ] --END-- [ RunTime:0.000706s ]

[ 2016-04-15T22:14:56+08:00 ] ::1 /Files_manage_system/Admin/BaseInfo/show
INFO: [ app_init ] --START--
INFO: Run Behavior\BuildLiteBehavior [ RunTime:0.000035s ]
INFO: [ app_init ] --END-- [ RunTime:0.000513s ]
INFO: [ app_begin ] --START--
INFO: Run Behavior\ReadHtmlCacheBehavior [ RunTime:0.000495s ]
INFO: [ app_begin ] --END-- [ RunTime:0.000629s ]
NOTIC: [2048] Declaration of Admin\Controller\BaseInfoController::show() should be compatible with Think\Controller::show($content, $charset = '', $contentType = '', $prefix = '') F:\wamp\www\Files_manage_system\Apps\Admin\Controller\BaseInfoController.class.php 第 1105 行.
SQL: SHOW COLUMNS FROM `fm_personal_info` [ RunTime:0.0485s ]
SQL: SHOW COLUMNS FROM `fm_duty_info` [ RunTime:0.0205s ]
SQL: SHOW COLUMNS FROM `fm_department` [ RunTime:0.0076s ]
SQL: SHOW COLUMNS FROM `fm_folk_type` [ RunTime:0.0077s ]
SQL: SHOW COLUMNS FROM `fm_native_type` [ RunTime:0.0073s ]
SQL: SHOW COLUMNS FROM `fm_use_form` [ RunTime:0.0067s ]
SQL: SELECT * FROM `fm_personal_info` WHERE ( id=2 )  [ RunTime:0.0005s ]
SQL: SELECT * FROM `fm_duty_info` WHERE ( id=2 )  [ RunTime:0.0003s ]
SQL: SELECT * FROM `fm_department`  [ RunTime:0.0002s ]
SQL: SELECT * FROM `fm_folk_type`  [ RunTime:0.0002s ]
SQL: SELECT * FROM `fm_native_type`  [ RunTime:0.0002s ]
SQL: SELECT * FROM `fm_use_form`  [ RunTime:0.0002s ]
INFO: [ view_parse ] --START--
INFO: [ template_filter ] --START--
INFO: Run Behavior\ContentReplaceBehavior [ RunTime:0.000265s ]
INFO: [ template_filter ] --END-- [ RunTime:0.000382s ]
NOTIC: [8] Undefined variable: emp_politics_dangyuan F:\wamp\www\Files_manage_system\Apps\Runtime\Cache\Admin\a78414778fa5117b21e45f24be588b4a.php 第 177 行.
NOTIC: [8] Undefined variable: emp_politics_qunzhong F:\wamp\www\Files_manage_system\Apps\Runtime\Cache\Admin\a78414778fa5117b21e45f24be588b4a.php 第 181 行.
NOTIC: [8] Undefined variable: emp_marriage_unmarried F:\wamp\www\Files_manage_system\Apps\Runtime\Cache\Admin\a78414778fa5117b21e45f24be588b4a.php 第 188 行.
NOTIC: [8] Undefined variable: emp_marriage_married F:\wamp\www\Files_manage_system\Apps\Runtime\Cache\Admin\a78414778fa5117b21e45f24be588b4a.php 第 192 行.
NOTIC: [8] Undefined variable: emp_exit_date F:\wamp\www\Files_manage_system\Apps\Runtime\Cache\Admin\a78414778fa5117b21e45f24be588b4a.php 第 248 行.
NOTIC: [8] Undefined variable: emp_exit_reason F:\wamp\www\Files_manage_system\Apps\Runtime\Cache\Admin\a78414778fa5117b21e45f24be588b4a.php 第 252 行.
NOTIC: [8] Undefined variable: emp_full_date F:\wamp\www\Files_manage_system\Apps\Runtime\Cache\Admin\a78414778fa5117b21e45f24be588b4a.php 第 266 行.
NOTIC: [8] Undefined variable: emp_full_age F:\wamp\www\Files_manage_system\Apps\Runtime\Cache\Admin\a78414778fa5117b21e45f24be588b4a.php 第 270 行.
NOTIC: [8] Undefined variable: emp_bank_name F:\wamp\www\Files_manage_system\Apps\Runtime\Cache\Admin\a78414778fa5117b21e45f24be588b4a.php 第 276 行.
NOTIC: [8] Undefined variable: emp_sociaty_insu F:\wamp\www\Files_manage_system\Apps\Runtime\Cache\Admin\a78414778fa5117b21e45f24be588b4a.php 第 280 行.
NOTIC: [8] Undefined variable: emp_lostjob_insu F:\wamp\www\Files_manage_system\Apps\Runtime\Cache\Admin\a78414778fa5117b21e45f24be588b4a.php 第 284 行.
NOTIC: [8] Undefined variable: emp_old_insu F:\wamp\www\Files_manage_system\Apps\Runtime\Cache\Admin\a78414778fa5117b21e45f24be588b4a.php 第 288 行.
NOTIC: [8] Undefined variable: emp_bank_num F:\wamp\www\Files_manage_system\Apps\Runtime\Cache\Admin\a78414778fa5117b21e45f24be588b4a.php 第 294 行.
NOTIC: [8] Undefined variable: emp_medical_insu F:\wamp\www\Files_manage_system\Apps\Runtime\Cache\Admin\a78414778fa5117b21e45f24be588b4a.php 第 298 行.
NOTIC: [8] Undefined variable: emp_hurt_insu F:\wamp\www\Files_manage_system\Apps\Runtime\Cache\Admin\a78414778fa5117b21e45f24be588b4a.php 第 302 行.
NOTIC: [8] Undefined variable: emp_resevered_fund F:\wamp\www\Files_manage_system\Apps\Runtime\Cache\Admin\a78414778fa5117b21e45f24be588b4a.php 第 306 行.
INFO: Run Behavior\ParseTemplateBehavior [ RunTime:0.019188s ]
INFO: [ view_parse ] --END-- [ RunTime:0.019305s ]
INFO: [ view_filter ] --START--
INFO: Run Behavior\WriteHtmlCacheBehavior [ RunTime:0.000293s ]
INFO: [ view_filter ] --END-- [ RunTime:0.000394s ]
INFO: [ app_end ] --START--
INFO: Run Behavior\ShowPageTraceBehavior [ RunTime:0.000589s ]
INFO: [ app_end ] --END-- [ RunTime:0.000727s ]

[ 2016-04-15T22:14:56+08:00 ] ::1 /Files_manage_system/Admin/BaseInfo/show
INFO: [ app_init ] --START--
INFO: Run Behavior\BuildLiteBehavior [ RunTime:0.000054s ]
INFO: [ app_init ] --END-- [ RunTime:0.000552s ]
INFO: [ app_begin ] --START--
INFO: Run Behavior\ReadHtmlCacheBehavior [ RunTime:0.000446s ]
INFO: [ app_begin ] --END-- [ RunTime:0.000577s ]
NOTIC: [2048] Declaration of Admin\Controller\BaseInfoController::show() should be compatible with Think\Controller::show($content, $charset = '', $contentType = '', $prefix = '') F:\wamp\www\Files_manage_system\Apps\Admin\Controller\BaseInfoController.class.php 第 1105 行.
NOTIC: [8] Undefined index: id F:\wamp\www\Files_manage_system\Apps\Admin\Controller\BaseInfoController.class.php 第 393 行.
SQL: SHOW COLUMNS FROM `fm_personal_info` [ RunTime:0.0065s ]
SQL: SHOW COLUMNS FROM `fm_duty_info` [ RunTime:0.0061s ]
SQL: SHOW COLUMNS FROM `fm_department` [ RunTime:0.0056s ]
SQL: SHOW COLUMNS FROM `fm_folk_type` [ RunTime:0.0048s ]
SQL: SHOW COLUMNS FROM `fm_native_type` [ RunTime:0.0052s ]
SQL: SHOW COLUMNS FROM `fm_use_form` [ RunTime:0.0060s ]
SQL: SELECT * FROM `fm_personal_info` WHERE ( id=2 )  [ RunTime:0.0004s ]
SQL: SELECT * FROM `fm_duty_info` WHERE ( id=2 )  [ RunTime:0.0003s ]
SQL: SELECT * FROM `fm_department`  [ RunTime:0.0002s ]
SQL: SELECT * FROM `fm_folk_type`  [ RunTime:0.0002s ]
SQL: SELECT * FROM `fm_native_type`  [ RunTime:0.0002s ]
SQL: SELECT * FROM `fm_use_form`  [ RunTime:0.0002s ]
INFO: [ view_parse ] --START--
INFO: [ template_filter ] --START--
INFO: Run Behavior\ContentReplaceBehavior [ RunTime:0.000259s ]
INFO: [ template_filter ] --END-- [ RunTime:0.000412s ]
NOTIC: [8] Undefined variable: emp_politics_dangyuan F:\wamp\www\Files_manage_system\Apps\Runtime\Cache\Admin\a78414778fa5117b21e45f24be588b4a.php 第 177 行.
NOTIC: [8] Undefined variable: emp_politics_qunzhong F:\wamp\www\Files_manage_system\Apps\Runtime\Cache\Admin\a78414778fa5117b21e45f24be588b4a.php 第 181 行.
NOTIC: [8] Undefined variable: emp_marriage_unmarried F:\wamp\www\Files_manage_system\Apps\Runtime\Cache\Admin\a78414778fa5117b21e45f24be588b4a.php 第 188 行.
NOTIC: [8] Undefined variable: emp_marriage_married F:\wamp\www\Files_manage_system\Apps\Runtime\Cache\Admin\a78414778fa5117b21e45f24be588b4a.php 第 192 行.
NOTIC: [8] Undefined variable: emp_exit_date F:\wamp\www\Files_manage_system\Apps\Runtime\Cache\Admin\a78414778fa5117b21e45f24be588b4a.php 第 248 行.
NOTIC: [8] Undefined variable: emp_exit_reason F:\wamp\www\Files_manage_system\Apps\Runtime\Cache\Admin\a78414778fa5117b21e45f24be588b4a.php 第 252 行.
NOTIC: [8] Undefined variable: emp_full_date F:\wamp\www\Files_manage_system\Apps\Runtime\Cache\Admin\a78414778fa5117b21e45f24be588b4a.php 第 266 行.
NOTIC: [8] Undefined variable: emp_full_age F:\wamp\www\Files_manage_system\Apps\Runtime\Cache\Admin\a78414778fa5117b21e45f24be588b4a.php 第 270 行.
NOTIC: [8] Undefined variable: emp_bank_name F:\wamp\www\Files_manage_system\Apps\Runtime\Cache\Admin\a78414778fa5117b21e45f24be588b4a.php 第 276 行.
NOTIC: [8] Undefined variable: emp_sociaty_insu F:\wamp\www\Files_manage_system\Apps\Runtime\Cache\Admin\a78414778fa5117b21e45f24be588b4a.php 第 280 行.
NOTIC: [8] Undefined variable: emp_lostjob_insu F:\wamp\www\Files_manage_system\Apps\Runtime\Cache\Admin\a78414778fa5117b21e45f24be588b4a.php 第 284 行.
NOTIC: [8] Undefined variable: emp_old_insu F:\wamp\www\Files_manage_system\Apps\Runtime\Cache\Admin\a78414778fa5117b21e45f24be588b4a.php 第 288 行.
NOTIC: [8] Undefined variable: emp_bank_num F:\wamp\www\Files_manage_system\Apps\Runtime\Cache\Admin\a78414778fa5117b21e45f24be588b4a.php 第 294 行.
NOTIC: [8] Undefined variable: emp_medical_insu F:\wamp\www\Files_manage_system\Apps\Runtime\Cache\Admin\a78414778fa5117b21e45f24be588b4a.php 第 298 行.
NOTIC: [8] Undefined variable: emp_hurt_insu F:\wamp\www\Files_manage_system\Apps\Runtime\Cache\Admin\a78414778fa5117b21e45f24be588b4a.php 第 302 行.
NOTIC: [8] Undefined variable: emp_resevered_fund F:\wamp\www\Files_manage_system\Apps\Runtime\Cache\Admin\a78414778fa5117b21e45f24be588b4a.php 第 306 行.
INFO: Run Behavior\ParseTemplateBehavior [ RunTime:0.020942s ]
INFO: [ view_parse ] --END-- [ RunTime:0.021096s ]
INFO: [ view_filter ] --START--
INFO: Run Behavior\WriteHtmlCacheBehavior [ RunTime:0.000315s ]
INFO: [ view_filter ] --END-- [ RunTime:0.000446s ]
INFO: [ app_end ] --START--
INFO: Run Behavior\ShowPageTraceBehavior [ RunTime:0.000948s ]
INFO: [ app_end ] --END-- [ RunTime:0.001210s ]

[ 2016-04-15T22:14:57+08:00 ] ::1 /Files_manage_system/Admin/BaseInfo/check
INFO: [ app_init ] --START--
INFO: Run Behavior\BuildLiteBehavior [ RunTime:0.000031s ]
INFO: [ app_init ] --END-- [ RunTime:0.000449s ]
INFO: [ app_begin ] --START--
INFO: Run Behavior\ReadHtmlCacheBehavior [ RunTime:0.000447s ]
INFO: [ app_begin ] --END-- [ RunTime:0.000587s ]
NOTIC: [2048] Declaration of Admin\Controller\BaseInfoController::show() should be compatible with Think\Controller::show($content, $charset = '', $contentType = '', $prefix = '') F:\wamp\www\Files_manage_system\Apps\Admin\Controller\BaseInfoController.class.php 第 1105 行.
SQL: SHOW COLUMNS FROM `fm_personal_info` [ RunTime:0.0113s ]
SQL: SHOW COLUMNS FROM `fm_duty_info` [ RunTime:0.0083s ]
SQL: SHOW COLUMNS FROM `fm_department` [ RunTime:0.0077s ]
SQL: SELECT * FROM `fm_personal_info`  [ RunTime:0.0004s ]
SQL: SELECT * FROM `fm_duty_info`  [ RunTime:0.0003s ]
SQL: SELECT * FROM `fm_department`  [ RunTime:0.0002s ]
INFO: [ view_parse ] --START--
INFO: [ template_filter ] --START--
INFO: Run Behavior\ContentReplaceBehavior [ RunTime:0.000156s ]
INFO: [ template_filter ] --END-- [ RunTime:0.000310s ]
INFO: Run Behavior\ParseTemplateBehavior [ RunTime:0.008475s ]
INFO: [ view_parse ] --END-- [ RunTime:0.008676s ]
INFO: [ view_filter ] --START--
INFO: Run Behavior\WriteHtmlCacheBehavior [ RunTime:0.000389s ]
INFO: [ view_filter ] --END-- [ RunTime:0.000548s ]
INFO: [ app_end ] --START--
INFO: Run Behavior\ShowPageTraceBehavior [ RunTime:0.000676s ]
INFO: [ app_end ] --END-- [ RunTime:0.000826s ]

