[ 2016-05-06T20:29:02+08:00 ] ::1 /Files_manage_system/Admin/BaseInfo/check
INFO: [ app_init ] --START--
INFO: Run Behavior\BuildLiteBehavior [ RunTime:0.000056s ]
INFO: [ app_init ] --END-- [ RunTime:0.032178s ]
INFO: [ app_begin ] --START--
INFO: Run Behavior\ReadHtmlCacheBehavior [ RunTime:0.027671s ]
INFO: [ app_begin ] --END-- [ RunTime:0.027846s ]
NOTIC: [2048] Declaration of Admin\Controller\BaseInfoController::show() should be compatible with Think\Controller::show($content, $charset = '', $contentType = '', $prefix = '') F:\wamp\www\Files_manage_system\Apps\Admin\Controller\BaseInfoController.class.php 第 1105 行.
NOTIC: [8] Undefined index: username F:\wamp\www\Files_manage_system\Apps\Admin\Controller\BaseInfoController.class.php 第 7 行.

[ 2016-05-06T20:29:02+08:00 ] ::1 /Files_manage_system/Admin/User/index
INFO: [ app_init ] --START--
INFO: Run Behavior\BuildLiteBehavior [ RunTime:0.000056s ]
INFO: [ app_init ] --END-- [ RunTime:0.001068s ]
INFO: [ app_begin ] --START--
INFO: Run Behavior\ReadHtmlCacheBehavior [ RunTime:0.000475s ]
INFO: [ app_begin ] --END-- [ RunTime:0.000665s ]
INFO: [ view_parse ] --START--
INFO: [ template_filter ] --START--
INFO: Run Behavior\ContentReplaceBehavior [ RunTime:0.001561s ]
INFO: [ template_filter ] --END-- [ RunTime:0.001756s ]
INFO: Run Behavior\ParseTemplateBehavior [ RunTime:0.171087s ]
INFO: [ view_parse ] --END-- [ RunTime:0.171263s ]
INFO: [ view_filter ] --START--
INFO: Run Behavior\WriteHtmlCacheBehavior [ RunTime:0.024343s ]
INFO: [ view_filter ] --END-- [ RunTime:0.024497s ]
INFO: [ app_end ] --START--
INFO: Run Behavior\ShowPageTraceBehavior [ RunTime:0.015393s ]
INFO: [ app_end ] --END-- [ RunTime:0.015571s ]

[ 2016-05-06T20:29:09+08:00 ] ::1 /Files_manage_system/Admin/User/redir_consultation
INFO: [ app_init ] --START--
INFO: Run Behavior\BuildLiteBehavior [ RunTime:0.000038s ]
INFO: [ app_init ] --END-- [ RunTime:0.000558s ]
INFO: [ app_begin ] --START--
INFO: Run Behavior\ReadHtmlCacheBehavior [ RunTime:0.000544s ]
INFO: [ app_begin ] --END-- [ RunTime:0.000728s ]
NOTIC: [8] Undefined index: emp_id F:\wamp\www\Files_manage_system\Apps\Admin\Controller\UserController.class.php 第 16 行.
SQL: SHOW COLUMNS FROM `fm_user` [ RunTime:0.0488s ]
SQL: SELECT `usertype` FROM `fm_user` WHERE ( usertype="超级管理员" )  [ RunTime:0.0005s ]
SQL: SELECT * FROM `fm_user` WHERE `username` = 'duo' AND `password` = '202cb962ac59075b964b07152d234b70'  [ RunTime:0.0004s ]
SQL: SELECT * FROM `fm_user` WHERE `username` = 'duo' AND `usertype` = '超级管理员'  [ RunTime:0.0003s ]
NOTIC: [8] A session had already been started - ignoring session_start() F:\wamp\www\Files_manage_system\Apps\Admin\Controller\UserController.class.php 第 33 行.

[ 2016-05-06T20:29:09+08:00 ] ::1 /Files_manage_system/Admin/Index/index
INFO: [ app_init ] --START--
INFO: Run Behavior\BuildLiteBehavior [ RunTime:0.000029s ]
INFO: [ app_init ] --END-- [ RunTime:0.000433s ]
INFO: [ app_begin ] --START--
INFO: Run Behavior\ReadHtmlCacheBehavior [ RunTime:0.000681s ]
INFO: [ app_begin ] --END-- [ RunTime:0.000849s ]
SQL: SHOW COLUMNS FROM `fm_user` [ RunTime:0.0106s ]
SQL: SELECT * FROM `fm_user` WHERE ( id=0 )  [ RunTime:0.0004s ]
INFO: [ view_parse ] --START--
INFO: [ template_filter ] --START--
INFO: Run Behavior\ContentReplaceBehavior [ RunTime:0.000133s ]
INFO: [ template_filter ] --END-- [ RunTime:0.000275s ]
INFO: Run Behavior\ParseTemplateBehavior [ RunTime:0.021013s ]
INFO: [ view_parse ] --END-- [ RunTime:0.021258s ]
INFO: [ view_filter ] --START--
INFO: Run Behavior\WriteHtmlCacheBehavior [ RunTime:0.000322s ]
INFO: [ view_filter ] --END-- [ RunTime:0.000459s ]
INFO: [ app_end ] --START--
INFO: Run Behavior\ShowPageTraceBehavior [ RunTime:0.000481s ]
INFO: [ app_end ] --END-- [ RunTime:0.000616s ]

[ 2016-05-06T20:29:10+08:00 ] ::1 /Files_manage_system/Admin/Performance/train_check
INFO: [ app_init ] --START--
INFO: Run Behavior\BuildLiteBehavior [ RunTime:0.000030s ]
INFO: [ app_init ] --END-- [ RunTime:0.000492s ]
INFO: [ app_begin ] --START--
INFO: Run Behavior\ReadHtmlCacheBehavior [ RunTime:0.000495s ]
INFO: [ app_begin ] --END-- [ RunTime:0.000631s ]
SQL: SHOW COLUMNS FROM `fm_train_info` [ RunTime:0.0240s ]
SQL: SHOW COLUMNS FROM `fm_train_person` [ RunTime:0.0211s ]
SQL: SELECT `id`,`fm_num`,`train_name`,`train_start_date`,`train_end_date`,`train_unit`,`train_lecture` FROM `fm_train_info`  [ RunTime:0.0004s ]
INFO: [ view_parse ] --START--
INFO: [ template_filter ] --START--
INFO: Run Behavior\ContentReplaceBehavior [ RunTime:0.000264s ]
INFO: [ template_filter ] --END-- [ RunTime:0.000580s ]
INFO: Run Behavior\ParseTemplateBehavior [ RunTime:0.129378s ]
INFO: [ view_parse ] --END-- [ RunTime:0.129561s ]
INFO: [ view_filter ] --START--
INFO: Run Behavior\WriteHtmlCacheBehavior [ RunTime:0.000319s ]
INFO: [ view_filter ] --END-- [ RunTime:0.000450s ]
INFO: [ app_end ] --START--
INFO: Run Behavior\ShowPageTraceBehavior [ RunTime:0.000442s ]
INFO: [ app_end ] --END-- [ RunTime:0.000614s ]

[ 2016-05-06T20:29:12+08:00 ] ::1 /Files_manage_system/Admin/Performance/train_show
INFO: [ app_init ] --START--
INFO: Run Behavior\BuildLiteBehavior [ RunTime:0.000078s ]
INFO: [ app_init ] --END-- [ RunTime:0.000785s ]
INFO: [ app_begin ] --START--
INFO: Run Behavior\ReadHtmlCacheBehavior [ RunTime:0.000463s ]
INFO: [ app_begin ] --END-- [ RunTime:0.000583s ]
NOTIC: [8] A session had already been started - ignoring session_start() F:\wamp\www\Files_manage_system\Apps\Admin\Controller\PerformanceController.class.php 第 838 行.
SQL: SHOW COLUMNS FROM `fm_train_info` [ RunTime:0.0109s ]
SQL: SHOW COLUMNS FROM `fm_train_person` [ RunTime:0.0066s ]
SQL: SHOW COLUMNS FROM `fm_personal_info` [ RunTime:0.0096s ]
SQL: SHOW COLUMNS FROM `fm_duty_info` [ RunTime:0.0338s ]
SQL: SELECT * FROM `fm_train_info` WHERE ( id=1 )  [ RunTime:0.0004s ]
SQL: SELECT `emp_id` FROM `fm_train_person` WHERE ( train_id=1 )  [ RunTime:0.0003s ]
SQL: SELECT `fm_num`,`emp_name`,`emp_sex` FROM `fm_personal_info` WHERE ( id=2 )  [ RunTime:0.0003s ]
SQL: SELECT `emp_department`,`emp_job` FROM `fm_duty_info` WHERE ( id=2 )  [ RunTime:0.0002s ]
SQL: SELECT `fm_num`,`emp_name`,`emp_sex` FROM `fm_personal_info` WHERE ( id=3 )  [ RunTime:0.0002s ]
SQL: SELECT `emp_department`,`emp_job` FROM `fm_duty_info` WHERE ( id=3 )  [ RunTime:0.0002s ]
SQL: SELECT `fm_num`,`emp_name`,`emp_sex` FROM `fm_personal_info` WHERE ( id=4 )  [ RunTime:0.0002s ]
SQL: SELECT `emp_department`,`emp_job` FROM `fm_duty_info` WHERE ( id=4 )  [ RunTime:0.0002s ]
SQL: SELECT `fm_num`,`emp_name`,`emp_sex` FROM `fm_personal_info` WHERE ( id=5 )  [ RunTime:0.0002s ]
SQL: SELECT `emp_department`,`emp_job` FROM `fm_duty_info` WHERE ( id=5 )  [ RunTime:0.0003s ]
SQL: SELECT `fm_num`,`emp_name`,`emp_sex` FROM `fm_personal_info` WHERE ( id=6 )  [ RunTime:0.0002s ]
SQL: SELECT `emp_department`,`emp_job` FROM `fm_duty_info` WHERE ( id=6 )  [ RunTime:0.0003s ]
SQL: SELECT `fm_num`,`emp_name`,`emp_sex` FROM `fm_personal_info` WHERE ( id=7 )  [ RunTime:0.0002s ]
SQL: SELECT `emp_department`,`emp_job` FROM `fm_duty_info` WHERE ( id=7 )  [ RunTime:0.0002s ]
INFO: [ view_parse ] --START--
INFO: [ template_filter ] --START--
INFO: Run Behavior\ContentReplaceBehavior [ RunTime:0.000158s ]
INFO: [ template_filter ] --END-- [ RunTime:0.000275s ]
INFO: Run Behavior\ParseTemplateBehavior [ RunTime:0.057168s ]
INFO: [ view_parse ] --END-- [ RunTime:0.057381s ]
INFO: [ view_filter ] --START--
INFO: Run Behavior\WriteHtmlCacheBehavior [ RunTime:0.000542s ]
INFO: [ view_filter ] --END-- [ RunTime:0.000698s ]
INFO: [ app_end ] --START--
INFO: Run Behavior\ShowPageTraceBehavior [ RunTime:0.000653s ]
INFO: [ app_end ] --END-- [ RunTime:0.000793s ]

[ 2016-05-06T20:29:13+08:00 ] ::1 /Files_manage_system/Admin/Performance/train_show
INFO: [ app_init ] --START--
INFO: Run Behavior\BuildLiteBehavior [ RunTime:0.000065s ]
INFO: [ app_init ] --END-- [ RunTime:0.000743s ]
INFO: [ app_begin ] --START--
INFO: Run Behavior\ReadHtmlCacheBehavior [ RunTime:0.000538s ]
INFO: [ app_begin ] --END-- [ RunTime:0.000706s ]
NOTIC: [8] Undefined index: id F:\wamp\www\Files_manage_system\Apps\Admin\Controller\PerformanceController.class.php 第 837 行.
SQL: SHOW COLUMNS FROM `fm_train_info` [ RunTime:0.0383s ]
SQL: SHOW COLUMNS FROM `fm_train_person` [ RunTime:0.0052s ]
SQL: SHOW COLUMNS FROM `fm_personal_info` [ RunTime:0.0473s ]
SQL: SHOW COLUMNS FROM `fm_duty_info` [ RunTime:0.0073s ]
SQL: SELECT * FROM `fm_train_info` WHERE ( id=1 )  [ RunTime:0.0005s ]
SQL: SELECT `emp_id` FROM `fm_train_person` WHERE ( train_id=1 )  [ RunTime:0.0004s ]
SQL: SELECT `fm_num`,`emp_name`,`emp_sex` FROM `fm_personal_info` WHERE ( id=2 )  [ RunTime:0.0003s ]
SQL: SELECT `emp_department`,`emp_job` FROM `fm_duty_info` WHERE ( id=2 )  [ RunTime:0.0003s ]
SQL: SELECT `fm_num`,`emp_name`,`emp_sex` FROM `fm_personal_info` WHERE ( id=3 )  [ RunTime:0.0003s ]
SQL: SELECT `emp_department`,`emp_job` FROM `fm_duty_info` WHERE ( id=3 )  [ RunTime:0.0003s ]
SQL: SELECT `fm_num`,`emp_name`,`emp_sex` FROM `fm_personal_info` WHERE ( id=4 )  [ RunTime:0.0003s ]
SQL: SELECT `emp_department`,`emp_job` FROM `fm_duty_info` WHERE ( id=4 )  [ RunTime:0.0003s ]
SQL: SELECT `fm_num`,`emp_name`,`emp_sex` FROM `fm_personal_info` WHERE ( id=5 )  [ RunTime:0.0003s ]
SQL: SELECT `emp_department`,`emp_job` FROM `fm_duty_info` WHERE ( id=5 )  [ RunTime:0.0003s ]
SQL: SELECT `fm_num`,`emp_name`,`emp_sex` FROM `fm_personal_info` WHERE ( id=6 )  [ RunTime:0.0003s ]
SQL: SELECT `emp_department`,`emp_job` FROM `fm_duty_info` WHERE ( id=6 )  [ RunTime:0.0002s ]
SQL: SELECT `fm_num`,`emp_name`,`emp_sex` FROM `fm_personal_info` WHERE ( id=7 )  [ RunTime:0.0005s ]
SQL: SELECT `emp_department`,`emp_job` FROM `fm_duty_info` WHERE ( id=7 )  [ RunTime:0.0005s ]
INFO: [ view_parse ] --START--
INFO: [ template_filter ] --START--
INFO: Run Behavior\ContentReplaceBehavior [ RunTime:0.000280s ]
INFO: [ template_filter ] --END-- [ RunTime:0.000582s ]
INFO: Run Behavior\ParseTemplateBehavior [ RunTime:0.013339s ]
INFO: [ view_parse ] --END-- [ RunTime:0.013848s ]
INFO: [ view_filter ] --START--
INFO: Run Behavior\WriteHtmlCacheBehavior [ RunTime:0.000528s ]
INFO: [ view_filter ] --END-- [ RunTime:0.000729s ]
INFO: [ app_end ] --START--
INFO: Run Behavior\ShowPageTraceBehavior [ RunTime:0.000755s ]
INFO: [ app_end ] --END-- [ RunTime:0.000958s ]

[ 2016-05-06T20:29:14+08:00 ] ::1 /Files_manage_system/Admin/Performance/train_edit
INFO: [ app_init ] --START--
INFO: Run Behavior\BuildLiteBehavior [ RunTime:0.000045s ]
INFO: [ app_init ] --END-- [ RunTime:0.000661s ]
INFO: [ app_begin ] --START--
INFO: Run Behavior\ReadHtmlCacheBehavior [ RunTime:0.000477s ]
INFO: [ app_begin ] --END-- [ RunTime:0.000643s ]
NOTIC: [8] Undefined index: id F:\wamp\www\Files_manage_system\Apps\Admin\Controller\PerformanceController.class.php 第 903 行.
SQL: SHOW COLUMNS FROM `fm_train_info` [ RunTime:0.0104s ]
SQL: SHOW COLUMNS FROM `fm_train_person` [ RunTime:0.0070s ]
SQL: SHOW COLUMNS FROM `fm_personal_info` [ RunTime:0.0089s ]
SQL: SHOW COLUMNS FROM `fm_duty_info` [ RunTime:0.0082s ]
SQL: SELECT * FROM `fm_train_info` WHERE ( id=1 )  [ RunTime:0.0004s ]
SQL: SELECT `emp_id` FROM `fm_train_person` WHERE ( train_id=1 )  [ RunTime:0.0009s ]
SQL: SELECT `fm_num`,`emp_name`,`emp_sex` FROM `fm_personal_info` WHERE ( id=2 )  [ RunTime:0.0003s ]
SQL: SELECT `emp_department`,`emp_job` FROM `fm_duty_info` WHERE ( id=2 )  [ RunTime:0.0002s ]
SQL: SELECT `fm_num`,`emp_name`,`emp_sex` FROM `fm_personal_info` WHERE ( id=3 )  [ RunTime:0.0003s ]
SQL: SELECT `emp_department`,`emp_job` FROM `fm_duty_info` WHERE ( id=3 )  [ RunTime:0.0002s ]
SQL: SELECT `fm_num`,`emp_name`,`emp_sex` FROM `fm_personal_info` WHERE ( id=4 )  [ RunTime:0.0002s ]
SQL: SELECT `emp_department`,`emp_job` FROM `fm_duty_info` WHERE ( id=4 )  [ RunTime:0.0002s ]
SQL: SELECT `fm_num`,`emp_name`,`emp_sex` FROM `fm_personal_info` WHERE ( id=5 )  [ RunTime:0.0002s ]
SQL: SELECT `emp_department`,`emp_job` FROM `fm_duty_info` WHERE ( id=5 )  [ RunTime:0.0002s ]
SQL: SELECT `fm_num`,`emp_name`,`emp_sex` FROM `fm_personal_info` WHERE ( id=6 )  [ RunTime:0.0002s ]
SQL: SELECT `emp_department`,`emp_job` FROM `fm_duty_info` WHERE ( id=6 )  [ RunTime:0.0002s ]
SQL: SELECT `fm_num`,`emp_name`,`emp_sex` FROM `fm_personal_info` WHERE ( id=7 )  [ RunTime:0.0002s ]
SQL: SELECT `emp_department`,`emp_job` FROM `fm_duty_info` WHERE ( id=7 )  [ RunTime:0.0003s ]
SQL: SELECT `id`,`fm_num`,`emp_name`,`emp_sex` FROM `fm_personal_info`  [ RunTime:0.0003s ]
SQL: SELECT `id`,`emp_department`,`emp_job` FROM `fm_duty_info`  [ RunTime:0.0002s ]
INFO: [ view_parse ] --START--
INFO: [ template_filter ] --START--
INFO: Run Behavior\ContentReplaceBehavior [ RunTime:0.000186s ]
INFO: [ template_filter ] --END-- [ RunTime:0.000339s ]
INFO: Run Behavior\ParseTemplateBehavior [ RunTime:0.053181s ]
INFO: [ view_parse ] --END-- [ RunTime:0.053378s ]
INFO: [ view_filter ] --START--
INFO: Run Behavior\WriteHtmlCacheBehavior [ RunTime:0.000563s ]
INFO: [ view_filter ] --END-- [ RunTime:0.000888s ]
INFO: [ app_end ] --START--
INFO: Run Behavior\ShowPageTraceBehavior [ RunTime:0.000849s ]
INFO: [ app_end ] --END-- [ RunTime:0.001192s ]

[ 2016-05-06T20:30:51+08:00 ] ::1 /Files_manage_system/Admin/Performance/train_check
INFO: [ app_init ] --START--
INFO: Run Behavior\BuildLiteBehavior [ RunTime:0.000037s ]
INFO: [ app_init ] --END-- [ RunTime:0.000572s ]
INFO: [ app_begin ] --START--
INFO: Run Behavior\ReadHtmlCacheBehavior [ RunTime:0.000826s ]
INFO: [ app_begin ] --END-- [ RunTime:0.001145s ]
SQL: SHOW COLUMNS FROM `fm_train_info` [ RunTime:0.0117s ]
SQL: SHOW COLUMNS FROM `fm_train_person` [ RunTime:0.0072s ]
SQL: SELECT `id`,`fm_num`,`train_name`,`train_start_date`,`train_end_date`,`train_unit`,`train_lecture` FROM `fm_train_info`  [ RunTime:0.0003s ]
INFO: [ view_parse ] --START--
INFO: [ template_filter ] --START--
INFO: Run Behavior\ContentReplaceBehavior [ RunTime:0.000145s ]
INFO: [ template_filter ] --END-- [ RunTime:0.000285s ]
INFO: Run Behavior\ParseTemplateBehavior [ RunTime:0.009118s ]
INFO: [ view_parse ] --END-- [ RunTime:0.009354s ]
INFO: [ view_filter ] --START--
INFO: Run Behavior\WriteHtmlCacheBehavior [ RunTime:0.000376s ]
INFO: [ view_filter ] --END-- [ RunTime:0.000550s ]
INFO: [ app_end ] --START--
INFO: Run Behavior\ShowPageTraceBehavior [ RunTime:0.000465s ]
INFO: [ app_end ] --END-- [ RunTime:0.000602s ]

[ 2016-05-06T20:30:53+08:00 ] ::1 /Files_manage_system/Admin/Performance/train_show
INFO: [ app_init ] --START--
INFO: Run Behavior\BuildLiteBehavior [ RunTime:0.000042s ]
INFO: [ app_init ] --END-- [ RunTime:0.000488s ]
INFO: [ app_begin ] --START--
INFO: Run Behavior\ReadHtmlCacheBehavior [ RunTime:0.000461s ]
INFO: [ app_begin ] --END-- [ RunTime:0.000580s ]
NOTIC: [8] A session had already been started - ignoring session_start() F:\wamp\www\Files_manage_system\Apps\Admin\Controller\PerformanceController.class.php 第 838 行.
SQL: SHOW COLUMNS FROM `fm_train_info` [ RunTime:0.0098s ]
SQL: SHOW COLUMNS FROM `fm_train_person` [ RunTime:0.0064s ]
SQL: SHOW COLUMNS FROM `fm_personal_info` [ RunTime:0.0082s ]
SQL: SHOW COLUMNS FROM `fm_duty_info` [ RunTime:0.0070s ]
SQL: SELECT * FROM `fm_train_info` WHERE ( id=1 )  [ RunTime:0.0004s ]
SQL: SELECT `emp_id` FROM `fm_train_person` WHERE ( train_id=1 )  [ RunTime:0.0003s ]
SQL: SELECT `fm_num`,`emp_name`,`emp_sex` FROM `fm_personal_info` WHERE ( id=2 )  [ RunTime:0.0002s ]
SQL: SELECT `emp_department`,`emp_job` FROM `fm_duty_info` WHERE ( id=2 )  [ RunTime:0.0002s ]
SQL: SELECT `fm_num`,`emp_name`,`emp_sex` FROM `fm_personal_info` WHERE ( id=3 )  [ RunTime:0.0002s ]
SQL: SELECT `emp_department`,`emp_job` FROM `fm_duty_info` WHERE ( id=3 )  [ RunTime:0.0002s ]
SQL: SELECT `fm_num`,`emp_name`,`emp_sex` FROM `fm_personal_info` WHERE ( id=4 )  [ RunTime:0.0002s ]
SQL: SELECT `emp_department`,`emp_job` FROM `fm_duty_info` WHERE ( id=4 )  [ RunTime:0.0002s ]
SQL: SELECT `fm_num`,`emp_name`,`emp_sex` FROM `fm_personal_info` WHERE ( id=5 )  [ RunTime:0.0002s ]
SQL: SELECT `emp_department`,`emp_job` FROM `fm_duty_info` WHERE ( id=5 )  [ RunTime:0.0002s ]
SQL: SELECT `fm_num`,`emp_name`,`emp_sex` FROM `fm_personal_info` WHERE ( id=6 )  [ RunTime:0.0002s ]
SQL: SELECT `emp_department`,`emp_job` FROM `fm_duty_info` WHERE ( id=6 )  [ RunTime:0.0002s ]
SQL: SELECT `fm_num`,`emp_name`,`emp_sex` FROM `fm_personal_info` WHERE ( id=7 )  [ RunTime:0.0002s ]
SQL: SELECT `emp_department`,`emp_job` FROM `fm_duty_info` WHERE ( id=7 )  [ RunTime:0.0003s ]
INFO: [ view_parse ] --START--
INFO: [ template_filter ] --START--
INFO: Run Behavior\ContentReplaceBehavior [ RunTime:0.000190s ]
INFO: [ template_filter ] --END-- [ RunTime:0.000318s ]
INFO: Run Behavior\ParseTemplateBehavior [ RunTime:0.009736s ]
INFO: [ view_parse ] --END-- [ RunTime:0.009928s ]
INFO: [ view_filter ] --START--
INFO: Run Behavior\WriteHtmlCacheBehavior [ RunTime:0.000500s ]
INFO: [ view_filter ] --END-- [ RunTime:0.000689s ]
INFO: [ app_end ] --START--
INFO: Run Behavior\ShowPageTraceBehavior [ RunTime:0.000745s ]
INFO: [ app_end ] --END-- [ RunTime:0.000960s ]

[ 2016-05-06T20:30:53+08:00 ] ::1 /Files_manage_system/Admin/Performance/train_show
INFO: [ app_init ] --START--
INFO: Run Behavior\BuildLiteBehavior [ RunTime:0.000048s ]
INFO: [ app_init ] --END-- [ RunTime:0.000460s ]
INFO: [ app_begin ] --START--
INFO: Run Behavior\ReadHtmlCacheBehavior [ RunTime:0.001160s ]
INFO: [ app_begin ] --END-- [ RunTime:0.001342s ]
NOTIC: [8] Undefined index: id F:\wamp\www\Files_manage_system\Apps\Admin\Controller\PerformanceController.class.php 第 837 行.
SQL: SHOW COLUMNS FROM `fm_train_info` [ RunTime:0.0063s ]
SQL: SHOW COLUMNS FROM `fm_train_person` [ RunTime:0.0053s ]
SQL: SHOW COLUMNS FROM `fm_personal_info` [ RunTime:0.0055s ]
SQL: SHOW COLUMNS FROM `fm_duty_info` [ RunTime:0.0057s ]
SQL: SELECT * FROM `fm_train_info` WHERE ( id=1 )  [ RunTime:0.0003s ]
SQL: SELECT `emp_id` FROM `fm_train_person` WHERE ( train_id=1 )  [ RunTime:0.0002s ]
SQL: SELECT `fm_num`,`emp_name`,`emp_sex` FROM `fm_personal_info` WHERE ( id=2 )  [ RunTime:0.0003s ]
SQL: SELECT `emp_department`,`emp_job` FROM `fm_duty_info` WHERE ( id=2 )  [ RunTime:0.0002s ]
SQL: SELECT `fm_num`,`emp_name`,`emp_sex` FROM `fm_personal_info` WHERE ( id=3 )  [ RunTime:0.0002s ]
SQL: SELECT `emp_department`,`emp_job` FROM `fm_duty_info` WHERE ( id=3 )  [ RunTime:0.0002s ]
SQL: SELECT `fm_num`,`emp_name`,`emp_sex` FROM `fm_personal_info` WHERE ( id=4 )  [ RunTime:0.0002s ]
SQL: SELECT `emp_department`,`emp_job` FROM `fm_duty_info` WHERE ( id=4 )  [ RunTime:0.0002s ]
SQL: SELECT `fm_num`,`emp_name`,`emp_sex` FROM `fm_personal_info` WHERE ( id=5 )  [ RunTime:0.0002s ]
SQL: SELECT `emp_department`,`emp_job` FROM `fm_duty_info` WHERE ( id=5 )  [ RunTime:0.0002s ]
SQL: SELECT `fm_num`,`emp_name`,`emp_sex` FROM `fm_personal_info` WHERE ( id=6 )  [ RunTime:0.0002s ]
SQL: SELECT `emp_department`,`emp_job` FROM `fm_duty_info` WHERE ( id=6 )  [ RunTime:0.0002s ]
SQL: SELECT `fm_num`,`emp_name`,`emp_sex` FROM `fm_personal_info` WHERE ( id=7 )  [ RunTime:0.0002s ]
SQL: SELECT `emp_department`,`emp_job` FROM `fm_duty_info` WHERE ( id=7 )  [ RunTime:0.0002s ]
INFO: [ view_parse ] --START--
INFO: [ template_filter ] --START--
INFO: Run Behavior\ContentReplaceBehavior [ RunTime:0.000173s ]
INFO: [ template_filter ] --END-- [ RunTime:0.000329s ]
INFO: Run Behavior\ParseTemplateBehavior [ RunTime:0.010585s ]
INFO: [ view_parse ] --END-- [ RunTime:0.010741s ]
INFO: [ view_filter ] --START--
INFO: Run Behavior\WriteHtmlCacheBehavior [ RunTime:0.000266s ]
INFO: [ view_filter ] --END-- [ RunTime:0.000396s ]
INFO: [ app_end ] --START--
INFO: Run Behavior\ShowPageTraceBehavior [ RunTime:0.000464s ]
INFO: [ app_end ] --END-- [ RunTime:0.000609s ]

[ 2016-05-06T20:30:54+08:00 ] ::1 /Files_manage_system/Admin/Performance/train_edit
INFO: [ app_init ] --START--
INFO: Run Behavior\BuildLiteBehavior [ RunTime:0.000031s ]
INFO: [ app_init ] --END-- [ RunTime:0.000477s ]
INFO: [ app_begin ] --START--
INFO: Run Behavior\ReadHtmlCacheBehavior [ RunTime:0.001004s ]
INFO: [ app_begin ] --END-- [ RunTime:0.001190s ]
NOTIC: [8] Undefined index: id F:\wamp\www\Files_manage_system\Apps\Admin\Controller\PerformanceController.class.php 第 903 行.
SQL: SHOW COLUMNS FROM `fm_train_info` [ RunTime:0.1154s ]
SQL: SHOW COLUMNS FROM `fm_train_person` [ RunTime:0.0087s ]
SQL: SHOW COLUMNS FROM `fm_personal_info` [ RunTime:0.0083s ]
SQL: SHOW COLUMNS FROM `fm_duty_info` [ RunTime:0.0092s ]
SQL: SELECT * FROM `fm_train_info` WHERE ( id=1 )  [ RunTime:0.0003s ]
SQL: SELECT `emp_id` FROM `fm_train_person` WHERE ( train_id=1 )  [ RunTime:0.0003s ]
SQL: SELECT `fm_num`,`emp_name`,`emp_sex` FROM `fm_personal_info` WHERE ( id=2 )  [ RunTime:0.0002s ]
SQL: SELECT `emp_department`,`emp_job` FROM `fm_duty_info` WHERE ( id=2 )  [ RunTime:0.0002s ]
SQL: SELECT `fm_num`,`emp_name`,`emp_sex` FROM `fm_personal_info` WHERE ( id=3 )  [ RunTime:0.0002s ]
SQL: SELECT `emp_department`,`emp_job` FROM `fm_duty_info` WHERE ( id=3 )  [ RunTime:0.0002s ]
SQL: SELECT `fm_num`,`emp_name`,`emp_sex` FROM `fm_personal_info` WHERE ( id=4 )  [ RunTime:0.0002s ]
SQL: SELECT `emp_department`,`emp_job` FROM `fm_duty_info` WHERE ( id=4 )  [ RunTime:0.0002s ]
SQL: SELECT `fm_num`,`emp_name`,`emp_sex` FROM `fm_personal_info` WHERE ( id=5 )  [ RunTime:0.0002s ]
SQL: SELECT `emp_department`,`emp_job` FROM `fm_duty_info` WHERE ( id=5 )  [ RunTime:0.0002s ]
SQL: SELECT `fm_num`,`emp_name`,`emp_sex` FROM `fm_personal_info` WHERE ( id=6 )  [ RunTime:0.0002s ]
SQL: SELECT `emp_department`,`emp_job` FROM `fm_duty_info` WHERE ( id=6 )  [ RunTime:0.0002s ]
SQL: SELECT `fm_num`,`emp_name`,`emp_sex` FROM `fm_personal_info` WHERE ( id=7 )  [ RunTime:0.0003s ]
SQL: SELECT `emp_department`,`emp_job` FROM `fm_duty_info` WHERE ( id=7 )  [ RunTime:0.0004s ]
SQL: SELECT `id`,`fm_num`,`emp_name`,`emp_sex` FROM `fm_personal_info`  [ RunTime:0.0004s ]
SQL: SELECT `id`,`emp_department`,`emp_job` FROM `fm_duty_info`  [ RunTime:0.0002s ]
INFO: [ view_parse ] --START--
INFO: [ template_filter ] --START--
INFO: Run Behavior\ContentReplaceBehavior [ RunTime:0.000194s ]
INFO: [ template_filter ] --END-- [ RunTime:0.000413s ]
INFO: Run Behavior\ParseTemplateBehavior [ RunTime:0.030028s ]
INFO: [ view_parse ] --END-- [ RunTime:0.030235s ]
INFO: [ view_filter ] --START--
INFO: Run Behavior\WriteHtmlCacheBehavior [ RunTime:0.000502s ]
INFO: [ view_filter ] --END-- [ RunTime:0.000765s ]
INFO: [ app_end ] --START--
INFO: Run Behavior\ShowPageTraceBehavior [ RunTime:0.000844s ]
INFO: [ app_end ] --END-- [ RunTime:0.001115s ]

