[ 2016-04-11T16:54:42+08:00 ] ::1 /Files_manage_system/Admin/BaseInfo/check
INFO: [ app_init ] --START--
INFO: Run Behavior\BuildLiteBehavior [ RunTime:0.000063s ]
INFO: [ app_init ] --END-- [ RunTime:0.015666s ]
INFO: [ app_begin ] --START--
INFO: Run Behavior\ReadHtmlCacheBehavior [ RunTime:0.012639s ]
INFO: [ app_begin ] --END-- [ RunTime:0.012858s ]
NOTIC: [2048] Declaration of Admin\Controller\BaseInfoController::show() should be compatible with Think\Controller::show($content, $charset = '', $contentType = '', $prefix = '') F:\wamp\www\Files_manage_system\Apps\Admin\Controller\BaseInfoController.class.php 第 1105 行.
NOTIC: [8] Undefined index: username F:\wamp\www\Files_manage_system\Apps\Admin\Controller\BaseInfoController.class.php 第 7 行.

[ 2016-04-11T16:54:42+08:00 ] ::1 /Files_manage_system/Admin/User/index
INFO: [ app_init ] --START--
INFO: Run Behavior\BuildLiteBehavior [ RunTime:0.000030s ]
INFO: [ app_init ] --END-- [ RunTime:0.000423s ]
INFO: [ app_begin ] --START--
INFO: Run Behavior\ReadHtmlCacheBehavior [ RunTime:0.000500s ]
INFO: [ app_begin ] --END-- [ RunTime:0.000658s ]
INFO: [ view_parse ] --START--
INFO: [ template_filter ] --START--
INFO: Run Behavior\ContentReplaceBehavior [ RunTime:0.001869s ]
INFO: [ template_filter ] --END-- [ RunTime:0.002044s ]
INFO: Run Behavior\ParseTemplateBehavior [ RunTime:0.156109s ]
INFO: [ view_parse ] --END-- [ RunTime:0.156305s ]
INFO: [ view_filter ] --START--
INFO: Run Behavior\WriteHtmlCacheBehavior [ RunTime:0.012263s ]
INFO: [ view_filter ] --END-- [ RunTime:0.012421s ]
INFO: [ app_end ] --START--
INFO: Run Behavior\ShowPageTraceBehavior [ RunTime:0.008397s ]
INFO: [ app_end ] --END-- [ RunTime:0.008556s ]

[ 2016-04-11T16:54:49+08:00 ] ::1 /Files_manage_system/Admin/User/redir_consultation
INFO: [ app_init ] --START--
INFO: Run Behavior\BuildLiteBehavior [ RunTime:0.000048s ]
INFO: [ app_init ] --END-- [ RunTime:0.000799s ]
INFO: [ app_begin ] --START--
INFO: Run Behavior\ReadHtmlCacheBehavior [ RunTime:0.000554s ]
INFO: [ app_begin ] --END-- [ RunTime:0.000707s ]
NOTIC: [8] Undefined index: emp_id F:\wamp\www\Files_manage_system\Apps\Admin\Controller\UserController.class.php 第 16 行.
SQL: SHOW COLUMNS FROM `fm_user` [ RunTime:0.0214s ]
SQL: SELECT `id` FROM `fm_user`  [ RunTime:0.0005s ]
SQL: SELECT * FROM `fm_user` WHERE `username` = 'duo' AND `password` = '202cb962ac59075b964b07152d234b70'  [ RunTime:0.0008s ]
SQL: SELECT * FROM `fm_user` WHERE `username` = 'duo' AND `usertype` = '超级管理员'  [ RunTime:0.0004s ]
NOTIC: [8] A session had already been started - ignoring session_start() F:\wamp\www\Files_manage_system\Apps\Admin\Controller\UserController.class.php 第 33 行.

[ 2016-04-11T16:54:49+08:00 ] ::1 /Files_manage_system/Admin/Index/index
INFO: [ app_init ] --START--
INFO: Run Behavior\BuildLiteBehavior [ RunTime:0.000028s ]
INFO: [ app_init ] --END-- [ RunTime:0.000435s ]
INFO: [ app_begin ] --START--
INFO: Run Behavior\ReadHtmlCacheBehavior [ RunTime:0.000523s ]
INFO: [ app_begin ] --END-- [ RunTime:0.000678s ]
INFO: [ view_parse ] --START--
INFO: [ template_filter ] --START--
INFO: Run Behavior\ContentReplaceBehavior [ RunTime:0.000122s ]
INFO: [ template_filter ] --END-- [ RunTime:0.000265s ]
INFO: Run Behavior\ParseTemplateBehavior [ RunTime:0.020334s ]
INFO: [ view_parse ] --END-- [ RunTime:0.020506s ]
INFO: [ view_filter ] --START--
INFO: Run Behavior\WriteHtmlCacheBehavior [ RunTime:0.000726s ]
INFO: [ view_filter ] --END-- [ RunTime:0.001039s ]
INFO: [ app_end ] --START--
INFO: Run Behavior\ShowPageTraceBehavior [ RunTime:0.000906s ]
INFO: [ app_end ] --END-- [ RunTime:0.001226s ]

[ 2016-04-11T19:42:40+08:00 ] ::1 /Files_manage_system/Admin/Performance/rnp_check
INFO: [ app_init ] --START--
INFO: Run Behavior\BuildLiteBehavior [ RunTime:0.000067s ]
INFO: [ app_init ] --END-- [ RunTime:0.004034s ]
INFO: [ app_begin ] --START--
INFO: Run Behavior\ReadHtmlCacheBehavior [ RunTime:0.005275s ]
INFO: [ app_begin ] --END-- [ RunTime:0.005463s ]
SQL: SHOW COLUMNS FROM `fm_personal_info` [ RunTime:0.0148s ]
SQL: SHOW COLUMNS FROM `fm_duty_info` [ RunTime:0.0111s ]
SQL: SHOW COLUMNS FROM `fm_department` [ RunTime:0.0087s ]
SQL: SHOW COLUMNS FROM `fm_rnp_info` [ RunTime:0.0118s ]
SQL: SELECT * FROM `fm_personal_info`  [ RunTime:0.0187s ]
SQL: SELECT * FROM `fm_duty_info`  [ RunTime:0.0004s ]
SQL: SELECT * FROM `fm_department`  [ RunTime:0.0004s ]
INFO: [ view_parse ] --START--
INFO: [ template_filter ] --START--
INFO: Run Behavior\ContentReplaceBehavior [ RunTime:0.000147s ]
INFO: [ template_filter ] --END-- [ RunTime:0.000291s ]
INFO: Run Behavior\ParseTemplateBehavior [ RunTime:0.122156s ]
INFO: [ view_parse ] --END-- [ RunTime:0.122329s ]
INFO: [ view_filter ] --START--
INFO: Run Behavior\WriteHtmlCacheBehavior [ RunTime:0.007223s ]
INFO: [ view_filter ] --END-- [ RunTime:0.007392s ]
INFO: [ app_end ] --START--
INFO: Run Behavior\ShowPageTraceBehavior [ RunTime:0.020690s ]
INFO: [ app_end ] --END-- [ RunTime:0.021044s ]

