[ 2016-02-06T11:14:17+08:00 ] ::1 /Files_manage_system/Admin/BaseInfo/check
INFO: [ app_init ] --START--
INFO: Run Behavior\BuildLiteBehavior [ RunTime:0.000044s ]
INFO: [ app_init ] --END-- [ RunTime:0.007163s ]
INFO: [ app_begin ] --START--
INFO: Run Behavior\ReadHtmlCacheBehavior [ RunTime:0.007391s ]
INFO: [ app_begin ] --END-- [ RunTime:0.007575s ]
NOTIC: [2048] Declaration of Admin\Controller\BaseInfoController::show() should be compatible with Think\Controller::show($content, $charset = '', $contentType = '', $prefix = '') F:\wamp\www\Files_manage_system\Apps\Admin\Controller\BaseInfoController.class.php 第 573 行.
NOTIC: [8] Undefined index: username F:\wamp\www\Files_manage_system\Apps\Admin\Controller\BaseInfoController.class.php 第 7 行.

[ 2016-02-06T11:14:17+08:00 ] ::1 /Files_manage_system/Admin/User/index
INFO: [ app_init ] --START--
INFO: Run Behavior\BuildLiteBehavior [ RunTime:0.000033s ]
INFO: [ app_init ] --END-- [ RunTime:0.000472s ]
INFO: [ app_begin ] --START--
INFO: Run Behavior\ReadHtmlCacheBehavior [ RunTime:0.000677s ]
INFO: [ app_begin ] --END-- [ RunTime:0.000973s ]
INFO: [ view_parse ] --START--
INFO: [ template_filter ] --START--
INFO: Run Behavior\ContentReplaceBehavior [ RunTime:0.000175s ]
INFO: [ template_filter ] --END-- [ RunTime:0.000434s ]
INFO: Run Behavior\ParseTemplateBehavior [ RunTime:0.062992s ]
INFO: [ view_parse ] --END-- [ RunTime:0.063215s ]
INFO: [ view_filter ] --START--
INFO: Run Behavior\WriteHtmlCacheBehavior [ RunTime:0.004666s ]
INFO: [ view_filter ] --END-- [ RunTime:0.004925s ]
INFO: [ app_end ] --START--
INFO: Run Behavior\ShowPageTraceBehavior [ RunTime:0.005028s ]
INFO: [ app_end ] --END-- [ RunTime:0.005290s ]

[ 2016-02-06T11:14:22+08:00 ] ::1 /Files_manage_system/Admin/User/redir_consultation
INFO: [ app_init ] --START--
INFO: Run Behavior\BuildLiteBehavior [ RunTime:0.000036s ]
INFO: [ app_init ] --END-- [ RunTime:0.000548s ]
INFO: [ app_begin ] --START--
INFO: Run Behavior\ReadHtmlCacheBehavior [ RunTime:0.000629s ]
INFO: [ app_begin ] --END-- [ RunTime:0.000805s ]
SQL: SHOW COLUMNS FROM `fm_user` [ RunTime:0.0140s ]
SQL: SELECT `id` FROM `fm_user`  [ RunTime:0.0006s ]
SQL: SELECT * FROM `fm_user` WHERE `username` = 'duo' AND `password` = '202cb962ac59075b964b07152d234b70'  [ RunTime:0.0004s ]
SQL: SELECT * FROM `fm_user` WHERE `usertype` = '超级管理员' AND `username` = 'duo'  [ RunTime:0.0003s ]
NOTIC: [8] A session had already been started - ignoring session_start() F:\wamp\www\Files_manage_system\Apps\Admin\Controller\UserController.class.php 第 31 行.

[ 2016-02-06T11:14:22+08:00 ] ::1 /Files_manage_system/Admin/Index/index
INFO: [ app_init ] --START--
INFO: Run Behavior\BuildLiteBehavior [ RunTime:0.000054s ]
INFO: [ app_init ] --END-- [ RunTime:0.000708s ]
INFO: [ app_begin ] --START--
INFO: Run Behavior\ReadHtmlCacheBehavior [ RunTime:0.000495s ]
INFO: [ app_begin ] --END-- [ RunTime:0.000643s ]
INFO: [ view_parse ] --START--
INFO: [ template_filter ] --START--
INFO: Run Behavior\ContentReplaceBehavior [ RunTime:0.000152s ]
INFO: [ template_filter ] --END-- [ RunTime:0.000338s ]
INFO: Run Behavior\ParseTemplateBehavior [ RunTime:0.024464s ]
INFO: [ view_parse ] --END-- [ RunTime:0.024730s ]
INFO: [ view_filter ] --START--
INFO: Run Behavior\WriteHtmlCacheBehavior [ RunTime:0.000415s ]
INFO: [ view_filter ] --END-- [ RunTime:0.000615s ]
INFO: [ app_end ] --START--
INFO: Run Behavior\ShowPageTraceBehavior [ RunTime:0.000630s ]
INFO: [ app_end ] --END-- [ RunTime:0.000820s ]

[ 2016-02-06T11:14:25+08:00 ] ::1 /Files_manage_system/Admin/System/company_frame
INFO: [ app_init ] --START--
INFO: Run Behavior\BuildLiteBehavior [ RunTime:0.000034s ]
INFO: [ app_init ] --END-- [ RunTime:0.000490s ]
INFO: [ app_begin ] --START--
INFO: Run Behavior\ReadHtmlCacheBehavior [ RunTime:0.000500s ]
INFO: [ app_begin ] --END-- [ RunTime:0.000658s ]
SQL: SHOW COLUMNS FROM `fm_department` [ RunTime:0.0124s ]
SQL: SELECT * FROM `fm_department`  [ RunTime:0.0004s ]
SQL: SELECT `department` FROM `fm_department` WHERE ( id=0 )  [ RunTime:0.0003s ]
NOTIC: [8] Undefined offset: 0 F:\wamp\www\Files_manage_system\Apps\Admin\Controller\SystemController.class.php 第 100 行.
SQL: SELECT `department` FROM `fm_department` WHERE ( id=1 )  [ RunTime:0.0003s ]
SQL: SELECT `department` FROM `fm_department` WHERE ( id=0 )  [ RunTime:0.0003s ]
NOTIC: [8] Undefined offset: 0 F:\wamp\www\Files_manage_system\Apps\Admin\Controller\SystemController.class.php 第 100 行.
INFO: [ view_parse ] --START--
INFO: [ template_filter ] --START--
INFO: Run Behavior\ContentReplaceBehavior [ RunTime:0.000273s ]
INFO: [ template_filter ] --END-- [ RunTime:0.000597s ]
NOTIC: [8] Undefined variable: usertype F:\wamp\www\Files_manage_system\Apps\Runtime\Cache\Admin\b3e4971c3d57ff6ad28ba081801baf1a.php 第 148 行.
INFO: Run Behavior\ParseTemplateBehavior [ RunTime:0.020906s ]
INFO: [ view_parse ] --END-- [ RunTime:0.021121s ]
INFO: [ view_filter ] --START--
INFO: Run Behavior\WriteHtmlCacheBehavior [ RunTime:0.000319s ]
INFO: [ view_filter ] --END-- [ RunTime:0.000471s ]
INFO: [ app_end ] --START--
INFO: Run Behavior\ShowPageTraceBehavior [ RunTime:0.000500s ]
INFO: [ app_end ] --END-- [ RunTime:0.000677s ]

[ 2016-02-06T11:14:34+08:00 ] ::1 /Files_manage_system/Admin/System/department_add
INFO: [ app_init ] --START--
INFO: Run Behavior\BuildLiteBehavior [ RunTime:0.000035s ]
INFO: [ app_init ] --END-- [ RunTime:0.000543s ]
INFO: [ app_begin ] --START--
INFO: Run Behavior\ReadHtmlCacheBehavior [ RunTime:0.000613s ]
INFO: [ app_begin ] --END-- [ RunTime:0.000749s ]
SQL: SHOW COLUMNS FROM `fm_department` [ RunTime:0.0094s ]
SQL: SELECT `id` FROM `fm_department` WHERE `department` = '无'  [ RunTime:0.0004s ]
NOTIC: [8] Undefined offset: 0 F:\wamp\www\Files_manage_system\Apps\Admin\Controller\SystemController.class.php 第 133 行.
SQL: SELECT * FROM `fm_department`  [ RunTime:0.0003s ]
SQL: INSERT INTO `fm_department` (`department`,`superior_id`,`id`) VALUES ('技术组','0','4') [ RunTime:0.1043s ]
INFO: [ app_end ] --START--
INFO: Run Behavior\ShowPageTraceBehavior [ RunTime:0.001527s ]
INFO: [ app_end ] --END-- [ RunTime:0.001840s ]

[ 2016-02-06T11:14:34+08:00 ] ::1 /Files_manage_system/Admin/System/company_frame
INFO: [ app_init ] --START--
INFO: Run Behavior\BuildLiteBehavior [ RunTime:0.000072s ]
INFO: [ app_init ] --END-- [ RunTime:0.001042s ]
INFO: [ app_begin ] --START--
INFO: Run Behavior\ReadHtmlCacheBehavior [ RunTime:0.001149s ]
INFO: [ app_begin ] --END-- [ RunTime:0.001496s ]
SQL: SHOW COLUMNS FROM `fm_department` [ RunTime:0.0105s ]
SQL: SELECT * FROM `fm_department`  [ RunTime:0.0006s ]
SQL: SELECT `department` FROM `fm_department` WHERE ( id=0 )  [ RunTime:0.0006s ]
NOTIC: [8] Undefined offset: 0 F:\wamp\www\Files_manage_system\Apps\Admin\Controller\SystemController.class.php 第 100 行.
SQL: SELECT `department` FROM `fm_department` WHERE ( id=1 )  [ RunTime:0.0006s ]
SQL: SELECT `department` FROM `fm_department` WHERE ( id=0 )  [ RunTime:0.0006s ]
NOTIC: [8] Undefined offset: 0 F:\wamp\www\Files_manage_system\Apps\Admin\Controller\SystemController.class.php 第 100 行.
SQL: SELECT `department` FROM `fm_department` WHERE ( id=0 )  [ RunTime:0.0006s ]
NOTIC: [8] Undefined offset: 0 F:\wamp\www\Files_manage_system\Apps\Admin\Controller\SystemController.class.php 第 100 行.
INFO: [ view_parse ] --START--
INFO: [ template_filter ] --START--
INFO: Run Behavior\ContentReplaceBehavior [ RunTime:0.000325s ]
INFO: [ template_filter ] --END-- [ RunTime:0.000675s ]
NOTIC: [8] Undefined variable: usertype F:\wamp\www\Files_manage_system\Apps\Runtime\Cache\Admin\b3e4971c3d57ff6ad28ba081801baf1a.php 第 148 行.
INFO: Run Behavior\ParseTemplateBehavior [ RunTime:0.021469s ]
INFO: [ view_parse ] --END-- [ RunTime:0.021985s ]
INFO: [ view_filter ] --START--
INFO: Run Behavior\WriteHtmlCacheBehavior [ RunTime:0.000917s ]
INFO: [ view_filter ] --END-- [ RunTime:0.001315s ]
INFO: [ app_end ] --START--
INFO: Run Behavior\ShowPageTraceBehavior [ RunTime:0.001018s ]
INFO: [ app_end ] --END-- [ RunTime:0.001333s ]

[ 2016-02-06T11:14:43+08:00 ] ::1 /Files_manage_system/Admin/System/department_edit
INFO: [ app_init ] --START--
INFO: Run Behavior\BuildLiteBehavior [ RunTime:0.000036s ]
INFO: [ app_init ] --END-- [ RunTime:0.000507s ]
INFO: [ app_begin ] --START--
INFO: Run Behavior\ReadHtmlCacheBehavior [ RunTime:0.000528s ]
INFO: [ app_begin ] --END-- [ RunTime:0.000664s ]
SQL: SHOW COLUMNS FROM `fm_department` [ RunTime:0.0094s ]
SQL: SELECT * FROM `fm_department` WHERE `department` = 'Java项目组'  [ RunTime:0.0004s ]
SQL: SELECT `id` FROM `fm_department` WHERE `department` = '技术组'  [ RunTime:0.0003s ]
NOTIC: [2] Illegal offset type in isset or empty F:\wamp\www\Files_manage_system\ThinkPHP\Library\Think\Model.class.php 第 511 行.
SQL: DELETE FROM `fm_department` WHERE `department` = 'Java项目组' [ RunTime:0.0480s ]
SQL: INSERT INTO `fm_department` (`id`,`department`,`superior_id`) VALUES ('1','Java项目组','4') [ RunTime:0.0901s ]
SQL: SELECT * FROM `fm_department` WHERE `department` = 'Php项目组'  [ RunTime:0.0007s ]
SQL: SELECT `id` FROM `fm_department` WHERE `department` = '技术组'  [ RunTime:0.0006s ]
NOTIC: [2] Illegal offset type in isset or empty F:\wamp\www\Files_manage_system\ThinkPHP\Library\Think\Model.class.php 第 511 行.
SQL: DELETE FROM `fm_department` WHERE `department` = 'Php项目组' [ RunTime:0.1110s ]
SQL: INSERT INTO `fm_department` (`id`,`department`,`superior_id`) VALUES ('2','Php项目组','4') [ RunTime:0.0489s ]
SQL: SELECT * FROM `fm_department` WHERE `department` = 'IOS项目组'  [ RunTime:0.0009s ]
SQL: SELECT `id` FROM `fm_department` WHERE `department` = '技术组'  [ RunTime:0.0007s ]
NOTIC: [2] Illegal offset type in isset or empty F:\wamp\www\Files_manage_system\ThinkPHP\Library\Think\Model.class.php 第 511 行.
SQL: DELETE FROM `fm_department` WHERE `department` = 'IOS项目组' [ RunTime:0.0600s ]
SQL: INSERT INTO `fm_department` (`id`,`department`,`superior_id`) VALUES ('3','IOS项目组','4') [ RunTime:0.0411s ]
INFO: [ app_end ] --START--
INFO: Run Behavior\ShowPageTraceBehavior [ RunTime:0.001369s ]
INFO: [ app_end ] --END-- [ RunTime:0.001675s ]

[ 2016-02-06T11:14:44+08:00 ] ::1 /Files_manage_system/Admin/System/company_frame
INFO: [ app_init ] --START--
INFO: Run Behavior\BuildLiteBehavior [ RunTime:0.000037s ]
INFO: [ app_init ] --END-- [ RunTime:0.000525s ]
INFO: [ app_begin ] --START--
INFO: Run Behavior\ReadHtmlCacheBehavior [ RunTime:0.000569s ]
INFO: [ app_begin ] --END-- [ RunTime:0.000738s ]
SQL: SHOW COLUMNS FROM `fm_department` [ RunTime:0.0091s ]
SQL: SELECT * FROM `fm_department`  [ RunTime:0.0004s ]
SQL: SELECT `department` FROM `fm_department` WHERE ( id=4 )  [ RunTime:0.0003s ]
SQL: SELECT `department` FROM `fm_department` WHERE ( id=4 )  [ RunTime:0.0003s ]
SQL: SELECT `department` FROM `fm_department` WHERE ( id=4 )  [ RunTime:0.0003s ]
SQL: SELECT `department` FROM `fm_department` WHERE ( id=0 )  [ RunTime:0.0003s ]
NOTIC: [8] Undefined offset: 0 F:\wamp\www\Files_manage_system\Apps\Admin\Controller\SystemController.class.php 第 100 行.
INFO: [ view_parse ] --START--
INFO: [ template_filter ] --START--
INFO: Run Behavior\ContentReplaceBehavior [ RunTime:0.000164s ]
INFO: [ template_filter ] --END-- [ RunTime:0.000346s ]
NOTIC: [8] Undefined variable: usertype F:\wamp\www\Files_manage_system\Apps\Runtime\Cache\Admin\b3e4971c3d57ff6ad28ba081801baf1a.php 第 148 行.
INFO: Run Behavior\ParseTemplateBehavior [ RunTime:0.009747s ]
INFO: [ view_parse ] --END-- [ RunTime:0.009915s ]
INFO: [ view_filter ] --START--
INFO: Run Behavior\WriteHtmlCacheBehavior [ RunTime:0.000317s ]
INFO: [ view_filter ] --END-- [ RunTime:0.000470s ]
INFO: [ app_end ] --START--
INFO: Run Behavior\ShowPageTraceBehavior [ RunTime:0.000504s ]
INFO: [ app_end ] --END-- [ RunTime:0.000657s ]

[ 2016-02-06T11:14:53+08:00 ] ::1 /Files_manage_system/Admin/BaseInfo/check
INFO: [ app_init ] --START--
INFO: Run Behavior\BuildLiteBehavior [ RunTime:0.000034s ]
INFO: [ app_init ] --END-- [ RunTime:0.000492s ]
INFO: [ app_begin ] --START--
INFO: Run Behavior\ReadHtmlCacheBehavior [ RunTime:0.000502s ]
INFO: [ app_begin ] --END-- [ RunTime:0.000661s ]
NOTIC: [2048] Declaration of Admin\Controller\BaseInfoController::show() should be compatible with Think\Controller::show($content, $charset = '', $contentType = '', $prefix = '') F:\wamp\www\Files_manage_system\Apps\Admin\Controller\BaseInfoController.class.php 第 573 行.
SQL: SHOW COLUMNS FROM `fm_personal_info` [ RunTime:0.0134s ]
SQL: SELECT * FROM `fm_personal_info`  [ RunTime:0.0006s ]
SQL: SHOW COLUMNS FROM `fm_duty_info` [ RunTime:0.0112s ]
SQL: SELECT * FROM `fm_duty_info`  [ RunTime:0.0006s ]
INFO: [ view_parse ] --START--
INFO: [ template_filter ] --START--
INFO: Run Behavior\ContentReplaceBehavior [ RunTime:0.000169s ]
INFO: [ template_filter ] --END-- [ RunTime:0.000340s ]
INFO: Run Behavior\ParseTemplateBehavior [ RunTime:0.032278s ]
INFO: [ view_parse ] --END-- [ RunTime:0.032464s ]
INFO: [ view_filter ] --START--
INFO: Run Behavior\WriteHtmlCacheBehavior [ RunTime:0.000311s ]
INFO: [ view_filter ] --END-- [ RunTime:0.000464s ]
INFO: [ app_end ] --START--
INFO: Run Behavior\ShowPageTraceBehavior [ RunTime:0.000488s ]
INFO: [ app_end ] --END-- [ RunTime:0.000641s ]

[ 2016-02-06T11:14:56+08:00 ] ::1 /Files_manage_system/Admin/BaseInfo/show
INFO: [ app_init ] --START--
INFO: Run Behavior\BuildLiteBehavior [ RunTime:0.000034s ]
INFO: [ app_init ] --END-- [ RunTime:0.000491s ]
INFO: [ app_begin ] --START--
INFO: Run Behavior\ReadHtmlCacheBehavior [ RunTime:0.000492s ]
INFO: [ app_begin ] --END-- [ RunTime:0.000639s ]
NOTIC: [2048] Declaration of Admin\Controller\BaseInfoController::show() should be compatible with Think\Controller::show($content, $charset = '', $contentType = '', $prefix = '') F:\wamp\www\Files_manage_system\Apps\Admin\Controller\BaseInfoController.class.php 第 573 行.
SQL: SHOW COLUMNS FROM `fm_personal_info` [ RunTime:0.0088s ]
SQL: SELECT * FROM `fm_personal_info` WHERE ( id=1 )  [ RunTime:0.0004s ]
SQL: SHOW COLUMNS FROM `fm_duty_info` [ RunTime:0.0065s ]
SQL: SELECT * FROM `fm_duty_info` WHERE ( id=1 )  [ RunTime:0.0004s ]
INFO: [ view_parse ] --START--
INFO: [ template_filter ] --START--
INFO: Run Behavior\ContentReplaceBehavior [ RunTime:0.000243s ]
INFO: [ template_filter ] --END-- [ RunTime:0.000366s ]
INFO: Run Behavior\ParseTemplateBehavior [ RunTime:0.023964s ]
INFO: [ view_parse ] --END-- [ RunTime:0.024098s ]
INFO: [ view_filter ] --START--
INFO: Run Behavior\WriteHtmlCacheBehavior [ RunTime:0.000255s ]
INFO: [ view_filter ] --END-- [ RunTime:0.000356s ]
INFO: [ app_end ] --START--
INFO: Run Behavior\ShowPageTraceBehavior [ RunTime:0.000564s ]
INFO: [ app_end ] --END-- [ RunTime:0.000708s ]

[ 2016-02-06T11:14:56+08:00 ] ::1 /Files_manage_system/Admin/BaseInfo/show
INFO: [ app_init ] --START--
INFO: Run Behavior\BuildLiteBehavior [ RunTime:0.000029s ]
INFO: [ app_init ] --END-- [ RunTime:0.000421s ]
INFO: [ app_begin ] --START--
INFO: Run Behavior\ReadHtmlCacheBehavior [ RunTime:0.000437s ]
INFO: [ app_begin ] --END-- [ RunTime:0.000575s ]
NOTIC: [2048] Declaration of Admin\Controller\BaseInfoController::show() should be compatible with Think\Controller::show($content, $charset = '', $contentType = '', $prefix = '') F:\wamp\www\Files_manage_system\Apps\Admin\Controller\BaseInfoController.class.php 第 573 行.
NOTIC: [8] Undefined index: id F:\wamp\www\Files_manage_system\Apps\Admin\Controller\BaseInfoController.class.php 第 75 行.
SQL: SHOW COLUMNS FROM `fm_personal_info` [ RunTime:0.0090s ]
SQL: SELECT * FROM `fm_personal_info` WHERE ( id=1 )  [ RunTime:0.0004s ]
SQL: SHOW COLUMNS FROM `fm_duty_info` [ RunTime:0.0064s ]
SQL: SELECT * FROM `fm_duty_info` WHERE ( id=1 )  [ RunTime:0.0004s ]
INFO: [ view_parse ] --START--
INFO: [ template_filter ] --START--
INFO: Run Behavior\ContentReplaceBehavior [ RunTime:0.000226s ]
INFO: [ template_filter ] --END-- [ RunTime:0.000363s ]
INFO: Run Behavior\ParseTemplateBehavior [ RunTime:0.018661s ]
INFO: [ view_parse ] --END-- [ RunTime:0.018823s ]
INFO: [ view_filter ] --START--
INFO: Run Behavior\WriteHtmlCacheBehavior [ RunTime:0.000277s ]
INFO: [ view_filter ] --END-- [ RunTime:0.000408s ]
INFO: [ app_end ] --START--
INFO: Run Behavior\ShowPageTraceBehavior [ RunTime:0.000617s ]
INFO: [ app_end ] --END-- [ RunTime:0.000768s ]

[ 2016-02-06T11:15:28+08:00 ] ::1 /Files_manage_system/Admin/BaseInfo/check
INFO: [ app_init ] --START--
INFO: Run Behavior\BuildLiteBehavior [ RunTime:0.000034s ]
INFO: [ app_init ] --END-- [ RunTime:0.000496s ]
INFO: [ app_begin ] --START--
INFO: Run Behavior\ReadHtmlCacheBehavior [ RunTime:0.000500s ]
INFO: [ app_begin ] --END-- [ RunTime:0.000668s ]
NOTIC: [2048] Declaration of Admin\Controller\BaseInfoController::show() should be compatible with Think\Controller::show($content, $charset = '', $contentType = '', $prefix = '') F:\wamp\www\Files_manage_system\Apps\Admin\Controller\BaseInfoController.class.php 第 573 行.
SQL: SHOW COLUMNS FROM `fm_personal_info` [ RunTime:0.1191s ]
SQL: SELECT * FROM `fm_personal_info`  [ RunTime:0.0011s ]
SQL: SHOW COLUMNS FROM `fm_duty_info` [ RunTime:0.0151s ]
SQL: SELECT * FROM `fm_duty_info`  [ RunTime:0.0008s ]
INFO: [ view_parse ] --START--
INFO: [ template_filter ] --START--
INFO: Run Behavior\ContentReplaceBehavior [ RunTime:0.000344s ]
INFO: [ template_filter ] --END-- [ RunTime:0.000692s ]
INFO: Run Behavior\ParseTemplateBehavior [ RunTime:0.018812s ]
INFO: [ view_parse ] --END-- [ RunTime:0.019225s ]
INFO: [ view_filter ] --START--
INFO: Run Behavior\WriteHtmlCacheBehavior [ RunTime:0.000736s ]
INFO: [ view_filter ] --END-- [ RunTime:0.001076s ]
INFO: [ app_end ] --START--
INFO: Run Behavior\ShowPageTraceBehavior [ RunTime:0.001904s ]
INFO: [ app_end ] --END-- [ RunTime:0.002450s ]

[ 2016-02-06T11:15:30+08:00 ] ::1 /Files_manage_system/Admin/Performance/attendence_check
INFO: [ app_init ] --START--
INFO: Run Behavior\BuildLiteBehavior [ RunTime:0.000034s ]
INFO: [ app_init ] --END-- [ RunTime:0.000489s ]
INFO: [ app_begin ] --START--
INFO: Run Behavior\ReadHtmlCacheBehavior [ RunTime:0.000522s ]
INFO: [ app_begin ] --END-- [ RunTime:0.000681s ]
SQL: SHOW COLUMNS FROM `fm_personal_info` [ RunTime:0.0189s ]
SQL: SELECT * FROM `fm_personal_info`  [ RunTime:0.0010s ]
SQL: SHOW COLUMNS FROM `fm_duty_info` [ RunTime:0.0160s ]
SQL: SELECT * FROM `fm_duty_info`  [ RunTime:0.0008s ]
INFO: [ view_parse ] --START--
INFO: [ template_filter ] --START--
INFO: Run Behavior\ContentReplaceBehavior [ RunTime:0.000341s ]
INFO: [ template_filter ] --END-- [ RunTime:0.000689s ]
INFO: Run Behavior\ParseTemplateBehavior [ RunTime:0.060488s ]
INFO: [ view_parse ] --END-- [ RunTime:0.060861s ]
INFO: [ view_filter ] --START--
INFO: Run Behavior\WriteHtmlCacheBehavior [ RunTime:0.000638s ]
INFO: [ view_filter ] --END-- [ RunTime:0.000956s ]
INFO: [ app_end ] --START--
INFO: Run Behavior\ShowPageTraceBehavior [ RunTime:0.001057s ]
INFO: [ app_end ] --END-- [ RunTime:0.001376s ]

[ 2016-02-06T11:15:32+08:00 ] ::1 /Files_manage_system/Admin/Performance/attendence_list
INFO: [ app_init ] --START--
INFO: Run Behavior\BuildLiteBehavior [ RunTime:0.000036s ]
INFO: [ app_init ] --END-- [ RunTime:0.000885s ]
INFO: [ app_begin ] --START--
INFO: Run Behavior\ReadHtmlCacheBehavior [ RunTime:0.000490s ]
INFO: [ app_begin ] --END-- [ RunTime:0.000625s ]
NOTIC: [8] A session had already been started - ignoring session_start() F:\wamp\www\Files_manage_system\Apps\Admin\Controller\PerformanceController.class.php 第 45 行.
SQL: SHOW COLUMNS FROM `fm_duty_info` [ RunTime:0.0116s ]
SQL: SHOW COLUMNS FROM `fm_attendence_info` [ RunTime:0.0100s ]
SQL: SELECT `emp_name` FROM `fm_duty_info` WHERE ( id=1 )  [ RunTime:0.0004s ]
SQL: SELECT `id`,`fm_num`,`attendence_status`,`attendence_reason`,`attendence_start_date`,`attendence_end_date`,`manage_person`,`manage_date` FROM `fm_attendence_info` WHERE ( emp_id=1 )  [ RunTime:0.0004s ]
INFO: [ view_parse ] --START--
INFO: [ template_filter ] --START--
INFO: Run Behavior\ContentReplaceBehavior [ RunTime:0.000166s ]
INFO: [ template_filter ] --END-- [ RunTime:0.000306s ]
INFO: Run Behavior\ParseTemplateBehavior [ RunTime:0.028759s ]
INFO: [ view_parse ] --END-- [ RunTime:0.028915s ]
INFO: [ view_filter ] --START--
INFO: Run Behavior\WriteHtmlCacheBehavior [ RunTime:0.000310s ]
INFO: [ view_filter ] --END-- [ RunTime:0.000434s ]
INFO: [ app_end ] --START--
INFO: Run Behavior\ShowPageTraceBehavior [ RunTime:0.000495s ]
INFO: [ app_end ] --END-- [ RunTime:0.000623s ]

[ 2016-02-06T11:15:32+08:00 ] ::1 /Files_manage_system/Admin/Performance/attendence_list
INFO: [ app_init ] --START--
INFO: Run Behavior\BuildLiteBehavior [ RunTime:0.000034s ]
INFO: [ app_init ] --END-- [ RunTime:0.000487s ]
INFO: [ app_begin ] --START--
INFO: Run Behavior\ReadHtmlCacheBehavior [ RunTime:0.000501s ]
INFO: [ app_begin ] --END-- [ RunTime:0.000659s ]
NOTIC: [8] Undefined index: id F:\wamp\www\Files_manage_system\Apps\Admin\Controller\PerformanceController.class.php 第 44 行.
SQL: SHOW COLUMNS FROM `fm_duty_info` [ RunTime:0.0056s ]
SQL: SHOW COLUMNS FROM `fm_attendence_info` [ RunTime:0.0048s ]
SQL: SELECT `emp_name` FROM `fm_duty_info` WHERE ( id=1 )  [ RunTime:0.0004s ]
SQL: SELECT `id`,`fm_num`,`attendence_status`,`attendence_reason`,`attendence_start_date`,`attendence_end_date`,`manage_person`,`manage_date` FROM `fm_attendence_info` WHERE ( emp_id=1 )  [ RunTime:0.0004s ]
INFO: [ view_parse ] --START--
INFO: [ template_filter ] --START--
INFO: Run Behavior\ContentReplaceBehavior [ RunTime:0.000167s ]
INFO: [ template_filter ] --END-- [ RunTime:0.000328s ]
INFO: Run Behavior\ParseTemplateBehavior [ RunTime:0.008973s ]
INFO: [ view_parse ] --END-- [ RunTime:0.009153s ]
INFO: [ view_filter ] --START--
INFO: Run Behavior\WriteHtmlCacheBehavior [ RunTime:0.000332s ]
INFO: [ view_filter ] --END-- [ RunTime:0.000530s ]
INFO: [ app_end ] --START--
INFO: Run Behavior\ShowPageTraceBehavior [ RunTime:0.000508s ]
INFO: [ app_end ] --END-- [ RunTime:0.000661s ]

[ 2016-02-06T11:15:34+08:00 ] ::1 /Files_manage_system/Admin/Performance/attendence_show
INFO: [ app_init ] --START--
INFO: Run Behavior\BuildLiteBehavior [ RunTime:0.000034s ]
INFO: [ app_init ] --END-- [ RunTime:0.000489s ]
INFO: [ app_begin ] --START--
INFO: Run Behavior\ReadHtmlCacheBehavior [ RunTime:0.000476s ]
INFO: [ app_begin ] --END-- [ RunTime:0.000608s ]
NOTIC: [8] A session had already been started - ignoring session_start() F:\wamp\www\Files_manage_system\Apps\Admin\Controller\PerformanceController.class.php 第 70 行.
SQL: SHOW COLUMNS FROM `fm_attendence_info` [ RunTime:0.0094s ]
SQL: SELECT * FROM `fm_attendence_info` WHERE ( id=1 )  [ RunTime:0.0005s ]
INFO: [ view_parse ] --START--
INFO: [ template_filter ] --START--
INFO: Run Behavior\ContentReplaceBehavior [ RunTime:0.000405s ]
INFO: [ template_filter ] --END-- [ RunTime:0.000691s ]
NOTIC: [8] Undefined variable: employee_data_str F:\wamp\www\Files_manage_system\Apps\Runtime\Cache\Admin\d6d48f4eff453a7f2ff8c372dae17b57.php 第 173 行.
NOTIC: [8] Undefined variable: emp_data_str F:\wamp\www\Files_manage_system\Apps\Runtime\Cache\Admin\d6d48f4eff453a7f2ff8c372dae17b57.php 第 176 行.
INFO: Run Behavior\ParseTemplateBehavior [ RunTime:0.084059s ]
INFO: [ view_parse ] --END-- [ RunTime:0.084317s ]
INFO: [ view_filter ] --START--
INFO: Run Behavior\WriteHtmlCacheBehavior [ RunTime:0.000332s ]
INFO: [ view_filter ] --END-- [ RunTime:0.000466s ]
INFO: [ app_end ] --START--
INFO: Run Behavior\ShowPageTraceBehavior [ RunTime:0.000543s ]
INFO: [ app_end ] --END-- [ RunTime:0.000687s ]

[ 2016-02-06T11:15:34+08:00 ] ::1 /Files_manage_system/Admin/Performance/attendence_show
INFO: [ app_init ] --START--
INFO: Run Behavior\BuildLiteBehavior [ RunTime:0.000036s ]
INFO: [ app_init ] --END-- [ RunTime:0.000522s ]
INFO: [ app_begin ] --START--
INFO: Run Behavior\ReadHtmlCacheBehavior [ RunTime:0.000535s ]
INFO: [ app_begin ] --END-- [ RunTime:0.000707s ]
NOTIC: [8] Undefined index: id F:\wamp\www\Files_manage_system\Apps\Admin\Controller\PerformanceController.class.php 第 69 行.
SQL: SHOW COLUMNS FROM `fm_attendence_info` [ RunTime:0.0106s ]
SQL: SELECT * FROM `fm_attendence_info` WHERE ( id=1 )  [ RunTime:0.0008s ]
INFO: [ view_parse ] --START--
INFO: [ template_filter ] --START--
INFO: Run Behavior\ContentReplaceBehavior [ RunTime:0.000491s ]
INFO: [ template_filter ] --END-- [ RunTime:0.000986s ]
NOTIC: [8] Undefined variable: employee_data_str F:\wamp\www\Files_manage_system\Apps\Runtime\Cache\Admin\d6d48f4eff453a7f2ff8c372dae17b57.php 第 173 行.
NOTIC: [8] Undefined variable: emp_data_str F:\wamp\www\Files_manage_system\Apps\Runtime\Cache\Admin\d6d48f4eff453a7f2ff8c372dae17b57.php 第 176 行.
INFO: Run Behavior\ParseTemplateBehavior [ RunTime:0.023898s ]
INFO: [ view_parse ] --END-- [ RunTime:0.024235s ]
INFO: [ view_filter ] --START--
INFO: Run Behavior\WriteHtmlCacheBehavior [ RunTime:0.000710s ]
INFO: [ view_filter ] --END-- [ RunTime:0.001023s ]
INFO: [ app_end ] --START--
INFO: Run Behavior\ShowPageTraceBehavior [ RunTime:0.001072s ]
INFO: [ app_end ] --END-- [ RunTime:0.001388s ]

[ 2016-02-06T11:15:43+08:00 ] ::1 /Files_manage_system/Admin/Performance/attendence_list
INFO: [ app_init ] --START--
INFO: Run Behavior\BuildLiteBehavior [ RunTime:0.000034s ]
INFO: [ app_init ] --END-- [ RunTime:0.000489s ]
INFO: [ app_begin ] --START--
INFO: Run Behavior\ReadHtmlCacheBehavior [ RunTime:0.000609s ]
INFO: [ app_begin ] --END-- [ RunTime:0.000771s ]
NOTIC: [8] Undefined index: id F:\wamp\www\Files_manage_system\Apps\Admin\Controller\PerformanceController.class.php 第 44 行.
SQL: SHOW COLUMNS FROM `fm_duty_info` [ RunTime:0.0103s ]
SQL: SHOW COLUMNS FROM `fm_attendence_info` [ RunTime:0.0076s ]
SQL: SELECT `emp_name` FROM `fm_duty_info` WHERE ( id=1 )  [ RunTime:0.0004s ]
SQL: SELECT `id`,`fm_num`,`attendence_status`,`attendence_reason`,`attendence_start_date`,`attendence_end_date`,`manage_person`,`manage_date` FROM `fm_attendence_info` WHERE ( emp_id=1 )  [ RunTime:0.0004s ]
INFO: [ view_parse ] --START--
INFO: [ template_filter ] --START--
INFO: Run Behavior\ContentReplaceBehavior [ RunTime:0.000277s ]
INFO: [ template_filter ] --END-- [ RunTime:0.000549s ]
INFO: Run Behavior\ParseTemplateBehavior [ RunTime:0.009758s ]
INFO: [ view_parse ] --END-- [ RunTime:0.009939s ]
INFO: [ view_filter ] --START--
INFO: Run Behavior\WriteHtmlCacheBehavior [ RunTime:0.000305s ]
INFO: [ view_filter ] --END-- [ RunTime:0.000457s ]
INFO: [ app_end ] --START--
INFO: Run Behavior\ShowPageTraceBehavior [ RunTime:0.000577s ]
INFO: [ app_end ] --END-- [ RunTime:0.000729s ]

[ 2016-02-06T11:15:45+08:00 ] ::1 /Files_manage_system/Admin/System/company_frame
INFO: [ app_init ] --START--
INFO: Run Behavior\BuildLiteBehavior [ RunTime:0.000034s ]
INFO: [ app_init ] --END-- [ RunTime:0.000485s ]
INFO: [ app_begin ] --START--
INFO: Run Behavior\ReadHtmlCacheBehavior [ RunTime:0.000500s ]
INFO: [ app_begin ] --END-- [ RunTime:0.000657s ]
SQL: SHOW COLUMNS FROM `fm_department` [ RunTime:0.0093s ]
SQL: SELECT * FROM `fm_department`  [ RunTime:0.0003s ]
SQL: SELECT `department` FROM `fm_department` WHERE ( id=4 )  [ RunTime:0.0003s ]
SQL: SELECT `department` FROM `fm_department` WHERE ( id=4 )  [ RunTime:0.0003s ]
SQL: SELECT `department` FROM `fm_department` WHERE ( id=4 )  [ RunTime:0.0005s ]
SQL: SELECT `department` FROM `fm_department` WHERE ( id=0 )  [ RunTime:0.0003s ]
NOTIC: [8] Undefined offset: 0 F:\wamp\www\Files_manage_system\Apps\Admin\Controller\SystemController.class.php 第 100 行.
INFO: [ view_parse ] --START--
INFO: [ template_filter ] --START--
INFO: Run Behavior\ContentReplaceBehavior [ RunTime:0.000142s ]
INFO: [ template_filter ] --END-- [ RunTime:0.000293s ]
NOTIC: [8] Undefined variable: usertype F:\wamp\www\Files_manage_system\Apps\Runtime\Cache\Admin\b3e4971c3d57ff6ad28ba081801baf1a.php 第 148 行.
INFO: Run Behavior\ParseTemplateBehavior [ RunTime:0.007976s ]
INFO: [ view_parse ] --END-- [ RunTime:0.008119s ]
INFO: [ view_filter ] --START--
INFO: Run Behavior\WriteHtmlCacheBehavior [ RunTime:0.000274s ]
INFO: [ view_filter ] --END-- [ RunTime:0.000403s ]
INFO: [ app_end ] --START--
INFO: Run Behavior\ShowPageTraceBehavior [ RunTime:0.000517s ]
INFO: [ app_end ] --END-- [ RunTime:0.000649s ]

[ 2016-02-06T11:15:50+08:00 ] ::1 /Files_manage_system/Admin/System/basedata_setting
INFO: [ app_init ] --START--
INFO: Run Behavior\BuildLiteBehavior [ RunTime:0.000035s ]
INFO: [ app_init ] --END-- [ RunTime:0.000497s ]
INFO: [ app_begin ] --START--
INFO: Run Behavior\ReadHtmlCacheBehavior [ RunTime:0.000499s ]
INFO: [ app_begin ] --END-- [ RunTime:0.000658s ]
INFO: [ view_parse ] --START--
INFO: [ template_filter ] --START--
INFO: Run Behavior\ContentReplaceBehavior [ RunTime:0.000154s ]
INFO: [ template_filter ] --END-- [ RunTime:0.000331s ]
INFO: Run Behavior\ParseTemplateBehavior [ RunTime:0.021676s ]
INFO: [ view_parse ] --END-- [ RunTime:0.021855s ]
INFO: [ view_filter ] --START--
INFO: Run Behavior\WriteHtmlCacheBehavior [ RunTime:0.000309s ]
INFO: [ view_filter ] --END-- [ RunTime:0.000461s ]
INFO: [ app_end ] --START--
INFO: Run Behavior\ShowPageTraceBehavior [ RunTime:0.000566s ]
INFO: [ app_end ] --END-- [ RunTime:0.000737s ]

[ 2016-02-06T11:15:52+08:00 ] ::1 /Files_manage_system/Admin/System/basedata_init
INFO: [ app_init ] --START--
INFO: Run Behavior\BuildLiteBehavior [ RunTime:0.000036s ]
INFO: [ app_init ] --END-- [ RunTime:0.000496s ]
INFO: [ app_begin ] --START--
INFO: Run Behavior\ReadHtmlCacheBehavior [ RunTime:0.000535s ]
INFO: [ app_begin ] --END-- [ RunTime:0.000725s ]
SQL: SHOW COLUMNS FROM `fm_use_form` [ RunTime:0.0117s ]
SQL: SELECT * FROM `fm_use_form`  [ RunTime:0.0004s ]
INFO: [ app_end ] --START--
INFO: Run Behavior\ShowPageTraceBehavior [ RunTime:0.000624s ]
INFO: [ app_end ] --END-- [ RunTime:0.000760s ]

[ 2016-02-06T11:15:58+08:00 ] ::1 /Files_manage_system/Admin/System/basedata_setting
INFO: [ app_init ] --START--
INFO: Run Behavior\BuildLiteBehavior [ RunTime:0.000035s ]
INFO: [ app_init ] --END-- [ RunTime:0.000499s ]
INFO: [ app_begin ] --START--
INFO: Run Behavior\ReadHtmlCacheBehavior [ RunTime:0.000502s ]
INFO: [ app_begin ] --END-- [ RunTime:0.000661s ]
INFO: [ view_parse ] --START--
INFO: [ template_filter ] --START--
INFO: Run Behavior\ContentReplaceBehavior [ RunTime:0.000133s ]
INFO: [ template_filter ] --END-- [ RunTime:0.000282s ]
INFO: Run Behavior\ParseTemplateBehavior [ RunTime:0.008108s ]
INFO: [ view_parse ] --END-- [ RunTime:0.008273s ]
INFO: [ view_filter ] --START--
INFO: Run Behavior\WriteHtmlCacheBehavior [ RunTime:0.000269s ]
INFO: [ view_filter ] --END-- [ RunTime:0.000400s ]
INFO: [ app_end ] --START--
INFO: Run Behavior\ShowPageTraceBehavior [ RunTime:0.000443s ]
INFO: [ app_end ] --END-- [ RunTime:0.000577s ]

[ 2016-02-06T11:16:00+08:00 ] ::1 /Files_manage_system/Admin/System/system_init
INFO: [ app_init ] --START--
INFO: Run Behavior\BuildLiteBehavior [ RunTime:0.000034s ]
INFO: [ app_init ] --END-- [ RunTime:0.000492s ]
INFO: [ app_begin ] --START--
INFO: Run Behavior\ReadHtmlCacheBehavior [ RunTime:0.000501s ]
INFO: [ app_begin ] --END-- [ RunTime:0.000661s ]
INFO: [ view_parse ] --START--
INFO: [ template_filter ] --START--
INFO: Run Behavior\ContentReplaceBehavior [ RunTime:0.000150s ]
INFO: [ template_filter ] --END-- [ RunTime:0.000327s ]
INFO: Run Behavior\ParseTemplateBehavior [ RunTime:0.021013s ]
INFO: [ view_parse ] --END-- [ RunTime:0.021203s ]
INFO: [ view_filter ] --START--
INFO: Run Behavior\WriteHtmlCacheBehavior [ RunTime:0.000313s ]
INFO: [ view_filter ] --END-- [ RunTime:0.000464s ]
INFO: [ app_end ] --START--
INFO: Run Behavior\ShowPageTraceBehavior [ RunTime:0.000502s ]
INFO: [ app_end ] --END-- [ RunTime:0.000655s ]

[ 2016-02-06T11:16:02+08:00 ] ::1 /Files_manage_system/Admin/User/user_add
INFO: [ app_init ] --START--
INFO: Run Behavior\BuildLiteBehavior [ RunTime:0.000035s ]
INFO: [ app_init ] --END-- [ RunTime:0.000498s ]
INFO: [ app_begin ] --START--
INFO: Run Behavior\ReadHtmlCacheBehavior [ RunTime:0.000516s ]
INFO: [ app_begin ] --END-- [ RunTime:0.000677s ]
INFO: [ view_parse ] --START--
INFO: [ template_filter ] --START--
INFO: Run Behavior\ContentReplaceBehavior [ RunTime:0.000335s ]
INFO: [ template_filter ] --END-- [ RunTime:0.000711s ]
INFO: Run Behavior\ParseTemplateBehavior [ RunTime:0.148226s ]
INFO: [ view_parse ] --END-- [ RunTime:0.148509s ]
INFO: [ view_filter ] --START--
INFO: Run Behavior\WriteHtmlCacheBehavior [ RunTime:0.000707s ]
INFO: [ view_filter ] --END-- [ RunTime:0.001024s ]
INFO: [ app_end ] --START--
INFO: Run Behavior\ShowPageTraceBehavior [ RunTime:0.001031s ]
INFO: [ app_end ] --END-- [ RunTime:0.001349s ]

[ 2016-02-06T11:16:06+08:00 ] ::1 /Files_manage_system/Admin/User/password_edit
INFO: [ app_init ] --START--
INFO: Run Behavior\BuildLiteBehavior [ RunTime:0.000066s ]
INFO: [ app_init ] --END-- [ RunTime:0.001035s ]
INFO: [ app_begin ] --START--
INFO: Run Behavior\ReadHtmlCacheBehavior [ RunTime:0.000507s ]
INFO: [ app_begin ] --END-- [ RunTime:0.000667s ]
INFO: [ view_parse ] --START--
INFO: [ template_filter ] --START--
INFO: Run Behavior\ContentReplaceBehavior [ RunTime:0.000159s ]
INFO: [ template_filter ] --END-- [ RunTime:0.000330s ]
INFO: Run Behavior\ParseTemplateBehavior [ RunTime:0.028936s ]
INFO: [ view_parse ] --END-- [ RunTime:0.029115s ]
INFO: [ view_filter ] --START--
INFO: Run Behavior\WriteHtmlCacheBehavior [ RunTime:0.000312s ]
INFO: [ view_filter ] --END-- [ RunTime:0.000464s ]
INFO: [ app_end ] --START--
INFO: Run Behavior\ShowPageTraceBehavior [ RunTime:0.000505s ]
INFO: [ app_end ] --END-- [ RunTime:0.000659s ]

[ 2016-02-06T11:16:09+08:00 ] ::1 /Files_manage_system/Admin/User/password_edit
INFO: [ app_init ] --START--
INFO: Run Behavior\BuildLiteBehavior [ RunTime:0.000036s ]
INFO: [ app_init ] --END-- [ RunTime:0.000520s ]
INFO: [ app_begin ] --START--
INFO: Run Behavior\ReadHtmlCacheBehavior [ RunTime:0.000510s ]
INFO: [ app_begin ] --END-- [ RunTime:0.000672s ]
INFO: [ view_parse ] --START--
INFO: [ template_filter ] --START--
INFO: Run Behavior\ContentReplaceBehavior [ RunTime:0.000170s ]
INFO: [ template_filter ] --END-- [ RunTime:0.000337s ]
INFO: Run Behavior\ParseTemplateBehavior [ RunTime:0.008214s ]
INFO: [ view_parse ] --END-- [ RunTime:0.008391s ]
INFO: [ view_filter ] --START--
INFO: Run Behavior\WriteHtmlCacheBehavior [ RunTime:0.000308s ]
INFO: [ view_filter ] --END-- [ RunTime:0.000459s ]
INFO: [ app_end ] --START--
INFO: Run Behavior\ShowPageTraceBehavior [ RunTime:0.000507s ]
INFO: [ app_end ] --END-- [ RunTime:0.000660s ]

[ 2016-02-06T11:16:17+08:00 ] ::1 /Files_manage_system/Admin/User/password_edit
INFO: [ app_init ] --START--
INFO: Run Behavior\BuildLiteBehavior [ RunTime:0.000035s ]
INFO: [ app_init ] --END-- [ RunTime:0.000491s ]
INFO: [ app_begin ] --START--
INFO: Run Behavior\ReadHtmlCacheBehavior [ RunTime:0.000509s ]
INFO: [ app_begin ] --END-- [ RunTime:0.000670s ]
INFO: [ view_parse ] --START--
INFO: [ template_filter ] --START--
INFO: Run Behavior\ContentReplaceBehavior [ RunTime:0.000159s ]
INFO: [ template_filter ] --END-- [ RunTime:0.000331s ]
INFO: Run Behavior\ParseTemplateBehavior [ RunTime:0.008689s ]
INFO: [ view_parse ] --END-- [ RunTime:0.008868s ]
INFO: [ view_filter ] --START--
INFO: Run Behavior\WriteHtmlCacheBehavior [ RunTime:0.000334s ]
INFO: [ view_filter ] --END-- [ RunTime:0.000488s ]
INFO: [ app_end ] --START--
INFO: Run Behavior\ShowPageTraceBehavior [ RunTime:0.000843s ]
INFO: [ app_end ] --END-- [ RunTime:0.001213s ]

[ 2016-02-06T11:16:19+08:00 ] ::1 /Files_manage_system/Admin/User/password_edit
INFO: [ app_init ] --START--
INFO: Run Behavior\BuildLiteBehavior [ RunTime:0.000036s ]
INFO: [ app_init ] --END-- [ RunTime:0.000497s ]
INFO: [ app_begin ] --START--
INFO: Run Behavior\ReadHtmlCacheBehavior [ RunTime:0.000528s ]
INFO: [ app_begin ] --END-- [ RunTime:0.000691s ]
INFO: [ view_parse ] --START--
INFO: [ template_filter ] --START--
INFO: Run Behavior\ContentReplaceBehavior [ RunTime:0.000154s ]
INFO: [ template_filter ] --END-- [ RunTime:0.000317s ]
INFO: Run Behavior\ParseTemplateBehavior [ RunTime:0.008029s ]
INFO: [ view_parse ] --END-- [ RunTime:0.008202s ]
INFO: [ view_filter ] --START--
INFO: Run Behavior\WriteHtmlCacheBehavior [ RunTime:0.000297s ]
INFO: [ view_filter ] --END-- [ RunTime:0.000448s ]
INFO: [ app_end ] --START--
INFO: Run Behavior\ShowPageTraceBehavior [ RunTime:0.000723s ]
INFO: [ app_end ] --END-- [ RunTime:0.000899s ]

[ 2016-02-06T11:16:23+08:00 ] ::1 /Files_manage_system/Admin/User/password_edit
INFO: [ app_init ] --START--
INFO: Run Behavior\BuildLiteBehavior [ RunTime:0.000042s ]
INFO: [ app_init ] --END-- [ RunTime:0.000504s ]
INFO: [ app_begin ] --START--
INFO: Run Behavior\ReadHtmlCacheBehavior [ RunTime:0.000573s ]
INFO: [ app_begin ] --END-- [ RunTime:0.000732s ]
INFO: [ view_parse ] --START--
INFO: [ template_filter ] --START--
INFO: Run Behavior\ContentReplaceBehavior [ RunTime:0.000163s ]
INFO: [ template_filter ] --END-- [ RunTime:0.000341s ]
INFO: Run Behavior\ParseTemplateBehavior [ RunTime:0.009012s ]
INFO: [ view_parse ] --END-- [ RunTime:0.009188s ]
INFO: [ view_filter ] --START--
INFO: Run Behavior\WriteHtmlCacheBehavior [ RunTime:0.000310s ]
INFO: [ view_filter ] --END-- [ RunTime:0.000462s ]
INFO: [ app_end ] --START--
INFO: Run Behavior\ShowPageTraceBehavior [ RunTime:0.000568s ]
INFO: [ app_end ] --END-- [ RunTime:0.000794s ]

[ 2016-02-06T11:16:39+08:00 ] ::1 /Files_manage_system/Admin/Performance/attendence_check
INFO: [ app_init ] --START--
INFO: Run Behavior\BuildLiteBehavior [ RunTime:0.000034s ]
INFO: [ app_init ] --END-- [ RunTime:0.000537s ]
INFO: [ app_begin ] --START--
INFO: Run Behavior\ReadHtmlCacheBehavior [ RunTime:0.000647s ]
INFO: [ app_begin ] --END-- [ RunTime:0.000807s ]
SQL: SHOW COLUMNS FROM `fm_personal_info` [ RunTime:0.0103s ]
SQL: SELECT * FROM `fm_personal_info`  [ RunTime:0.0005s ]
SQL: SHOW COLUMNS FROM `fm_duty_info` [ RunTime:0.0077s ]
SQL: SELECT * FROM `fm_duty_info`  [ RunTime:0.0005s ]
INFO: [ view_parse ] --START--
INFO: [ template_filter ] --START--
INFO: Run Behavior\ContentReplaceBehavior [ RunTime:0.000170s ]
INFO: [ template_filter ] --END-- [ RunTime:0.000344s ]
INFO: Run Behavior\ParseTemplateBehavior [ RunTime:0.010501s ]
INFO: [ view_parse ] --END-- [ RunTime:0.010683s ]
INFO: [ view_filter ] --START--
INFO: Run Behavior\WriteHtmlCacheBehavior [ RunTime:0.000420s ]
INFO: [ view_filter ] --END-- [ RunTime:0.000573s ]
INFO: [ app_end ] --START--
INFO: Run Behavior\ShowPageTraceBehavior [ RunTime:0.000655s ]
INFO: [ app_end ] --END-- [ RunTime:0.000809s ]

[ 2016-02-06T12:09:55+08:00 ] ::1 /Files_manage_system/Admin/BaseInfo/check
INFO: [ app_init ] --START--
INFO: Run Behavior\BuildLiteBehavior [ RunTime:0.000034s ]
INFO: [ app_init ] --END-- [ RunTime:0.000564s ]
INFO: [ app_begin ] --START--
INFO: Run Behavior\ReadHtmlCacheBehavior [ RunTime:0.000600s ]
INFO: [ app_begin ] --END-- [ RunTime:0.000741s ]
NOTIC: [2048] Declaration of Admin\Controller\BaseInfoController::show() should be compatible with Think\Controller::show($content, $charset = '', $contentType = '', $prefix = '') F:\wamp\www\Files_manage_system\Apps\Admin\Controller\BaseInfoController.class.php 第 573 行.
NOTIC: [8] Undefined index: username F:\wamp\www\Files_manage_system\Apps\Admin\Controller\BaseInfoController.class.php 第 7 行.

[ 2016-02-06T12:09:55+08:00 ] ::1 /Files_manage_system/Admin/User/index
INFO: [ app_init ] --START--
INFO: Run Behavior\BuildLiteBehavior [ RunTime:0.000027s ]
INFO: [ app_init ] --END-- [ RunTime:0.000395s ]
INFO: [ app_begin ] --START--
INFO: Run Behavior\ReadHtmlCacheBehavior [ RunTime:0.000416s ]
INFO: [ app_begin ] --END-- [ RunTime:0.000556s ]
INFO: [ view_parse ] --START--
INFO: [ template_filter ] --START--
INFO: Run Behavior\ContentReplaceBehavior [ RunTime:0.000097s ]
INFO: [ template_filter ] --END-- [ RunTime:0.000231s ]
INFO: Run Behavior\ParseTemplateBehavior [ RunTime:0.013478s ]
INFO: [ view_parse ] --END-- [ RunTime:0.013625s ]
INFO: [ view_filter ] --START--
INFO: Run Behavior\WriteHtmlCacheBehavior [ RunTime:0.000340s ]
INFO: [ view_filter ] --END-- [ RunTime:0.000463s ]
INFO: [ app_end ] --START--
INFO: Run Behavior\ShowPageTraceBehavior [ RunTime:0.000489s ]
INFO: [ app_end ] --END-- [ RunTime:0.000612s ]

[ 2016-02-06T12:09:59+08:00 ] ::1 /Files_manage_system/Admin/User/redir_consultation
INFO: [ app_init ] --START--
INFO: Run Behavior\BuildLiteBehavior [ RunTime:0.000033s ]
INFO: [ app_init ] --END-- [ RunTime:0.000488s ]
INFO: [ app_begin ] --START--
INFO: Run Behavior\ReadHtmlCacheBehavior [ RunTime:0.000695s ]
INFO: [ app_begin ] --END-- [ RunTime:0.000979s ]
SQL: SHOW COLUMNS FROM `fm_user` [ RunTime:0.0106s ]
SQL: SELECT `id` FROM `fm_user`  [ RunTime:0.0005s ]
SQL: SELECT * FROM `fm_user` WHERE `username` = 'duo' AND `password` = '202cb962ac59075b964b07152d234b70'  [ RunTime:0.0003s ]
SQL: SELECT * FROM `fm_user` WHERE `usertype` = '超级管理员' AND `username` = 'duo'  [ RunTime:0.0002s ]
NOTIC: [8] A session had already been started - ignoring session_start() F:\wamp\www\Files_manage_system\Apps\Admin\Controller\UserController.class.php 第 31 行.

[ 2016-02-06T12:09:59+08:00 ] ::1 /Files_manage_system/Admin/Index/index
INFO: [ app_init ] --START--
INFO: Run Behavior\BuildLiteBehavior [ RunTime:0.000063s ]
INFO: [ app_init ] --END-- [ RunTime:0.000573s ]
INFO: [ app_begin ] --START--
INFO: Run Behavior\ReadHtmlCacheBehavior [ RunTime:0.000475s ]
INFO: [ app_begin ] --END-- [ RunTime:0.000611s ]
INFO: [ view_parse ] --START--
INFO: [ template_filter ] --START--
INFO: Run Behavior\ContentReplaceBehavior [ RunTime:0.000135s ]
INFO: [ template_filter ] --END-- [ RunTime:0.000285s ]
INFO: Run Behavior\ParseTemplateBehavior [ RunTime:0.006931s ]
INFO: [ view_parse ] --END-- [ RunTime:0.007094s ]
INFO: [ view_filter ] --START--
INFO: Run Behavior\WriteHtmlCacheBehavior [ RunTime:0.000315s ]
INFO: [ view_filter ] --END-- [ RunTime:0.000439s ]
INFO: [ app_end ] --START--
INFO: Run Behavior\ShowPageTraceBehavior [ RunTime:0.000431s ]
INFO: [ app_end ] --END-- [ RunTime:0.000553s ]

[ 2016-02-06T12:10:01+08:00 ] ::1 /Files_manage_system/Admin/System/company_frame
INFO: [ app_init ] --START--
INFO: Run Behavior\BuildLiteBehavior [ RunTime:0.000034s ]
INFO: [ app_init ] --END-- [ RunTime:0.000513s ]
INFO: [ app_begin ] --START--
INFO: Run Behavior\ReadHtmlCacheBehavior [ RunTime:0.000528s ]
INFO: [ app_begin ] --END-- [ RunTime:0.000688s ]
SQL: SHOW COLUMNS FROM `fm_department` [ RunTime:0.0089s ]
SQL: SELECT * FROM `fm_department`  [ RunTime:0.0004s ]
SQL: SELECT `department` FROM `fm_department` WHERE ( id=4 )  [ RunTime:0.0003s ]
SQL: SELECT `department` FROM `fm_department` WHERE ( id=4 )  [ RunTime:0.0002s ]
SQL: SELECT `department` FROM `fm_department` WHERE ( id=4 )  [ RunTime:0.0002s ]
SQL: SELECT `department` FROM `fm_department` WHERE ( id=0 )  [ RunTime:0.0002s ]
NOTIC: [8] Undefined offset: 0 F:\wamp\www\Files_manage_system\Apps\Admin\Controller\SystemController.class.php 第 100 行.
INFO: [ view_parse ] --START--
INFO: [ template_filter ] --START--
INFO: Run Behavior\ContentReplaceBehavior [ RunTime:0.000130s ]
INFO: [ template_filter ] --END-- [ RunTime:0.000265s ]
NOTIC: [8] Undefined variable: usertype F:\wamp\www\Files_manage_system\Apps\Runtime\Cache\Admin\b3e4971c3d57ff6ad28ba081801baf1a.php 第 148 行.
INFO: Run Behavior\ParseTemplateBehavior [ RunTime:0.007717s ]
INFO: [ view_parse ] --END-- [ RunTime:0.007852s ]
INFO: [ view_filter ] --START--
INFO: Run Behavior\WriteHtmlCacheBehavior [ RunTime:0.000270s ]
INFO: [ view_filter ] --END-- [ RunTime:0.000409s ]
INFO: [ app_end ] --START--
INFO: Run Behavior\ShowPageTraceBehavior [ RunTime:0.000439s ]
INFO: [ app_end ] --END-- [ RunTime:0.000590s ]

[ 2016-02-06T12:10:40+08:00 ] ::1 /Files_manage_system/Admin/System/company_frame
INFO: [ app_init ] --START--
INFO: Run Behavior\BuildLiteBehavior [ RunTime:0.000035s ]
INFO: [ app_init ] --END-- [ RunTime:0.000582s ]
INFO: [ app_begin ] --START--
INFO: Run Behavior\ReadHtmlCacheBehavior [ RunTime:0.000659s ]
INFO: [ app_begin ] --END-- [ RunTime:0.000820s ]
SQL: SHOW COLUMNS FROM `fm_department` [ RunTime:0.0089s ]
SQL: SELECT * FROM `fm_department`  [ RunTime:0.0007s ]
SQL: SELECT `department` FROM `fm_department` WHERE ( id=4 )  [ RunTime:0.0003s ]
SQL: SELECT `department` FROM `fm_department` WHERE ( id=4 )  [ RunTime:0.0002s ]
SQL: SELECT `department` FROM `fm_department` WHERE ( id=4 )  [ RunTime:0.0002s ]
SQL: SELECT `department` FROM `fm_department` WHERE ( id=0 )  [ RunTime:0.0002s ]
NOTIC: [8] Undefined offset: 0 F:\wamp\www\Files_manage_system\Apps\Admin\Controller\SystemController.class.php 第 100 行.
INFO: [ view_parse ] --START--
INFO: [ template_filter ] --START--
INFO: Run Behavior\ContentReplaceBehavior [ RunTime:0.000131s ]
INFO: [ template_filter ] --END-- [ RunTime:0.000267s ]
NOTIC: [8] Undefined variable: usertype F:\wamp\www\Files_manage_system\Apps\Runtime\Cache\Admin\b3e4971c3d57ff6ad28ba081801baf1a.php 第 148 行.
INFO: Run Behavior\ParseTemplateBehavior [ RunTime:0.008140s ]
INFO: [ view_parse ] --END-- [ RunTime:0.008279s ]
INFO: [ view_filter ] --START--
INFO: Run Behavior\WriteHtmlCacheBehavior [ RunTime:0.000346s ]
INFO: [ view_filter ] --END-- [ RunTime:0.000502s ]
INFO: [ app_end ] --START--
INFO: Run Behavior\ShowPageTraceBehavior [ RunTime:0.000496s ]
INFO: [ app_end ] --END-- [ RunTime:0.000619s ]

[ 2016-02-06T12:10:41+08:00 ] ::1 /Files_manage_system/Admin/System/basedata_setting
INFO: [ app_init ] --START--
INFO: Run Behavior\BuildLiteBehavior [ RunTime:0.000035s ]
INFO: [ app_init ] --END-- [ RunTime:0.000494s ]
INFO: [ app_begin ] --START--
INFO: Run Behavior\ReadHtmlCacheBehavior [ RunTime:0.000519s ]
INFO: [ app_begin ] --END-- [ RunTime:0.000685s ]
INFO: [ view_parse ] --START--
INFO: [ template_filter ] --START--
INFO: Run Behavior\ContentReplaceBehavior [ RunTime:0.000133s ]
INFO: [ template_filter ] --END-- [ RunTime:0.000282s ]
INFO: Run Behavior\ParseTemplateBehavior [ RunTime:0.014385s ]
INFO: [ view_parse ] --END-- [ RunTime:0.014553s ]
INFO: [ view_filter ] --START--
INFO: Run Behavior\WriteHtmlCacheBehavior [ RunTime:0.000278s ]
INFO: [ view_filter ] --END-- [ RunTime:0.000409s ]
INFO: [ app_end ] --START--
INFO: Run Behavior\ShowPageTraceBehavior [ RunTime:0.000448s ]
INFO: [ app_end ] --END-- [ RunTime:0.000584s ]

[ 2016-02-06T12:10:42+08:00 ] ::1 /Files_manage_system/Admin/System/company_frame
INFO: [ app_init ] --START--
INFO: Run Behavior\BuildLiteBehavior [ RunTime:0.000034s ]
INFO: [ app_init ] --END-- [ RunTime:0.000486s ]
INFO: [ app_begin ] --START--
INFO: Run Behavior\ReadHtmlCacheBehavior [ RunTime:0.000527s ]
INFO: [ app_begin ] --END-- [ RunTime:0.000704s ]
SQL: SHOW COLUMNS FROM `fm_department` [ RunTime:0.0103s ]
SQL: SELECT * FROM `fm_department`  [ RunTime:0.0003s ]
SQL: SELECT `department` FROM `fm_department` WHERE ( id=4 )  [ RunTime:0.0003s ]
SQL: SELECT `department` FROM `fm_department` WHERE ( id=4 )  [ RunTime:0.0002s ]
SQL: SELECT `department` FROM `fm_department` WHERE ( id=4 )  [ RunTime:0.0002s ]
SQL: SELECT `department` FROM `fm_department` WHERE ( id=0 )  [ RunTime:0.0002s ]
NOTIC: [8] Undefined offset: 0 F:\wamp\www\Files_manage_system\Apps\Admin\Controller\SystemController.class.php 第 100 行.
INFO: [ view_parse ] --START--
INFO: [ template_filter ] --START--
INFO: Run Behavior\ContentReplaceBehavior [ RunTime:0.000159s ]
INFO: [ template_filter ] --END-- [ RunTime:0.000295s ]
NOTIC: [8] Undefined variable: usertype F:\wamp\www\Files_manage_system\Apps\Runtime\Cache\Admin\b3e4971c3d57ff6ad28ba081801baf1a.php 第 148 行.
INFO: Run Behavior\ParseTemplateBehavior [ RunTime:0.007626s ]
INFO: [ view_parse ] --END-- [ RunTime:0.007763s ]
INFO: [ view_filter ] --START--
INFO: Run Behavior\WriteHtmlCacheBehavior [ RunTime:0.000279s ]
INFO: [ view_filter ] --END-- [ RunTime:0.000407s ]
INFO: [ app_end ] --START--
INFO: Run Behavior\ShowPageTraceBehavior [ RunTime:0.000431s ]
INFO: [ app_end ] --END-- [ RunTime:0.000573s ]

[ 2016-02-06T12:10:43+08:00 ] ::1 /Files_manage_system/Admin/System/basedata_setting
INFO: [ app_init ] --START--
INFO: Run Behavior\BuildLiteBehavior [ RunTime:0.000034s ]
INFO: [ app_init ] --END-- [ RunTime:0.000546s ]
INFO: [ app_begin ] --START--
INFO: Run Behavior\ReadHtmlCacheBehavior [ RunTime:0.000537s ]
INFO: [ app_begin ] --END-- [ RunTime:0.000714s ]
INFO: [ view_parse ] --START--
INFO: [ template_filter ] --START--
INFO: Run Behavior\ContentReplaceBehavior [ RunTime:0.000153s ]
INFO: [ template_filter ] --END-- [ RunTime:0.000326s ]
INFO: Run Behavior\ParseTemplateBehavior [ RunTime:0.008140s ]
INFO: [ view_parse ] --END-- [ RunTime:0.008315s ]
INFO: [ view_filter ] --START--
INFO: Run Behavior\WriteHtmlCacheBehavior [ RunTime:0.000407s ]
INFO: [ view_filter ] --END-- [ RunTime:0.000619s ]
INFO: [ app_end ] --START--
INFO: Run Behavior\ShowPageTraceBehavior [ RunTime:0.000538s ]
INFO: [ app_end ] --END-- [ RunTime:0.000694s ]

[ 2016-02-06T12:10:44+08:00 ] ::1 /Files_manage_system/Admin/System/company_frame
INFO: [ app_init ] --START--
INFO: Run Behavior\BuildLiteBehavior [ RunTime:0.000035s ]
INFO: [ app_init ] --END-- [ RunTime:0.000487s ]
INFO: [ app_begin ] --START--
INFO: Run Behavior\ReadHtmlCacheBehavior [ RunTime:0.000510s ]
INFO: [ app_begin ] --END-- [ RunTime:0.000671s ]
SQL: SHOW COLUMNS FROM `fm_department` [ RunTime:0.0100s ]
SQL: SELECT * FROM `fm_department`  [ RunTime:0.0003s ]
SQL: SELECT `department` FROM `fm_department` WHERE ( id=4 )  [ RunTime:0.0002s ]
SQL: SELECT `department` FROM `fm_department` WHERE ( id=4 )  [ RunTime:0.0002s ]
SQL: SELECT `department` FROM `fm_department` WHERE ( id=4 )  [ RunTime:0.0002s ]
SQL: SELECT `department` FROM `fm_department` WHERE ( id=0 )  [ RunTime:0.0002s ]
NOTIC: [8] Undefined offset: 0 F:\wamp\www\Files_manage_system\Apps\Admin\Controller\SystemController.class.php 第 100 行.
INFO: [ view_parse ] --START--
INFO: [ template_filter ] --START--
INFO: Run Behavior\ContentReplaceBehavior [ RunTime:0.000181s ]
INFO: [ template_filter ] --END-- [ RunTime:0.000348s ]
NOTIC: [8] Undefined variable: usertype F:\wamp\www\Files_manage_system\Apps\Runtime\Cache\Admin\b3e4971c3d57ff6ad28ba081801baf1a.php 第 148 行.
INFO: Run Behavior\ParseTemplateBehavior [ RunTime:0.009341s ]
INFO: [ view_parse ] --END-- [ RunTime:0.009577s ]
INFO: [ view_filter ] --START--
INFO: Run Behavior\WriteHtmlCacheBehavior [ RunTime:0.000531s ]
INFO: [ view_filter ] --END-- [ RunTime:0.000825s ]
INFO: [ app_end ] --START--
INFO: Run Behavior\ShowPageTraceBehavior [ RunTime:0.000737s ]
INFO: [ app_end ] --END-- [ RunTime:0.000983s ]

[ 2016-02-06T12:10:45+08:00 ] ::1 /Files_manage_system/Admin/System/system_init
INFO: [ app_init ] --START--
INFO: Run Behavior\BuildLiteBehavior [ RunTime:0.000036s ]
INFO: [ app_init ] --END-- [ RunTime:0.000516s ]
INFO: [ app_begin ] --START--
INFO: Run Behavior\ReadHtmlCacheBehavior [ RunTime:0.000546s ]
INFO: [ app_begin ] --END-- [ RunTime:0.000713s ]
INFO: [ view_parse ] --START--
INFO: [ template_filter ] --START--
INFO: Run Behavior\ContentReplaceBehavior [ RunTime:0.000148s ]
INFO: [ template_filter ] --END-- [ RunTime:0.000324s ]
INFO: Run Behavior\ParseTemplateBehavior [ RunTime:0.015203s ]
INFO: [ view_parse ] --END-- [ RunTime:0.015371s ]
INFO: [ view_filter ] --START--
INFO: Run Behavior\WriteHtmlCacheBehavior [ RunTime:0.000280s ]
INFO: [ view_filter ] --END-- [ RunTime:0.000413s ]
INFO: [ app_end ] --START--
INFO: Run Behavior\ShowPageTraceBehavior [ RunTime:0.000448s ]
INFO: [ app_end ] --END-- [ RunTime:0.000579s ]

[ 2016-02-06T12:10:53+08:00 ] ::1 /Files_manage_system/Admin/System/system_init
INFO: [ app_init ] --START--
INFO: Run Behavior\BuildLiteBehavior [ RunTime:0.000034s ]
INFO: [ app_init ] --END-- [ RunTime:0.000488s ]
INFO: [ app_begin ] --START--
INFO: Run Behavior\ReadHtmlCacheBehavior [ RunTime:0.000517s ]
INFO: [ app_begin ] --END-- [ RunTime:0.000676s ]
INFO: [ view_parse ] --START--
INFO: [ template_filter ] --START--
INFO: Run Behavior\ContentReplaceBehavior [ RunTime:0.000156s ]
INFO: [ template_filter ] --END-- [ RunTime:0.000329s ]
INFO: Run Behavior\ParseTemplateBehavior [ RunTime:0.008183s ]
INFO: [ view_parse ] --END-- [ RunTime:0.008359s ]
INFO: [ view_filter ] --START--
INFO: Run Behavior\WriteHtmlCacheBehavior [ RunTime:0.000321s ]
INFO: [ view_filter ] --END-- [ RunTime:0.000510s ]
INFO: [ app_end ] --START--
INFO: Run Behavior\ShowPageTraceBehavior [ RunTime:0.000636s ]
INFO: [ app_end ] --END-- [ RunTime:0.000800s ]

[ 2016-02-06T12:10:55+08:00 ] ::1 /Files_manage_system/Admin/System/company_frame
INFO: [ app_init ] --START--
INFO: Run Behavior\BuildLiteBehavior [ RunTime:0.000034s ]
INFO: [ app_init ] --END-- [ RunTime:0.000482s ]
INFO: [ app_begin ] --START--
INFO: Run Behavior\ReadHtmlCacheBehavior [ RunTime:0.000616s ]
INFO: [ app_begin ] --END-- [ RunTime:0.000803s ]
SQL: SHOW COLUMNS FROM `fm_department` [ RunTime:0.0086s ]
SQL: SELECT * FROM `fm_department`  [ RunTime:0.0003s ]
SQL: SELECT `department` FROM `fm_department` WHERE ( id=4 )  [ RunTime:0.0002s ]
SQL: SELECT `department` FROM `fm_department` WHERE ( id=4 )  [ RunTime:0.0002s ]
SQL: SELECT `department` FROM `fm_department` WHERE ( id=4 )  [ RunTime:0.0002s ]
SQL: SELECT `department` FROM `fm_department` WHERE ( id=0 )  [ RunTime:0.0002s ]
NOTIC: [8] Undefined offset: 0 F:\wamp\www\Files_manage_system\Apps\Admin\Controller\SystemController.class.php 第 100 行.
INFO: [ view_parse ] --START--
INFO: [ template_filter ] --START--
INFO: Run Behavior\ContentReplaceBehavior [ RunTime:0.000131s ]
INFO: [ template_filter ] --END-- [ RunTime:0.000269s ]
NOTIC: [8] Undefined variable: usertype F:\wamp\www\Files_manage_system\Apps\Runtime\Cache\Admin\b3e4971c3d57ff6ad28ba081801baf1a.php 第 148 行.
INFO: Run Behavior\ParseTemplateBehavior [ RunTime:0.007794s ]
INFO: [ view_parse ] --END-- [ RunTime:0.007930s ]
INFO: [ view_filter ] --START--
INFO: Run Behavior\WriteHtmlCacheBehavior [ RunTime:0.000280s ]
INFO: [ view_filter ] --END-- [ RunTime:0.000402s ]
INFO: [ app_end ] --START--
INFO: Run Behavior\ShowPageTraceBehavior [ RunTime:0.000436s ]
INFO: [ app_end ] --END-- [ RunTime:0.000563s ]

