[ 2016-05-14T11:27:49+08:00 ] ::1 /Files_manage_system/Admin/BaseInfo/check
INFO: [ app_init ] --START--
INFO: Run Behavior\BuildLiteBehavior [ RunTime:0.000046s ]
INFO: [ app_init ] --END-- [ RunTime:0.009937s ]
INFO: [ app_begin ] --START--
INFO: Run Behavior\ReadHtmlCacheBehavior [ RunTime:0.010334s ]
INFO: [ app_begin ] --END-- [ RunTime:0.010581s ]
NOTIC: [2048] Declaration of Admin\Controller\BaseInfoController::show() should be compatible with Think\Controller::show($content, $charset = '', $contentType = '', $prefix = '') F:\wamp\www\Files_manage_system\Apps\Admin\Controller\BaseInfoController.class.php 第 1105 行.
NOTIC: [8] Undefined index: username F:\wamp\www\Files_manage_system\Apps\Admin\Controller\BaseInfoController.class.php 第 7 行.

[ 2016-05-14T11:27:49+08:00 ] ::1 /Files_manage_system/Admin/BaseInfo/check
INFO: [ app_init ] --START--
INFO: Run Behavior\BuildLiteBehavior [ RunTime:0.000033s ]
INFO: [ app_init ] --END-- [ RunTime:0.000486s ]
INFO: [ app_begin ] --START--
INFO: Run Behavior\ReadHtmlCacheBehavior [ RunTime:0.000582s ]
INFO: [ app_begin ] --END-- [ RunTime:0.000734s ]
NOTIC: [2048] Declaration of Admin\Controller\BaseInfoController::show() should be compatible with Think\Controller::show($content, $charset = '', $contentType = '', $prefix = '') F:\wamp\www\Files_manage_system\Apps\Admin\Controller\BaseInfoController.class.php 第 1105 行.
NOTIC: [8] Undefined index: username F:\wamp\www\Files_manage_system\Apps\Admin\Controller\BaseInfoController.class.php 第 7 行.

[ 2016-05-14T11:27:49+08:00 ] ::1 /Files_manage_system/Admin/User/index
INFO: [ app_init ] --START--
INFO: Run Behavior\BuildLiteBehavior [ RunTime:0.000040s ]
INFO: [ app_init ] --END-- [ RunTime:0.000451s ]
INFO: [ app_begin ] --START--
INFO: Run Behavior\ReadHtmlCacheBehavior [ RunTime:0.000466s ]
INFO: [ app_begin ] --END-- [ RunTime:0.000616s ]
INFO: [ view_parse ] --START--
INFO: [ template_filter ] --START--
INFO: Run Behavior\ContentReplaceBehavior [ RunTime:0.000195s ]
INFO: [ template_filter ] --END-- [ RunTime:0.000473s ]
INFO: Run Behavior\ParseTemplateBehavior [ RunTime:0.130957s ]
INFO: [ view_parse ] --END-- [ RunTime:0.131152s ]
INFO: [ view_filter ] --START--
INFO: Run Behavior\WriteHtmlCacheBehavior [ RunTime:0.006003s ]
INFO: [ view_filter ] --END-- [ RunTime:0.006177s ]
INFO: [ app_end ] --START--
INFO: Run Behavior\ShowPageTraceBehavior [ RunTime:0.102273s ]
INFO: [ app_end ] --END-- [ RunTime:0.102733s ]

[ 2016-05-14T11:28:00+08:00 ] ::1 /Files_manage_system/Admin/User/redir_consultation
INFO: [ app_init ] --START--
INFO: Run Behavior\BuildLiteBehavior [ RunTime:0.000031s ]
INFO: [ app_init ] --END-- [ RunTime:0.000444s ]
INFO: [ app_begin ] --START--
INFO: Run Behavior\ReadHtmlCacheBehavior [ RunTime:0.000403s ]
INFO: [ app_begin ] --END-- [ RunTime:0.000543s ]
NOTIC: [8] Undefined index: emp_id F:\wamp\www\Files_manage_system\Apps\Admin\Controller\UserController.class.php 第 16 行.
SQL: SHOW COLUMNS FROM `fm_user` [ RunTime:0.3608s ]
SQL: SELECT `usertype` FROM `fm_user` WHERE ( usertype="超级管理员" )  [ RunTime:0.0004s ]
SQL: SELECT * FROM `fm_user` WHERE `username` = 'duo' AND `password` = '202cb962ac59075b964b07152d234b70'  [ RunTime:0.0003s ]
SQL: SELECT * FROM `fm_user` WHERE `username` = 'duo' AND `usertype` = '超级管理员'  [ RunTime:0.0003s ]
NOTIC: [8] A session had already been started - ignoring session_start() F:\wamp\www\Files_manage_system\Apps\Admin\Controller\UserController.class.php 第 33 行.

[ 2016-05-14T11:28:00+08:00 ] ::1 /Files_manage_system/Admin/Index/index
INFO: [ app_init ] --START--
INFO: Run Behavior\BuildLiteBehavior [ RunTime:0.000041s ]
INFO: [ app_init ] --END-- [ RunTime:0.000455s ]
INFO: [ app_begin ] --START--
INFO: Run Behavior\ReadHtmlCacheBehavior [ RunTime:0.000481s ]
INFO: [ app_begin ] --END-- [ RunTime:0.000632s ]
SQL: SHOW COLUMNS FROM `fm_user` [ RunTime:0.0182s ]
SQL: SELECT * FROM `fm_user` WHERE ( id=0 )  [ RunTime:0.0004s ]
INFO: [ view_parse ] --START--
INFO: [ template_filter ] --START--
INFO: Run Behavior\ContentReplaceBehavior [ RunTime:0.000188s ]
INFO: [ template_filter ] --END-- [ RunTime:0.000386s ]
INFO: Run Behavior\ParseTemplateBehavior [ RunTime:0.056061s ]
INFO: [ view_parse ] --END-- [ RunTime:0.056236s ]
INFO: [ view_filter ] --START--
INFO: Run Behavior\WriteHtmlCacheBehavior [ RunTime:0.000372s ]
INFO: [ view_filter ] --END-- [ RunTime:0.000547s ]
INFO: [ app_end ] --START--
INFO: Run Behavior\ShowPageTraceBehavior [ RunTime:0.000580s ]
INFO: [ app_end ] --END-- [ RunTime:0.000719s ]

[ 2016-05-14T11:28:07+08:00 ] ::1 /Files_manage_system/Admin/BaseInfo/check
INFO: [ app_init ] --START--
INFO: Run Behavior\BuildLiteBehavior [ RunTime:0.000036s ]
INFO: [ app_init ] --END-- [ RunTime:0.000510s ]
INFO: [ app_begin ] --START--
INFO: Run Behavior\ReadHtmlCacheBehavior [ RunTime:0.000465s ]
INFO: [ app_begin ] --END-- [ RunTime:0.000617s ]
NOTIC: [2048] Declaration of Admin\Controller\BaseInfoController::show() should be compatible with Think\Controller::show($content, $charset = '', $contentType = '', $prefix = '') F:\wamp\www\Files_manage_system\Apps\Admin\Controller\BaseInfoController.class.php 第 1105 行.
SQL: SHOW COLUMNS FROM `fm_personal_info` [ RunTime:0.0651s ]
SQL: SHOW COLUMNS FROM `fm_duty_info` [ RunTime:0.0392s ]
SQL: SHOW COLUMNS FROM `fm_department` [ RunTime:0.0282s ]
SQL: SELECT * FROM `fm_personal_info`  [ RunTime:0.0005s ]
SQL: SELECT * FROM `fm_duty_info`  [ RunTime:0.0004s ]
SQL: SELECT * FROM `fm_department`  [ RunTime:0.0003s ]
INFO: [ view_parse ] --START--
INFO: [ template_filter ] --START--
INFO: Run Behavior\ContentReplaceBehavior [ RunTime:0.000153s ]
INFO: [ template_filter ] --END-- [ RunTime:0.000304s ]
INFO: Run Behavior\ParseTemplateBehavior [ RunTime:0.046270s ]
INFO: [ view_parse ] --END-- [ RunTime:0.046456s ]
INFO: [ view_filter ] --START--
INFO: Run Behavior\WriteHtmlCacheBehavior [ RunTime:0.000337s ]
INFO: [ view_filter ] --END-- [ RunTime:0.000479s ]
INFO: [ app_end ] --START--
INFO: Run Behavior\ShowPageTraceBehavior [ RunTime:0.000470s ]
INFO: [ app_end ] --END-- [ RunTime:0.000616s ]

[ 2016-05-14T11:28:17+08:00 ] ::1 /Files_manage_system/Admin/Performance/attendence_check
INFO: [ app_init ] --START--
INFO: Run Behavior\BuildLiteBehavior [ RunTime:0.000032s ]
INFO: [ app_init ] --END-- [ RunTime:0.000434s ]
INFO: [ app_begin ] --START--
INFO: Run Behavior\ReadHtmlCacheBehavior [ RunTime:0.000444s ]
INFO: [ app_begin ] --END-- [ RunTime:0.000592s ]
SQL: SHOW COLUMNS FROM `fm_personal_info` [ RunTime:0.0106s ]
SQL: SHOW COLUMNS FROM `fm_duty_info` [ RunTime:0.0082s ]
SQL: SHOW COLUMNS FROM `fm_department` [ RunTime:0.0064s ]
SQL: SHOW COLUMNS FROM `fm_attendence_info` [ RunTime:0.0891s ]
SQL: SELECT * FROM `fm_personal_info`  [ RunTime:0.0005s ]
SQL: SELECT * FROM `fm_duty_info`  [ RunTime:0.0004s ]
SQL: SELECT * FROM `fm_department`  [ RunTime:0.0003s ]
SQL: SELECT * FROM `fm_attendence_info` WHERE ( attendence_status="请假" and check_status=0 )  [ RunTime:0.0004s ]
SQL: SELECT * FROM `fm_personal_info` WHERE ( id=1 )  [ RunTime:0.0003s ]
SQL: SELECT * FROM `fm_duty_info` WHERE ( id=1 )  [ RunTime:0.0003s ]
SQL: SELECT * FROM `fm_personal_info` WHERE ( id=2 )  [ RunTime:0.0003s ]
SQL: SELECT * FROM `fm_duty_info` WHERE ( id=2 )  [ RunTime:0.0003s ]
INFO: [ view_parse ] --START--
INFO: [ template_filter ] --START--
INFO: Run Behavior\ContentReplaceBehavior [ RunTime:0.000158s ]
INFO: [ template_filter ] --END-- [ RunTime:0.000309s ]
INFO: Run Behavior\ParseTemplateBehavior [ RunTime:0.053573s ]
INFO: [ view_parse ] --END-- [ RunTime:0.053825s ]
INFO: [ view_filter ] --START--
INFO: Run Behavior\WriteHtmlCacheBehavior [ RunTime:0.000434s ]
INFO: [ view_filter ] --END-- [ RunTime:0.000694s ]
INFO: [ app_end ] --START--
INFO: Run Behavior\ShowPageTraceBehavior [ RunTime:0.000791s ]
INFO: [ app_end ] --END-- [ RunTime:0.001075s ]

[ 2016-05-14T11:28:18+08:00 ] ::1 /Files_manage_system/Admin/Salary/account_setting
INFO: [ app_init ] --START--
INFO: Run Behavior\BuildLiteBehavior [ RunTime:0.000033s ]
INFO: [ app_init ] --END-- [ RunTime:0.000459s ]
INFO: [ app_begin ] --START--
INFO: Run Behavior\ReadHtmlCacheBehavior [ RunTime:0.000696s ]
INFO: [ app_begin ] --END-- [ RunTime:0.000903s ]
SQL: SHOW COLUMNS FROM `fm_account_info` [ RunTime:0.0763s ]
SQL: SELECT * FROM `fm_account_info`  [ RunTime:0.0004s ]
INFO: [ view_parse ] --START--
INFO: [ template_filter ] --START--
INFO: Run Behavior\ContentReplaceBehavior [ RunTime:0.000175s ]
INFO: [ template_filter ] --END-- [ RunTime:0.000342s ]
INFO: Run Behavior\ParseTemplateBehavior [ RunTime:0.057714s ]
INFO: [ view_parse ] --END-- [ RunTime:0.057904s ]
INFO: [ view_filter ] --START--
INFO: Run Behavior\WriteHtmlCacheBehavior [ RunTime:0.000336s ]
INFO: [ view_filter ] --END-- [ RunTime:0.000483s ]
INFO: [ app_end ] --START--
INFO: Run Behavior\ShowPageTraceBehavior [ RunTime:0.000829s ]
INFO: [ app_end ] --END-- [ RunTime:0.001107s ]

[ 2016-05-14T11:52:43+08:00 ] ::1 /Files_manage_system/Admin/BaseInfo/check
INFO: [ app_init ] --START--
INFO: Run Behavior\BuildLiteBehavior [ RunTime:0.000054s ]
INFO: [ app_init ] --END-- [ RunTime:0.000741s ]
INFO: [ app_begin ] --START--
INFO: Run Behavior\ReadHtmlCacheBehavior [ RunTime:0.000892s ]
INFO: [ app_begin ] --END-- [ RunTime:0.001179s ]
NOTIC: [2048] Declaration of Admin\Controller\BaseInfoController::show() should be compatible with Think\Controller::show($content, $charset = '', $contentType = '', $prefix = '') F:\wamp\www\Files_manage_system\Apps\Admin\Controller\BaseInfoController.class.php 第 1105 行.
SQL: SHOW COLUMNS FROM `fm_personal_info` [ RunTime:0.0151s ]
SQL: SHOW COLUMNS FROM `fm_duty_info` [ RunTime:0.0122s ]
SQL: SHOW COLUMNS FROM `fm_department` [ RunTime:0.0097s ]
SQL: SELECT * FROM `fm_personal_info`  [ RunTime:0.0007s ]
SQL: SELECT * FROM `fm_duty_info`  [ RunTime:0.0006s ]
SQL: SELECT * FROM `fm_department`  [ RunTime:0.0005s ]
INFO: [ view_parse ] --START--
INFO: [ template_filter ] --START--
INFO: Run Behavior\ContentReplaceBehavior [ RunTime:0.000164s ]
INFO: [ template_filter ] --END-- [ RunTime:0.000326s ]
INFO: Run Behavior\ParseTemplateBehavior [ RunTime:0.008562s ]
INFO: [ view_parse ] --END-- [ RunTime:0.008806s ]
INFO: [ view_filter ] --START--
INFO: Run Behavior\WriteHtmlCacheBehavior [ RunTime:0.000411s ]
INFO: [ view_filter ] --END-- [ RunTime:0.000590s ]
INFO: [ app_end ] --START--
INFO: Run Behavior\ShowPageTraceBehavior [ RunTime:0.000551s ]
INFO: [ app_end ] --END-- [ RunTime:0.000698s ]

[ 2016-05-14T11:55:08+08:00 ] ::1 /Files_manage_system/Admin/BaseInfo/check
INFO: [ app_init ] --START--
INFO: Run Behavior\BuildLiteBehavior [ RunTime:0.000030s ]
INFO: [ app_init ] --END-- [ RunTime:0.000516s ]
INFO: [ app_begin ] --START--
INFO: Run Behavior\ReadHtmlCacheBehavior [ RunTime:0.000515s ]
INFO: [ app_begin ] --END-- [ RunTime:0.000655s ]
NOTIC: [2048] Declaration of Admin\Controller\BaseInfoController::show() should be compatible with Think\Controller::show($content, $charset = '', $contentType = '', $prefix = '') F:\wamp\www\Files_manage_system\Apps\Admin\Controller\BaseInfoController.class.php 第 1105 行.
SQL: SHOW COLUMNS FROM `fm_personal_info` [ RunTime:0.0097s ]
SQL: SHOW COLUMNS FROM `fm_duty_info` [ RunTime:0.0076s ]
SQL: SHOW COLUMNS FROM `fm_department` [ RunTime:0.0065s ]
SQL: SELECT * FROM `fm_personal_info`  [ RunTime:0.0005s ]
SQL: SELECT * FROM `fm_duty_info`  [ RunTime:0.0004s ]
SQL: SELECT * FROM `fm_department`  [ RunTime:0.0002s ]
INFO: [ view_parse ] --START--
INFO: [ template_filter ] --START--
INFO: Run Behavior\ContentReplaceBehavior [ RunTime:0.000152s ]
INFO: [ template_filter ] --END-- [ RunTime:0.000298s ]
INFO: Run Behavior\ParseTemplateBehavior [ RunTime:0.008007s ]
INFO: [ view_parse ] --END-- [ RunTime:0.008165s ]
INFO: [ view_filter ] --START--
INFO: Run Behavior\WriteHtmlCacheBehavior [ RunTime:0.000342s ]
INFO: [ view_filter ] --END-- [ RunTime:0.000478s ]
INFO: [ app_end ] --START--
INFO: Run Behavior\ShowPageTraceBehavior [ RunTime:0.000518s ]
INFO: [ app_end ] --END-- [ RunTime:0.000672s ]

[ 2016-05-14T11:57:31+08:00 ] ::1 /Files_manage_system/Admin/BaseInfo/check
INFO: [ app_init ] --START--
INFO: Run Behavior\BuildLiteBehavior [ RunTime:0.000032s ]
INFO: [ app_init ] --END-- [ RunTime:0.000526s ]
INFO: [ app_begin ] --START--
INFO: Run Behavior\ReadHtmlCacheBehavior [ RunTime:0.000572s ]
INFO: [ app_begin ] --END-- [ RunTime:0.000724s ]
NOTIC: [2048] Declaration of Admin\Controller\BaseInfoController::show() should be compatible with Think\Controller::show($content, $charset = '', $contentType = '', $prefix = '') F:\wamp\www\Files_manage_system\Apps\Admin\Controller\BaseInfoController.class.php 第 1105 行.
SQL: SHOW COLUMNS FROM `fm_personal_info` [ RunTime:0.1562s ]
SQL: SHOW COLUMNS FROM `fm_duty_info` [ RunTime:0.0715s ]
SQL: SHOW COLUMNS FROM `fm_department` [ RunTime:0.0354s ]
SQL: SELECT * FROM `fm_personal_info`  [ RunTime:0.0009s ]
SQL: SELECT * FROM `fm_duty_info`  [ RunTime:0.0008s ]
SQL: SELECT * FROM `fm_department`  [ RunTime:0.0005s ]
INFO: [ view_parse ] --START--
INFO: [ template_filter ] --START--
INFO: Run Behavior\ContentReplaceBehavior [ RunTime:0.000403s ]
INFO: [ template_filter ] --END-- [ RunTime:0.000701s ]
INFO: Run Behavior\ParseTemplateBehavior [ RunTime:0.019442s ]
INFO: [ view_parse ] --END-- [ RunTime:0.019749s ]
INFO: [ view_filter ] --START--
INFO: Run Behavior\WriteHtmlCacheBehavior [ RunTime:0.000485s ]
INFO: [ view_filter ] --END-- [ RunTime:0.000680s ]
INFO: [ app_end ] --START--
INFO: Run Behavior\ShowPageTraceBehavior [ RunTime:0.000679s ]
INFO: [ app_end ] --END-- [ RunTime:0.000868s ]

[ 2016-05-14T11:57:35+08:00 ] ::1 /Files_manage_system/Admin/BaseInfo/show
INFO: [ app_init ] --START--
INFO: Run Behavior\BuildLiteBehavior [ RunTime:0.000038s ]
INFO: [ app_init ] --END-- [ RunTime:0.000521s ]
INFO: [ app_begin ] --START--
INFO: Run Behavior\ReadHtmlCacheBehavior [ RunTime:0.000459s ]
INFO: [ app_begin ] --END-- [ RunTime:0.000586s ]
NOTIC: [2048] Declaration of Admin\Controller\BaseInfoController::show() should be compatible with Think\Controller::show($content, $charset = '', $contentType = '', $prefix = '') F:\wamp\www\Files_manage_system\Apps\Admin\Controller\BaseInfoController.class.php 第 1105 行.
SQL: SHOW COLUMNS FROM `fm_personal_info` [ RunTime:0.1080s ]
SQL: SHOW COLUMNS FROM `fm_duty_info` [ RunTime:0.0162s ]
SQL: SHOW COLUMNS FROM `fm_department` [ RunTime:0.0139s ]
SQL: SHOW COLUMNS FROM `fm_folk_type` [ RunTime:0.0601s ]
SQL: SHOW COLUMNS FROM `fm_native_type` [ RunTime:0.0495s ]
SQL: SHOW COLUMNS FROM `fm_use_form` [ RunTime:0.0710s ]
SQL: SELECT * FROM `fm_personal_info` WHERE ( id=1 )  [ RunTime:0.0005s ]
SQL: SELECT * FROM `fm_duty_info` WHERE ( id=1 )  [ RunTime:0.0004s ]
SQL: SELECT * FROM `fm_department`  [ RunTime:0.0003s ]
SQL: SELECT * FROM `fm_folk_type`  [ RunTime:0.0003s ]
SQL: SELECT * FROM `fm_native_type`  [ RunTime:0.0003s ]
SQL: SELECT * FROM `fm_use_form`  [ RunTime:0.0003s ]
INFO: [ view_parse ] --START--
INFO: [ template_filter ] --START--
INFO: Run Behavior\ContentReplaceBehavior [ RunTime:0.000615s ]
INFO: [ template_filter ] --END-- [ RunTime:0.000932s ]
NOTIC: [8] Undefined variable: emp_exit_date F:\wamp\www\Files_manage_system\Apps\Runtime\Cache\Admin\a78414778fa5117b21e45f24be588b4a.php 第 248 行.
NOTIC: [8] Undefined variable: emp_exit_reason F:\wamp\www\Files_manage_system\Apps\Runtime\Cache\Admin\a78414778fa5117b21e45f24be588b4a.php 第 252 行.
NOTIC: [8] Undefined variable: emp_full_date F:\wamp\www\Files_manage_system\Apps\Runtime\Cache\Admin\a78414778fa5117b21e45f24be588b4a.php 第 266 行.
NOTIC: [8] Undefined variable: emp_full_age F:\wamp\www\Files_manage_system\Apps\Runtime\Cache\Admin\a78414778fa5117b21e45f24be588b4a.php 第 270 行.
INFO: Run Behavior\ParseTemplateBehavior [ RunTime:0.097235s ]
INFO: [ view_parse ] --END-- [ RunTime:0.097418s ]
INFO: [ view_filter ] --START--
INFO: Run Behavior\WriteHtmlCacheBehavior [ RunTime:0.000462s ]
INFO: [ view_filter ] --END-- [ RunTime:0.000621s ]
INFO: [ app_end ] --START--
INFO: Run Behavior\ShowPageTraceBehavior [ RunTime:0.000763s ]
INFO: [ app_end ] --END-- [ RunTime:0.001047s ]

[ 2016-05-14T11:57:35+08:00 ] ::1 /Files_manage_system/Admin/BaseInfo/show
INFO: [ app_init ] --START--
INFO: Run Behavior\BuildLiteBehavior [ RunTime:0.000040s ]
INFO: [ app_init ] --END-- [ RunTime:0.000572s ]
INFO: [ app_begin ] --START--
INFO: Run Behavior\ReadHtmlCacheBehavior [ RunTime:0.000577s ]
INFO: [ app_begin ] --END-- [ RunTime:0.000772s ]
NOTIC: [2048] Declaration of Admin\Controller\BaseInfoController::show() should be compatible with Think\Controller::show($content, $charset = '', $contentType = '', $prefix = '') F:\wamp\www\Files_manage_system\Apps\Admin\Controller\BaseInfoController.class.php 第 1105 行.
NOTIC: [8] Undefined index: id F:\wamp\www\Files_manage_system\Apps\Admin\Controller\BaseInfoController.class.php 第 393 行.
SQL: SHOW COLUMNS FROM `fm_personal_info` [ RunTime:0.0087s ]
SQL: SHOW COLUMNS FROM `fm_duty_info` [ RunTime:0.0081s ]
SQL: SHOW COLUMNS FROM `fm_department` [ RunTime:0.0065s ]
SQL: SHOW COLUMNS FROM `fm_folk_type` [ RunTime:0.0073s ]
SQL: SHOW COLUMNS FROM `fm_native_type` [ RunTime:0.0068s ]
SQL: SHOW COLUMNS FROM `fm_use_form` [ RunTime:0.0050s ]
SQL: SELECT * FROM `fm_personal_info` WHERE ( id=1 )  [ RunTime:0.0005s ]
SQL: SELECT * FROM `fm_duty_info` WHERE ( id=1 )  [ RunTime:0.0003s ]
SQL: SELECT * FROM `fm_department`  [ RunTime:0.0003s ]
SQL: SELECT * FROM `fm_folk_type`  [ RunTime:0.0002s ]
SQL: SELECT * FROM `fm_native_type`  [ RunTime:0.0002s ]
SQL: SELECT * FROM `fm_use_form`  [ RunTime:0.0002s ]
INFO: [ view_parse ] --START--
INFO: [ template_filter ] --START--
INFO: Run Behavior\ContentReplaceBehavior [ RunTime:0.000271s ]
INFO: [ template_filter ] --END-- [ RunTime:0.000447s ]
NOTIC: [8] Undefined variable: emp_exit_date F:\wamp\www\Files_manage_system\Apps\Runtime\Cache\Admin\a78414778fa5117b21e45f24be588b4a.php 第 248 行.
NOTIC: [8] Undefined variable: emp_exit_reason F:\wamp\www\Files_manage_system\Apps\Runtime\Cache\Admin\a78414778fa5117b21e45f24be588b4a.php 第 252 行.
NOTIC: [8] Undefined variable: emp_full_date F:\wamp\www\Files_manage_system\Apps\Runtime\Cache\Admin\a78414778fa5117b21e45f24be588b4a.php 第 266 行.
NOTIC: [8] Undefined variable: emp_full_age F:\wamp\www\Files_manage_system\Apps\Runtime\Cache\Admin\a78414778fa5117b21e45f24be588b4a.php 第 270 行.
INFO: Run Behavior\ParseTemplateBehavior [ RunTime:0.021461s ]
INFO: [ view_parse ] --END-- [ RunTime:0.021654s ]
INFO: [ view_filter ] --START--
INFO: Run Behavior\WriteHtmlCacheBehavior [ RunTime:0.000285s ]
INFO: [ view_filter ] --END-- [ RunTime:0.000432s ]
INFO: [ app_end ] --START--
INFO: Run Behavior\ShowPageTraceBehavior [ RunTime:0.000715s ]
INFO: [ app_end ] --END-- [ RunTime:0.000981s ]

[ 2016-05-14T11:57:39+08:00 ] ::1 /Files_manage_system/Admin/BaseInfo/edit
INFO: [ app_init ] --START--
INFO: Run Behavior\BuildLiteBehavior [ RunTime:0.000036s ]
INFO: [ app_init ] --END-- [ RunTime:0.000554s ]
INFO: [ app_begin ] --START--
INFO: Run Behavior\ReadHtmlCacheBehavior [ RunTime:0.001498s ]
INFO: [ app_begin ] --END-- [ RunTime:0.001740s ]
NOTIC: [2048] Declaration of Admin\Controller\BaseInfoController::show() should be compatible with Think\Controller::show($content, $charset = '', $contentType = '', $prefix = '') F:\wamp\www\Files_manage_system\Apps\Admin\Controller\BaseInfoController.class.php 第 1105 行.
NOTIC: [8] Undefined index: id F:\wamp\www\Files_manage_system\Apps\Admin\Controller\BaseInfoController.class.php 第 659 行.
SQL: SHOW COLUMNS FROM `fm_personal_info` [ RunTime:0.0100s ]
SQL: SHOW COLUMNS FROM `fm_duty_info` [ RunTime:0.0101s ]
SQL: SHOW COLUMNS FROM `fm_department` [ RunTime:0.0081s ]
SQL: SHOW COLUMNS FROM `fm_folk_type` [ RunTime:0.1018s ]
SQL: SHOW COLUMNS FROM `fm_native_type` [ RunTime:0.0146s ]
SQL: SHOW COLUMNS FROM `fm_use_form` [ RunTime:0.0149s ]
SQL: SELECT * FROM `fm_personal_info` WHERE ( id=1 )  [ RunTime:0.0009s ]
SQL: SELECT * FROM `fm_duty_info` WHERE ( id=1 )  [ RunTime:0.0006s ]
SQL: SELECT * FROM `fm_department`  [ RunTime:0.0004s ]
SQL: SELECT * FROM `fm_folk_type`  [ RunTime:0.0004s ]
SQL: SELECT * FROM `fm_native_type`  [ RunTime:0.0005s ]
SQL: SELECT * FROM `fm_use_form`  [ RunTime:0.0005s ]
INFO: [ view_parse ] --START--
INFO: [ template_filter ] --START--
INFO: Run Behavior\ContentReplaceBehavior [ RunTime:0.000812s ]
INFO: [ template_filter ] --END-- [ RunTime:0.001303s ]
NOTIC: [8] Undefined variable: emp_exit_date F:\wamp\www\Files_manage_system\Apps\Runtime\Cache\Admin\58485b3a80e53d7f0fd724e4395fb8be.php 第 249 行.
NOTIC: [8] Undefined variable: emp_exit_reason F:\wamp\www\Files_manage_system\Apps\Runtime\Cache\Admin\58485b3a80e53d7f0fd724e4395fb8be.php 第 253 行.
NOTIC: [8] Undefined variable: emp_full_date F:\wamp\www\Files_manage_system\Apps\Runtime\Cache\Admin\58485b3a80e53d7f0fd724e4395fb8be.php 第 267 行.
NOTIC: [8] Undefined variable: emp_full_age F:\wamp\www\Files_manage_system\Apps\Runtime\Cache\Admin\58485b3a80e53d7f0fd724e4395fb8be.php 第 271 行.
INFO: Run Behavior\ParseTemplateBehavior [ RunTime:0.074530s ]
INFO: [ view_parse ] --END-- [ RunTime:0.075087s ]
INFO: [ view_filter ] --START--
INFO: Run Behavior\WriteHtmlCacheBehavior [ RunTime:0.001594s ]
INFO: [ view_filter ] --END-- [ RunTime:0.001953s ]
INFO: [ app_end ] --START--
INFO: Run Behavior\ShowPageTraceBehavior [ RunTime:0.007533s ]
INFO: [ app_end ] --END-- [ RunTime:0.009049s ]

[ 2016-05-14T11:57:54+08:00 ] ::1 /Files_manage_system/Admin/Performance/attendence_check
INFO: [ app_init ] --START--
INFO: Run Behavior\BuildLiteBehavior [ RunTime:0.000038s ]
INFO: [ app_init ] --END-- [ RunTime:0.000670s ]
INFO: [ app_begin ] --START--
INFO: Run Behavior\ReadHtmlCacheBehavior [ RunTime:0.000522s ]
INFO: [ app_begin ] --END-- [ RunTime:0.000698s ]
SQL: SHOW COLUMNS FROM `fm_personal_info` [ RunTime:0.1067s ]
SQL: SHOW COLUMNS FROM `fm_duty_info` [ RunTime:0.0189s ]
SQL: SHOW COLUMNS FROM `fm_department` [ RunTime:0.0137s ]
SQL: SHOW COLUMNS FROM `fm_attendence_info` [ RunTime:0.0203s ]
SQL: SELECT * FROM `fm_personal_info`  [ RunTime:0.0009s ]
SQL: SELECT * FROM `fm_duty_info`  [ RunTime:0.0008s ]
SQL: SELECT * FROM `fm_department`  [ RunTime:0.0005s ]
SQL: SELECT * FROM `fm_attendence_info` WHERE ( attendence_status="请假" and check_status=0 )  [ RunTime:0.0008s ]
SQL: SELECT * FROM `fm_personal_info` WHERE ( id=1 )  [ RunTime:0.0008s ]
SQL: SELECT * FROM `fm_duty_info` WHERE ( id=1 )  [ RunTime:0.0007s ]
SQL: SELECT * FROM `fm_personal_info` WHERE ( id=2 )  [ RunTime:0.0007s ]
SQL: SELECT * FROM `fm_duty_info` WHERE ( id=2 )  [ RunTime:0.0007s ]
INFO: [ view_parse ] --START--
INFO: [ template_filter ] --START--
INFO: Run Behavior\ContentReplaceBehavior [ RunTime:0.000394s ]
INFO: [ template_filter ] --END-- [ RunTime:0.000772s ]
INFO: Run Behavior\ParseTemplateBehavior [ RunTime:0.051349s ]
INFO: [ view_parse ] --END-- [ RunTime:0.051752s ]
INFO: [ view_filter ] --START--
INFO: Run Behavior\WriteHtmlCacheBehavior [ RunTime:0.000695s ]
INFO: [ view_filter ] --END-- [ RunTime:0.001045s ]
INFO: [ app_end ] --START--
INFO: Run Behavior\ShowPageTraceBehavior [ RunTime:0.001812s ]
INFO: [ app_end ] --END-- [ RunTime:0.002515s ]

[ 2016-05-14T11:59:11+08:00 ] ::1 /Files_manage_system/Admin/BaseInfo/check
INFO: [ app_init ] --START--
INFO: Run Behavior\BuildLiteBehavior [ RunTime:0.000037s ]
INFO: [ app_init ] --END-- [ RunTime:0.000526s ]
INFO: [ app_begin ] --START--
INFO: Run Behavior\ReadHtmlCacheBehavior [ RunTime:0.000518s ]
INFO: [ app_begin ] --END-- [ RunTime:0.000691s ]
NOTIC: [2048] Declaration of Admin\Controller\BaseInfoController::show() should be compatible with Think\Controller::show($content, $charset = '', $contentType = '', $prefix = '') F:\wamp\www\Files_manage_system\Apps\Admin\Controller\BaseInfoController.class.php 第 1105 行.
SQL: SHOW COLUMNS FROM `fm_personal_info` [ RunTime:0.1096s ]
SQL: SHOW COLUMNS FROM `fm_duty_info` [ RunTime:0.0162s ]
SQL: SHOW COLUMNS FROM `fm_department` [ RunTime:0.0157s ]
SQL: SELECT * FROM `fm_personal_info`  [ RunTime:0.0008s ]
SQL: SELECT * FROM `fm_duty_info`  [ RunTime:0.0007s ]
SQL: SELECT * FROM `fm_department`  [ RunTime:0.0006s ]
INFO: [ view_parse ] --START--
INFO: [ template_filter ] --START--
INFO: Run Behavior\ContentReplaceBehavior [ RunTime:0.000382s ]
INFO: [ template_filter ] --END-- [ RunTime:0.000764s ]
INFO: Run Behavior\ParseTemplateBehavior [ RunTime:0.020464s ]
INFO: [ view_parse ] --END-- [ RunTime:0.020848s ]
INFO: [ view_filter ] --START--
INFO: Run Behavior\WriteHtmlCacheBehavior [ RunTime:0.000660s ]
INFO: [ view_filter ] --END-- [ RunTime:0.001007s ]
INFO: [ app_end ] --START--
INFO: Run Behavior\ShowPageTraceBehavior [ RunTime:0.001051s ]
INFO: [ app_end ] --END-- [ RunTime:0.001431s ]

[ 2016-05-14T11:59:14+08:00 ] ::1 /Files_manage_system/Admin/Performance/attendence_check
INFO: [ app_init ] --START--
INFO: Run Behavior\BuildLiteBehavior [ RunTime:0.000038s ]
INFO: [ app_init ] --END-- [ RunTime:0.000523s ]
INFO: [ app_begin ] --START--
INFO: Run Behavior\ReadHtmlCacheBehavior [ RunTime:0.000797s ]
INFO: [ app_begin ] --END-- [ RunTime:0.001046s ]
SQL: SHOW COLUMNS FROM `fm_personal_info` [ RunTime:0.0127s ]
SQL: SHOW COLUMNS FROM `fm_duty_info` [ RunTime:0.0075s ]
SQL: SHOW COLUMNS FROM `fm_department` [ RunTime:0.0065s ]
SQL: SHOW COLUMNS FROM `fm_attendence_info` [ RunTime:0.1071s ]
SQL: SELECT * FROM `fm_personal_info`  [ RunTime:0.0010s ]
SQL: SELECT * FROM `fm_duty_info`  [ RunTime:0.0011s ]
SQL: SELECT * FROM `fm_department`  [ RunTime:0.0006s ]
SQL: SELECT * FROM `fm_attendence_info` WHERE ( attendence_status="请假" and check_status=0 )  [ RunTime:0.0007s ]
SQL: SELECT * FROM `fm_personal_info` WHERE ( id=1 )  [ RunTime:0.0007s ]
SQL: SELECT * FROM `fm_duty_info` WHERE ( id=1 )  [ RunTime:0.0007s ]
SQL: SELECT * FROM `fm_personal_info` WHERE ( id=2 )  [ RunTime:0.0007s ]
SQL: SELECT * FROM `fm_duty_info` WHERE ( id=2 )  [ RunTime:0.0007s ]
INFO: [ view_parse ] --START--
INFO: [ template_filter ] --START--
INFO: Run Behavior\ContentReplaceBehavior [ RunTime:0.000455s ]
INFO: [ template_filter ] --END-- [ RunTime:0.001019s ]
INFO: Run Behavior\ParseTemplateBehavior [ RunTime:0.021369s ]
INFO: [ view_parse ] --END-- [ RunTime:0.021918s ]
INFO: [ view_filter ] --START--
INFO: Run Behavior\WriteHtmlCacheBehavior [ RunTime:0.000658s ]
INFO: [ view_filter ] --END-- [ RunTime:0.001012s ]
INFO: [ app_end ] --START--
INFO: Run Behavior\ShowPageTraceBehavior [ RunTime:0.001526s ]
INFO: [ app_end ] --END-- [ RunTime:0.001919s ]

[ 2016-05-14T11:59:16+08:00 ] ::1 /Files_manage_system/Admin/Performance/rnp_check
INFO: [ app_init ] --START--
INFO: Run Behavior\BuildLiteBehavior [ RunTime:0.000036s ]
INFO: [ app_init ] --END-- [ RunTime:0.000511s ]
INFO: [ app_begin ] --START--
INFO: Run Behavior\ReadHtmlCacheBehavior [ RunTime:0.000504s ]
INFO: [ app_begin ] --END-- [ RunTime:0.000677s ]
SQL: SHOW COLUMNS FROM `fm_personal_info` [ RunTime:0.0562s ]
SQL: SHOW COLUMNS FROM `fm_duty_info` [ RunTime:0.1083s ]
SQL: SHOW COLUMNS FROM `fm_department` [ RunTime:0.0173s ]
SQL: SHOW COLUMNS FROM `fm_rnp_info` [ RunTime:0.0765s ]
SQL: SELECT * FROM `fm_personal_info`  [ RunTime:0.0010s ]
SQL: SELECT * FROM `fm_duty_info`  [ RunTime:0.0008s ]
SQL: SELECT * FROM `fm_department`  [ RunTime:0.0005s ]
INFO: [ view_parse ] --START--
INFO: [ template_filter ] --START--
INFO: Run Behavior\ContentReplaceBehavior [ RunTime:0.000373s ]
INFO: [ template_filter ] --END-- [ RunTime:0.000753s ]
INFO: Run Behavior\ParseTemplateBehavior [ RunTime:0.095495s ]
INFO: [ view_parse ] --END-- [ RunTime:0.095913s ]
INFO: [ view_filter ] --START--
INFO: Run Behavior\WriteHtmlCacheBehavior [ RunTime:0.000664s ]
INFO: [ view_filter ] --END-- [ RunTime:0.001033s ]
INFO: [ app_end ] --START--
INFO: Run Behavior\ShowPageTraceBehavior [ RunTime:0.001067s ]
INFO: [ app_end ] --END-- [ RunTime:0.001472s ]

[ 2016-05-14T11:59:20+08:00 ] ::1 /Files_manage_system/Admin/Performance/train_check
INFO: [ app_init ] --START--
INFO: Run Behavior\BuildLiteBehavior [ RunTime:0.000037s ]
INFO: [ app_init ] --END-- [ RunTime:0.000512s ]
INFO: [ app_begin ] --START--
INFO: Run Behavior\ReadHtmlCacheBehavior [ RunTime:0.000507s ]
INFO: [ app_begin ] --END-- [ RunTime:0.000682s ]
SQL: SHOW COLUMNS FROM `fm_train_info` [ RunTime:0.1704s ]
SQL: SHOW COLUMNS FROM `fm_train_person` [ RunTime:0.0628s ]
SQL: SELECT `id`,`fm_num`,`train_name`,`train_start_date`,`train_end_date`,`train_unit`,`train_lecture` FROM `fm_train_info`  [ RunTime:0.0008s ]
INFO: [ view_parse ] --START--
INFO: [ template_filter ] --START--
INFO: Run Behavior\ContentReplaceBehavior [ RunTime:0.000366s ]
INFO: [ template_filter ] --END-- [ RunTime:0.000769s ]
INFO: Run Behavior\ParseTemplateBehavior [ RunTime:0.097268s ]
INFO: [ view_parse ] --END-- [ RunTime:0.097779s ]
INFO: [ view_filter ] --START--
INFO: Run Behavior\WriteHtmlCacheBehavior [ RunTime:0.000661s ]
INFO: [ view_filter ] --END-- [ RunTime:0.001011s ]
INFO: [ app_end ] --START--
INFO: Run Behavior\ShowPageTraceBehavior [ RunTime:0.001344s ]
INFO: [ app_end ] --END-- [ RunTime:0.001901s ]

[ 2016-05-14T11:59:23+08:00 ] ::1 /Files_manage_system/Admin/Performance/train_show
INFO: [ app_init ] --START--
INFO: Run Behavior\BuildLiteBehavior [ RunTime:0.000039s ]
INFO: [ app_init ] --END-- [ RunTime:0.000738s ]
INFO: [ app_begin ] --START--
INFO: Run Behavior\ReadHtmlCacheBehavior [ RunTime:0.000501s ]
INFO: [ app_begin ] --END-- [ RunTime:0.000676s ]
NOTIC: [8] A session had already been started - ignoring session_start() F:\wamp\www\Files_manage_system\Apps\Admin\Controller\PerformanceController.class.php 第 838 行.
SQL: SHOW COLUMNS FROM `fm_train_info` [ RunTime:0.0116s ]
SQL: SHOW COLUMNS FROM `fm_train_person` [ RunTime:0.0068s ]
SQL: SHOW COLUMNS FROM `fm_personal_info` [ RunTime:0.1378s ]
SQL: SHOW COLUMNS FROM `fm_duty_info` [ RunTime:0.0152s ]
SQL: SELECT * FROM `fm_train_info` WHERE ( id=1 )  [ RunTime:0.0007s ]
SQL: SELECT `emp_id` FROM `fm_train_person` WHERE ( train_id=1 )  [ RunTime:0.0006s ]
SQL: SELECT `fm_num`,`emp_name`,`emp_sex` FROM `fm_personal_info` WHERE ( id=2 )  [ RunTime:0.0005s ]
SQL: SELECT `emp_department`,`emp_job` FROM `fm_duty_info` WHERE ( id=2 )  [ RunTime:0.0005s ]
SQL: SELECT `fm_num`,`emp_name`,`emp_sex` FROM `fm_personal_info` WHERE ( id=3 )  [ RunTime:0.0005s ]
SQL: SELECT `emp_department`,`emp_job` FROM `fm_duty_info` WHERE ( id=3 )  [ RunTime:0.0007s ]
SQL: SELECT `fm_num`,`emp_name`,`emp_sex` FROM `fm_personal_info` WHERE ( id=4 )  [ RunTime:0.0006s ]
SQL: SELECT `emp_department`,`emp_job` FROM `fm_duty_info` WHERE ( id=4 )  [ RunTime:0.0006s ]
SQL: SELECT `fm_num`,`emp_name`,`emp_sex` FROM `fm_personal_info` WHERE ( id=5 )  [ RunTime:0.0007s ]
SQL: SELECT `emp_department`,`emp_job` FROM `fm_duty_info` WHERE ( id=5 )  [ RunTime:0.0006s ]
SQL: SELECT `fm_num`,`emp_name`,`emp_sex` FROM `fm_personal_info` WHERE ( id=6 )  [ RunTime:0.0006s ]
SQL: SELECT `emp_department`,`emp_job` FROM `fm_duty_info` WHERE ( id=6 )  [ RunTime:0.0005s ]
SQL: SELECT `fm_num`,`emp_name`,`emp_sex` FROM `fm_personal_info` WHERE ( id=7 )  [ RunTime:0.0006s ]
SQL: SELECT `emp_department`,`emp_job` FROM `fm_duty_info` WHERE ( id=7 )  [ RunTime:0.0005s ]
INFO: [ view_parse ] --START--
INFO: [ template_filter ] --START--
INFO: Run Behavior\ContentReplaceBehavior [ RunTime:0.000249s ]
INFO: [ template_filter ] --END-- [ RunTime:0.000437s ]
INFO: Run Behavior\ParseTemplateBehavior [ RunTime:0.074842s ]
INFO: [ view_parse ] --END-- [ RunTime:0.075077s ]
INFO: [ view_filter ] --START--
INFO: Run Behavior\WriteHtmlCacheBehavior [ RunTime:0.000298s ]
INFO: [ view_filter ] --END-- [ RunTime:0.000415s ]
INFO: [ app_end ] --START--
INFO: Run Behavior\ShowPageTraceBehavior [ RunTime:0.000439s ]
INFO: [ app_end ] --END-- [ RunTime:0.000556s ]

[ 2016-05-14T11:59:23+08:00 ] ::1 /Files_manage_system/Admin/Performance/train_show
INFO: [ app_init ] --START--
INFO: Run Behavior\BuildLiteBehavior [ RunTime:0.000031s ]
INFO: [ app_init ] --END-- [ RunTime:0.000465s ]
INFO: [ app_begin ] --START--
INFO: Run Behavior\ReadHtmlCacheBehavior [ RunTime:0.000476s ]
INFO: [ app_begin ] --END-- [ RunTime:0.000633s ]
NOTIC: [8] Undefined index: id F:\wamp\www\Files_manage_system\Apps\Admin\Controller\PerformanceController.class.php 第 837 行.
SQL: SHOW COLUMNS FROM `fm_train_info` [ RunTime:0.0064s ]
SQL: SHOW COLUMNS FROM `fm_train_person` [ RunTime:0.0046s ]
SQL: SHOW COLUMNS FROM `fm_personal_info` [ RunTime:0.0054s ]
SQL: SHOW COLUMNS FROM `fm_duty_info` [ RunTime:0.0054s ]
SQL: SELECT * FROM `fm_train_info` WHERE ( id=1 )  [ RunTime:0.0004s ]
SQL: SELECT `emp_id` FROM `fm_train_person` WHERE ( train_id=1 )  [ RunTime:0.0003s ]
SQL: SELECT `fm_num`,`emp_name`,`emp_sex` FROM `fm_personal_info` WHERE ( id=2 )  [ RunTime:0.0003s ]
SQL: SELECT `emp_department`,`emp_job` FROM `fm_duty_info` WHERE ( id=2 )  [ RunTime:0.0003s ]
SQL: SELECT `fm_num`,`emp_name`,`emp_sex` FROM `fm_personal_info` WHERE ( id=3 )  [ RunTime:0.0002s ]
SQL: SELECT `emp_department`,`emp_job` FROM `fm_duty_info` WHERE ( id=3 )  [ RunTime:0.0003s ]
SQL: SELECT `fm_num`,`emp_name`,`emp_sex` FROM `fm_personal_info` WHERE ( id=4 )  [ RunTime:0.0003s ]
SQL: SELECT `emp_department`,`emp_job` FROM `fm_duty_info` WHERE ( id=4 )  [ RunTime:0.0002s ]
SQL: SELECT `fm_num`,`emp_name`,`emp_sex` FROM `fm_personal_info` WHERE ( id=5 )  [ RunTime:0.0002s ]
SQL: SELECT `emp_department`,`emp_job` FROM `fm_duty_info` WHERE ( id=5 )  [ RunTime:0.0002s ]
SQL: SELECT `fm_num`,`emp_name`,`emp_sex` FROM `fm_personal_info` WHERE ( id=6 )  [ RunTime:0.0002s ]
SQL: SELECT `emp_department`,`emp_job` FROM `fm_duty_info` WHERE ( id=6 )  [ RunTime:0.0002s ]
SQL: SELECT `fm_num`,`emp_name`,`emp_sex` FROM `fm_personal_info` WHERE ( id=7 )  [ RunTime:0.0002s ]
SQL: SELECT `emp_department`,`emp_job` FROM `fm_duty_info` WHERE ( id=7 )  [ RunTime:0.0002s ]
INFO: [ view_parse ] --START--
INFO: [ template_filter ] --START--
INFO: Run Behavior\ContentReplaceBehavior [ RunTime:0.000291s ]
INFO: [ template_filter ] --END-- [ RunTime:0.000577s ]
INFO: Run Behavior\ParseTemplateBehavior [ RunTime:0.011603s ]
INFO: [ view_parse ] --END-- [ RunTime:0.011771s ]
INFO: [ view_filter ] --START--
INFO: Run Behavior\WriteHtmlCacheBehavior [ RunTime:0.000279s ]
INFO: [ view_filter ] --END-- [ RunTime:0.000429s ]
INFO: [ app_end ] --START--
INFO: Run Behavior\ShowPageTraceBehavior [ RunTime:0.000447s ]
INFO: [ app_end ] --END-- [ RunTime:0.000591s ]

[ 2016-05-14T11:59:27+08:00 ] ::1 /Files_manage_system/Admin/Performance/train_edit
INFO: [ app_init ] --START--
INFO: Run Behavior\BuildLiteBehavior [ RunTime:0.000038s ]
INFO: [ app_init ] --END-- [ RunTime:0.000536s ]
INFO: [ app_begin ] --START--
INFO: Run Behavior\ReadHtmlCacheBehavior [ RunTime:0.000553s ]
INFO: [ app_begin ] --END-- [ RunTime:0.000856s ]
NOTIC: [8] Undefined index: id F:\wamp\www\Files_manage_system\Apps\Admin\Controller\PerformanceController.class.php 第 903 行.
SQL: SHOW COLUMNS FROM `fm_train_info` [ RunTime:0.0111s ]
SQL: SHOW COLUMNS FROM `fm_train_person` [ RunTime:0.1554s ]
SQL: SHOW COLUMNS FROM `fm_personal_info` [ RunTime:0.0676s ]
SQL: SHOW COLUMNS FROM `fm_duty_info` [ RunTime:0.0338s ]
SQL: SELECT * FROM `fm_train_info` WHERE ( id=1 )  [ RunTime:0.0007s ]
SQL: SELECT `emp_id` FROM `fm_train_person` WHERE ( train_id=1 )  [ RunTime:0.0005s ]
SQL: SELECT `fm_num`,`emp_name`,`emp_sex` FROM `fm_personal_info` WHERE ( id=2 )  [ RunTime:0.0005s ]
SQL: SELECT `emp_department`,`emp_job` FROM `fm_duty_info` WHERE ( id=2 )  [ RunTime:0.0004s ]
SQL: SELECT `fm_num`,`emp_name`,`emp_sex` FROM `fm_personal_info` WHERE ( id=3 )  [ RunTime:0.0005s ]
SQL: SELECT `emp_department`,`emp_job` FROM `fm_duty_info` WHERE ( id=3 )  [ RunTime:0.0006s ]
SQL: SELECT `fm_num`,`emp_name`,`emp_sex` FROM `fm_personal_info` WHERE ( id=4 )  [ RunTime:0.0007s ]
SQL: SELECT `emp_department`,`emp_job` FROM `fm_duty_info` WHERE ( id=4 )  [ RunTime:0.0005s ]
SQL: SELECT `fm_num`,`emp_name`,`emp_sex` FROM `fm_personal_info` WHERE ( id=5 )  [ RunTime:0.0005s ]
SQL: SELECT `emp_department`,`emp_job` FROM `fm_duty_info` WHERE ( id=5 )  [ RunTime:0.0005s ]
SQL: SELECT `fm_num`,`emp_name`,`emp_sex` FROM `fm_personal_info` WHERE ( id=6 )  [ RunTime:0.0006s ]
SQL: SELECT `emp_department`,`emp_job` FROM `fm_duty_info` WHERE ( id=6 )  [ RunTime:0.0005s ]
SQL: SELECT `fm_num`,`emp_name`,`emp_sex` FROM `fm_personal_info` WHERE ( id=7 )  [ RunTime:0.0005s ]
SQL: SELECT `emp_department`,`emp_job` FROM `fm_duty_info` WHERE ( id=7 )  [ RunTime:0.0005s ]
SQL: SELECT `id`,`fm_num`,`emp_name`,`emp_sex` FROM `fm_personal_info`  [ RunTime:0.0006s ]
SQL: SELECT `id`,`emp_department`,`emp_job` FROM `fm_duty_info`  [ RunTime:0.0006s ]
INFO: [ view_parse ] --START--
INFO: [ template_filter ] --START--
INFO: Run Behavior\ContentReplaceBehavior [ RunTime:0.000430s ]
INFO: [ template_filter ] --END-- [ RunTime:0.000803s ]
INFO: Run Behavior\ParseTemplateBehavior [ RunTime:0.129414s ]
INFO: [ view_parse ] --END-- [ RunTime:0.129758s ]
INFO: [ view_filter ] --START--
INFO: Run Behavior\WriteHtmlCacheBehavior [ RunTime:0.000437s ]
INFO: [ view_filter ] --END-- [ RunTime:0.000656s ]
INFO: [ app_end ] --START--
INFO: Run Behavior\ShowPageTraceBehavior [ RunTime:0.001001s ]
INFO: [ app_end ] --END-- [ RunTime:0.001256s ]

[ 2016-05-14T11:59:29+08:00 ] ::1 /Files_manage_system/Admin/Performance/train_check
INFO: [ app_init ] --START--
INFO: Run Behavior\BuildLiteBehavior [ RunTime:0.000038s ]
INFO: [ app_init ] --END-- [ RunTime:0.000538s ]
INFO: [ app_begin ] --START--
INFO: Run Behavior\ReadHtmlCacheBehavior [ RunTime:0.000513s ]
INFO: [ app_begin ] --END-- [ RunTime:0.000685s ]
SQL: SHOW COLUMNS FROM `fm_train_info` [ RunTime:0.0555s ]
SQL: SHOW COLUMNS FROM `fm_train_person` [ RunTime:0.1059s ]
SQL: SELECT `id`,`fm_num`,`train_name`,`train_start_date`,`train_end_date`,`train_unit`,`train_lecture` FROM `fm_train_info`  [ RunTime:0.0007s ]
INFO: [ view_parse ] --START--
INFO: [ template_filter ] --START--
INFO: Run Behavior\ContentReplaceBehavior [ RunTime:0.000361s ]
INFO: [ template_filter ] --END-- [ RunTime:0.000757s ]
INFO: Run Behavior\ParseTemplateBehavior [ RunTime:0.019053s ]
INFO: [ view_parse ] --END-- [ RunTime:0.019442s ]
INFO: [ view_filter ] --START--
INFO: Run Behavior\WriteHtmlCacheBehavior [ RunTime:0.000643s ]
INFO: [ view_filter ] --END-- [ RunTime:0.000986s ]
INFO: [ app_end ] --START--
INFO: Run Behavior\ShowPageTraceBehavior [ RunTime:0.001054s ]
INFO: [ app_end ] --END-- [ RunTime:0.001400s ]

