[ 2016-01-18T19:29:09+08:00 ] ::1 /Files_manage_system/Admin/BaseInfo/check
INFO: [ app_init ] --START--
INFO: Run Behavior\BuildLiteBehavior [ RunTime:0.000066s ]
INFO: [ app_init ] --END-- [ RunTime:0.007625s ]
INFO: [ app_begin ] --START--
INFO: Run Behavior\ReadHtmlCacheBehavior [ RunTime:0.029232s ]
INFO: [ app_begin ] --END-- [ RunTime:0.029522s ]
NOTIC: [2048] Declaration of Admin\Controller\BaseInfoController::show() should be compatible with Think\Controller::show($content, $charset = '', $contentType = '', $prefix = '') F:\wamp\www\Files_manage_system\Apps\Admin\Controller\BaseInfoController.class.php 第 568 行.
NOTIC: [8] Undefined index: username F:\wamp\www\Files_manage_system\Apps\Admin\Controller\BaseInfoController.class.php 第 7 行.

[ 2016-01-18T19:29:09+08:00 ] ::1 /Files_manage_system/Admin/BaseInfo/check
INFO: [ app_init ] --START--
INFO: Run Behavior\BuildLiteBehavior [ RunTime:0.000038s ]
INFO: [ app_init ] --END-- [ RunTime:0.000676s ]
INFO: [ app_begin ] --START--
INFO: Run Behavior\ReadHtmlCacheBehavior [ RunTime:0.000629s ]
INFO: [ app_begin ] --END-- [ RunTime:0.000812s ]
NOTIC: [2048] Declaration of Admin\Controller\BaseInfoController::show() should be compatible with Think\Controller::show($content, $charset = '', $contentType = '', $prefix = '') F:\wamp\www\Files_manage_system\Apps\Admin\Controller\BaseInfoController.class.php 第 568 行.
NOTIC: [8] Undefined index: username F:\wamp\www\Files_manage_system\Apps\Admin\Controller\BaseInfoController.class.php 第 7 行.

[ 2016-01-18T19:29:09+08:00 ] ::1 /Files_manage_system/Admin/User/index
INFO: [ app_init ] --START--
INFO: Run Behavior\BuildLiteBehavior [ RunTime:0.000030s ]
INFO: [ app_init ] --END-- [ RunTime:0.000438s ]
INFO: [ app_begin ] --START--
INFO: Run Behavior\ReadHtmlCacheBehavior [ RunTime:0.000433s ]
INFO: [ app_begin ] --END-- [ RunTime:0.000595s ]
INFO: [ view_parse ] --START--
INFO: [ template_filter ] --START--
INFO: Run Behavior\ContentReplaceBehavior [ RunTime:0.000107s ]
INFO: [ template_filter ] --END-- [ RunTime:0.000252s ]
INFO: Run Behavior\ParseTemplateBehavior [ RunTime:0.068636s ]
INFO: [ view_parse ] --END-- [ RunTime:0.068808s ]
INFO: [ view_filter ] --START--
INFO: Run Behavior\WriteHtmlCacheBehavior [ RunTime:0.004821s ]
INFO: [ view_filter ] --END-- [ RunTime:0.004968s ]
INFO: [ app_end ] --START--
INFO: Run Behavior\ShowPageTraceBehavior [ RunTime:0.006106s ]
INFO: [ app_end ] --END-- [ RunTime:0.006252s ]

[ 2016-01-18T19:29:12+08:00 ] ::1 /Files_manage_system/Admin/User/redir_consultation
INFO: [ app_init ] --START--
INFO: Run Behavior\BuildLiteBehavior [ RunTime:0.000036s ]
INFO: [ app_init ] --END-- [ RunTime:0.000562s ]
INFO: [ app_begin ] --START--
INFO: Run Behavior\ReadHtmlCacheBehavior [ RunTime:0.000497s ]
INFO: [ app_begin ] --END-- [ RunTime:0.000688s ]
SQL: SHOW COLUMNS FROM `fm_user` [ RunTime:0.0266s ]
SQL: SELECT * FROM `fm_user` WHERE `password` = '21232f297a57a5a743894a0e4a801fc3'  [ RunTime:0.0014s ]
SQL: SELECT * FROM `fm_user`  [ RunTime:0.0003s ]
NOTIC: [8] A session had already been started - ignoring session_start() F:\wamp\www\Files_manage_system\Apps\Admin\Controller\UserController.class.php 第 28 行.
NOTIC: [8] Undefined index: job F:\wamp\www\Files_manage_system\Apps\Admin\Controller\UserController.class.php 第 29 行.

[ 2016-01-18T19:29:12+08:00 ] ::1 /Files_manage_system/Admin/Index/index
INFO: [ app_init ] --START--
INFO: Run Behavior\BuildLiteBehavior [ RunTime:0.000028s ]
INFO: [ app_init ] --END-- [ RunTime:0.000419s ]
INFO: [ app_begin ] --START--
INFO: Run Behavior\ReadHtmlCacheBehavior [ RunTime:0.000430s ]
INFO: [ app_begin ] --END-- [ RunTime:0.000578s ]
INFO: [ view_parse ] --START--
INFO: [ template_filter ] --START--
INFO: Run Behavior\ContentReplaceBehavior [ RunTime:0.000121s ]
INFO: [ template_filter ] --END-- [ RunTime:0.000274s ]
INFO: Run Behavior\ParseTemplateBehavior [ RunTime:0.020013s ]
INFO: [ view_parse ] --END-- [ RunTime:0.020256s ]
INFO: [ view_filter ] --START--
INFO: Run Behavior\WriteHtmlCacheBehavior [ RunTime:0.000570s ]
INFO: [ view_filter ] --END-- [ RunTime:0.000782s ]
INFO: [ app_end ] --START--
INFO: Run Behavior\ShowPageTraceBehavior [ RunTime:0.000532s ]
INFO: [ app_end ] --END-- [ RunTime:0.000659s ]

[ 2016-01-18T19:29:18+08:00 ] ::1 /Files_manage_system/Admin/Index/index
INFO: [ app_init ] --START--
INFO: Run Behavior\BuildLiteBehavior [ RunTime:0.000227s ]
INFO: [ app_init ] --END-- [ RunTime:0.000966s ]
INFO: [ app_begin ] --START--
INFO: Run Behavior\ReadHtmlCacheBehavior [ RunTime:0.000538s ]
INFO: [ app_begin ] --END-- [ RunTime:0.000776s ]
INFO: [ view_parse ] --START--
INFO: [ template_filter ] --START--
INFO: Run Behavior\ContentReplaceBehavior [ RunTime:0.000155s ]
INFO: [ template_filter ] --END-- [ RunTime:0.000327s ]
INFO: Run Behavior\ParseTemplateBehavior [ RunTime:0.007894s ]
INFO: [ view_parse ] --END-- [ RunTime:0.008086s ]
INFO: [ view_filter ] --START--
INFO: Run Behavior\WriteHtmlCacheBehavior [ RunTime:0.000401s ]
INFO: [ view_filter ] --END-- [ RunTime:0.000619s ]
INFO: [ app_end ] --START--
INFO: Run Behavior\ShowPageTraceBehavior [ RunTime:0.000658s ]
INFO: [ app_end ] --END-- [ RunTime:0.000866s ]

[ 2016-01-18T19:29:20+08:00 ] ::1 /Files_manage_system/Admin/Performance/rnp_check
INFO: [ app_init ] --START--
INFO: Run Behavior\BuildLiteBehavior [ RunTime:0.000035s ]
INFO: [ app_init ] --END-- [ RunTime:0.000492s ]
INFO: [ app_begin ] --START--
INFO: Run Behavior\ReadHtmlCacheBehavior [ RunTime:0.000518s ]
INFO: [ app_begin ] --END-- [ RunTime:0.000680s ]
SQL: SHOW COLUMNS FROM `fm_personal_info` [ RunTime:0.0337s ]
SQL: SELECT * FROM `fm_personal_info`  [ RunTime:0.0014s ]
SQL: SHOW COLUMNS FROM `fm_duty_info` [ RunTime:0.0083s ]
SQL: SELECT * FROM `fm_duty_info`  [ RunTime:0.0004s ]
INFO: [ view_parse ] --START--
INFO: [ template_filter ] --START--
INFO: Run Behavior\ContentReplaceBehavior [ RunTime:0.000137s ]
INFO: [ template_filter ] --END-- [ RunTime:0.000293s ]
INFO: Run Behavior\ParseTemplateBehavior [ RunTime:0.076469s ]
INFO: [ view_parse ] --END-- [ RunTime:0.076707s ]
INFO: [ view_filter ] --START--
INFO: Run Behavior\WriteHtmlCacheBehavior [ RunTime:0.000402s ]
INFO: [ view_filter ] --END-- [ RunTime:0.000630s ]
INFO: [ app_end ] --START--
INFO: Run Behavior\ShowPageTraceBehavior [ RunTime:0.000501s ]
INFO: [ app_end ] --END-- [ RunTime:0.000639s ]

[ 2016-01-18T19:29:22+08:00 ] ::1 /Files_manage_system/Admin/Performance/rnp_list
INFO: [ app_init ] --START--
INFO: Run Behavior\BuildLiteBehavior [ RunTime:0.000034s ]
INFO: [ app_init ] --END-- [ RunTime:0.000487s ]
INFO: [ app_begin ] --START--
INFO: Run Behavior\ReadHtmlCacheBehavior [ RunTime:0.000427s ]
INFO: [ app_begin ] --END-- [ RunTime:0.000551s ]
NOTIC: [8] A session had already been started - ignoring session_start() F:\wamp\www\Files_manage_system\Apps\Admin\Controller\PerformanceController.class.php 第 311 行.
SQL: SHOW COLUMNS FROM `fm_duty_info` [ RunTime:0.0084s ]
SQL: SHOW COLUMNS FROM `fm_rnp_info` [ RunTime:0.0097s ]
SQL: SELECT `emp_name` FROM `fm_duty_info` WHERE ( id=1 )  [ RunTime:0.0003s ]
SQL: SELECT `id`,`fm_num`,`rnp_status`,`rnp_reason`,`rnp_date`,`manage_person`,`manage_date` FROM `fm_rnp_info` WHERE ( emp_id=1 )  [ RunTime:0.0004s ]
INFO: [ view_parse ] --START--
INFO: [ template_filter ] --START--
INFO: Run Behavior\ContentReplaceBehavior [ RunTime:0.000127s ]
INFO: [ template_filter ] --END-- [ RunTime:0.000248s ]
INFO: Run Behavior\ParseTemplateBehavior [ RunTime:0.018492s ]
INFO: [ view_parse ] --END-- [ RunTime:0.018640s ]
INFO: [ view_filter ] --START--
INFO: Run Behavior\WriteHtmlCacheBehavior [ RunTime:0.000262s ]
INFO: [ view_filter ] --END-- [ RunTime:0.000364s ]
INFO: [ app_end ] --START--
INFO: Run Behavior\ShowPageTraceBehavior [ RunTime:0.000398s ]
INFO: [ app_end ] --END-- [ RunTime:0.000501s ]

[ 2016-01-18T19:29:22+08:00 ] ::1 /Files_manage_system/Admin/Performance/rnp_list
INFO: [ app_init ] --START--
INFO: Run Behavior\BuildLiteBehavior [ RunTime:0.000049s ]
INFO: [ app_init ] --END-- [ RunTime:0.000731s ]
INFO: [ app_begin ] --START--
INFO: Run Behavior\ReadHtmlCacheBehavior [ RunTime:0.000424s ]
INFO: [ app_begin ] --END-- [ RunTime:0.000558s ]
NOTIC: [8] Undefined index: id F:\wamp\www\Files_manage_system\Apps\Admin\Controller\PerformanceController.class.php 第 310 行.
SQL: SHOW COLUMNS FROM `fm_duty_info` [ RunTime:0.0046s ]
SQL: SHOW COLUMNS FROM `fm_rnp_info` [ RunTime:0.0050s ]
SQL: SELECT `emp_name` FROM `fm_duty_info` WHERE ( id=1 )  [ RunTime:0.0003s ]
SQL: SELECT `id`,`fm_num`,`rnp_status`,`rnp_reason`,`rnp_date`,`manage_person`,`manage_date` FROM `fm_rnp_info` WHERE ( emp_id=1 )  [ RunTime:0.0003s ]
INFO: [ view_parse ] --START--
INFO: [ template_filter ] --START--
INFO: Run Behavior\ContentReplaceBehavior [ RunTime:0.000125s ]
INFO: [ template_filter ] --END-- [ RunTime:0.000267s ]
INFO: Run Behavior\ParseTemplateBehavior [ RunTime:0.008834s ]
INFO: [ view_parse ] --END-- [ RunTime:0.008987s ]
INFO: [ view_filter ] --START--
INFO: Run Behavior\WriteHtmlCacheBehavior [ RunTime:0.000270s ]
INFO: [ view_filter ] --END-- [ RunTime:0.000401s ]
INFO: [ app_end ] --START--
INFO: Run Behavior\ShowPageTraceBehavior [ RunTime:0.000499s ]
INFO: [ app_end ] --END-- [ RunTime:0.000637s ]

[ 2016-01-18T19:29:24+08:00 ] ::1 /Files_manage_system/Admin/Performance/rnp_show
INFO: [ app_init ] --START--
INFO: Run Behavior\BuildLiteBehavior [ RunTime:0.000035s ]
INFO: [ app_init ] --END-- [ RunTime:0.000516s ]
INFO: [ app_begin ] --START--
INFO: Run Behavior\ReadHtmlCacheBehavior [ RunTime:0.000469s ]
INFO: [ app_begin ] --END-- [ RunTime:0.000599s ]
NOTIC: [8] A session had already been started - ignoring session_start() F:\wamp\www\Files_manage_system\Apps\Admin\Controller\PerformanceController.class.php 第 393 行.
SQL: SHOW COLUMNS FROM `fm_rnp_info` [ RunTime:0.0077s ]
SQL: SELECT * FROM `fm_rnp_info` WHERE ( id=1 )  [ RunTime:0.0004s ]
INFO: [ view_parse ] --START--
INFO: [ template_filter ] --START--
INFO: Run Behavior\ContentReplaceBehavior [ RunTime:0.000153s ]
INFO: [ template_filter ] --END-- [ RunTime:0.000268s ]
NOTIC: [8] Undefined variable: rnp_content F:\wamp\www\Files_manage_system\Apps\Runtime\Cache\Admin\b3f6a9d9bc8843f90ab2e0d144d47dfe.php 第 164 行.
NOTIC: [8] Undefined variable: employee_data_str F:\wamp\www\Files_manage_system\Apps\Runtime\Cache\Admin\b3f6a9d9bc8843f90ab2e0d144d47dfe.php 第 169 行.
NOTIC: [8] Undefined variable: emp_data_str F:\wamp\www\Files_manage_system\Apps\Runtime\Cache\Admin\b3f6a9d9bc8843f90ab2e0d144d47dfe.php 第 172 行.
INFO: Run Behavior\ParseTemplateBehavior [ RunTime:0.019532s ]
INFO: [ view_parse ] --END-- [ RunTime:0.019665s ]
INFO: [ view_filter ] --START--
INFO: Run Behavior\WriteHtmlCacheBehavior [ RunTime:0.000268s ]
INFO: [ view_filter ] --END-- [ RunTime:0.000452s ]
INFO: [ app_end ] --START--
INFO: Run Behavior\ShowPageTraceBehavior [ RunTime:0.000420s ]
INFO: [ app_end ] --END-- [ RunTime:0.000534s ]

[ 2016-01-18T19:29:24+08:00 ] ::1 /Files_manage_system/Admin/Performance/rnp_show
INFO: [ app_init ] --START--
INFO: Run Behavior\BuildLiteBehavior [ RunTime:0.000031s ]
INFO: [ app_init ] --END-- [ RunTime:0.000449s ]
INFO: [ app_begin ] --START--
INFO: Run Behavior\ReadHtmlCacheBehavior [ RunTime:0.000489s ]
INFO: [ app_begin ] --END-- [ RunTime:0.000652s ]
NOTIC: [8] Undefined index: id F:\wamp\www\Files_manage_system\Apps\Admin\Controller\PerformanceController.class.php 第 392 行.
SQL: SHOW COLUMNS FROM `fm_rnp_info` [ RunTime:0.0041s ]
SQL: SELECT * FROM `fm_rnp_info` WHERE ( id=1 )  [ RunTime:0.0004s ]
INFO: [ view_parse ] --START--
INFO: [ template_filter ] --START--
INFO: Run Behavior\ContentReplaceBehavior [ RunTime:0.000153s ]
INFO: [ template_filter ] --END-- [ RunTime:0.000315s ]
NOTIC: [8] Undefined variable: rnp_content F:\wamp\www\Files_manage_system\Apps\Runtime\Cache\Admin\b3f6a9d9bc8843f90ab2e0d144d47dfe.php 第 164 行.
NOTIC: [8] Undefined variable: employee_data_str F:\wamp\www\Files_manage_system\Apps\Runtime\Cache\Admin\b3f6a9d9bc8843f90ab2e0d144d47dfe.php 第 169 行.
NOTIC: [8] Undefined variable: emp_data_str F:\wamp\www\Files_manage_system\Apps\Runtime\Cache\Admin\b3f6a9d9bc8843f90ab2e0d144d47dfe.php 第 172 行.
INFO: Run Behavior\ParseTemplateBehavior [ RunTime:0.009987s ]
INFO: [ view_parse ] --END-- [ RunTime:0.010126s ]
INFO: [ view_filter ] --START--
INFO: Run Behavior\WriteHtmlCacheBehavior [ RunTime:0.000281s ]
INFO: [ view_filter ] --END-- [ RunTime:0.000410s ]
INFO: [ app_end ] --START--
INFO: Run Behavior\ShowPageTraceBehavior [ RunTime:0.000448s ]
INFO: [ app_end ] --END-- [ RunTime:0.000581s ]

[ 2016-01-18T19:31:00+08:00 ] ::1 /Files_manage_system/Admin/Performance/rnp_list
INFO: [ app_init ] --START--
INFO: Run Behavior\BuildLiteBehavior [ RunTime:0.000032s ]
INFO: [ app_init ] --END-- [ RunTime:0.000562s ]
INFO: [ app_begin ] --START--
INFO: Run Behavior\ReadHtmlCacheBehavior [ RunTime:0.000536s ]
INFO: [ app_begin ] --END-- [ RunTime:0.000763s ]
NOTIC: [8] Undefined index: id F:\wamp\www\Files_manage_system\Apps\Admin\Controller\PerformanceController.class.php 第 310 行.
SQL: SHOW COLUMNS FROM `fm_duty_info` [ RunTime:0.0109s ]
SQL: SHOW COLUMNS FROM `fm_rnp_info` [ RunTime:0.0061s ]
SQL: SELECT `emp_name` FROM `fm_duty_info` WHERE ( id=1 )  [ RunTime:0.0003s ]
SQL: SELECT `id`,`fm_num`,`rnp_status`,`rnp_reason`,`rnp_date`,`manage_person`,`manage_date` FROM `fm_rnp_info` WHERE ( emp_id=1 )  [ RunTime:0.0003s ]
INFO: [ view_parse ] --START--
INFO: [ template_filter ] --START--
INFO: Run Behavior\ContentReplaceBehavior [ RunTime:0.000137s ]
INFO: [ template_filter ] --END-- [ RunTime:0.000283s ]
INFO: Run Behavior\ParseTemplateBehavior [ RunTime:0.007754s ]
INFO: [ view_parse ] --END-- [ RunTime:0.007947s ]
INFO: [ view_filter ] --START--
INFO: Run Behavior\WriteHtmlCacheBehavior [ RunTime:0.000378s ]
INFO: [ view_filter ] --END-- [ RunTime:0.000562s ]
INFO: [ app_end ] --START--
INFO: Run Behavior\ShowPageTraceBehavior [ RunTime:0.000703s ]
INFO: [ app_end ] --END-- [ RunTime:0.000920s ]

[ 2016-01-18T19:41:38+08:00 ] ::1 /Files_manage_system/Admin/Performance/rnp_check
INFO: [ app_init ] --START--
INFO: Run Behavior\BuildLiteBehavior [ RunTime:0.000036s ]
INFO: [ app_init ] --END-- [ RunTime:0.000628s ]
INFO: [ app_begin ] --START--
INFO: Run Behavior\ReadHtmlCacheBehavior [ RunTime:0.000603s ]
INFO: [ app_begin ] --END-- [ RunTime:0.000739s ]
SQL: SHOW COLUMNS FROM `fm_personal_info` [ RunTime:0.0120s ]
SQL: SELECT * FROM `fm_personal_info`  [ RunTime:0.0004s ]
SQL: SHOW COLUMNS FROM `fm_duty_info` [ RunTime:0.0064s ]
SQL: SELECT * FROM `fm_duty_info`  [ RunTime:0.0004s ]
INFO: [ view_parse ] --START--
INFO: [ template_filter ] --START--
INFO: Run Behavior\ContentReplaceBehavior [ RunTime:0.000140s ]
INFO: [ template_filter ] --END-- [ RunTime:0.000295s ]
INFO: Run Behavior\ParseTemplateBehavior [ RunTime:0.008563s ]
INFO: [ view_parse ] --END-- [ RunTime:0.008734s ]
INFO: [ view_filter ] --START--
INFO: Run Behavior\WriteHtmlCacheBehavior [ RunTime:0.000378s ]
INFO: [ view_filter ] --END-- [ RunTime:0.000511s ]
INFO: [ app_end ] --START--
INFO: Run Behavior\ShowPageTraceBehavior [ RunTime:0.000513s ]
INFO: [ app_end ] --END-- [ RunTime:0.000686s ]

[ 2016-01-18T19:41:40+08:00 ] ::1 /Files_manage_system/Admin/Performance/attendence_check
INFO: [ app_init ] --START--
INFO: Run Behavior\BuildLiteBehavior [ RunTime:0.000035s ]
INFO: [ app_init ] --END-- [ RunTime:0.000490s ]
INFO: [ app_begin ] --START--
INFO: Run Behavior\ReadHtmlCacheBehavior [ RunTime:0.000502s ]
INFO: [ app_begin ] --END-- [ RunTime:0.000663s ]
SQL: SHOW COLUMNS FROM `fm_personal_info` [ RunTime:0.0085s ]
SQL: SELECT * FROM `fm_personal_info`  [ RunTime:0.0004s ]
SQL: SHOW COLUMNS FROM `fm_duty_info` [ RunTime:0.0069s ]
SQL: SELECT * FROM `fm_duty_info`  [ RunTime:0.0004s ]
INFO: [ view_parse ] --START--
INFO: [ template_filter ] --START--
INFO: Run Behavior\ContentReplaceBehavior [ RunTime:0.000129s ]
INFO: [ template_filter ] --END-- [ RunTime:0.000270s ]
INFO: Run Behavior\ParseTemplateBehavior [ RunTime:0.043800s ]
INFO: [ view_parse ] --END-- [ RunTime:0.044059s ]
INFO: [ view_filter ] --START--
INFO: Run Behavior\WriteHtmlCacheBehavior [ RunTime:0.000264s ]
INFO: [ view_filter ] --END-- [ RunTime:0.000389s ]
INFO: [ app_end ] --START--
INFO: Run Behavior\ShowPageTraceBehavior [ RunTime:0.000613s ]
INFO: [ app_end ] --END-- [ RunTime:0.000747s ]

[ 2016-01-18T19:41:41+08:00 ] ::1 /Files_manage_system/Admin/Performance/rnp_check
INFO: [ app_init ] --START--
INFO: Run Behavior\BuildLiteBehavior [ RunTime:0.000036s ]
INFO: [ app_init ] --END-- [ RunTime:0.000513s ]
INFO: [ app_begin ] --START--
INFO: Run Behavior\ReadHtmlCacheBehavior [ RunTime:0.000528s ]
INFO: [ app_begin ] --END-- [ RunTime:0.000690s ]
SQL: SHOW COLUMNS FROM `fm_personal_info` [ RunTime:0.0088s ]
SQL: SELECT * FROM `fm_personal_info`  [ RunTime:0.0004s ]
SQL: SHOW COLUMNS FROM `fm_duty_info` [ RunTime:0.0069s ]
SQL: SELECT * FROM `fm_duty_info`  [ RunTime:0.0004s ]
INFO: [ view_parse ] --START--
INFO: [ template_filter ] --START--
INFO: Run Behavior\ContentReplaceBehavior [ RunTime:0.000154s ]
INFO: [ template_filter ] --END-- [ RunTime:0.000309s ]
INFO: Run Behavior\ParseTemplateBehavior [ RunTime:0.008233s ]
INFO: [ view_parse ] --END-- [ RunTime:0.008394s ]
INFO: [ view_filter ] --START--
INFO: Run Behavior\WriteHtmlCacheBehavior [ RunTime:0.000283s ]
INFO: [ view_filter ] --END-- [ RunTime:0.000416s ]
INFO: [ app_end ] --START--
INFO: Run Behavior\ShowPageTraceBehavior [ RunTime:0.000493s ]
INFO: [ app_end ] --END-- [ RunTime:0.000660s ]

[ 2016-01-18T19:41:43+08:00 ] ::1 /Files_manage_system/Admin/Performance/rnp_list
INFO: [ app_init ] --START--
INFO: Run Behavior\BuildLiteBehavior [ RunTime:0.000035s ]
INFO: [ app_init ] --END-- [ RunTime:0.000545s ]
INFO: [ app_begin ] --START--
INFO: Run Behavior\ReadHtmlCacheBehavior [ RunTime:0.000518s ]
INFO: [ app_begin ] --END-- [ RunTime:0.000681s ]
NOTIC: [8] A session had already been started - ignoring session_start() F:\wamp\www\Files_manage_system\Apps\Admin\Controller\PerformanceController.class.php 第 311 行.
SQL: SHOW COLUMNS FROM `fm_duty_info` [ RunTime:0.0082s ]
SQL: SHOW COLUMNS FROM `fm_rnp_info` [ RunTime:0.0097s ]
SQL: SELECT `emp_name` FROM `fm_duty_info` WHERE ( id=1 )  [ RunTime:0.0003s ]
SQL: SELECT `id`,`fm_num`,`rnp_status`,`rnp_reason`,`rnp_date`,`manage_person`,`manage_date` FROM `fm_rnp_info` WHERE ( emp_id=1 )  [ RunTime:0.0003s ]
INFO: [ view_parse ] --START--
INFO: [ template_filter ] --START--
INFO: Run Behavior\ContentReplaceBehavior [ RunTime:0.000126s ]
INFO: [ template_filter ] --END-- [ RunTime:0.000238s ]
INFO: Run Behavior\ParseTemplateBehavior [ RunTime:0.007611s ]
INFO: [ view_parse ] --END-- [ RunTime:0.007740s ]
INFO: [ view_filter ] --START--
INFO: Run Behavior\WriteHtmlCacheBehavior [ RunTime:0.000260s ]
INFO: [ view_filter ] --END-- [ RunTime:0.000363s ]
INFO: [ app_end ] --START--
INFO: Run Behavior\ShowPageTraceBehavior [ RunTime:0.000498s ]
INFO: [ app_end ] --END-- [ RunTime:0.000616s ]

[ 2016-01-18T19:41:43+08:00 ] ::1 /Files_manage_system/Admin/Performance/rnp_list
INFO: [ app_init ] --START--
INFO: Run Behavior\BuildLiteBehavior [ RunTime:0.000029s ]
INFO: [ app_init ] --END-- [ RunTime:0.000440s ]
INFO: [ app_begin ] --START--
INFO: Run Behavior\ReadHtmlCacheBehavior [ RunTime:0.000440s ]
INFO: [ app_begin ] --END-- [ RunTime:0.000570s ]
NOTIC: [8] Undefined index: id F:\wamp\www\Files_manage_system\Apps\Admin\Controller\PerformanceController.class.php 第 310 行.
SQL: SHOW COLUMNS FROM `fm_duty_info` [ RunTime:0.0053s ]
SQL: SHOW COLUMNS FROM `fm_rnp_info` [ RunTime:0.0040s ]
SQL: SELECT `emp_name` FROM `fm_duty_info` WHERE ( id=1 )  [ RunTime:0.0003s ]
SQL: SELECT `id`,`fm_num`,`rnp_status`,`rnp_reason`,`rnp_date`,`manage_person`,`manage_date` FROM `fm_rnp_info` WHERE ( emp_id=1 )  [ RunTime:0.0003s ]
INFO: [ view_parse ] --START--
INFO: [ template_filter ] --START--
INFO: Run Behavior\ContentReplaceBehavior [ RunTime:0.000129s ]
INFO: [ template_filter ] --END-- [ RunTime:0.000271s ]
INFO: Run Behavior\ParseTemplateBehavior [ RunTime:0.009554s ]
INFO: [ view_parse ] --END-- [ RunTime:0.009703s ]
INFO: [ view_filter ] --START--
INFO: Run Behavior\WriteHtmlCacheBehavior [ RunTime:0.000254s ]
INFO: [ view_filter ] --END-- [ RunTime:0.000377s ]
INFO: [ app_end ] --START--
INFO: Run Behavior\ShowPageTraceBehavior [ RunTime:0.000491s ]
INFO: [ app_end ] --END-- [ RunTime:0.000656s ]

[ 2016-01-18T19:41:46+08:00 ] ::1 /Files_manage_system/Admin/Performance/rnp_check
INFO: [ app_init ] --START--
INFO: Run Behavior\BuildLiteBehavior [ RunTime:0.000035s ]
INFO: [ app_init ] --END-- [ RunTime:0.000499s ]
INFO: [ app_begin ] --START--
INFO: Run Behavior\ReadHtmlCacheBehavior [ RunTime:0.000527s ]
INFO: [ app_begin ] --END-- [ RunTime:0.000720s ]
SQL: SHOW COLUMNS FROM `fm_personal_info` [ RunTime:0.0098s ]
SQL: SELECT * FROM `fm_personal_info`  [ RunTime:0.0004s ]
SQL: SHOW COLUMNS FROM `fm_duty_info` [ RunTime:0.0078s ]
SQL: SELECT * FROM `fm_duty_info`  [ RunTime:0.0004s ]
INFO: [ view_parse ] --START--
INFO: [ template_filter ] --START--
INFO: Run Behavior\ContentReplaceBehavior [ RunTime:0.000159s ]
INFO: [ template_filter ] --END-- [ RunTime:0.000354s ]
INFO: Run Behavior\ParseTemplateBehavior [ RunTime:0.009337s ]
INFO: [ view_parse ] --END-- [ RunTime:0.009547s ]
INFO: [ view_filter ] --START--
INFO: Run Behavior\WriteHtmlCacheBehavior [ RunTime:0.000323s ]
INFO: [ view_filter ] --END-- [ RunTime:0.000481s ]
INFO: [ app_end ] --START--
INFO: Run Behavior\ShowPageTraceBehavior [ RunTime:0.000620s ]
INFO: [ app_end ] --END-- [ RunTime:0.000774s ]

[ 2016-01-18T19:43:48+08:00 ] ::1 /Files_manage_system/Admin/Performance/rnp_check
INFO: [ app_init ] --START--
INFO: Run Behavior\BuildLiteBehavior [ RunTime:0.000038s ]
INFO: [ app_init ] --END-- [ RunTime:0.000581s ]
INFO: [ app_begin ] --START--
INFO: Run Behavior\ReadHtmlCacheBehavior [ RunTime:0.000780s ]
INFO: [ app_begin ] --END-- [ RunTime:0.001011s ]
SQL: SHOW COLUMNS FROM `fm_personal_info` [ RunTime:0.0096s ]
SQL: SELECT * FROM `fm_personal_info`  [ RunTime:0.0005s ]
SQL: SHOW COLUMNS FROM `fm_duty_info` [ RunTime:0.0075s ]
SQL: SELECT * FROM `fm_duty_info`  [ RunTime:0.0004s ]
INFO: [ view_parse ] --START--
INFO: [ template_filter ] --START--
INFO: Run Behavior\ContentReplaceBehavior [ RunTime:0.000167s ]
INFO: [ template_filter ] --END-- [ RunTime:0.000344s ]
INFO: Run Behavior\ParseTemplateBehavior [ RunTime:0.010633s ]
INFO: [ view_parse ] --END-- [ RunTime:0.010833s ]
INFO: [ view_filter ] --START--
INFO: Run Behavior\WriteHtmlCacheBehavior [ RunTime:0.000429s ]
INFO: [ view_filter ] --END-- [ RunTime:0.000584s ]
INFO: [ app_end ] --START--
INFO: Run Behavior\ShowPageTraceBehavior [ RunTime:0.000709s ]
INFO: [ app_end ] --END-- [ RunTime:0.000889s ]

[ 2016-01-18T20:26:14+08:00 ] ::1 /Files_manage_system/Admin/Performance/rnp_check
INFO: [ app_init ] --START--
INFO: Run Behavior\BuildLiteBehavior [ RunTime:0.000029s ]
INFO: [ app_init ] --END-- [ RunTime:0.000517s ]
INFO: [ app_begin ] --START--
INFO: Run Behavior\ReadHtmlCacheBehavior [ RunTime:0.000604s ]
INFO: [ app_begin ] --END-- [ RunTime:0.000750s ]
SQL: SHOW COLUMNS FROM `fm_personal_info` [ RunTime:0.0123s ]
SQL: SELECT * FROM `fm_personal_info`  [ RunTime:0.0004s ]
SQL: SHOW COLUMNS FROM `fm_duty_info` [ RunTime:0.0089s ]
SQL: SELECT * FROM `fm_duty_info`  [ RunTime:0.0004s ]
INFO: [ view_parse ] --START--
INFO: [ template_filter ] --START--
INFO: Run Behavior\ContentReplaceBehavior [ RunTime:0.000156s ]
INFO: [ template_filter ] --END-- [ RunTime:0.000297s ]
INFO: Run Behavior\ParseTemplateBehavior [ RunTime:0.013416s ]
INFO: [ view_parse ] --END-- [ RunTime:0.013666s ]
INFO: [ view_filter ] --START--
INFO: Run Behavior\WriteHtmlCacheBehavior [ RunTime:0.000739s ]
INFO: [ view_filter ] --END-- [ RunTime:0.000962s ]
INFO: [ app_end ] --START--
INFO: Run Behavior\ShowPageTraceBehavior [ RunTime:0.000539s ]
INFO: [ app_end ] --END-- [ RunTime:0.000675s ]

[ 2016-01-18T20:26:15+08:00 ] ::1 /Files_manage_system/Admin/Performance/train_check
INFO: [ app_init ] --START--
INFO: Run Behavior\BuildLiteBehavior [ RunTime:0.000044s ]
INFO: [ app_init ] --END-- [ RunTime:0.000647s ]
INFO: [ app_begin ] --START--
INFO: Run Behavior\ReadHtmlCacheBehavior [ RunTime:0.000990s ]
INFO: [ app_begin ] --END-- [ RunTime:0.001227s ]
INFO: [ view_parse ] --START--
INFO: [ template_filter ] --START--
INFO: Run Behavior\ContentReplaceBehavior [ RunTime:0.000148s ]
INFO: [ template_filter ] --END-- [ RunTime:0.000362s ]
NOTIC: [8] Undefined variable: infoData F:\wamp\www\Files_manage_system\Apps\Runtime\Cache\Admin\05287fbc7eae6516f0df8266015b909b.php 第 107 行.
INFO: Run Behavior\ParseTemplateBehavior [ RunTime:0.010675s ]
INFO: [ view_parse ] --END-- [ RunTime:0.010835s ]
INFO: [ view_filter ] --START--
INFO: Run Behavior\WriteHtmlCacheBehavior [ RunTime:0.000336s ]
INFO: [ view_filter ] --END-- [ RunTime:0.000475s ]
INFO: [ app_end ] --START--
INFO: Run Behavior\ShowPageTraceBehavior [ RunTime:0.000519s ]
INFO: [ app_end ] --END-- [ RunTime:0.000646s ]

[ 2016-01-18T20:28:17+08:00 ] ::1 /Files_manage_system/Admin/Performance/train_check
INFO: [ app_init ] --START--
INFO: Run Behavior\BuildLiteBehavior [ RunTime:0.000060s ]
INFO: [ app_init ] --END-- [ RunTime:0.001117s ]
INFO: [ app_begin ] --START--
INFO: Run Behavior\ReadHtmlCacheBehavior [ RunTime:0.000625s ]
INFO: [ app_begin ] --END-- [ RunTime:0.000769s ]
INFO: [ view_parse ] --START--
INFO: [ template_filter ] --START--
INFO: Run Behavior\ContentReplaceBehavior [ RunTime:0.000142s ]
INFO: [ template_filter ] --END-- [ RunTime:0.000312s ]
NOTIC: [8] Undefined variable: infoData F:\wamp\www\Files_manage_system\Apps\Runtime\Cache\Admin\05287fbc7eae6516f0df8266015b909b.php 第 107 行.
INFO: Run Behavior\ParseTemplateBehavior [ RunTime:0.015375s ]
INFO: [ view_parse ] --END-- [ RunTime:0.015524s ]
INFO: [ view_filter ] --START--
INFO: Run Behavior\WriteHtmlCacheBehavior [ RunTime:0.000334s ]
INFO: [ view_filter ] --END-- [ RunTime:0.000457s ]
INFO: [ app_end ] --START--
INFO: Run Behavior\ShowPageTraceBehavior [ RunTime:0.000543s ]
INFO: [ app_end ] --END-- [ RunTime:0.000667s ]

[ 2016-01-18T20:41:39+08:00 ] ::1 /Files_manage_system/Admin/Performance/train_check
INFO: [ app_init ] --START--
INFO: Run Behavior\BuildLiteBehavior [ RunTime:0.000029s ]
INFO: [ app_init ] --END-- [ RunTime:0.000465s ]
INFO: [ app_begin ] --START--
INFO: Run Behavior\ReadHtmlCacheBehavior [ RunTime:0.000538s ]
INFO: [ app_begin ] --END-- [ RunTime:0.000670s ]
INFO: [ view_parse ] --START--
INFO: [ template_filter ] --START--
INFO: Run Behavior\ContentReplaceBehavior [ RunTime:0.000150s ]
INFO: [ template_filter ] --END-- [ RunTime:0.000316s ]
NOTIC: [8] Undefined variable: infoData F:\wamp\www\Files_manage_system\Apps\Runtime\Cache\Admin\05287fbc7eae6516f0df8266015b909b.php 第 107 行.
INFO: Run Behavior\ParseTemplateBehavior [ RunTime:0.009262s ]
INFO: [ view_parse ] --END-- [ RunTime:0.009535s ]
INFO: [ view_filter ] --START--
INFO: Run Behavior\WriteHtmlCacheBehavior [ RunTime:0.000405s ]
INFO: [ view_filter ] --END-- [ RunTime:0.000547s ]
INFO: [ app_end ] --START--
INFO: Run Behavior\ShowPageTraceBehavior [ RunTime:0.000489s ]
INFO: [ app_end ] --END-- [ RunTime:0.000615s ]

[ 2016-01-18T20:41:39+08:00 ] ::1 /Files_manage_system/Admin/Performance/train_check
INFO: [ app_init ] --START--
INFO: Run Behavior\BuildLiteBehavior [ RunTime:0.000040s ]
INFO: [ app_init ] --END-- [ RunTime:0.000639s ]
INFO: [ app_begin ] --START--
INFO: Run Behavior\ReadHtmlCacheBehavior [ RunTime:0.000780s ]
INFO: [ app_begin ] --END-- [ RunTime:0.001009s ]
INFO: [ view_parse ] --START--
INFO: [ template_filter ] --START--
INFO: Run Behavior\ContentReplaceBehavior [ RunTime:0.000233s ]
INFO: [ template_filter ] --END-- [ RunTime:0.000510s ]
NOTIC: [8] Undefined variable: infoData F:\wamp\www\Files_manage_system\Apps\Runtime\Cache\Admin\05287fbc7eae6516f0df8266015b909b.php 第 107 行.
INFO: Run Behavior\ParseTemplateBehavior [ RunTime:0.011432s ]
INFO: [ view_parse ] --END-- [ RunTime:0.011616s ]
INFO: [ view_filter ] --START--
INFO: Run Behavior\WriteHtmlCacheBehavior [ RunTime:0.000388s ]
INFO: [ view_filter ] --END-- [ RunTime:0.000523s ]
INFO: [ app_end ] --START--
INFO: Run Behavior\ShowPageTraceBehavior [ RunTime:0.000550s ]
INFO: [ app_end ] --END-- [ RunTime:0.000689s ]

[ 2016-01-18T20:41:40+08:00 ] ::1 /Files_manage_system/Admin/Performance/train_check
INFO: [ app_init ] --START--
INFO: Run Behavior\BuildLiteBehavior [ RunTime:0.000065s ]
INFO: [ app_init ] --END-- [ RunTime:0.000828s ]
INFO: [ app_begin ] --START--
INFO: Run Behavior\ReadHtmlCacheBehavior [ RunTime:0.000522s ]
INFO: [ app_begin ] --END-- [ RunTime:0.000688s ]
INFO: [ view_parse ] --START--
INFO: [ template_filter ] --START--
INFO: Run Behavior\ContentReplaceBehavior [ RunTime:0.000124s ]
INFO: [ template_filter ] --END-- [ RunTime:0.000259s ]
NOTIC: [8] Undefined variable: infoData F:\wamp\www\Files_manage_system\Apps\Runtime\Cache\Admin\05287fbc7eae6516f0df8266015b909b.php 第 107 行.
INFO: Run Behavior\ParseTemplateBehavior [ RunTime:0.009253s ]
INFO: [ view_parse ] --END-- [ RunTime:0.009489s ]
INFO: [ view_filter ] --START--
INFO: Run Behavior\WriteHtmlCacheBehavior [ RunTime:0.000841s ]
INFO: [ view_filter ] --END-- [ RunTime:0.001252s ]
INFO: [ app_end ] --START--
INFO: Run Behavior\ShowPageTraceBehavior [ RunTime:0.000630s ]
INFO: [ app_end ] --END-- [ RunTime:0.000784s ]

[ 2016-01-18T20:42:03+08:00 ] ::1 /Files_manage_system/Admin/Performance/train_check
INFO: [ app_init ] --START--
INFO: Run Behavior\BuildLiteBehavior [ RunTime:0.000030s ]
INFO: [ app_init ] --END-- [ RunTime:0.000428s ]
INFO: [ app_begin ] --START--
INFO: Run Behavior\ReadHtmlCacheBehavior [ RunTime:0.000447s ]
INFO: [ app_begin ] --END-- [ RunTime:0.000596s ]
INFO: [ view_parse ] --START--
INFO: [ template_filter ] --START--
INFO: Run Behavior\ContentReplaceBehavior [ RunTime:0.000185s ]
INFO: [ template_filter ] --END-- [ RunTime:0.000474s ]
NOTIC: [8] Undefined variable: infoData F:\wamp\www\Files_manage_system\Apps\Runtime\Cache\Admin\05287fbc7eae6516f0df8266015b909b.php 第 107 行.
INFO: Run Behavior\ParseTemplateBehavior [ RunTime:0.015301s ]
INFO: [ view_parse ] --END-- [ RunTime:0.015462s ]
INFO: [ view_filter ] --START--
INFO: Run Behavior\WriteHtmlCacheBehavior [ RunTime:0.000273s ]
INFO: [ view_filter ] --END-- [ RunTime:0.000402s ]
INFO: [ app_end ] --START--
INFO: Run Behavior\ShowPageTraceBehavior [ RunTime:0.000447s ]
INFO: [ app_end ] --END-- [ RunTime:0.000584s ]

[ 2016-01-18T20:42:04+08:00 ] ::1 /Files_manage_system/Admin/Performance/train_create
INFO: [ app_init ] --START--
INFO: Run Behavior\BuildLiteBehavior [ RunTime:0.000035s ]
INFO: [ app_init ] --END-- [ RunTime:0.000541s ]
INFO: [ app_begin ] --START--
INFO: Run Behavior\ReadHtmlCacheBehavior [ RunTime:0.000769s ]
INFO: [ app_begin ] --END-- [ RunTime:0.000978s ]
INFO: [ view_parse ] --START--
INFO: [ template_filter ] --START--
INFO: Run Behavior\ContentReplaceBehavior [ RunTime:0.000156s ]
INFO: [ template_filter ] --END-- [ RunTime:0.000307s ]
NOTIC: [8] Undefined variable: department_data_str F:\wamp\www\Files_manage_system\Apps\Runtime\Cache\Admin\4e7097d96be5ac49cf07ec66f817826d.php 第 103 行.
NOTIC: [8] Undefined variable: emp_id F:\wamp\www\Files_manage_system\Apps\Runtime\Cache\Admin\4e7097d96be5ac49cf07ec66f817826d.php 第 119 行.
NOTIC: [8] Undefined variable: employee_data_str F:\wamp\www\Files_manage_system\Apps\Runtime\Cache\Admin\4e7097d96be5ac49cf07ec66f817826d.php 第 167 行.
NOTIC: [8] Undefined variable: emp_data_str F:\wamp\www\Files_manage_system\Apps\Runtime\Cache\Admin\4e7097d96be5ac49cf07ec66f817826d.php 第 170 行.
NOTIC: [8] Undefined variable: emp_id F:\wamp\www\Files_manage_system\Apps\Runtime\Cache\Admin\4e7097d96be5ac49cf07ec66f817826d.php 第 171 行.
INFO: Run Behavior\ParseTemplateBehavior [ RunTime:0.016078s ]
INFO: [ view_parse ] --END-- [ RunTime:0.016277s ]
INFO: [ view_filter ] --START--
INFO: Run Behavior\WriteHtmlCacheBehavior [ RunTime:0.000355s ]
INFO: [ view_filter ] --END-- [ RunTime:0.000487s ]
INFO: [ app_end ] --START--
INFO: Run Behavior\ShowPageTraceBehavior [ RunTime:0.000522s ]
INFO: [ app_end ] --END-- [ RunTime:0.000655s ]

[ 2016-01-18T20:42:06+08:00 ] ::1 /Files_manage_system/Admin/Performance/rnp_check
INFO: [ app_init ] --START--
INFO: Run Behavior\BuildLiteBehavior [ RunTime:0.000035s ]
INFO: [ app_init ] --END-- [ RunTime:0.000501s ]
INFO: [ app_begin ] --START--
INFO: Run Behavior\ReadHtmlCacheBehavior [ RunTime:0.000775s ]
INFO: [ app_begin ] --END-- [ RunTime:0.001036s ]
SQL: SHOW COLUMNS FROM `fm_personal_info` [ RunTime:0.1301s ]
SQL: SELECT * FROM `fm_personal_info`  [ RunTime:0.0004s ]
SQL: SHOW COLUMNS FROM `fm_duty_info` [ RunTime:0.0095s ]
SQL: SELECT * FROM `fm_duty_info`  [ RunTime:0.0004s ]
INFO: [ view_parse ] --START--
INFO: [ template_filter ] --START--
INFO: Run Behavior\ContentReplaceBehavior [ RunTime:0.000157s ]
INFO: [ template_filter ] --END-- [ RunTime:0.000358s ]
INFO: Run Behavior\ParseTemplateBehavior [ RunTime:0.011305s ]
INFO: [ view_parse ] --END-- [ RunTime:0.011578s ]
INFO: [ view_filter ] --START--
INFO: Run Behavior\WriteHtmlCacheBehavior [ RunTime:0.000704s ]
INFO: [ view_filter ] --END-- [ RunTime:0.001027s ]
INFO: [ app_end ] --START--
INFO: Run Behavior\ShowPageTraceBehavior [ RunTime:0.001669s ]
INFO: [ app_end ] --END-- [ RunTime:0.002020s ]

[ 2016-01-18T22:41:39+08:00 ] ::1 /Files_manage_system/Admin/Performance/rnp_check
INFO: [ app_init ] --START--
INFO: Run Behavior\BuildLiteBehavior [ RunTime:0.000029s ]
INFO: [ app_init ] --END-- [ RunTime:0.000504s ]
INFO: [ app_begin ] --START--
INFO: Run Behavior\ReadHtmlCacheBehavior [ RunTime:0.000572s ]
INFO: [ app_begin ] --END-- [ RunTime:0.000740s ]
SQL: SHOW COLUMNS FROM `fm_personal_info` [ RunTime:0.0092s ]
SQL: SELECT * FROM `fm_personal_info`  [ RunTime:0.0005s ]
SQL: SHOW COLUMNS FROM `fm_duty_info` [ RunTime:0.0062s ]
SQL: SELECT * FROM `fm_duty_info`  [ RunTime:0.0004s ]
INFO: [ view_parse ] --START--
INFO: [ template_filter ] --START--
INFO: Run Behavior\ContentReplaceBehavior [ RunTime:0.000241s ]
INFO: [ template_filter ] --END-- [ RunTime:0.000533s ]
INFO: Run Behavior\ParseTemplateBehavior [ RunTime:0.009729s ]
INFO: [ view_parse ] --END-- [ RunTime:0.009879s ]
INFO: [ view_filter ] --START--
INFO: Run Behavior\WriteHtmlCacheBehavior [ RunTime:0.000354s ]
INFO: [ view_filter ] --END-- [ RunTime:0.000489s ]
INFO: [ app_end ] --START--
INFO: Run Behavior\ShowPageTraceBehavior [ RunTime:0.000523s ]
INFO: [ app_end ] --END-- [ RunTime:0.000659s ]

[ 2016-01-18T22:41:41+08:00 ] ::1 /Files_manage_system/Admin/Performance/rnp_create
INFO: [ app_init ] --START--
INFO: Run Behavior\BuildLiteBehavior [ RunTime:0.000029s ]
INFO: [ app_init ] --END-- [ RunTime:0.000537s ]
INFO: [ app_begin ] --START--
INFO: Run Behavior\ReadHtmlCacheBehavior [ RunTime:0.000511s ]
INFO: [ app_begin ] --END-- [ RunTime:0.000643s ]
SQL: SHOW COLUMNS FROM `fm_department` [ RunTime:0.1224s ]
SQL: SHOW COLUMNS FROM `fm_duty_info` [ RunTime:0.0070s ]
NOTIC: [8] Undefined index: newEmpId F:\wamp\www\Files_manage_system\Apps\Admin\Controller\PerformanceController.class.php 第 336 行.
SQL: SELECT * FROM `fm_department`  [ RunTime:0.0004s ]
SQL: SELECT `id`,`emp_name` FROM `fm_duty_info` WHERE `emp_department` = 'Java项目组'  [ RunTime:0.0003s ]
SQL: SELECT `id`,`emp_name` FROM `fm_duty_info` WHERE `emp_department` = 'Php项目组'  [ RunTime:0.0002s ]
SQL: SELECT `id`,`emp_name` FROM `fm_duty_info` WHERE `emp_department` = 'IOS项目组'  [ RunTime:0.0002s ]
INFO: [ view_parse ] --START--
INFO: [ template_filter ] --START--
INFO: Run Behavior\ContentReplaceBehavior [ RunTime:0.000186s ]
INFO: [ template_filter ] --END-- [ RunTime:0.000361s ]
NOTIC: [8] Undefined variable: emp_id F:\wamp\www\Files_manage_system\Apps\Runtime\Cache\Admin\cf9f1b4e01e9128563b46dca2283565a.php 第 119 行.
NOTIC: [8] Undefined variable: emp_data_str F:\wamp\www\Files_manage_system\Apps\Runtime\Cache\Admin\cf9f1b4e01e9128563b46dca2283565a.php 第 170 行.
NOTIC: [8] Undefined variable: emp_id F:\wamp\www\Files_manage_system\Apps\Runtime\Cache\Admin\cf9f1b4e01e9128563b46dca2283565a.php 第 171 行.
INFO: Run Behavior\ParseTemplateBehavior [ RunTime:0.030898s ]
INFO: [ view_parse ] --END-- [ RunTime:0.031065s ]
INFO: [ view_filter ] --START--
INFO: Run Behavior\WriteHtmlCacheBehavior [ RunTime:0.000411s ]
INFO: [ view_filter ] --END-- [ RunTime:0.000580s ]
INFO: [ app_end ] --START--
INFO: Run Behavior\ShowPageTraceBehavior [ RunTime:0.000748s ]
INFO: [ app_end ] --END-- [ RunTime:0.000958s ]

[ 2016-01-18T22:41:45+08:00 ] ::1 /Files_manage_system/Admin/Performance/train_check
INFO: [ app_init ] --START--
INFO: Run Behavior\BuildLiteBehavior [ RunTime:0.000036s ]
INFO: [ app_init ] --END-- [ RunTime:0.000526s ]
INFO: [ app_begin ] --START--
INFO: Run Behavior\ReadHtmlCacheBehavior [ RunTime:0.000976s ]
INFO: [ app_begin ] --END-- [ RunTime:0.001221s ]
INFO: [ view_parse ] --START--
INFO: [ template_filter ] --START--
INFO: Run Behavior\ContentReplaceBehavior [ RunTime:0.000243s ]
INFO: [ template_filter ] --END-- [ RunTime:0.000585s ]
NOTIC: [8] Undefined variable: infoData F:\wamp\www\Files_manage_system\Apps\Runtime\Cache\Admin\05287fbc7eae6516f0df8266015b909b.php 第 107 行.
INFO: Run Behavior\ParseTemplateBehavior [ RunTime:0.017485s ]
INFO: [ view_parse ] --END-- [ RunTime:0.017657s ]
INFO: [ view_filter ] --START--
INFO: Run Behavior\WriteHtmlCacheBehavior [ RunTime:0.000369s ]
INFO: [ view_filter ] --END-- [ RunTime:0.000522s ]
INFO: [ app_end ] --START--
INFO: Run Behavior\ShowPageTraceBehavior [ RunTime:0.000739s ]
INFO: [ app_end ] --END-- [ RunTime:0.001080s ]

[ 2016-01-18T22:41:45+08:00 ] ::1 /Files_manage_system/Admin/Performance/train_create
INFO: [ app_init ] --START--
INFO: Run Behavior\BuildLiteBehavior [ RunTime:0.000036s ]
INFO: [ app_init ] --END-- [ RunTime:0.000507s ]
INFO: [ app_begin ] --START--
INFO: Run Behavior\ReadHtmlCacheBehavior [ RunTime:0.000593s ]
INFO: [ app_begin ] --END-- [ RunTime:0.000821s ]
INFO: [ view_parse ] --START--
INFO: [ template_filter ] --START--
INFO: Run Behavior\ContentReplaceBehavior [ RunTime:0.000183s ]
INFO: [ template_filter ] --END-- [ RunTime:0.000381s ]
NOTIC: [8] Undefined variable: emp_id F:\wamp\www\Files_manage_system\Apps\Runtime\Cache\Admin\4e7097d96be5ac49cf07ec66f817826d.php 第 110 行.
NOTIC: [8] Undefined variable: employee_data_str F:\wamp\www\Files_manage_system\Apps\Runtime\Cache\Admin\4e7097d96be5ac49cf07ec66f817826d.php 第 158 行.
NOTIC: [8] Undefined variable: emp_data_str F:\wamp\www\Files_manage_system\Apps\Runtime\Cache\Admin\4e7097d96be5ac49cf07ec66f817826d.php 第 161 行.
NOTIC: [8] Undefined variable: emp_id F:\wamp\www\Files_manage_system\Apps\Runtime\Cache\Admin\4e7097d96be5ac49cf07ec66f817826d.php 第 162 行.
INFO: Run Behavior\ParseTemplateBehavior [ RunTime:0.018378s ]
INFO: [ view_parse ] --END-- [ RunTime:0.018535s ]
INFO: [ view_filter ] --START--
INFO: Run Behavior\WriteHtmlCacheBehavior [ RunTime:0.000329s ]
INFO: [ view_filter ] --END-- [ RunTime:0.000463s ]
INFO: [ app_end ] --START--
INFO: Run Behavior\ShowPageTraceBehavior [ RunTime:0.000476s ]
INFO: [ app_end ] --END-- [ RunTime:0.000618s ]

[ 2016-01-18T22:42:00+08:00 ] ::1 /Files_manage_system/Admin/Performance/train_create
INFO: [ app_init ] --START--
INFO: Run Behavior\BuildLiteBehavior [ RunTime:0.000030s ]
INFO: [ app_init ] --END-- [ RunTime:0.000462s ]
INFO: [ app_begin ] --START--
INFO: Run Behavior\ReadHtmlCacheBehavior [ RunTime:0.000412s ]
INFO: [ app_begin ] --END-- [ RunTime:0.000591s ]
INFO: [ view_parse ] --START--
INFO: [ template_filter ] --START--
INFO: Run Behavior\ContentReplaceBehavior [ RunTime:0.000176s ]
INFO: [ template_filter ] --END-- [ RunTime:0.000419s ]
NOTIC: [8] Undefined variable: emp_id F:\wamp\www\Files_manage_system\Apps\Runtime\Cache\Admin\4e7097d96be5ac49cf07ec66f817826d.php 第 110 行.
NOTIC: [8] Undefined variable: employee_data_str F:\wamp\www\Files_manage_system\Apps\Runtime\Cache\Admin\4e7097d96be5ac49cf07ec66f817826d.php 第 158 行.
NOTIC: [8] Undefined variable: emp_data_str F:\wamp\www\Files_manage_system\Apps\Runtime\Cache\Admin\4e7097d96be5ac49cf07ec66f817826d.php 第 161 行.
NOTIC: [8] Undefined variable: emp_id F:\wamp\www\Files_manage_system\Apps\Runtime\Cache\Admin\4e7097d96be5ac49cf07ec66f817826d.php 第 162 行.
INFO: Run Behavior\ParseTemplateBehavior [ RunTime:0.015532s ]
INFO: [ view_parse ] --END-- [ RunTime:0.015675s ]
INFO: [ view_filter ] --START--
INFO: Run Behavior\WriteHtmlCacheBehavior [ RunTime:0.000323s ]
INFO: [ view_filter ] --END-- [ RunTime:0.000447s ]
INFO: [ app_end ] --START--
INFO: Run Behavior\ShowPageTraceBehavior [ RunTime:0.000475s ]
INFO: [ app_end ] --END-- [ RunTime:0.000631s ]

[ 2016-01-18T22:42:01+08:00 ] ::1 /Files_manage_system/Admin/Performance/train_create
INFO: [ app_init ] --START--
INFO: Run Behavior\BuildLiteBehavior [ RunTime:0.000039s ]
INFO: [ app_init ] --END-- [ RunTime:0.000547s ]
INFO: [ app_begin ] --START--
INFO: Run Behavior\ReadHtmlCacheBehavior [ RunTime:0.000557s ]
INFO: [ app_begin ] --END-- [ RunTime:0.000730s ]
INFO: [ view_parse ] --START--
INFO: [ template_filter ] --START--
INFO: Run Behavior\ContentReplaceBehavior [ RunTime:0.000168s ]
INFO: [ template_filter ] --END-- [ RunTime:0.000533s ]
NOTIC: [8] Undefined variable: emp_id F:\wamp\www\Files_manage_system\Apps\Runtime\Cache\Admin\4e7097d96be5ac49cf07ec66f817826d.php 第 110 行.
NOTIC: [8] Undefined variable: employee_data_str F:\wamp\www\Files_manage_system\Apps\Runtime\Cache\Admin\4e7097d96be5ac49cf07ec66f817826d.php 第 158 行.
NOTIC: [8] Undefined variable: emp_data_str F:\wamp\www\Files_manage_system\Apps\Runtime\Cache\Admin\4e7097d96be5ac49cf07ec66f817826d.php 第 161 行.
NOTIC: [8] Undefined variable: emp_id F:\wamp\www\Files_manage_system\Apps\Runtime\Cache\Admin\4e7097d96be5ac49cf07ec66f817826d.php 第 162 行.
INFO: Run Behavior\ParseTemplateBehavior [ RunTime:0.009507s ]
INFO: [ view_parse ] --END-- [ RunTime:0.009646s ]
INFO: [ view_filter ] --START--
INFO: Run Behavior\WriteHtmlCacheBehavior [ RunTime:0.000377s ]
INFO: [ view_filter ] --END-- [ RunTime:0.000533s ]
INFO: [ app_end ] --START--
INFO: Run Behavior\ShowPageTraceBehavior [ RunTime:0.000522s ]
INFO: [ app_end ] --END-- [ RunTime:0.000657s ]

[ 2016-01-18T22:44:48+08:00 ] ::1 /Files_manage_system/Admin/Performance/train_create
INFO: [ app_init ] --START--
INFO: Run Behavior\BuildLiteBehavior [ RunTime:0.000032s ]
INFO: [ app_init ] --END-- [ RunTime:0.000487s ]
INFO: [ app_begin ] --START--
INFO: Run Behavior\ReadHtmlCacheBehavior [ RunTime:0.000545s ]
INFO: [ app_begin ] --END-- [ RunTime:0.000678s ]
INFO: [ view_parse ] --START--
INFO: [ template_filter ] --START--
INFO: Run Behavior\ContentReplaceBehavior [ RunTime:0.000144s ]
INFO: [ template_filter ] --END-- [ RunTime:0.000287s ]
NOTIC: [8] Undefined variable: employee_data_str F:\wamp\www\Files_manage_system\Apps\Runtime\Cache\Admin\4e7097d96be5ac49cf07ec66f817826d.php 第 154 行.
NOTIC: [8] Undefined variable: emp_data_str F:\wamp\www\Files_manage_system\Apps\Runtime\Cache\Admin\4e7097d96be5ac49cf07ec66f817826d.php 第 157 行.
NOTIC: [8] Undefined variable: emp_id F:\wamp\www\Files_manage_system\Apps\Runtime\Cache\Admin\4e7097d96be5ac49cf07ec66f817826d.php 第 158 行.
INFO: Run Behavior\ParseTemplateBehavior [ RunTime:0.015367s ]
INFO: [ view_parse ] --END-- [ RunTime:0.015501s ]
INFO: [ view_filter ] --START--
INFO: Run Behavior\WriteHtmlCacheBehavior [ RunTime:0.000333s ]
INFO: [ view_filter ] --END-- [ RunTime:0.000458s ]
INFO: [ app_end ] --START--
INFO: Run Behavior\ShowPageTraceBehavior [ RunTime:0.000502s ]
INFO: [ app_end ] --END-- [ RunTime:0.000651s ]

[ 2016-01-18T22:44:49+08:00 ] ::1 /Files_manage_system/Admin/Performance/train_create
INFO: [ app_init ] --START--
INFO: Run Behavior\BuildLiteBehavior [ RunTime:0.000038s ]
INFO: [ app_init ] --END-- [ RunTime:0.000589s ]
INFO: [ app_begin ] --START--
INFO: Run Behavior\ReadHtmlCacheBehavior [ RunTime:0.001003s ]
INFO: [ app_begin ] --END-- [ RunTime:0.001260s ]
INFO: [ view_parse ] --START--
INFO: [ template_filter ] --START--
INFO: Run Behavior\ContentReplaceBehavior [ RunTime:0.000142s ]
INFO: [ template_filter ] --END-- [ RunTime:0.000287s ]
NOTIC: [8] Undefined variable: employee_data_str F:\wamp\www\Files_manage_system\Apps\Runtime\Cache\Admin\4e7097d96be5ac49cf07ec66f817826d.php 第 154 行.
NOTIC: [8] Undefined variable: emp_data_str F:\wamp\www\Files_manage_system\Apps\Runtime\Cache\Admin\4e7097d96be5ac49cf07ec66f817826d.php 第 157 行.
NOTIC: [8] Undefined variable: emp_id F:\wamp\www\Files_manage_system\Apps\Runtime\Cache\Admin\4e7097d96be5ac49cf07ec66f817826d.php 第 158 行.
INFO: Run Behavior\ParseTemplateBehavior [ RunTime:0.009213s ]
INFO: [ view_parse ] --END-- [ RunTime:0.009371s ]
INFO: [ view_filter ] --START--
INFO: Run Behavior\WriteHtmlCacheBehavior [ RunTime:0.000421s ]
INFO: [ view_filter ] --END-- [ RunTime:0.000610s ]
INFO: [ app_end ] --START--
INFO: Run Behavior\ShowPageTraceBehavior [ RunTime:0.000762s ]
INFO: [ app_end ] --END-- [ RunTime:0.000951s ]

[ 2016-01-18T22:45:23+08:00 ] ::1 /Files_manage_system/Admin/Performance/train_create
INFO: [ app_init ] --START--
INFO: Run Behavior\BuildLiteBehavior [ RunTime:0.000039s ]
INFO: [ app_init ] --END-- [ RunTime:0.000602s ]
INFO: [ app_begin ] --START--
INFO: Run Behavior\ReadHtmlCacheBehavior [ RunTime:0.000696s ]
INFO: [ app_begin ] --END-- [ RunTime:0.000876s ]
INFO: [ view_parse ] --START--
INFO: [ template_filter ] --START--
INFO: Run Behavior\ContentReplaceBehavior [ RunTime:0.000202s ]
INFO: [ template_filter ] --END-- [ RunTime:0.000396s ]
NOTIC: [8] Undefined variable: employee_data_str F:\wamp\www\Files_manage_system\Apps\Runtime\Cache\Admin\4e7097d96be5ac49cf07ec66f817826d.php 第 147 行.
NOTIC: [8] Undefined variable: emp_data_str F:\wamp\www\Files_manage_system\Apps\Runtime\Cache\Admin\4e7097d96be5ac49cf07ec66f817826d.php 第 150 行.
NOTIC: [8] Undefined variable: emp_id F:\wamp\www\Files_manage_system\Apps\Runtime\Cache\Admin\4e7097d96be5ac49cf07ec66f817826d.php 第 151 行.
INFO: Run Behavior\ParseTemplateBehavior [ RunTime:0.019726s ]
INFO: [ view_parse ] --END-- [ RunTime:0.019910s ]
INFO: [ view_filter ] --START--
INFO: Run Behavior\WriteHtmlCacheBehavior [ RunTime:0.000753s ]
INFO: [ view_filter ] --END-- [ RunTime:0.000956s ]
INFO: [ app_end ] --START--
INFO: Run Behavior\ShowPageTraceBehavior [ RunTime:0.000706s ]
INFO: [ app_end ] --END-- [ RunTime:0.000886s ]

[ 2016-01-18T22:45:41+08:00 ] ::1 /Files_manage_system/Admin/Performance/train_create
INFO: [ app_init ] --START--
INFO: Run Behavior\BuildLiteBehavior [ RunTime:0.000043s ]
INFO: [ app_init ] --END-- [ RunTime:0.000658s ]
INFO: [ app_begin ] --START--
INFO: Run Behavior\ReadHtmlCacheBehavior [ RunTime:0.000892s ]
INFO: [ app_begin ] --END-- [ RunTime:0.001233s ]
INFO: [ view_parse ] --START--
INFO: [ template_filter ] --START--
INFO: Run Behavior\ContentReplaceBehavior [ RunTime:0.000285s ]
INFO: [ template_filter ] --END-- [ RunTime:0.000575s ]
NOTIC: [8] Undefined variable: employee_data_str F:\wamp\www\Files_manage_system\Apps\Runtime\Cache\Admin\4e7097d96be5ac49cf07ec66f817826d.php 第 143 行.
NOTIC: [8] Undefined variable: emp_data_str F:\wamp\www\Files_manage_system\Apps\Runtime\Cache\Admin\4e7097d96be5ac49cf07ec66f817826d.php 第 146 行.
NOTIC: [8] Undefined variable: emp_id F:\wamp\www\Files_manage_system\Apps\Runtime\Cache\Admin\4e7097d96be5ac49cf07ec66f817826d.php 第 147 行.
INFO: Run Behavior\ParseTemplateBehavior [ RunTime:0.019917s ]
INFO: [ view_parse ] --END-- [ RunTime:0.020115s ]
INFO: [ view_filter ] --START--
INFO: Run Behavior\WriteHtmlCacheBehavior [ RunTime:0.000397s ]
INFO: [ view_filter ] --END-- [ RunTime:0.000578s ]
INFO: [ app_end ] --START--
INFO: Run Behavior\ShowPageTraceBehavior [ RunTime:0.000660s ]
INFO: [ app_end ] --END-- [ RunTime:0.000859s ]

[ 2016-01-18T22:46:03+08:00 ] ::1 /Files_manage_system/Admin/Performance/train_create
INFO: [ app_init ] --START--
INFO: Run Behavior\BuildLiteBehavior [ RunTime:0.000036s ]
INFO: [ app_init ] --END-- [ RunTime:0.000525s ]
INFO: [ app_begin ] --START--
INFO: Run Behavior\ReadHtmlCacheBehavior [ RunTime:0.000533s ]
INFO: [ app_begin ] --END-- [ RunTime:0.000697s ]
INFO: [ view_parse ] --START--
INFO: [ template_filter ] --START--
INFO: Run Behavior\ContentReplaceBehavior [ RunTime:0.000166s ]
INFO: [ template_filter ] --END-- [ RunTime:0.000322s ]
NOTIC: [8] Undefined variable: employee_data_str F:\wamp\www\Files_manage_system\Apps\Runtime\Cache\Admin\4e7097d96be5ac49cf07ec66f817826d.php 第 143 行.
NOTIC: [8] Undefined variable: emp_data_str F:\wamp\www\Files_manage_system\Apps\Runtime\Cache\Admin\4e7097d96be5ac49cf07ec66f817826d.php 第 146 行.
NOTIC: [8] Undefined variable: emp_id F:\wamp\www\Files_manage_system\Apps\Runtime\Cache\Admin\4e7097d96be5ac49cf07ec66f817826d.php 第 147 行.
INFO: Run Behavior\ParseTemplateBehavior [ RunTime:0.013934s ]
INFO: [ view_parse ] --END-- [ RunTime:0.014154s ]
INFO: [ view_filter ] --START--
INFO: Run Behavior\WriteHtmlCacheBehavior [ RunTime:0.000306s ]
INFO: [ view_filter ] --END-- [ RunTime:0.000429s ]
INFO: [ app_end ] --START--
INFO: Run Behavior\ShowPageTraceBehavior [ RunTime:0.000480s ]
INFO: [ app_end ] --END-- [ RunTime:0.000615s ]

[ 2016-01-18T22:46:55+08:00 ] ::1 /Files_manage_system/Admin/Performance/train_create
INFO: [ app_init ] --START--
INFO: Run Behavior\BuildLiteBehavior [ RunTime:0.000030s ]
INFO: [ app_init ] --END-- [ RunTime:0.000496s ]
INFO: [ app_begin ] --START--
INFO: Run Behavior\ReadHtmlCacheBehavior [ RunTime:0.000759s ]
INFO: [ app_begin ] --END-- [ RunTime:0.000937s ]
INFO: [ view_parse ] --START--
INFO: [ template_filter ] --START--
INFO: Run Behavior\ContentReplaceBehavior [ RunTime:0.000139s ]
INFO: [ template_filter ] --END-- [ RunTime:0.000285s ]
NOTIC: [8] Undefined variable: employee_data_str F:\wamp\www\Files_manage_system\Apps\Runtime\Cache\Admin\4e7097d96be5ac49cf07ec66f817826d.php 第 139 行.
NOTIC: [8] Undefined variable: emp_data_str F:\wamp\www\Files_manage_system\Apps\Runtime\Cache\Admin\4e7097d96be5ac49cf07ec66f817826d.php 第 142 行.
NOTIC: [8] Undefined variable: emp_id F:\wamp\www\Files_manage_system\Apps\Runtime\Cache\Admin\4e7097d96be5ac49cf07ec66f817826d.php 第 143 行.
INFO: Run Behavior\ParseTemplateBehavior [ RunTime:0.016519s ]
INFO: [ view_parse ] --END-- [ RunTime:0.016739s ]
INFO: [ view_filter ] --START--
INFO: Run Behavior\WriteHtmlCacheBehavior [ RunTime:0.000528s ]
INFO: [ view_filter ] --END-- [ RunTime:0.000696s ]
INFO: [ app_end ] --START--
INFO: Run Behavior\ShowPageTraceBehavior [ RunTime:0.000958s ]
INFO: [ app_end ] --END-- [ RunTime:0.001257s ]

[ 2016-01-18T22:47:54+08:00 ] ::1 /Files_manage_system/Admin/Performance/train_create
INFO: [ app_init ] --START--
INFO: Run Behavior\BuildLiteBehavior [ RunTime:0.000061s ]
INFO: [ app_init ] --END-- [ RunTime:0.001663s ]
INFO: [ app_begin ] --START--
INFO: Run Behavior\ReadHtmlCacheBehavior [ RunTime:0.000582s ]
INFO: [ app_begin ] --END-- [ RunTime:0.000773s ]
INFO: [ view_parse ] --START--
INFO: [ template_filter ] --START--
INFO: Run Behavior\ContentReplaceBehavior [ RunTime:0.000140s ]
INFO: [ template_filter ] --END-- [ RunTime:0.000278s ]
NOTIC: [8] Undefined variable: employee_data_str F:\wamp\www\Files_manage_system\Apps\Runtime\Cache\Admin\4e7097d96be5ac49cf07ec66f817826d.php 第 139 行.
NOTIC: [8] Undefined variable: emp_data_str F:\wamp\www\Files_manage_system\Apps\Runtime\Cache\Admin\4e7097d96be5ac49cf07ec66f817826d.php 第 142 行.
NOTIC: [8] Undefined variable: emp_id F:\wamp\www\Files_manage_system\Apps\Runtime\Cache\Admin\4e7097d96be5ac49cf07ec66f817826d.php 第 143 行.
INFO: Run Behavior\ParseTemplateBehavior [ RunTime:0.014743s ]
INFO: [ view_parse ] --END-- [ RunTime:0.014883s ]
INFO: [ view_filter ] --START--
INFO: Run Behavior\WriteHtmlCacheBehavior [ RunTime:0.000425s ]
INFO: [ view_filter ] --END-- [ RunTime:0.000561s ]
INFO: [ app_end ] --START--
INFO: Run Behavior\ShowPageTraceBehavior [ RunTime:0.000588s ]
INFO: [ app_end ] --END-- [ RunTime:0.000743s ]

[ 2016-01-18T22:47:54+08:00 ] ::1 /Files_manage_system/Admin/Performance/train_create
INFO: [ app_init ] --START--
INFO: Run Behavior\BuildLiteBehavior [ RunTime:0.000064s ]
INFO: [ app_init ] --END-- [ RunTime:0.000751s ]
INFO: [ app_begin ] --START--
INFO: Run Behavior\ReadHtmlCacheBehavior [ RunTime:0.000696s ]
INFO: [ app_begin ] --END-- [ RunTime:0.000886s ]
INFO: [ view_parse ] --START--
INFO: [ template_filter ] --START--
INFO: Run Behavior\ContentReplaceBehavior [ RunTime:0.000147s ]
INFO: [ template_filter ] --END-- [ RunTime:0.000299s ]
NOTIC: [8] Undefined variable: employee_data_str F:\wamp\www\Files_manage_system\Apps\Runtime\Cache\Admin\4e7097d96be5ac49cf07ec66f817826d.php 第 139 行.
NOTIC: [8] Undefined variable: emp_data_str F:\wamp\www\Files_manage_system\Apps\Runtime\Cache\Admin\4e7097d96be5ac49cf07ec66f817826d.php 第 142 行.
NOTIC: [8] Undefined variable: emp_id F:\wamp\www\Files_manage_system\Apps\Runtime\Cache\Admin\4e7097d96be5ac49cf07ec66f817826d.php 第 143 行.
INFO: Run Behavior\ParseTemplateBehavior [ RunTime:0.009400s ]
INFO: [ view_parse ] --END-- [ RunTime:0.009549s ]
INFO: [ view_filter ] --START--
INFO: Run Behavior\WriteHtmlCacheBehavior [ RunTime:0.000355s ]
INFO: [ view_filter ] --END-- [ RunTime:0.000489s ]
INFO: [ app_end ] --START--
INFO: Run Behavior\ShowPageTraceBehavior [ RunTime:0.000514s ]
INFO: [ app_end ] --END-- [ RunTime:0.000680s ]

[ 2016-01-18T22:48:06+08:00 ] ::1 /Files_manage_system/Admin/Performance/train_check
INFO: [ app_init ] --START--
INFO: Run Behavior\BuildLiteBehavior [ RunTime:0.000030s ]
INFO: [ app_init ] --END-- [ RunTime:0.000408s ]
INFO: [ app_begin ] --START--
INFO: Run Behavior\ReadHtmlCacheBehavior [ RunTime:0.000420s ]
INFO: [ app_begin ] --END-- [ RunTime:0.000553s ]
INFO: [ view_parse ] --START--
INFO: [ template_filter ] --START--
INFO: Run Behavior\ContentReplaceBehavior [ RunTime:0.000134s ]
INFO: [ template_filter ] --END-- [ RunTime:0.000287s ]
NOTIC: [8] Undefined variable: infoData F:\wamp\www\Files_manage_system\Apps\Runtime\Cache\Admin\05287fbc7eae6516f0df8266015b909b.php 第 107 行.
INFO: Run Behavior\ParseTemplateBehavior [ RunTime:0.008850s ]
INFO: [ view_parse ] --END-- [ RunTime:0.009052s ]
INFO: [ view_filter ] --START--
INFO: Run Behavior\WriteHtmlCacheBehavior [ RunTime:0.000539s ]
INFO: [ view_filter ] --END-- [ RunTime:0.000870s ]
INFO: [ app_end ] --START--
INFO: Run Behavior\ShowPageTraceBehavior [ RunTime:0.000729s ]
INFO: [ app_end ] --END-- [ RunTime:0.000876s ]

[ 2016-01-18T22:48:07+08:00 ] ::1 /Files_manage_system/Admin/Performance/train_create
INFO: [ app_init ] --START--
INFO: Run Behavior\BuildLiteBehavior [ RunTime:0.000029s ]
INFO: [ app_init ] --END-- [ RunTime:0.000465s ]
INFO: [ app_begin ] --START--
INFO: Run Behavior\ReadHtmlCacheBehavior [ RunTime:0.000474s ]
INFO: [ app_begin ] --END-- [ RunTime:0.000636s ]
INFO: [ view_parse ] --START--
INFO: [ template_filter ] --START--
INFO: Run Behavior\ContentReplaceBehavior [ RunTime:0.000245s ]
INFO: [ template_filter ] --END-- [ RunTime:0.000506s ]
NOTIC: [8] Undefined variable: employee_data_str F:\wamp\www\Files_manage_system\Apps\Runtime\Cache\Admin\4e7097d96be5ac49cf07ec66f817826d.php 第 139 行.
NOTIC: [8] Undefined variable: emp_data_str F:\wamp\www\Files_manage_system\Apps\Runtime\Cache\Admin\4e7097d96be5ac49cf07ec66f817826d.php 第 142 行.
NOTIC: [8] Undefined variable: emp_id F:\wamp\www\Files_manage_system\Apps\Runtime\Cache\Admin\4e7097d96be5ac49cf07ec66f817826d.php 第 143 行.
INFO: Run Behavior\ParseTemplateBehavior [ RunTime:0.009001s ]
INFO: [ view_parse ] --END-- [ RunTime:0.009211s ]
INFO: [ view_filter ] --START--
INFO: Run Behavior\WriteHtmlCacheBehavior [ RunTime:0.000390s ]
INFO: [ view_filter ] --END-- [ RunTime:0.000524s ]
INFO: [ app_end ] --START--
INFO: Run Behavior\ShowPageTraceBehavior [ RunTime:0.000479s ]
INFO: [ app_end ] --END-- [ RunTime:0.000618s ]

[ 2016-01-18T22:54:31+08:00 ] ::1 /Files_manage_system/Admin/Performance/train_create
INFO: [ app_init ] --START--
INFO: Run Behavior\BuildLiteBehavior [ RunTime:0.000031s ]
INFO: [ app_init ] --END-- [ RunTime:0.000503s ]
INFO: [ app_begin ] --START--
INFO: Run Behavior\ReadHtmlCacheBehavior [ RunTime:0.000553s ]
INFO: [ app_begin ] --END-- [ RunTime:0.000691s ]
INFO: [ view_parse ] --START--
INFO: [ template_filter ] --START--
INFO: Run Behavior\ContentReplaceBehavior [ RunTime:0.000155s ]
INFO: [ template_filter ] --END-- [ RunTime:0.000304s ]
NOTIC: [8] Undefined variable: employee_data_str F:\wamp\www\Files_manage_system\Apps\Runtime\Cache\Admin\4e7097d96be5ac49cf07ec66f817826d.php 第 189 行.
NOTIC: [8] Undefined variable: emp_data_str F:\wamp\www\Files_manage_system\Apps\Runtime\Cache\Admin\4e7097d96be5ac49cf07ec66f817826d.php 第 192 行.
NOTIC: [8] Undefined variable: emp_id F:\wamp\www\Files_manage_system\Apps\Runtime\Cache\Admin\4e7097d96be5ac49cf07ec66f817826d.php 第 193 行.
INFO: Run Behavior\ParseTemplateBehavior [ RunTime:0.016883s ]
INFO: [ view_parse ] --END-- [ RunTime:0.017294s ]
INFO: [ view_filter ] --START--
INFO: Run Behavior\WriteHtmlCacheBehavior [ RunTime:0.000667s ]
INFO: [ view_filter ] --END-- [ RunTime:0.000904s ]
INFO: [ app_end ] --START--
INFO: Run Behavior\ShowPageTraceBehavior [ RunTime:0.000574s ]
INFO: [ app_end ] --END-- [ RunTime:0.000711s ]

[ 2016-01-18T22:54:32+08:00 ] ::1 /Files_manage_system/Admin/Performance/train_create
INFO: [ app_init ] --START--
INFO: Run Behavior\BuildLiteBehavior [ RunTime:0.000050s ]
INFO: [ app_init ] --END-- [ RunTime:0.000624s ]
INFO: [ app_begin ] --START--
INFO: Run Behavior\ReadHtmlCacheBehavior [ RunTime:0.001526s ]
INFO: [ app_begin ] --END-- [ RunTime:0.002990s ]
INFO: [ view_parse ] --START--
INFO: [ template_filter ] --START--
INFO: Run Behavior\ContentReplaceBehavior [ RunTime:0.000339s ]
INFO: [ template_filter ] --END-- [ RunTime:0.000745s ]
NOTIC: [8] Undefined variable: employee_data_str F:\wamp\www\Files_manage_system\Apps\Runtime\Cache\Admin\4e7097d96be5ac49cf07ec66f817826d.php 第 189 行.
NOTIC: [8] Undefined variable: emp_data_str F:\wamp\www\Files_manage_system\Apps\Runtime\Cache\Admin\4e7097d96be5ac49cf07ec66f817826d.php 第 192 行.
NOTIC: [8] Undefined variable: emp_id F:\wamp\www\Files_manage_system\Apps\Runtime\Cache\Admin\4e7097d96be5ac49cf07ec66f817826d.php 第 193 行.
INFO: Run Behavior\ParseTemplateBehavior [ RunTime:0.013823s ]
INFO: [ view_parse ] --END-- [ RunTime:0.014022s ]
INFO: [ view_filter ] --START--
INFO: Run Behavior\WriteHtmlCacheBehavior [ RunTime:0.000473s ]
INFO: [ view_filter ] --END-- [ RunTime:0.000647s ]
INFO: [ app_end ] --START--
INFO: Run Behavior\ShowPageTraceBehavior [ RunTime:0.000667s ]
INFO: [ app_end ] --END-- [ RunTime:0.000813s ]

[ 2016-01-18T22:55:27+08:00 ] ::1 /Files_manage_system/Admin/Performance/train_create
INFO: [ app_init ] --START--
INFO: Run Behavior\BuildLiteBehavior [ RunTime:0.000207s ]
INFO: [ app_init ] --END-- [ RunTime:0.000940s ]
INFO: [ app_begin ] --START--
INFO: Run Behavior\ReadHtmlCacheBehavior [ RunTime:0.000939s ]
INFO: [ app_begin ] --END-- [ RunTime:0.001214s ]
INFO: [ view_parse ] --START--
INFO: [ template_filter ] --START--
INFO: Run Behavior\ContentReplaceBehavior [ RunTime:0.000152s ]
INFO: [ template_filter ] --END-- [ RunTime:0.000337s ]
NOTIC: [8] Undefined variable: employee_data_str F:\wamp\www\Files_manage_system\Apps\Runtime\Cache\Admin\4e7097d96be5ac49cf07ec66f817826d.php 第 176 行.
NOTIC: [8] Undefined variable: emp_data_str F:\wamp\www\Files_manage_system\Apps\Runtime\Cache\Admin\4e7097d96be5ac49cf07ec66f817826d.php 第 179 行.
NOTIC: [8] Undefined variable: emp_id F:\wamp\www\Files_manage_system\Apps\Runtime\Cache\Admin\4e7097d96be5ac49cf07ec66f817826d.php 第 180 行.
INFO: Run Behavior\ParseTemplateBehavior [ RunTime:0.018213s ]
INFO: [ view_parse ] --END-- [ RunTime:0.018416s ]
INFO: [ view_filter ] --START--
INFO: Run Behavior\WriteHtmlCacheBehavior [ RunTime:0.000410s ]
INFO: [ view_filter ] --END-- [ RunTime:0.000604s ]
INFO: [ app_end ] --START--
INFO: Run Behavior\ShowPageTraceBehavior [ RunTime:0.000503s ]
INFO: [ app_end ] --END-- [ RunTime:0.000664s ]

[ 2016-01-18T22:57:12+08:00 ] ::1 /Files_manage_system/Admin/Performance/train_create
INFO: [ app_init ] --START--
INFO: Run Behavior\BuildLiteBehavior [ RunTime:0.000041s ]
INFO: [ app_init ] --END-- [ RunTime:0.000544s ]
INFO: [ app_begin ] --START--
INFO: Run Behavior\ReadHtmlCacheBehavior [ RunTime:0.000527s ]
INFO: [ app_begin ] --END-- [ RunTime:0.000661s ]
INFO: [ view_parse ] --START--
INFO: [ template_filter ] --START--
INFO: Run Behavior\ContentReplaceBehavior [ RunTime:0.000162s ]
INFO: [ template_filter ] --END-- [ RunTime:0.000317s ]
NOTIC: [8] Undefined variable: employee_data_str F:\wamp\www\Files_manage_system\Apps\Runtime\Cache\Admin\4e7097d96be5ac49cf07ec66f817826d.php 第 178 行.
NOTIC: [8] Undefined variable: emp_data_str F:\wamp\www\Files_manage_system\Apps\Runtime\Cache\Admin\4e7097d96be5ac49cf07ec66f817826d.php 第 181 行.
NOTIC: [8] Undefined variable: emp_id F:\wamp\www\Files_manage_system\Apps\Runtime\Cache\Admin\4e7097d96be5ac49cf07ec66f817826d.php 第 182 行.
INFO: Run Behavior\ParseTemplateBehavior [ RunTime:0.018210s ]
INFO: [ view_parse ] --END-- [ RunTime:0.018497s ]
INFO: [ view_filter ] --START--
INFO: Run Behavior\WriteHtmlCacheBehavior [ RunTime:0.000374s ]
INFO: [ view_filter ] --END-- [ RunTime:0.000511s ]
INFO: [ app_end ] --START--
INFO: Run Behavior\ShowPageTraceBehavior [ RunTime:0.000516s ]
INFO: [ app_end ] --END-- [ RunTime:0.000641s ]

[ 2016-01-18T22:57:12+08:00 ] ::1 /Files_manage_system/Admin/Performance/train_create
INFO: [ app_init ] --START--
INFO: Run Behavior\BuildLiteBehavior [ RunTime:0.000048s ]
INFO: [ app_init ] --END-- [ RunTime:0.000879s ]
INFO: [ app_begin ] --START--
INFO: Run Behavior\ReadHtmlCacheBehavior [ RunTime:0.001523s ]
INFO: [ app_begin ] --END-- [ RunTime:0.002106s ]
INFO: [ view_parse ] --START--
INFO: [ template_filter ] --START--
INFO: Run Behavior\ContentReplaceBehavior [ RunTime:0.000155s ]
INFO: [ template_filter ] --END-- [ RunTime:0.000324s ]
NOTIC: [8] Undefined variable: employee_data_str F:\wamp\www\Files_manage_system\Apps\Runtime\Cache\Admin\4e7097d96be5ac49cf07ec66f817826d.php 第 178 行.
NOTIC: [8] Undefined variable: emp_data_str F:\wamp\www\Files_manage_system\Apps\Runtime\Cache\Admin\4e7097d96be5ac49cf07ec66f817826d.php 第 181 行.
NOTIC: [8] Undefined variable: emp_id F:\wamp\www\Files_manage_system\Apps\Runtime\Cache\Admin\4e7097d96be5ac49cf07ec66f817826d.php 第 182 行.
INFO: Run Behavior\ParseTemplateBehavior [ RunTime:0.009962s ]
INFO: [ view_parse ] --END-- [ RunTime:0.010158s ]
INFO: [ view_filter ] --START--
INFO: Run Behavior\WriteHtmlCacheBehavior [ RunTime:0.000889s ]
INFO: [ view_filter ] --END-- [ RunTime:0.001033s ]
INFO: [ app_end ] --START--
INFO: Run Behavior\ShowPageTraceBehavior [ RunTime:0.000523s ]
INFO: [ app_end ] --END-- [ RunTime:0.000656s ]

[ 2016-01-18T22:58:29+08:00 ] ::1 /Files_manage_system/Admin/Performance/train_create
INFO: [ app_init ] --START--
INFO: Run Behavior\BuildLiteBehavior [ RunTime:0.000061s ]
INFO: [ app_init ] --END-- [ RunTime:0.000859s ]
INFO: [ app_begin ] --START--
INFO: Run Behavior\ReadHtmlCacheBehavior [ RunTime:0.000767s ]
INFO: [ app_begin ] --END-- [ RunTime:0.001147s ]
INFO: [ view_parse ] --START--
INFO: [ template_filter ] --START--
INFO: Run Behavior\ContentReplaceBehavior [ RunTime:0.000259s ]
INFO: [ template_filter ] --END-- [ RunTime:0.000552s ]
NOTIC: [8] Undefined variable: employee_data_str F:\wamp\www\Files_manage_system\Apps\Runtime\Cache\Admin\4e7097d96be5ac49cf07ec66f817826d.php 第 178 行.
NOTIC: [8] Undefined variable: emp_data_str F:\wamp\www\Files_manage_system\Apps\Runtime\Cache\Admin\4e7097d96be5ac49cf07ec66f817826d.php 第 181 行.
NOTIC: [8] Undefined variable: emp_id F:\wamp\www\Files_manage_system\Apps\Runtime\Cache\Admin\4e7097d96be5ac49cf07ec66f817826d.php 第 182 行.
INFO: Run Behavior\ParseTemplateBehavior [ RunTime:0.021163s ]
INFO: [ view_parse ] --END-- [ RunTime:0.021387s ]
INFO: [ view_filter ] --START--
INFO: Run Behavior\WriteHtmlCacheBehavior [ RunTime:0.001613s ]
INFO: [ view_filter ] --END-- [ RunTime:0.001914s ]
INFO: [ app_end ] --START--
INFO: Run Behavior\ShowPageTraceBehavior [ RunTime:0.000778s ]
INFO: [ app_end ] --END-- [ RunTime:0.000935s ]

[ 2016-01-18T23:10:36+08:00 ] ::1 /Files_manage_system/Admin/Performance/rnp_check
INFO: [ app_init ] --START--
INFO: Run Behavior\BuildLiteBehavior [ RunTime:0.000038s ]
INFO: [ app_init ] --END-- [ RunTime:0.001394s ]
INFO: [ app_begin ] --START--
INFO: Run Behavior\ReadHtmlCacheBehavior [ RunTime:0.000748s ]
INFO: [ app_begin ] --END-- [ RunTime:0.000972s ]
SQL: SHOW COLUMNS FROM `fm_personal_info` [ RunTime:0.0092s ]
SQL: SELECT * FROM `fm_personal_info`  [ RunTime:0.0006s ]
SQL: SHOW COLUMNS FROM `fm_duty_info` [ RunTime:0.0085s ]
SQL: SELECT * FROM `fm_duty_info`  [ RunTime:0.0004s ]
INFO: [ view_parse ] --START--
INFO: [ template_filter ] --START--
INFO: Run Behavior\ContentReplaceBehavior [ RunTime:0.000201s ]
INFO: [ template_filter ] --END-- [ RunTime:0.000450s ]
INFO: Run Behavior\ParseTemplateBehavior [ RunTime:0.008602s ]
INFO: [ view_parse ] --END-- [ RunTime:0.008756s ]
INFO: [ view_filter ] --START--
INFO: Run Behavior\WriteHtmlCacheBehavior [ RunTime:0.000341s ]
INFO: [ view_filter ] --END-- [ RunTime:0.000465s ]
INFO: [ app_end ] --START--
INFO: Run Behavior\ShowPageTraceBehavior [ RunTime:0.000498s ]
INFO: [ app_end ] --END-- [ RunTime:0.000637s ]

[ 2016-01-18T23:10:36+08:00 ] ::1 /Files_manage_system/Admin/Performance/rnp_create
INFO: [ app_init ] --START--
INFO: Run Behavior\BuildLiteBehavior [ RunTime:0.000036s ]
INFO: [ app_init ] --END-- [ RunTime:0.000513s ]
INFO: [ app_begin ] --START--
INFO: Run Behavior\ReadHtmlCacheBehavior [ RunTime:0.000636s ]
INFO: [ app_begin ] --END-- [ RunTime:0.000816s ]
SQL: SHOW COLUMNS FROM `fm_department` [ RunTime:0.0062s ]
SQL: SHOW COLUMNS FROM `fm_duty_info` [ RunTime:0.0042s ]
NOTIC: [8] Undefined index: newEmpId F:\wamp\www\Files_manage_system\Apps\Admin\Controller\PerformanceController.class.php 第 336 行.
SQL: SELECT * FROM `fm_department`  [ RunTime:0.0003s ]
SQL: SELECT `id`,`emp_name` FROM `fm_duty_info` WHERE `emp_department` = 'Java项目组'  [ RunTime:0.0004s ]
SQL: SELECT `id`,`emp_name` FROM `fm_duty_info` WHERE `emp_department` = 'Php项目组'  [ RunTime:0.0002s ]
SQL: SELECT `id`,`emp_name` FROM `fm_duty_info` WHERE `emp_department` = 'IOS项目组'  [ RunTime:0.0002s ]
INFO: [ view_parse ] --START--
INFO: [ template_filter ] --START--
INFO: Run Behavior\ContentReplaceBehavior [ RunTime:0.000152s ]
INFO: [ template_filter ] --END-- [ RunTime:0.000296s ]
NOTIC: [8] Undefined variable: emp_id F:\wamp\www\Files_manage_system\Apps\Runtime\Cache\Admin\cf9f1b4e01e9128563b46dca2283565a.php 第 119 行.
NOTIC: [8] Undefined variable: emp_data_str F:\wamp\www\Files_manage_system\Apps\Runtime\Cache\Admin\cf9f1b4e01e9128563b46dca2283565a.php 第 170 行.
NOTIC: [8] Undefined variable: emp_id F:\wamp\www\Files_manage_system\Apps\Runtime\Cache\Admin\cf9f1b4e01e9128563b46dca2283565a.php 第 171 行.
INFO: Run Behavior\ParseTemplateBehavior [ RunTime:0.008950s ]
INFO: [ view_parse ] --END-- [ RunTime:0.009093s ]
INFO: [ view_filter ] --START--
INFO: Run Behavior\WriteHtmlCacheBehavior [ RunTime:0.000272s ]
INFO: [ view_filter ] --END-- [ RunTime:0.000404s ]
INFO: [ app_end ] --START--
INFO: Run Behavior\ShowPageTraceBehavior [ RunTime:0.000454s ]
INFO: [ app_end ] --END-- [ RunTime:0.000633s ]

[ 2016-01-18T23:10:39+08:00 ] ::1 /Files_manage_system/Admin/Performance/rnp_check
INFO: [ app_init ] --START--
INFO: Run Behavior\BuildLiteBehavior [ RunTime:0.000047s ]
INFO: [ app_init ] --END-- [ RunTime:0.000558s ]
INFO: [ app_begin ] --START--
INFO: Run Behavior\ReadHtmlCacheBehavior [ RunTime:0.000502s ]
INFO: [ app_begin ] --END-- [ RunTime:0.000684s ]
SQL: SHOW COLUMNS FROM `fm_personal_info` [ RunTime:0.0082s ]
SQL: SELECT * FROM `fm_personal_info`  [ RunTime:0.0004s ]
SQL: SHOW COLUMNS FROM `fm_duty_info` [ RunTime:0.1070s ]
SQL: SELECT * FROM `fm_duty_info`  [ RunTime:0.0004s ]
INFO: [ view_parse ] --START--
INFO: [ template_filter ] --START--
INFO: Run Behavior\ContentReplaceBehavior [ RunTime:0.000238s ]
INFO: [ template_filter ] --END-- [ RunTime:0.000522s ]
INFO: Run Behavior\ParseTemplateBehavior [ RunTime:0.008131s ]
INFO: [ view_parse ] --END-- [ RunTime:0.008287s ]
INFO: [ view_filter ] --START--
INFO: Run Behavior\WriteHtmlCacheBehavior [ RunTime:0.000288s ]
INFO: [ view_filter ] --END-- [ RunTime:0.000413s ]
INFO: [ app_end ] --START--
INFO: Run Behavior\ShowPageTraceBehavior [ RunTime:0.000477s ]
INFO: [ app_end ] --END-- [ RunTime:0.000621s ]

[ 2016-01-18T23:10:41+08:00 ] ::1 /Files_manage_system/Admin/Performance/train_check
INFO: [ app_init ] --START--
INFO: Run Behavior\BuildLiteBehavior [ RunTime:0.000036s ]
INFO: [ app_init ] --END-- [ RunTime:0.000511s ]
INFO: [ app_begin ] --START--
INFO: Run Behavior\ReadHtmlCacheBehavior [ RunTime:0.000521s ]
INFO: [ app_begin ] --END-- [ RunTime:0.000683s ]
INFO: [ view_parse ] --START--
INFO: [ template_filter ] --START--
INFO: Run Behavior\ContentReplaceBehavior [ RunTime:0.000160s ]
INFO: [ template_filter ] --END-- [ RunTime:0.000329s ]
NOTIC: [8] Undefined variable: infoData F:\wamp\www\Files_manage_system\Apps\Runtime\Cache\Admin\05287fbc7eae6516f0df8266015b909b.php 第 107 行.
INFO: Run Behavior\ParseTemplateBehavior [ RunTime:0.012702s ]
INFO: [ view_parse ] --END-- [ RunTime:0.012868s ]
INFO: [ view_filter ] --START--
INFO: Run Behavior\WriteHtmlCacheBehavior [ RunTime:0.000332s ]
INFO: [ view_filter ] --END-- [ RunTime:0.000486s ]
INFO: [ app_end ] --START--
INFO: Run Behavior\ShowPageTraceBehavior [ RunTime:0.000505s ]
INFO: [ app_end ] --END-- [ RunTime:0.000659s ]

[ 2016-01-18T23:12:51+08:00 ] ::1 /Files_manage_system/Admin/Performance/train_create
INFO: [ app_init ] --START--
INFO: Run Behavior\BuildLiteBehavior [ RunTime:0.000035s ]
INFO: [ app_init ] --END-- [ RunTime:0.000601s ]
INFO: [ app_begin ] --START--
INFO: Run Behavior\ReadHtmlCacheBehavior [ RunTime:0.000890s ]
INFO: [ app_begin ] --END-- [ RunTime:0.001187s ]
INFO: [ view_parse ] --START--
INFO: [ template_filter ] --START--
INFO: Run Behavior\ContentReplaceBehavior [ RunTime:0.000214s ]
INFO: [ template_filter ] --END-- [ RunTime:0.000379s ]
NOTIC: [8] Undefined variable: employee_data_str F:\wamp\www\Files_manage_system\Apps\Runtime\Cache\Admin\4e7097d96be5ac49cf07ec66f817826d.php 第 178 行.
NOTIC: [8] Undefined variable: emp_data_str F:\wamp\www\Files_manage_system\Apps\Runtime\Cache\Admin\4e7097d96be5ac49cf07ec66f817826d.php 第 181 行.
NOTIC: [8] Undefined variable: emp_id F:\wamp\www\Files_manage_system\Apps\Runtime\Cache\Admin\4e7097d96be5ac49cf07ec66f817826d.php 第 182 行.
INFO: Run Behavior\ParseTemplateBehavior [ RunTime:0.010337s ]
INFO: [ view_parse ] --END-- [ RunTime:0.010495s ]
INFO: [ view_filter ] --START--
INFO: Run Behavior\WriteHtmlCacheBehavior [ RunTime:0.000363s ]
INFO: [ view_filter ] --END-- [ RunTime:0.000490s ]
INFO: [ app_end ] --START--
INFO: Run Behavior\ShowPageTraceBehavior [ RunTime:0.000539s ]
INFO: [ app_end ] --END-- [ RunTime:0.000665s ]

[ 2016-01-18T23:13:18+08:00 ] ::1 /Files_manage_system/Admin/Performance/train_create
INFO: [ app_init ] --START--
INFO: Run Behavior\BuildLiteBehavior [ RunTime:0.000061s ]
INFO: [ app_init ] --END-- [ RunTime:0.000834s ]
INFO: [ app_begin ] --START--
INFO: Run Behavior\ReadHtmlCacheBehavior [ RunTime:0.000516s ]
INFO: [ app_begin ] --END-- [ RunTime:0.000669s ]
INFO: [ view_parse ] --START--
INFO: [ template_filter ] --START--
INFO: Run Behavior\ContentReplaceBehavior [ RunTime:0.000146s ]
INFO: [ template_filter ] --END-- [ RunTime:0.000285s ]
NOTIC: [8] Undefined variable: employee_data_str F:\wamp\www\Files_manage_system\Apps\Runtime\Cache\Admin\4e7097d96be5ac49cf07ec66f817826d.php 第 179 行.
NOTIC: [8] Undefined variable: emp_data_str F:\wamp\www\Files_manage_system\Apps\Runtime\Cache\Admin\4e7097d96be5ac49cf07ec66f817826d.php 第 182 行.
NOTIC: [8] Undefined variable: emp_id F:\wamp\www\Files_manage_system\Apps\Runtime\Cache\Admin\4e7097d96be5ac49cf07ec66f817826d.php 第 183 行.
INFO: Run Behavior\ParseTemplateBehavior [ RunTime:0.015905s ]
INFO: [ view_parse ] --END-- [ RunTime:0.016052s ]
INFO: [ view_filter ] --START--
INFO: Run Behavior\WriteHtmlCacheBehavior [ RunTime:0.000276s ]
INFO: [ view_filter ] --END-- [ RunTime:0.000408s ]
INFO: [ app_end ] --START--
INFO: Run Behavior\ShowPageTraceBehavior [ RunTime:0.000438s ]
INFO: [ app_end ] --END-- [ RunTime:0.000566s ]

[ 2016-01-18T23:13:26+08:00 ] ::1 /Files_manage_system/Admin/Performance/train_create
INFO: [ app_init ] --START--
INFO: Run Behavior\BuildLiteBehavior [ RunTime:0.000035s ]
INFO: [ app_init ] --END-- [ RunTime:0.000773s ]
INFO: [ app_begin ] --START--
INFO: Run Behavior\ReadHtmlCacheBehavior [ RunTime:0.000935s ]
INFO: [ app_begin ] --END-- [ RunTime:0.001229s ]
INFO: [ view_parse ] --START--
INFO: [ template_filter ] --START--
INFO: Run Behavior\ContentReplaceBehavior [ RunTime:0.000359s ]
INFO: [ template_filter ] --END-- [ RunTime:0.000722s ]
NOTIC: [8] Undefined variable: employee_data_str F:\wamp\www\Files_manage_system\Apps\Runtime\Cache\Admin\4e7097d96be5ac49cf07ec66f817826d.php 第 179 行.
NOTIC: [8] Undefined variable: emp_data_str F:\wamp\www\Files_manage_system\Apps\Runtime\Cache\Admin\4e7097d96be5ac49cf07ec66f817826d.php 第 182 行.
NOTIC: [8] Undefined variable: emp_id F:\wamp\www\Files_manage_system\Apps\Runtime\Cache\Admin\4e7097d96be5ac49cf07ec66f817826d.php 第 183 行.
INFO: Run Behavior\ParseTemplateBehavior [ RunTime:0.043949s ]
INFO: [ view_parse ] --END-- [ RunTime:0.044262s ]
INFO: [ view_filter ] --START--
INFO: Run Behavior\WriteHtmlCacheBehavior [ RunTime:0.000448s ]
INFO: [ view_filter ] --END-- [ RunTime:0.000607s ]
INFO: [ app_end ] --START--
INFO: Run Behavior\ShowPageTraceBehavior [ RunTime:0.000519s ]
INFO: [ app_end ] --END-- [ RunTime:0.000650s ]

[ 2016-01-18T23:16:15+08:00 ] ::1 /Files_manage_system/Admin/Performance/train_create
INFO: [ app_init ] --START--
INFO: Run Behavior\BuildLiteBehavior [ RunTime:0.000029s ]
INFO: [ app_init ] --END-- [ RunTime:0.000488s ]
INFO: [ app_begin ] --START--
INFO: Run Behavior\ReadHtmlCacheBehavior [ RunTime:0.000591s ]
INFO: [ app_begin ] --END-- [ RunTime:0.000727s ]
INFO: [ view_parse ] --START--
INFO: [ template_filter ] --START--
INFO: Run Behavior\ContentReplaceBehavior [ RunTime:0.000151s ]
INFO: [ template_filter ] --END-- [ RunTime:0.000297s ]
NOTIC: [8] Undefined variable: employee_data_str F:\wamp\www\Files_manage_system\Apps\Runtime\Cache\Admin\4e7097d96be5ac49cf07ec66f817826d.php 第 177 行.
NOTIC: [8] Undefined variable: emp_data_str F:\wamp\www\Files_manage_system\Apps\Runtime\Cache\Admin\4e7097d96be5ac49cf07ec66f817826d.php 第 180 行.
NOTIC: [8] Undefined variable: emp_id F:\wamp\www\Files_manage_system\Apps\Runtime\Cache\Admin\4e7097d96be5ac49cf07ec66f817826d.php 第 181 行.
INFO: Run Behavior\ParseTemplateBehavior [ RunTime:0.017318s ]
INFO: [ view_parse ] --END-- [ RunTime:0.017516s ]
INFO: [ view_filter ] --START--
INFO: Run Behavior\WriteHtmlCacheBehavior [ RunTime:0.000493s ]
INFO: [ view_filter ] --END-- [ RunTime:0.000756s ]
INFO: [ app_end ] --START--
INFO: Run Behavior\ShowPageTraceBehavior [ RunTime:0.000983s ]
INFO: [ app_end ] --END-- [ RunTime:0.001245s ]

[ 2016-01-18T23:16:39+08:00 ] ::1 /Files_manage_system/Admin/Performance/train_create
INFO: [ app_init ] --START--
INFO: Run Behavior\BuildLiteBehavior [ RunTime:0.000034s ]
INFO: [ app_init ] --END-- [ RunTime:0.000708s ]
INFO: [ app_begin ] --START--
INFO: Run Behavior\ReadHtmlCacheBehavior [ RunTime:0.000561s ]
INFO: [ app_begin ] --END-- [ RunTime:0.000694s ]
INFO: [ view_parse ] --START--
INFO: [ template_filter ] --START--
INFO: Run Behavior\ContentReplaceBehavior [ RunTime:0.000271s ]
INFO: [ template_filter ] --END-- [ RunTime:0.000476s ]
NOTIC: [8] Undefined variable: employee_data_str F:\wamp\www\Files_manage_system\Apps\Runtime\Cache\Admin\4e7097d96be5ac49cf07ec66f817826d.php 第 178 行.
NOTIC: [8] Undefined variable: emp_data_str F:\wamp\www\Files_manage_system\Apps\Runtime\Cache\Admin\4e7097d96be5ac49cf07ec66f817826d.php 第 181 行.
NOTIC: [8] Undefined variable: emp_id F:\wamp\www\Files_manage_system\Apps\Runtime\Cache\Admin\4e7097d96be5ac49cf07ec66f817826d.php 第 182 行.
INFO: Run Behavior\ParseTemplateBehavior [ RunTime:0.016761s ]
INFO: [ view_parse ] --END-- [ RunTime:0.016924s ]
INFO: [ view_filter ] --START--
INFO: Run Behavior\WriteHtmlCacheBehavior [ RunTime:0.000422s ]
INFO: [ view_filter ] --END-- [ RunTime:0.000556s ]
INFO: [ app_end ] --START--
INFO: Run Behavior\ShowPageTraceBehavior [ RunTime:0.000538s ]
INFO: [ app_end ] --END-- [ RunTime:0.000791s ]

[ 2016-01-18T23:16:51+08:00 ] ::1 /Files_manage_system/Admin/Performance/train_create
INFO: [ app_init ] --START--
INFO: Run Behavior\BuildLiteBehavior [ RunTime:0.000040s ]
INFO: [ app_init ] --END-- [ RunTime:0.000668s ]
INFO: [ app_begin ] --START--
INFO: Run Behavior\ReadHtmlCacheBehavior [ RunTime:0.000654s ]
INFO: [ app_begin ] --END-- [ RunTime:0.000822s ]
INFO: [ view_parse ] --START--
INFO: [ template_filter ] --START--
INFO: Run Behavior\ContentReplaceBehavior [ RunTime:0.000175s ]
INFO: [ template_filter ] --END-- [ RunTime:0.000734s ]
NOTIC: [8] Undefined variable: employee_data_str F:\wamp\www\Files_manage_system\Apps\Runtime\Cache\Admin\4e7097d96be5ac49cf07ec66f817826d.php 第 175 行.
NOTIC: [8] Undefined variable: emp_data_str F:\wamp\www\Files_manage_system\Apps\Runtime\Cache\Admin\4e7097d96be5ac49cf07ec66f817826d.php 第 178 行.
NOTIC: [8] Undefined variable: emp_id F:\wamp\www\Files_manage_system\Apps\Runtime\Cache\Admin\4e7097d96be5ac49cf07ec66f817826d.php 第 179 行.
INFO: Run Behavior\ParseTemplateBehavior [ RunTime:0.015729s ]
INFO: [ view_parse ] --END-- [ RunTime:0.015877s ]
INFO: [ view_filter ] --START--
INFO: Run Behavior\WriteHtmlCacheBehavior [ RunTime:0.000475s ]
INFO: [ view_filter ] --END-- [ RunTime:0.000608s ]
INFO: [ app_end ] --START--
INFO: Run Behavior\ShowPageTraceBehavior [ RunTime:0.000893s ]
INFO: [ app_end ] --END-- [ RunTime:0.001120s ]

[ 2016-01-18T23:16:51+08:00 ] ::1 /Files_manage_system/Admin/Performance/train_create
INFO: [ app_init ] --START--
INFO: Run Behavior\BuildLiteBehavior [ RunTime:0.000031s ]
INFO: [ app_init ] --END-- [ RunTime:0.000498s ]
INFO: [ app_begin ] --START--
INFO: Run Behavior\ReadHtmlCacheBehavior [ RunTime:0.000556s ]
INFO: [ app_begin ] --END-- [ RunTime:0.000699s ]
INFO: [ view_parse ] --START--
INFO: [ template_filter ] --START--
INFO: Run Behavior\ContentReplaceBehavior [ RunTime:0.000149s ]
INFO: [ template_filter ] --END-- [ RunTime:0.000297s ]
NOTIC: [8] Undefined variable: employee_data_str F:\wamp\www\Files_manage_system\Apps\Runtime\Cache\Admin\4e7097d96be5ac49cf07ec66f817826d.php 第 175 行.
NOTIC: [8] Undefined variable: emp_data_str F:\wamp\www\Files_manage_system\Apps\Runtime\Cache\Admin\4e7097d96be5ac49cf07ec66f817826d.php 第 178 行.
NOTIC: [8] Undefined variable: emp_id F:\wamp\www\Files_manage_system\Apps\Runtime\Cache\Admin\4e7097d96be5ac49cf07ec66f817826d.php 第 179 行.
INFO: Run Behavior\ParseTemplateBehavior [ RunTime:0.010382s ]
INFO: [ view_parse ] --END-- [ RunTime:0.010526s ]
INFO: [ view_filter ] --START--
INFO: Run Behavior\WriteHtmlCacheBehavior [ RunTime:0.000384s ]
INFO: [ view_filter ] --END-- [ RunTime:0.000567s ]
INFO: [ app_end ] --START--
INFO: Run Behavior\ShowPageTraceBehavior [ RunTime:0.000526s ]
INFO: [ app_end ] --END-- [ RunTime:0.000668s ]

[ 2016-01-18T23:16:52+08:00 ] ::1 /Files_manage_system/Admin/Performance/train_create
INFO: [ app_init ] --START--
INFO: Run Behavior\BuildLiteBehavior [ RunTime:0.000032s ]
INFO: [ app_init ] --END-- [ RunTime:0.000485s ]
INFO: [ app_begin ] --START--
INFO: Run Behavior\ReadHtmlCacheBehavior [ RunTime:0.000562s ]
INFO: [ app_begin ] --END-- [ RunTime:0.000703s ]
INFO: [ view_parse ] --START--
INFO: [ template_filter ] --START--
INFO: Run Behavior\ContentReplaceBehavior [ RunTime:0.000248s ]
INFO: [ template_filter ] --END-- [ RunTime:0.000536s ]
NOTIC: [8] Undefined variable: employee_data_str F:\wamp\www\Files_manage_system\Apps\Runtime\Cache\Admin\4e7097d96be5ac49cf07ec66f817826d.php 第 175 行.
NOTIC: [8] Undefined variable: emp_data_str F:\wamp\www\Files_manage_system\Apps\Runtime\Cache\Admin\4e7097d96be5ac49cf07ec66f817826d.php 第 178 行.
NOTIC: [8] Undefined variable: emp_id F:\wamp\www\Files_manage_system\Apps\Runtime\Cache\Admin\4e7097d96be5ac49cf07ec66f817826d.php 第 179 行.
INFO: Run Behavior\ParseTemplateBehavior [ RunTime:0.010396s ]
INFO: [ view_parse ] --END-- [ RunTime:0.010540s ]
INFO: [ view_filter ] --START--
INFO: Run Behavior\WriteHtmlCacheBehavior [ RunTime:0.000352s ]
INFO: [ view_filter ] --END-- [ RunTime:0.000485s ]
INFO: [ app_end ] --START--
INFO: Run Behavior\ShowPageTraceBehavior [ RunTime:0.000654s ]
INFO: [ app_end ] --END-- [ RunTime:0.000878s ]

[ 2016-01-18T23:17:04+08:00 ] ::1 /Files_manage_system/Admin/Performance/train_create
INFO: [ app_init ] --START--
INFO: Run Behavior\BuildLiteBehavior [ RunTime:0.000240s ]
INFO: [ app_init ] --END-- [ RunTime:0.001729s ]
INFO: [ app_begin ] --START--
INFO: Run Behavior\ReadHtmlCacheBehavior [ RunTime:0.000566s ]
INFO: [ app_begin ] --END-- [ RunTime:0.000752s ]
INFO: [ view_parse ] --START--
INFO: [ template_filter ] --START--
INFO: Run Behavior\ContentReplaceBehavior [ RunTime:0.000165s ]
INFO: [ template_filter ] --END-- [ RunTime:0.000349s ]
NOTIC: [8] Undefined variable: employee_data_str F:\wamp\www\Files_manage_system\Apps\Runtime\Cache\Admin\4e7097d96be5ac49cf07ec66f817826d.php 第 175 行.
NOTIC: [8] Undefined variable: emp_data_str F:\wamp\www\Files_manage_system\Apps\Runtime\Cache\Admin\4e7097d96be5ac49cf07ec66f817826d.php 第 178 行.
NOTIC: [8] Undefined variable: emp_id F:\wamp\www\Files_manage_system\Apps\Runtime\Cache\Admin\4e7097d96be5ac49cf07ec66f817826d.php 第 179 行.
INFO: Run Behavior\ParseTemplateBehavior [ RunTime:0.017887s ]
INFO: [ view_parse ] --END-- [ RunTime:0.018037s ]
INFO: [ view_filter ] --START--
INFO: Run Behavior\WriteHtmlCacheBehavior [ RunTime:0.000327s ]
INFO: [ view_filter ] --END-- [ RunTime:0.000461s ]
INFO: [ app_end ] --START--
INFO: Run Behavior\ShowPageTraceBehavior [ RunTime:0.000483s ]
INFO: [ app_end ] --END-- [ RunTime:0.000615s ]

