[ 2016-01-25T21:41:26+08:00 ] ::1 /Files_manage_system/Admin/BaseInfo/check
INFO: [ app_init ] --START--
INFO: Run Behavior\BuildLiteBehavior [ RunTime:0.000035s ]
INFO: [ app_init ] --END-- [ RunTime:0.007721s ]
INFO: [ app_begin ] --START--
INFO: Run Behavior\ReadHtmlCacheBehavior [ RunTime:0.024727s ]
INFO: [ app_begin ] --END-- [ RunTime:0.024965s ]
NOTIC: [2048] Declaration of Admin\Controller\BaseInfoController::show() should be compatible with Think\Controller::show($content, $charset = '', $contentType = '', $prefix = '') F:\wamp\www\Files_manage_system\Apps\Admin\Controller\BaseInfoController.class.php 第 568 行.
NOTIC: [8] Undefined index: username F:\wamp\www\Files_manage_system\Apps\Admin\Controller\BaseInfoController.class.php 第 7 行.

[ 2016-01-25T21:41:27+08:00 ] ::1 /Files_manage_system/Admin/User/index
INFO: [ app_init ] --START--
INFO: Run Behavior\BuildLiteBehavior [ RunTime:0.000124s ]
INFO: [ app_init ] --END-- [ RunTime:0.000976s ]
INFO: [ app_begin ] --START--
INFO: Run Behavior\ReadHtmlCacheBehavior [ RunTime:0.001002s ]
INFO: [ app_begin ] --END-- [ RunTime:0.001301s ]
INFO: [ view_parse ] --START--
INFO: [ template_filter ] --START--
INFO: Run Behavior\ContentReplaceBehavior [ RunTime:0.000867s ]
INFO: [ template_filter ] --END-- [ RunTime:0.001033s ]
INFO: Run Behavior\ParseTemplateBehavior [ RunTime:0.168009s ]
INFO: [ view_parse ] --END-- [ RunTime:0.168384s ]
INFO: [ view_filter ] --START--
INFO: Run Behavior\WriteHtmlCacheBehavior [ RunTime:0.005306s ]
INFO: [ view_filter ] --END-- [ RunTime:0.005465s ]
INFO: [ app_end ] --START--
INFO: Run Behavior\ShowPageTraceBehavior [ RunTime:0.010502s ]
INFO: [ app_end ] --END-- [ RunTime:0.010739s ]

[ 2016-01-25T21:41:31+08:00 ] ::1 /Files_manage_system/Admin/User/redir_consultation
INFO: [ app_init ] --START--
INFO: Run Behavior\BuildLiteBehavior [ RunTime:0.000040s ]
INFO: [ app_init ] --END-- [ RunTime:0.000728s ]
INFO: [ app_begin ] --START--
INFO: Run Behavior\ReadHtmlCacheBehavior [ RunTime:0.000739s ]
INFO: [ app_begin ] --END-- [ RunTime:0.000916s ]
SQL: SHOW COLUMNS FROM `fm_user` [ RunTime:0.0347s ]
SQL: SELECT * FROM `fm_user` WHERE `password` = '21232f297a57a5a743894a0e4a801fc3'  [ RunTime:0.0226s ]
SQL: SELECT * FROM `fm_user`  [ RunTime:0.0004s ]
NOTIC: [8] A session had already been started - ignoring session_start() F:\wamp\www\Files_manage_system\Apps\Admin\Controller\UserController.class.php 第 28 行.
NOTIC: [8] Undefined index: job F:\wamp\www\Files_manage_system\Apps\Admin\Controller\UserController.class.php 第 29 行.

[ 2016-01-25T21:41:31+08:00 ] ::1 /Files_manage_system/Admin/Index/index
INFO: [ app_init ] --START--
INFO: Run Behavior\BuildLiteBehavior [ RunTime:0.000045s ]
INFO: [ app_init ] --END-- [ RunTime:0.000677s ]
INFO: [ app_begin ] --START--
INFO: Run Behavior\ReadHtmlCacheBehavior [ RunTime:0.000678s ]
INFO: [ app_begin ] --END-- [ RunTime:0.000967s ]
INFO: [ view_parse ] --START--
INFO: [ template_filter ] --START--
INFO: Run Behavior\ContentReplaceBehavior [ RunTime:0.000178s ]
INFO: [ template_filter ] --END-- [ RunTime:0.000402s ]
INFO: Run Behavior\ParseTemplateBehavior [ RunTime:0.043354s ]
INFO: [ view_parse ] --END-- [ RunTime:0.043825s ]
INFO: [ view_filter ] --START--
INFO: Run Behavior\WriteHtmlCacheBehavior [ RunTime:0.000730s ]
INFO: [ view_filter ] --END-- [ RunTime:0.000934s ]
INFO: [ app_end ] --START--
INFO: Run Behavior\ShowPageTraceBehavior [ RunTime:0.000846s ]
INFO: [ app_end ] --END-- [ RunTime:0.001049s ]

[ 2016-01-25T21:41:34+08:00 ] ::1 /Files_manage_system/Admin/Performance/train_check
INFO: [ app_init ] --START--
INFO: Run Behavior\BuildLiteBehavior [ RunTime:0.000078s ]
INFO: [ app_init ] --END-- [ RunTime:0.000876s ]
INFO: [ app_begin ] --START--
INFO: Run Behavior\ReadHtmlCacheBehavior [ RunTime:0.000846s ]
INFO: [ app_begin ] --END-- [ RunTime:0.001149s ]
SQL: SHOW COLUMNS FROM `fm_train_info` [ RunTime:0.0544s ]
SQL: SELECT `id`,`fm_num`,`train_name`,`train_start_date`,`train_end_date`,`train_unit`,`train_lecture` FROM `fm_train_info`  [ RunTime:0.0192s ]
INFO: [ view_parse ] --START--
INFO: [ template_filter ] --START--
INFO: Run Behavior\ContentReplaceBehavior [ RunTime:0.000174s ]
INFO: [ template_filter ] --END-- [ RunTime:0.000328s ]
INFO: Run Behavior\ParseTemplateBehavior [ RunTime:0.014126s ]
INFO: [ view_parse ] --END-- [ RunTime:0.014344s ]
INFO: [ view_filter ] --START--
INFO: Run Behavior\WriteHtmlCacheBehavior [ RunTime:0.000415s ]
INFO: [ view_filter ] --END-- [ RunTime:0.000614s ]
INFO: [ app_end ] --START--
INFO: Run Behavior\ShowPageTraceBehavior [ RunTime:0.000487s ]
INFO: [ app_end ] --END-- [ RunTime:0.000620s ]

