[ 2016-04-16T00:41:56+08:00 ] ::1 /Files_manage_system/Admin/Performance/rnp_check
INFO: [ app_init ] --START--
INFO: Run Behavior\BuildLiteBehavior [ RunTime:0.000035s ]
INFO: [ app_init ] --END-- [ RunTime:0.000546s ]
INFO: [ app_begin ] --START--
INFO: Run Behavior\ReadHtmlCacheBehavior [ RunTime:0.000825s ]
INFO: [ app_begin ] --END-- [ RunTime:0.001096s ]
SQL: SHOW COLUMNS FROM `fm_personal_info` [ RunTime:0.0162s ]
SQL: SHOW COLUMNS FROM `fm_duty_info` [ RunTime:0.0115s ]
SQL: SHOW COLUMNS FROM `fm_department` [ RunTime:0.1358s ]
SQL: SHOW COLUMNS FROM `fm_rnp_info` [ RunTime:0.0665s ]
SQL: SELECT * FROM `fm_personal_info`  [ RunTime:0.0006s ]
SQL: SELECT * FROM `fm_duty_info`  [ RunTime:0.0004s ]
SQL: SELECT * FROM `fm_department`  [ RunTime:0.0003s ]
INFO: [ view_parse ] --START--
INFO: [ template_filter ] --START--
INFO: Run Behavior\ContentReplaceBehavior [ RunTime:0.000179s ]
INFO: [ template_filter ] --END-- [ RunTime:0.000365s ]
INFO: Run Behavior\ParseTemplateBehavior [ RunTime:0.066233s ]
INFO: [ view_parse ] --END-- [ RunTime:0.066419s ]
INFO: [ view_filter ] --START--
INFO: Run Behavior\WriteHtmlCacheBehavior [ RunTime:0.000481s ]
INFO: [ view_filter ] --END-- [ RunTime:0.000681s ]
INFO: [ app_end ] --START--
INFO: Run Behavior\ShowPageTraceBehavior [ RunTime:0.000879s ]
INFO: [ app_end ] --END-- [ RunTime:0.001049s ]

[ 2016-04-16T00:41:58+08:00 ] ::1 /Files_manage_system/Admin/Performance/rnp_create
INFO: [ app_init ] --START--
INFO: Run Behavior\BuildLiteBehavior [ RunTime:0.000054s ]
INFO: [ app_init ] --END-- [ RunTime:0.000534s ]
INFO: [ app_begin ] --START--
INFO: Run Behavior\ReadHtmlCacheBehavior [ RunTime:0.000801s ]
INFO: [ app_begin ] --END-- [ RunTime:0.001064s ]
SQL: SHOW COLUMNS FROM `fm_department` [ RunTime:0.0096s ]
SQL: SHOW COLUMNS FROM `fm_duty_info` [ RunTime:0.0076s ]
NOTIC: [8] Undefined index: newEmpId F:\wamp\www\Files_manage_system\Apps\Admin\Controller\PerformanceController.class.php 第 525 行.
SQL: SELECT * FROM `fm_department`  [ RunTime:0.0003s ]
SQL: SELECT `id`,`emp_name` FROM `fm_duty_info` WHERE `emp_department` = '技术组'  [ RunTime:0.0002s ]
SQL: SELECT `id`,`emp_name` FROM `fm_duty_info` WHERE `emp_department` = 'Java项目组'  [ RunTime:0.0002s ]
SQL: SELECT `id`,`emp_name` FROM `fm_duty_info` WHERE `emp_department` = 'Php项目组'  [ RunTime:0.0002s ]
SQL: SELECT `id`,`emp_name` FROM `fm_duty_info` WHERE `emp_department` = 'IOS项目组'  [ RunTime:0.0002s ]
INFO: [ view_parse ] --START--
INFO: [ template_filter ] --START--
INFO: Run Behavior\ContentReplaceBehavior [ RunTime:0.000239s ]
INFO: [ template_filter ] --END-- [ RunTime:0.000433s ]
NOTIC: [8] Undefined variable: emp_id F:\wamp\www\Files_manage_system\Apps\Runtime\Cache\Admin\cf9f1b4e01e9128563b46dca2283565a.php 第 122 行.
NOTIC: [8] Undefined variable: emp_data_str F:\wamp\www\Files_manage_system\Apps\Runtime\Cache\Admin\cf9f1b4e01e9128563b46dca2283565a.php 第 179 行.
NOTIC: [8] Undefined variable: emp_id F:\wamp\www\Files_manage_system\Apps\Runtime\Cache\Admin\cf9f1b4e01e9128563b46dca2283565a.php 第 180 行.
INFO: Run Behavior\ParseTemplateBehavior [ RunTime:0.050685s ]
INFO: [ view_parse ] --END-- [ RunTime:0.050886s ]
INFO: [ view_filter ] --START--
INFO: Run Behavior\WriteHtmlCacheBehavior [ RunTime:0.000295s ]
INFO: [ view_filter ] --END-- [ RunTime:0.000436s ]
INFO: [ app_end ] --START--
INFO: Run Behavior\ShowPageTraceBehavior [ RunTime:0.000473s ]
INFO: [ app_end ] --END-- [ RunTime:0.000597s ]

[ 2016-04-16T00:48:23+08:00 ] ::1 /Files_manage_system/Admin/Performance/train_check
INFO: [ app_init ] --START--
INFO: Run Behavior\BuildLiteBehavior [ RunTime:0.000036s ]
INFO: [ app_init ] --END-- [ RunTime:0.000552s ]
INFO: [ app_begin ] --START--
INFO: Run Behavior\ReadHtmlCacheBehavior [ RunTime:0.000626s ]
INFO: [ app_begin ] --END-- [ RunTime:0.000789s ]
SQL: SHOW COLUMNS FROM `fm_train_info` [ RunTime:0.0138s ]
SQL: SHOW COLUMNS FROM `fm_train_person` [ RunTime:0.0106s ]
SQL: SELECT `id`,`fm_num`,`train_name`,`train_start_date`,`train_end_date`,`train_unit`,`train_lecture` FROM `fm_train_info`  [ RunTime:0.0004s ]
INFO: [ view_parse ] --START--
INFO: [ template_filter ] --START--
INFO: Run Behavior\ContentReplaceBehavior [ RunTime:0.000157s ]
INFO: [ template_filter ] --END-- [ RunTime:0.000304s ]
INFO: Run Behavior\ParseTemplateBehavior [ RunTime:0.008496s ]
INFO: [ view_parse ] --END-- [ RunTime:0.008697s ]
INFO: [ view_filter ] --START--
INFO: Run Behavior\WriteHtmlCacheBehavior [ RunTime:0.000489s ]
INFO: [ view_filter ] --END-- [ RunTime:0.000632s ]
INFO: [ app_end ] --START--
INFO: Run Behavior\ShowPageTraceBehavior [ RunTime:0.000741s ]
INFO: [ app_end ] --END-- [ RunTime:0.000911s ]

[ 2016-04-16T00:48:24+08:00 ] ::1 /Files_manage_system/Admin/Performance/train_create
INFO: [ app_init ] --START--
INFO: Run Behavior\BuildLiteBehavior [ RunTime:0.000035s ]
INFO: [ app_init ] --END-- [ RunTime:0.000501s ]
INFO: [ app_begin ] --START--
INFO: Run Behavior\ReadHtmlCacheBehavior [ RunTime:0.000599s ]
INFO: [ app_begin ] --END-- [ RunTime:0.000766s ]
SQL: SHOW COLUMNS FROM `fm_personal_info` [ RunTime:0.1150s ]
SQL: SHOW COLUMNS FROM `fm_duty_info` [ RunTime:0.0104s ]
SQL: SELECT `id`,`fm_num`,`emp_name`,`emp_sex` FROM `fm_personal_info`  [ RunTime:0.0003s ]
SQL: SELECT `id`,`emp_department`,`emp_job` FROM `fm_duty_info`  [ RunTime:0.0002s ]
INFO: [ view_parse ] --START--
INFO: [ template_filter ] --START--
INFO: Run Behavior\ContentReplaceBehavior [ RunTime:0.000174s ]
INFO: [ template_filter ] --END-- [ RunTime:0.000348s ]
INFO: Run Behavior\ParseTemplateBehavior [ RunTime:0.078245s ]
INFO: [ view_parse ] --END-- [ RunTime:0.078435s ]
INFO: [ view_filter ] --START--
INFO: Run Behavior\WriteHtmlCacheBehavior [ RunTime:0.000408s ]
INFO: [ view_filter ] --END-- [ RunTime:0.000576s ]
INFO: [ app_end ] --START--
INFO: Run Behavior\ShowPageTraceBehavior [ RunTime:0.000605s ]
INFO: [ app_end ] --END-- [ RunTime:0.000775s ]

