[ 2016-01-11T22:54:23+08:00 ] ::1 /Files_manage_system/Admin/Performance/attendence_create
INFO: [ app_init ] --START--
INFO: Run Behavior\BuildLiteBehavior [ RunTime:0.000055s ]
INFO: [ app_init ] --END-- [ RunTime:0.000737s ]
INFO: [ app_begin ] --START--
INFO: Run Behavior\ReadHtmlCacheBehavior [ RunTime:0.000984s ]
INFO: [ app_begin ] --END-- [ RunTime:0.001281s ]
SQL: SHOW COLUMNS FROM `fm_department` [ RunTime:0.0090s ]
SQL: SELECT * FROM `fm_department`  [ RunTime:0.0003s ]
SQL: SHOW COLUMNS FROM `fm_duty_info` [ RunTime:0.0075s ]
ERR: 1054:Champ 'Java项目组' inconnu dans where clause
 [ SQL语句 ] : SELECT `id`,`emp_name` FROM `fm_duty_info` WHERE ( emp_department=Java项目组 ) 
ERR: 1054:Champ 'Java项目组' inconnu dans where clause
 [ SQL语句 ] : SELECT `id`,`emp_name` FROM `fm_duty_info` WHERE ( emp_department=Java项目组 ) 

[ 2016-01-11T22:54:23+08:00 ] ::1 /Files_manage_system/Admin/Performance/attendence_list
INFO: [ app_init ] --START--
INFO: Run Behavior\BuildLiteBehavior [ RunTime:0.000069s ]
INFO: [ app_init ] --END-- [ RunTime:0.002273s ]
INFO: [ app_begin ] --START--
INFO: Run Behavior\ReadHtmlCacheBehavior [ RunTime:0.001075s ]
INFO: [ app_begin ] --END-- [ RunTime:0.001383s ]
INFO: [ view_parse ] --START--
INFO: [ template_filter ] --START--
INFO: Run Behavior\ContentReplaceBehavior [ RunTime:0.000229s ]
INFO: [ template_filter ] --END-- [ RunTime:0.000449s ]
INFO: Run Behavior\ParseTemplateBehavior [ RunTime:0.009573s ]
INFO: [ view_parse ] --END-- [ RunTime:0.009734s ]
INFO: [ view_filter ] --START--
INFO: Run Behavior\WriteHtmlCacheBehavior [ RunTime:0.000369s ]
INFO: [ view_filter ] --END-- [ RunTime:0.000501s ]
INFO: [ app_end ] --START--
INFO: Run Behavior\ShowPageTraceBehavior [ RunTime:0.000754s ]
INFO: [ app_end ] --END-- [ RunTime:0.000957s ]

[ 2016-01-11T22:54:23+08:00 ] ::1 /Files_manage_system/Admin/Performance/attendence_create
INFO: [ app_init ] --START--
INFO: Run Behavior\BuildLiteBehavior [ RunTime:0.000060s ]
INFO: [ app_init ] --END-- [ RunTime:0.000937s ]
INFO: [ app_begin ] --START--
INFO: Run Behavior\ReadHtmlCacheBehavior [ RunTime:0.002016s ]
INFO: [ app_begin ] --END-- [ RunTime:0.002383s ]
SQL: SHOW COLUMNS FROM `fm_department` [ RunTime:0.0044s ]
SQL: SELECT * FROM `fm_department`  [ RunTime:0.0003s ]
SQL: SHOW COLUMNS FROM `fm_duty_info` [ RunTime:0.0057s ]
ERR: 1054:Champ 'Java项目组' inconnu dans where clause
 [ SQL语句 ] : SELECT `id`,`emp_name` FROM `fm_duty_info` WHERE ( emp_department=Java项目组 ) 
ERR: 1054:Champ 'Java项目组' inconnu dans where clause
 [ SQL语句 ] : SELECT `id`,`emp_name` FROM `fm_duty_info` WHERE ( emp_department=Java项目组 ) 

[ 2016-01-11T22:54:23+08:00 ] ::1 /Files_manage_system/Admin/Performance/attendence_create
INFO: [ app_init ] --START--
INFO: Run Behavior\BuildLiteBehavior [ RunTime:0.000060s ]
INFO: [ app_init ] --END-- [ RunTime:0.001186s ]
INFO: [ app_begin ] --START--
INFO: Run Behavior\ReadHtmlCacheBehavior [ RunTime:0.001546s ]
INFO: [ app_begin ] --END-- [ RunTime:0.001854s ]
SQL: SHOW COLUMNS FROM `fm_department` [ RunTime:0.0047s ]
SQL: SELECT * FROM `fm_department`  [ RunTime:0.0003s ]
SQL: SHOW COLUMNS FROM `fm_duty_info` [ RunTime:0.0053s ]
ERR: 1054:Champ 'Java项目组' inconnu dans where clause
 [ SQL语句 ] : SELECT `id`,`emp_name` FROM `fm_duty_info` WHERE ( emp_department=Java项目组 ) 
ERR: 1054:Champ 'Java项目组' inconnu dans where clause
 [ SQL语句 ] : SELECT `id`,`emp_name` FROM `fm_duty_info` WHERE ( emp_department=Java项目组 ) 

[ 2016-01-11T22:54:23+08:00 ] ::1 /Files_manage_system/Admin/Performance/attendence_create
INFO: [ app_init ] --START--
INFO: Run Behavior\BuildLiteBehavior [ RunTime:0.000063s ]
INFO: [ app_init ] --END-- [ RunTime:0.000874s ]
INFO: [ app_begin ] --START--
INFO: Run Behavior\ReadHtmlCacheBehavior [ RunTime:0.001101s ]
INFO: [ app_begin ] --END-- [ RunTime:0.001424s ]
SQL: SHOW COLUMNS FROM `fm_department` [ RunTime:0.0045s ]
SQL: SELECT * FROM `fm_department`  [ RunTime:0.0003s ]
SQL: SHOW COLUMNS FROM `fm_duty_info` [ RunTime:0.0044s ]
ERR: 1054:Champ 'Java项目组' inconnu dans where clause
 [ SQL语句 ] : SELECT `id`,`emp_name` FROM `fm_duty_info` WHERE ( emp_department=Java项目组 ) 
ERR: 1054:Champ 'Java项目组' inconnu dans where clause
 [ SQL语句 ] : SELECT `id`,`emp_name` FROM `fm_duty_info` WHERE ( emp_department=Java项目组 ) 

[ 2016-01-11T22:54:23+08:00 ] ::1 /Files_manage_system/Admin/Performance/attendence_create
INFO: [ app_init ] --START--
INFO: Run Behavior\BuildLiteBehavior [ RunTime:0.000065s ]
INFO: [ app_init ] --END-- [ RunTime:0.000883s ]
INFO: [ app_begin ] --START--
INFO: Run Behavior\ReadHtmlCacheBehavior [ RunTime:0.000964s ]
INFO: [ app_begin ] --END-- [ RunTime:0.001328s ]
SQL: SHOW COLUMNS FROM `fm_department` [ RunTime:0.0048s ]
SQL: SELECT * FROM `fm_department`  [ RunTime:0.0003s ]
SQL: SHOW COLUMNS FROM `fm_duty_info` [ RunTime:0.0046s ]
ERR: 1054:Champ 'Java项目组' inconnu dans where clause
 [ SQL语句 ] : SELECT `id`,`emp_name` FROM `fm_duty_info` WHERE ( emp_department=Java项目组 ) 
ERR: 1054:Champ 'Java项目组' inconnu dans where clause
 [ SQL语句 ] : SELECT `id`,`emp_name` FROM `fm_duty_info` WHERE ( emp_department=Java项目组 ) 

[ 2016-01-11T22:54:23+08:00 ] ::1 /Files_manage_system/Admin/Performance/attendence_list
INFO: [ app_init ] --START--
INFO: Run Behavior\BuildLiteBehavior [ RunTime:0.000057s ]
INFO: [ app_init ] --END-- [ RunTime:0.000997s ]
INFO: [ app_begin ] --START--
INFO: Run Behavior\ReadHtmlCacheBehavior [ RunTime:0.001018s ]
INFO: [ app_begin ] --END-- [ RunTime:0.001328s ]
INFO: [ view_parse ] --START--
INFO: [ template_filter ] --START--
INFO: Run Behavior\ContentReplaceBehavior [ RunTime:0.000137s ]
INFO: [ template_filter ] --END-- [ RunTime:0.000289s ]
INFO: Run Behavior\ParseTemplateBehavior [ RunTime:0.010064s ]
INFO: [ view_parse ] --END-- [ RunTime:0.010340s ]
INFO: [ view_filter ] --START--
INFO: Run Behavior\WriteHtmlCacheBehavior [ RunTime:0.000515s ]
INFO: [ view_filter ] --END-- [ RunTime:0.000763s ]
INFO: [ app_end ] --START--
INFO: Run Behavior\ShowPageTraceBehavior [ RunTime:0.000602s ]
INFO: [ app_end ] --END-- [ RunTime:0.000789s ]

[ 2016-01-11T22:54:24+08:00 ] ::1 /Files_manage_system/Admin/Performance/attendence_list
INFO: [ app_init ] --START--
INFO: Run Behavior\BuildLiteBehavior [ RunTime:0.000035s ]
INFO: [ app_init ] --END-- [ RunTime:0.000775s ]
INFO: [ app_begin ] --START--
INFO: Run Behavior\ReadHtmlCacheBehavior [ RunTime:0.001329s ]
INFO: [ app_begin ] --END-- [ RunTime:0.001614s ]
INFO: [ view_parse ] --START--
INFO: [ template_filter ] --START--
INFO: Run Behavior\ContentReplaceBehavior [ RunTime:0.000135s ]
INFO: [ template_filter ] --END-- [ RunTime:0.000289s ]
INFO: Run Behavior\ParseTemplateBehavior [ RunTime:0.010491s ]
INFO: [ view_parse ] --END-- [ RunTime:0.010724s ]
INFO: [ view_filter ] --START--
INFO: Run Behavior\WriteHtmlCacheBehavior [ RunTime:0.000428s ]
INFO: [ view_filter ] --END-- [ RunTime:0.000611s ]
INFO: [ app_end ] --START--
INFO: Run Behavior\ShowPageTraceBehavior [ RunTime:0.000549s ]
INFO: [ app_end ] --END-- [ RunTime:0.000681s ]

[ 2016-01-11T22:54:24+08:00 ] ::1 /Files_manage_system/Admin/BaseInfo/check
INFO: [ app_init ] --START--
INFO: Run Behavior\BuildLiteBehavior [ RunTime:0.000060s ]
INFO: [ app_init ] --END-- [ RunTime:0.000960s ]
INFO: [ app_begin ] --START--
INFO: Run Behavior\ReadHtmlCacheBehavior [ RunTime:0.001389s ]
INFO: [ app_begin ] --END-- [ RunTime:0.002344s ]
NOTIC: [2048] Declaration of Admin\Controller\BaseInfoController::show() should be compatible with Think\Controller::show($content, $charset = '', $contentType = '', $prefix = '') F:\wamp\www\Files_manage_system\Apps\Admin\Controller\BaseInfoController.class.php 第 560 行.
SQL: SHOW COLUMNS FROM `fm_personal_info` [ RunTime:0.0091s ]
SQL: SELECT * FROM `fm_personal_info`  [ RunTime:0.0004s ]
SQL: SHOW COLUMNS FROM `fm_duty_info` [ RunTime:0.0074s ]
SQL: SELECT * FROM `fm_duty_info`  [ RunTime:0.0004s ]
INFO: [ view_parse ] --START--
INFO: [ template_filter ] --START--
INFO: Run Behavior\ContentReplaceBehavior [ RunTime:0.000148s ]
INFO: [ template_filter ] --END-- [ RunTime:0.000293s ]
INFO: Run Behavior\ParseTemplateBehavior [ RunTime:0.008238s ]
INFO: [ view_parse ] --END-- [ RunTime:0.008571s ]
INFO: [ view_filter ] --START--
INFO: Run Behavior\WriteHtmlCacheBehavior [ RunTime:0.000534s ]
INFO: [ view_filter ] --END-- [ RunTime:0.000748s ]
INFO: [ app_end ] --START--
INFO: Run Behavior\ShowPageTraceBehavior [ RunTime:0.000509s ]
INFO: [ app_end ] --END-- [ RunTime:0.000642s ]

[ 2016-01-11T22:54:24+08:00 ] ::1 /Files_manage_system/Admin/BaseInfo/check
INFO: [ app_init ] --START--
INFO: Run Behavior\BuildLiteBehavior [ RunTime:0.000063s ]
INFO: [ app_init ] --END-- [ RunTime:0.001021s ]
INFO: [ app_begin ] --START--
INFO: Run Behavior\ReadHtmlCacheBehavior [ RunTime:0.001117s ]
INFO: [ app_begin ] --END-- [ RunTime:0.001401s ]
NOTIC: [2048] Declaration of Admin\Controller\BaseInfoController::show() should be compatible with Think\Controller::show($content, $charset = '', $contentType = '', $prefix = '') F:\wamp\www\Files_manage_system\Apps\Admin\Controller\BaseInfoController.class.php 第 560 行.
SQL: SHOW COLUMNS FROM `fm_personal_info` [ RunTime:0.0055s ]
SQL: SELECT * FROM `fm_personal_info`  [ RunTime:0.0004s ]
SQL: SHOW COLUMNS FROM `fm_duty_info` [ RunTime:0.0042s ]
SQL: SELECT * FROM `fm_duty_info`  [ RunTime:0.0004s ]
INFO: [ view_parse ] --START--
INFO: [ template_filter ] --START--
INFO: Run Behavior\ContentReplaceBehavior [ RunTime:0.000157s ]
INFO: [ template_filter ] --END-- [ RunTime:0.000370s ]
INFO: Run Behavior\ParseTemplateBehavior [ RunTime:0.009520s ]
INFO: [ view_parse ] --END-- [ RunTime:0.009700s ]
INFO: [ view_filter ] --START--
INFO: Run Behavior\WriteHtmlCacheBehavior [ RunTime:0.000362s ]
INFO: [ view_filter ] --END-- [ RunTime:0.000494s ]
INFO: [ app_end ] --START--
INFO: Run Behavior\ShowPageTraceBehavior [ RunTime:0.000507s ]
INFO: [ app_end ] --END-- [ RunTime:0.000671s ]

[ 2016-01-11T22:54:50+08:00 ] ::1 /Files_manage_system/Admin/BaseInfo/create
INFO: [ app_init ] --START--
INFO: Run Behavior\BuildLiteBehavior [ RunTime:0.000050s ]
INFO: [ app_init ] --END-- [ RunTime:0.000652s ]
INFO: [ app_begin ] --START--
INFO: Run Behavior\ReadHtmlCacheBehavior [ RunTime:0.000455s ]
INFO: [ app_begin ] --END-- [ RunTime:0.000597s ]
NOTIC: [2048] Declaration of Admin\Controller\BaseInfoController::show() should be compatible with Think\Controller::show($content, $charset = '', $contentType = '', $prefix = '') F:\wamp\www\Files_manage_system\Apps\Admin\Controller\BaseInfoController.class.php 第 560 行.
SQL: SHOW COLUMNS FROM `fm_personal_info` [ RunTime:0.0084s ]
SQL: SELECT `id` FROM `fm_personal_info`  [ RunTime:0.0003s ]
INFO: [ view_parse ] --START--
INFO: [ template_filter ] --START--
INFO: Run Behavior\ContentReplaceBehavior [ RunTime:0.000212s ]
INFO: [ template_filter ] --END-- [ RunTime:0.000363s ]
NOTIC: [8] Undefined variable: emp_sex_male F:\wamp\www\Files_manage_system\Apps\Runtime\Cache\Admin\ef665b77c2d05f05ae906fe22629942a.php 第 120 行.
NOTIC: [8] Undefined variable: emp_sex_female F:\wamp\www\Files_manage_system\Apps\Runtime\Cache\Admin\ef665b77c2d05f05ae906fe22629942a.php 第 124 行.
NOTIC: [8] Undefined variable: emp_politics_dangyuan F:\wamp\www\Files_manage_system\Apps\Runtime\Cache\Admin\ef665b77c2d05f05ae906fe22629942a.php 第 180 行.
NOTIC: [8] Undefined variable: emp_politics_qunzhong F:\wamp\www\Files_manage_system\Apps\Runtime\Cache\Admin\ef665b77c2d05f05ae906fe22629942a.php 第 184 行.
NOTIC: [8] Undefined variable: emp_marriage_unmarried F:\wamp\www\Files_manage_system\Apps\Runtime\Cache\Admin\ef665b77c2d05f05ae906fe22629942a.php 第 191 行.
NOTIC: [8] Undefined variable: emp_marriage_married F:\wamp\www\Files_manage_system\Apps\Runtime\Cache\Admin\ef665b77c2d05f05ae906fe22629942a.php 第 195 行.
INFO: Run Behavior\ParseTemplateBehavior [ RunTime:0.027777s ]
INFO: [ view_parse ] --END-- [ RunTime:0.027923s ]
INFO: [ view_filter ] --START--
INFO: Run Behavior\WriteHtmlCacheBehavior [ RunTime:0.000310s ]
INFO: [ view_filter ] --END-- [ RunTime:0.000445s ]
INFO: [ app_end ] --START--
INFO: Run Behavior\ShowPageTraceBehavior [ RunTime:0.000927s ]
INFO: [ app_end ] --END-- [ RunTime:0.001207s ]

[ 2016-01-11T22:54:51+08:00 ] ::1 /Files_manage_system/Admin/BaseInfo/check
INFO: [ app_init ] --START--
INFO: Run Behavior\BuildLiteBehavior [ RunTime:0.000050s ]
INFO: [ app_init ] --END-- [ RunTime:0.000619s ]
INFO: [ app_begin ] --START--
INFO: Run Behavior\ReadHtmlCacheBehavior [ RunTime:0.000522s ]
INFO: [ app_begin ] --END-- [ RunTime:0.000719s ]
NOTIC: [2048] Declaration of Admin\Controller\BaseInfoController::show() should be compatible with Think\Controller::show($content, $charset = '', $contentType = '', $prefix = '') F:\wamp\www\Files_manage_system\Apps\Admin\Controller\BaseInfoController.class.php 第 560 行.
SQL: SHOW COLUMNS FROM `fm_personal_info` [ RunTime:0.0106s ]
SQL: SELECT * FROM `fm_personal_info`  [ RunTime:0.0004s ]
SQL: SHOW COLUMNS FROM `fm_duty_info` [ RunTime:0.0075s ]
SQL: SELECT * FROM `fm_duty_info`  [ RunTime:0.0004s ]
INFO: [ view_parse ] --START--
INFO: [ template_filter ] --START--
INFO: Run Behavior\ContentReplaceBehavior [ RunTime:0.000219s ]
INFO: [ template_filter ] --END-- [ RunTime:0.000475s ]
INFO: Run Behavior\ParseTemplateBehavior [ RunTime:0.012096s ]
INFO: [ view_parse ] --END-- [ RunTime:0.012317s ]
INFO: [ view_filter ] --START--
INFO: Run Behavior\WriteHtmlCacheBehavior [ RunTime:0.000294s ]
INFO: [ view_filter ] --END-- [ RunTime:0.000430s ]
INFO: [ app_end ] --START--
INFO: Run Behavior\ShowPageTraceBehavior [ RunTime:0.000678s ]
INFO: [ app_end ] --END-- [ RunTime:0.000876s ]

[ 2016-01-11T22:54:52+08:00 ] ::1 /Files_manage_system/Admin/Performance/attendence_check
INFO: [ app_init ] --START--
INFO: Run Behavior\BuildLiteBehavior [ RunTime:0.000030s ]
INFO: [ app_init ] --END-- [ RunTime:0.000419s ]
INFO: [ app_begin ] --START--
INFO: Run Behavior\ReadHtmlCacheBehavior [ RunTime:0.000650s ]
INFO: [ app_begin ] --END-- [ RunTime:0.000895s ]
SQL: SHOW COLUMNS FROM `fm_personal_info` [ RunTime:0.0120s ]
SQL: SELECT * FROM `fm_personal_info`  [ RunTime:0.0004s ]
SQL: SHOW COLUMNS FROM `fm_duty_info` [ RunTime:0.0067s ]
SQL: SELECT * FROM `fm_duty_info`  [ RunTime:0.0004s ]
INFO: [ view_parse ] --START--
INFO: [ template_filter ] --START--
INFO: Run Behavior\ContentReplaceBehavior [ RunTime:0.000208s ]
INFO: [ template_filter ] --END-- [ RunTime:0.000483s ]
INFO: Run Behavior\ParseTemplateBehavior [ RunTime:0.010179s ]
INFO: [ view_parse ] --END-- [ RunTime:0.010465s ]
INFO: [ view_filter ] --START--
INFO: Run Behavior\WriteHtmlCacheBehavior [ RunTime:0.000426s ]
INFO: [ view_filter ] --END-- [ RunTime:0.000644s ]
INFO: [ app_end ] --START--
INFO: Run Behavior\ShowPageTraceBehavior [ RunTime:0.000909s ]
INFO: [ app_end ] --END-- [ RunTime:0.001144s ]

[ 2016-01-11T22:54:53+08:00 ] ::1 /Files_manage_system/Admin/Performance/attendence_create
INFO: [ app_init ] --START--
INFO: Run Behavior\BuildLiteBehavior [ RunTime:0.000031s ]
INFO: [ app_init ] --END-- [ RunTime:0.000426s ]
INFO: [ app_begin ] --START--
INFO: Run Behavior\ReadHtmlCacheBehavior [ RunTime:0.000608s ]
INFO: [ app_begin ] --END-- [ RunTime:0.000802s ]
SQL: SHOW COLUMNS FROM `fm_department` [ RunTime:0.0103s ]
SQL: SELECT * FROM `fm_department`  [ RunTime:0.0004s ]
SQL: SHOW COLUMNS FROM `fm_duty_info` [ RunTime:0.0081s ]
ERR: 1054:Champ 'Java项目组' inconnu dans where clause
 [ SQL语句 ] : SELECT `id`,`emp_name` FROM `fm_duty_info` WHERE ( emp_department=Java项目组 ) 
ERR: 1054:Champ 'Java项目组' inconnu dans where clause
 [ SQL语句 ] : SELECT `id`,`emp_name` FROM `fm_duty_info` WHERE ( emp_department=Java项目组 ) 

[ 2016-01-11T22:55:01+08:00 ] ::1 /Files_manage_system/Admin/Performance/attendence_create
INFO: [ app_init ] --START--
INFO: Run Behavior\BuildLiteBehavior [ RunTime:0.000031s ]
INFO: [ app_init ] --END-- [ RunTime:0.000423s ]
INFO: [ app_begin ] --START--
INFO: Run Behavior\ReadHtmlCacheBehavior [ RunTime:0.000637s ]
INFO: [ app_begin ] --END-- [ RunTime:0.000836s ]
SQL: SHOW COLUMNS FROM `fm_department` [ RunTime:0.0091s ]
SQL: SELECT * FROM `fm_department`  [ RunTime:0.0003s ]
SQL: SHOW COLUMNS FROM `fm_duty_info` [ RunTime:0.0070s ]
ERR: 1054:Champ 'Java项目组' inconnu dans where clause
 [ SQL语句 ] : SELECT `id`,`emp_name` FROM `fm_duty_info` WHERE ( emp_department=Java项目组 ) 
ERR: 1054:Champ 'Java项目组' inconnu dans where clause
 [ SQL语句 ] : SELECT `id`,`emp_name` FROM `fm_duty_info` WHERE ( emp_department=Java项目组 ) 

[ 2016-01-11T22:56:43+08:00 ] ::1 /Files_manage_system/Admin/BaseInfo/check
INFO: [ app_init ] --START--
INFO: Run Behavior\BuildLiteBehavior [ RunTime:0.000055s ]
INFO: [ app_init ] --END-- [ RunTime:0.000801s ]
INFO: [ app_begin ] --START--
INFO: Run Behavior\ReadHtmlCacheBehavior [ RunTime:0.000844s ]
INFO: [ app_begin ] --END-- [ RunTime:0.001136s ]
NOTIC: [2048] Declaration of Admin\Controller\BaseInfoController::show() should be compatible with Think\Controller::show($content, $charset = '', $contentType = '', $prefix = '') F:\wamp\www\Files_manage_system\Apps\Admin\Controller\BaseInfoController.class.php 第 560 行.
SQL: SHOW COLUMNS FROM `fm_personal_info` [ RunTime:0.0106s ]
SQL: SELECT * FROM `fm_personal_info`  [ RunTime:0.0005s ]
SQL: SHOW COLUMNS FROM `fm_duty_info` [ RunTime:0.0074s ]
SQL: SELECT * FROM `fm_duty_info`  [ RunTime:0.1038s ]
INFO: [ view_parse ] --START--
INFO: [ template_filter ] --START--
INFO: Run Behavior\ContentReplaceBehavior [ RunTime:0.000162s ]
INFO: [ template_filter ] --END-- [ RunTime:0.000321s ]
INFO: Run Behavior\ParseTemplateBehavior [ RunTime:0.009124s ]
INFO: [ view_parse ] --END-- [ RunTime:0.009279s ]
INFO: [ view_filter ] --START--
INFO: Run Behavior\WriteHtmlCacheBehavior [ RunTime:0.000364s ]
INFO: [ view_filter ] --END-- [ RunTime:0.000503s ]
INFO: [ app_end ] --START--
INFO: Run Behavior\ShowPageTraceBehavior [ RunTime:0.000534s ]
INFO: [ app_end ] --END-- [ RunTime:0.000666s ]

[ 2016-01-11T22:56:43+08:00 ] ::1 /Files_manage_system/Admin/BaseInfo/check
INFO: [ app_init ] --START--
INFO: Run Behavior\BuildLiteBehavior [ RunTime:0.000079s ]
INFO: [ app_init ] --END-- [ RunTime:0.000832s ]
INFO: [ app_begin ] --START--
INFO: Run Behavior\ReadHtmlCacheBehavior [ RunTime:0.000823s ]
INFO: [ app_begin ] --END-- [ RunTime:0.001091s ]
NOTIC: [2048] Declaration of Admin\Controller\BaseInfoController::show() should be compatible with Think\Controller::show($content, $charset = '', $contentType = '', $prefix = '') F:\wamp\www\Files_manage_system\Apps\Admin\Controller\BaseInfoController.class.php 第 560 行.
SQL: SHOW COLUMNS FROM `fm_personal_info` [ RunTime:0.0063s ]
SQL: SELECT * FROM `fm_personal_info`  [ RunTime:0.0004s ]
SQL: SHOW COLUMNS FROM `fm_duty_info` [ RunTime:0.0054s ]
SQL: SELECT * FROM `fm_duty_info`  [ RunTime:0.0004s ]
INFO: [ view_parse ] --START--
INFO: [ template_filter ] --START--
INFO: Run Behavior\ContentReplaceBehavior [ RunTime:0.000238s ]
INFO: [ template_filter ] --END-- [ RunTime:0.000518s ]
INFO: Run Behavior\ParseTemplateBehavior [ RunTime:0.012121s ]
INFO: [ view_parse ] --END-- [ RunTime:0.012418s ]
INFO: [ view_filter ] --START--
INFO: Run Behavior\WriteHtmlCacheBehavior [ RunTime:0.000570s ]
INFO: [ view_filter ] --END-- [ RunTime:0.000800s ]
INFO: [ app_end ] --START--
INFO: Run Behavior\ShowPageTraceBehavior [ RunTime:0.000705s ]
INFO: [ app_end ] --END-- [ RunTime:0.000904s ]

[ 2016-01-11T22:56:43+08:00 ] ::1 /Files_manage_system/Admin/BaseInfo/check
INFO: [ app_init ] --START--
INFO: Run Behavior\BuildLiteBehavior [ RunTime:0.000050s ]
INFO: [ app_init ] --END-- [ RunTime:0.000771s ]
INFO: [ app_begin ] --START--
INFO: Run Behavior\ReadHtmlCacheBehavior [ RunTime:0.001137s ]
INFO: [ app_begin ] --END-- [ RunTime:0.001442s ]
NOTIC: [2048] Declaration of Admin\Controller\BaseInfoController::show() should be compatible with Think\Controller::show($content, $charset = '', $contentType = '', $prefix = '') F:\wamp\www\Files_manage_system\Apps\Admin\Controller\BaseInfoController.class.php 第 560 行.
SQL: SHOW COLUMNS FROM `fm_personal_info` [ RunTime:0.0063s ]
SQL: SELECT * FROM `fm_personal_info`  [ RunTime:0.0004s ]
SQL: SHOW COLUMNS FROM `fm_duty_info` [ RunTime:0.0056s ]
SQL: SELECT * FROM `fm_duty_info`  [ RunTime:0.0005s ]
INFO: [ view_parse ] --START--
INFO: [ template_filter ] --START--
INFO: Run Behavior\ContentReplaceBehavior [ RunTime:0.000253s ]
INFO: [ template_filter ] --END-- [ RunTime:0.000543s ]
INFO: Run Behavior\ParseTemplateBehavior [ RunTime:0.011843s ]
INFO: [ view_parse ] --END-- [ RunTime:0.012183s ]
INFO: [ view_filter ] --START--
INFO: Run Behavior\WriteHtmlCacheBehavior [ RunTime:0.000533s ]
INFO: [ view_filter ] --END-- [ RunTime:0.000784s ]
INFO: [ app_end ] --START--
INFO: Run Behavior\ShowPageTraceBehavior [ RunTime:0.000769s ]
INFO: [ app_end ] --END-- [ RunTime:0.001022s ]

[ 2016-01-11T22:56:43+08:00 ] 127.0.0.1 /Files_manage_system/Admin/BaseInfo/check
INFO: [ app_init ] --START--
INFO: Run Behavior\BuildLiteBehavior [ RunTime:0.000064s ]
INFO: [ app_init ] --END-- [ RunTime:0.000872s ]
INFO: [ app_begin ] --START--
INFO: Run Behavior\ReadHtmlCacheBehavior [ RunTime:0.000954s ]
INFO: [ app_begin ] --END-- [ RunTime:0.001384s ]
NOTIC: [2048] Declaration of Admin\Controller\BaseInfoController::show() should be compatible with Think\Controller::show($content, $charset = '', $contentType = '', $prefix = '') F:\wamp\www\Files_manage_system\Apps\Admin\Controller\BaseInfoController.class.php 第 560 行.
SQL: SHOW COLUMNS FROM `fm_personal_info` [ RunTime:0.0155s ]
SQL: SELECT * FROM `fm_personal_info`  [ RunTime:0.0005s ]
SQL: SHOW COLUMNS FROM `fm_duty_info` [ RunTime:0.0075s ]
SQL: SELECT * FROM `fm_duty_info`  [ RunTime:0.0006s ]
INFO: [ view_parse ] --START--
INFO: [ template_filter ] --START--
INFO: Run Behavior\ContentReplaceBehavior [ RunTime:0.000146s ]
INFO: [ template_filter ] --END-- [ RunTime:0.000306s ]
INFO: Run Behavior\ParseTemplateBehavior [ RunTime:0.011753s ]
INFO: [ view_parse ] --END-- [ RunTime:0.012033s ]
INFO: [ view_filter ] --START--
INFO: Run Behavior\WriteHtmlCacheBehavior [ RunTime:0.000555s ]
INFO: [ view_filter ] --END-- [ RunTime:0.000816s ]
INFO: [ app_end ] --START--
INFO: Run Behavior\ShowPageTraceBehavior [ RunTime:0.001304s ]
INFO: [ app_end ] --END-- [ RunTime:0.001530s ]

[ 2016-01-11T22:56:50+08:00 ] ::1 /Files_manage_system/Admin/BaseInfo/check
INFO: [ app_init ] --START--
INFO: Run Behavior\BuildLiteBehavior [ RunTime:0.000044s ]
INFO: [ app_init ] --END-- [ RunTime:0.000673s ]
INFO: [ app_begin ] --START--
INFO: Run Behavior\ReadHtmlCacheBehavior [ RunTime:0.000735s ]
INFO: [ app_begin ] --END-- [ RunTime:0.000989s ]
NOTIC: [2048] Declaration of Admin\Controller\BaseInfoController::show() should be compatible with Think\Controller::show($content, $charset = '', $contentType = '', $prefix = '') F:\wamp\www\Files_manage_system\Apps\Admin\Controller\BaseInfoController.class.php 第 560 行.
SQL: SHOW COLUMNS FROM `fm_personal_info` [ RunTime:0.0087s ]
SQL: SELECT * FROM `fm_personal_info`  [ RunTime:0.0004s ]
SQL: SHOW COLUMNS FROM `fm_duty_info` [ RunTime:0.0076s ]
SQL: SELECT * FROM `fm_duty_info`  [ RunTime:0.0021s ]
INFO: [ view_parse ] --START--
INFO: [ template_filter ] --START--
INFO: Run Behavior\ContentReplaceBehavior [ RunTime:0.000143s ]
INFO: [ template_filter ] --END-- [ RunTime:0.000294s ]
INFO: Run Behavior\ParseTemplateBehavior [ RunTime:0.010425s ]
INFO: [ view_parse ] --END-- [ RunTime:0.010582s ]
INFO: [ view_filter ] --START--
INFO: Run Behavior\WriteHtmlCacheBehavior [ RunTime:0.000359s ]
INFO: [ view_filter ] --END-- [ RunTime:0.000490s ]
INFO: [ app_end ] --START--
INFO: Run Behavior\ShowPageTraceBehavior [ RunTime:0.000517s ]
INFO: [ app_end ] --END-- [ RunTime:0.000650s ]

[ 2016-01-11T22:56:53+08:00 ] ::1 /Files_manage_system/Admin/Performance/attendence_check
INFO: [ app_init ] --START--
INFO: Run Behavior\BuildLiteBehavior [ RunTime:0.000032s ]
INFO: [ app_init ] --END-- [ RunTime:0.000705s ]
INFO: [ app_begin ] --START--
INFO: Run Behavior\ReadHtmlCacheBehavior [ RunTime:0.000654s ]
INFO: [ app_begin ] --END-- [ RunTime:0.000847s ]
SQL: SHOW COLUMNS FROM `fm_personal_info` [ RunTime:0.0101s ]
SQL: SELECT * FROM `fm_personal_info`  [ RunTime:0.0005s ]
SQL: SHOW COLUMNS FROM `fm_duty_info` [ RunTime:0.0093s ]
SQL: SELECT * FROM `fm_duty_info`  [ RunTime:0.0004s ]
INFO: [ view_parse ] --START--
INFO: [ template_filter ] --START--
INFO: Run Behavior\ContentReplaceBehavior [ RunTime:0.000227s ]
INFO: [ template_filter ] --END-- [ RunTime:0.000508s ]
INFO: Run Behavior\ParseTemplateBehavior [ RunTime:0.010329s ]
INFO: [ view_parse ] --END-- [ RunTime:0.010539s ]
INFO: [ view_filter ] --START--
INFO: Run Behavior\WriteHtmlCacheBehavior [ RunTime:0.000509s ]
INFO: [ view_filter ] --END-- [ RunTime:0.000757s ]
INFO: [ app_end ] --START--
INFO: Run Behavior\ShowPageTraceBehavior [ RunTime:0.000713s ]
INFO: [ app_end ] --END-- [ RunTime:0.000977s ]

[ 2016-01-11T22:56:54+08:00 ] ::1 /Files_manage_system/Admin/Performance/attendence_create
INFO: [ app_init ] --START--
INFO: Run Behavior\BuildLiteBehavior [ RunTime:0.000051s ]
INFO: [ app_init ] --END-- [ RunTime:0.000693s ]
INFO: [ app_begin ] --START--
INFO: Run Behavior\ReadHtmlCacheBehavior [ RunTime:0.000526s ]
INFO: [ app_begin ] --END-- [ RunTime:0.000675s ]
SQL: SHOW COLUMNS FROM `fm_department` [ RunTime:0.0106s ]
SQL: SELECT * FROM `fm_department`  [ RunTime:0.0086s ]
SQL: SHOW COLUMNS FROM `fm_duty_info` [ RunTime:0.0067s ]
SQL: SELECT `id`,`emp_name` FROM `fm_duty_info` WHERE `emp_department` = 'Java项目组'  [ RunTime:0.0003s ]
SQL: SELECT `id`,`emp_name` FROM `fm_duty_info` WHERE `emp_department` = 'Php项目组'  [ RunTime:0.0002s ]
SQL: SELECT `id`,`emp_name` FROM `fm_duty_info` WHERE `emp_department` = 'IOS项目组'  [ RunTime:0.0002s ]
INFO: [ view_parse ] --START--
INFO: [ template_filter ] --START--
INFO: Run Behavior\ContentReplaceBehavior [ RunTime:0.000232s ]
INFO: [ template_filter ] --END-- [ RunTime:0.000520s ]
INFO: Run Behavior\ParseTemplateBehavior [ RunTime:0.018022s ]
INFO: [ view_parse ] --END-- [ RunTime:0.018221s ]
INFO: [ view_filter ] --START--
INFO: Run Behavior\WriteHtmlCacheBehavior [ RunTime:0.000356s ]
INFO: [ view_filter ] --END-- [ RunTime:0.000494s ]
INFO: [ app_end ] --START--
INFO: Run Behavior\ShowPageTraceBehavior [ RunTime:0.000629s ]
INFO: [ app_end ] --END-- [ RunTime:0.000770s ]

[ 2016-01-11T22:56:57+08:00 ] ::1 /Files_manage_system/Admin/Performance/attendence_check
INFO: [ app_init ] --START--
INFO: Run Behavior\BuildLiteBehavior [ RunTime:0.000030s ]
INFO: [ app_init ] --END-- [ RunTime:0.000432s ]
INFO: [ app_begin ] --START--
INFO: Run Behavior\ReadHtmlCacheBehavior [ RunTime:0.000451s ]
INFO: [ app_begin ] --END-- [ RunTime:0.000592s ]
SQL: SHOW COLUMNS FROM `fm_personal_info` [ RunTime:0.0129s ]
SQL: SELECT * FROM `fm_personal_info`  [ RunTime:0.0005s ]
SQL: SHOW COLUMNS FROM `fm_duty_info` [ RunTime:0.0073s ]
SQL: SELECT * FROM `fm_duty_info`  [ RunTime:0.0004s ]
INFO: [ view_parse ] --START--
INFO: [ template_filter ] --START--
INFO: Run Behavior\ContentReplaceBehavior [ RunTime:0.000239s ]
INFO: [ template_filter ] --END-- [ RunTime:0.000546s ]
INFO: Run Behavior\ParseTemplateBehavior [ RunTime:0.010191s ]
INFO: [ view_parse ] --END-- [ RunTime:0.010422s ]
INFO: [ view_filter ] --START--
INFO: Run Behavior\WriteHtmlCacheBehavior [ RunTime:0.000431s ]
INFO: [ view_filter ] --END-- [ RunTime:0.000683s ]
INFO: [ app_end ] --START--
INFO: Run Behavior\ShowPageTraceBehavior [ RunTime:0.000684s ]
INFO: [ app_end ] --END-- [ RunTime:0.000934s ]

[ 2016-01-11T22:56:58+08:00 ] ::1 /Files_manage_system/Admin/Performance/attendence_create
INFO: [ app_init ] --START--
INFO: Run Behavior\BuildLiteBehavior [ RunTime:0.000057s ]
INFO: [ app_init ] --END-- [ RunTime:0.000735s ]
INFO: [ app_begin ] --START--
INFO: Run Behavior\ReadHtmlCacheBehavior [ RunTime:0.000466s ]
INFO: [ app_begin ] --END-- [ RunTime:0.000609s ]
SQL: SHOW COLUMNS FROM `fm_department` [ RunTime:0.0112s ]
SQL: SELECT * FROM `fm_department`  [ RunTime:0.0003s ]
SQL: SHOW COLUMNS FROM `fm_duty_info` [ RunTime:0.0073s ]
SQL: SELECT `id`,`emp_name` FROM `fm_duty_info` WHERE `emp_department` = 'Java项目组'  [ RunTime:0.0003s ]
SQL: SELECT `id`,`emp_name` FROM `fm_duty_info` WHERE `emp_department` = 'Php项目组'  [ RunTime:0.0003s ]
SQL: SELECT `id`,`emp_name` FROM `fm_duty_info` WHERE `emp_department` = 'IOS项目组'  [ RunTime:0.0003s ]
INFO: [ view_parse ] --START--
INFO: [ template_filter ] --START--
INFO: Run Behavior\ContentReplaceBehavior [ RunTime:0.000361s ]
INFO: [ template_filter ] --END-- [ RunTime:0.001493s ]
INFO: Run Behavior\ParseTemplateBehavior [ RunTime:0.011097s ]
INFO: [ view_parse ] --END-- [ RunTime:0.011310s ]
INFO: [ view_filter ] --START--
INFO: Run Behavior\WriteHtmlCacheBehavior [ RunTime:0.000446s ]
INFO: [ view_filter ] --END-- [ RunTime:0.000647s ]
INFO: [ app_end ] --START--
INFO: Run Behavior\ShowPageTraceBehavior [ RunTime:0.000654s ]
INFO: [ app_end ] --END-- [ RunTime:0.000901s ]

[ 2016-01-11T22:58:08+08:00 ] ::1 /Files_manage_system/Admin/Performance/attendence_create
INFO: [ app_init ] --START--
INFO: Run Behavior\BuildLiteBehavior [ RunTime:0.000032s ]
INFO: [ app_init ] --END-- [ RunTime:0.000446s ]
INFO: [ app_begin ] --START--
INFO: Run Behavior\ReadHtmlCacheBehavior [ RunTime:0.000484s ]
INFO: [ app_begin ] --END-- [ RunTime:0.000639s ]
SQL: SHOW COLUMNS FROM `fm_department` [ RunTime:0.0090s ]
SQL: SELECT * FROM `fm_department`  [ RunTime:0.0004s ]
SQL: SHOW COLUMNS FROM `fm_duty_info` [ RunTime:0.0070s ]
SQL: SELECT `id`,`emp_name` FROM `fm_duty_info` WHERE `emp_department` = 'Java项目组'  [ RunTime:0.0004s ]
SQL: SELECT `id`,`emp_name` FROM `fm_duty_info` WHERE `emp_department` = 'Php项目组'  [ RunTime:0.0003s ]
SQL: SELECT `id`,`emp_name` FROM `fm_duty_info` WHERE `emp_department` = 'IOS项目组'  [ RunTime:0.0002s ]
INFO: [ view_parse ] --START--
INFO: [ template_filter ] --START--
INFO: Run Behavior\ContentReplaceBehavior [ RunTime:0.000256s ]
INFO: [ template_filter ] --END-- [ RunTime:0.000465s ]
INFO: Run Behavior\ParseTemplateBehavior [ RunTime:0.009902s ]
INFO: [ view_parse ] --END-- [ RunTime:0.010127s ]
INFO: [ view_filter ] --START--
INFO: Run Behavior\WriteHtmlCacheBehavior [ RunTime:0.000395s ]
INFO: [ view_filter ] --END-- [ RunTime:0.000643s ]
INFO: [ app_end ] --START--
INFO: Run Behavior\ShowPageTraceBehavior [ RunTime:0.000565s ]
INFO: [ app_end ] --END-- [ RunTime:0.000818s ]

[ 2016-01-11T22:59:05+08:00 ] ::1 /Files_manage_system/Admin/Performance/attendence_create
INFO: [ app_init ] --START--
INFO: Run Behavior\BuildLiteBehavior [ RunTime:0.000049s ]
INFO: [ app_init ] --END-- [ RunTime:0.000671s ]
INFO: [ app_begin ] --START--
INFO: Run Behavior\ReadHtmlCacheBehavior [ RunTime:0.000856s ]
INFO: [ app_begin ] --END-- [ RunTime:0.001121s ]
SQL: SHOW COLUMNS FROM `fm_department` [ RunTime:0.0090s ]
SQL: SELECT * FROM `fm_department`  [ RunTime:0.0003s ]
SQL: SHOW COLUMNS FROM `fm_duty_info` [ RunTime:0.0071s ]
SQL: SELECT `id`,`emp_name` FROM `fm_duty_info` WHERE `emp_department` = 'Java项目组'  [ RunTime:0.0003s ]
SQL: SELECT `id`,`emp_name` FROM `fm_duty_info` WHERE `emp_department` = 'Php项目组'  [ RunTime:0.0002s ]
SQL: SELECT `id`,`emp_name` FROM `fm_duty_info` WHERE `emp_department` = 'IOS项目组'  [ RunTime:0.0002s ]
INFO: [ view_parse ] --START--
INFO: [ template_filter ] --START--
INFO: Run Behavior\ContentReplaceBehavior [ RunTime:0.000163s ]
INFO: [ template_filter ] --END-- [ RunTime:0.000336s ]
INFO: Run Behavior\ParseTemplateBehavior [ RunTime:0.011430s ]
INFO: [ view_parse ] --END-- [ RunTime:0.011634s ]
INFO: [ view_filter ] --START--
INFO: Run Behavior\WriteHtmlCacheBehavior [ RunTime:0.000361s ]
INFO: [ view_filter ] --END-- [ RunTime:0.000495s ]
INFO: [ app_end ] --START--
INFO: Run Behavior\ShowPageTraceBehavior [ RunTime:0.000526s ]
INFO: [ app_end ] --END-- [ RunTime:0.000703s ]

[ 2016-01-11T22:59:35+08:00 ] ::1 /Files_manage_system/Admin/Performance/attendence_create
INFO: [ app_init ] --START--
INFO: Run Behavior\BuildLiteBehavior [ RunTime:0.000056s ]
INFO: [ app_init ] --END-- [ RunTime:0.000797s ]
INFO: [ app_begin ] --START--
INFO: Run Behavior\ReadHtmlCacheBehavior [ RunTime:0.000591s ]
INFO: [ app_begin ] --END-- [ RunTime:0.000778s ]
SQL: SHOW COLUMNS FROM `fm_department` [ RunTime:0.0111s ]
SQL: SELECT * FROM `fm_department`  [ RunTime:0.0003s ]
SQL: SHOW COLUMNS FROM `fm_duty_info` [ RunTime:0.0074s ]
SQL: SELECT `id`,`emp_name` FROM `fm_duty_info` WHERE `emp_department` = 'Java项目组'  [ RunTime:0.0004s ]
SQL: SELECT `id`,`emp_name` FROM `fm_duty_info` WHERE `emp_department` = 'Php项目组'  [ RunTime:0.0002s ]
SQL: SELECT `id`,`emp_name` FROM `fm_duty_info` WHERE `emp_department` = 'IOS项目组'  [ RunTime:0.0003s ]
INFO: [ view_parse ] --START--
INFO: [ template_filter ] --START--
INFO: Run Behavior\ContentReplaceBehavior [ RunTime:0.000211s ]
INFO: [ template_filter ] --END-- [ RunTime:0.000422s ]
INFO: Run Behavior\ParseTemplateBehavior [ RunTime:0.010224s ]
INFO: [ view_parse ] --END-- [ RunTime:0.010519s ]
INFO: [ view_filter ] --START--
INFO: Run Behavior\WriteHtmlCacheBehavior [ RunTime:0.000513s ]
INFO: [ view_filter ] --END-- [ RunTime:0.000764s ]
INFO: [ app_end ] --START--
INFO: Run Behavior\ShowPageTraceBehavior [ RunTime:0.000642s ]
INFO: [ app_end ] --END-- [ RunTime:0.000828s ]

[ 2016-01-11T23:02:02+08:00 ] ::1 /Files_manage_system/Admin/Performance/attendence_create
INFO: [ app_init ] --START--
INFO: Run Behavior\BuildLiteBehavior [ RunTime:0.000032s ]
INFO: [ app_init ] --END-- [ RunTime:0.000497s ]
INFO: [ app_begin ] --START--
INFO: Run Behavior\ReadHtmlCacheBehavior [ RunTime:0.000596s ]
INFO: [ app_begin ] --END-- [ RunTime:0.000745s ]
SQL: SHOW COLUMNS FROM `fm_department` [ RunTime:0.0109s ]
SQL: SELECT * FROM `fm_department`  [ RunTime:0.0004s ]
SQL: SHOW COLUMNS FROM `fm_duty_info` [ RunTime:0.0074s ]
SQL: SELECT `id`,`emp_name` FROM `fm_duty_info` WHERE `emp_department` = 'Java项目组'  [ RunTime:0.0003s ]
SQL: SELECT `id`,`emp_name` FROM `fm_duty_info` WHERE `emp_department` = 'Php项目组'  [ RunTime:0.0002s ]
SQL: SELECT `id`,`emp_name` FROM `fm_duty_info` WHERE `emp_department` = 'IOS项目组'  [ RunTime:0.0002s ]
INFO: [ view_parse ] --START--
INFO: [ template_filter ] --START--
INFO: Run Behavior\ContentReplaceBehavior [ RunTime:0.000153s ]
INFO: [ template_filter ] --END-- [ RunTime:0.000311s ]
INFO: Run Behavior\ParseTemplateBehavior [ RunTime:0.011138s ]
INFO: [ view_parse ] --END-- [ RunTime:0.011374s ]
INFO: [ view_filter ] --START--
INFO: Run Behavior\WriteHtmlCacheBehavior [ RunTime:0.000498s ]
INFO: [ view_filter ] --END-- [ RunTime:0.000697s ]
INFO: [ app_end ] --START--
INFO: Run Behavior\ShowPageTraceBehavior [ RunTime:0.000551s ]
INFO: [ app_end ] --END-- [ RunTime:0.000687s ]

[ 2016-01-11T23:02:03+08:00 ] ::1 /Files_manage_system/Admin/Performance/attendence_create
INFO: [ app_init ] --START--
INFO: Run Behavior\BuildLiteBehavior [ RunTime:0.000034s ]
INFO: [ app_init ] --END-- [ RunTime:0.000795s ]
INFO: [ app_begin ] --START--
INFO: Run Behavior\ReadHtmlCacheBehavior [ RunTime:0.000574s ]
INFO: [ app_begin ] --END-- [ RunTime:0.000718s ]
SQL: SHOW COLUMNS FROM `fm_department` [ RunTime:0.0093s ]
SQL: SELECT * FROM `fm_department`  [ RunTime:0.0003s ]
SQL: SHOW COLUMNS FROM `fm_duty_info` [ RunTime:0.0077s ]
SQL: SELECT `id`,`emp_name` FROM `fm_duty_info` WHERE `emp_department` = 'Java项目组'  [ RunTime:0.0003s ]
SQL: SELECT `id`,`emp_name` FROM `fm_duty_info` WHERE `emp_department` = 'Php项目组'  [ RunTime:0.0004s ]
SQL: SELECT `id`,`emp_name` FROM `fm_duty_info` WHERE `emp_department` = 'IOS项目组'  [ RunTime:0.0002s ]
INFO: [ view_parse ] --START--
INFO: [ template_filter ] --START--
INFO: Run Behavior\ContentReplaceBehavior [ RunTime:0.000151s ]
INFO: [ template_filter ] --END-- [ RunTime:0.000311s ]
INFO: Run Behavior\ParseTemplateBehavior [ RunTime:0.010485s ]
INFO: [ view_parse ] --END-- [ RunTime:0.010762s ]
INFO: [ view_filter ] --START--
INFO: Run Behavior\WriteHtmlCacheBehavior [ RunTime:0.000507s ]
INFO: [ view_filter ] --END-- [ RunTime:0.000757s ]
INFO: [ app_end ] --START--
INFO: Run Behavior\ShowPageTraceBehavior [ RunTime:0.000721s ]
INFO: [ app_end ] --END-- [ RunTime:0.000953s ]

[ 2016-01-11T23:02:05+08:00 ] ::1 /Files_manage_system/Admin/Performance/attendence_create
INFO: [ app_init ] --START--
INFO: Run Behavior\BuildLiteBehavior [ RunTime:0.000031s ]
INFO: [ app_init ] --END-- [ RunTime:0.000437s ]
INFO: [ app_begin ] --START--
INFO: Run Behavior\ReadHtmlCacheBehavior [ RunTime:0.000450s ]
INFO: [ app_begin ] --END-- [ RunTime:0.000590s ]
SQL: SHOW COLUMNS FROM `fm_department` [ RunTime:0.0092s ]
SQL: SELECT * FROM `fm_department`  [ RunTime:0.0003s ]
SQL: SHOW COLUMNS FROM `fm_duty_info` [ RunTime:0.0080s ]
SQL: SELECT `id`,`emp_name` FROM `fm_duty_info` WHERE `emp_department` = 'Java项目组'  [ RunTime:0.0003s ]
SQL: SELECT `id`,`emp_name` FROM `fm_duty_info` WHERE `emp_department` = 'Php项目组'  [ RunTime:0.0002s ]
SQL: SELECT `id`,`emp_name` FROM `fm_duty_info` WHERE `emp_department` = 'IOS项目组'  [ RunTime:0.0002s ]
INFO: [ view_parse ] --START--
INFO: [ template_filter ] --START--
INFO: Run Behavior\ContentReplaceBehavior [ RunTime:0.000200s ]
INFO: [ template_filter ] --END-- [ RunTime:0.000421s ]
INFO: Run Behavior\ParseTemplateBehavior [ RunTime:0.009310s ]
INFO: [ view_parse ] --END-- [ RunTime:0.009544s ]
INFO: [ view_filter ] --START--
INFO: Run Behavior\WriteHtmlCacheBehavior [ RunTime:0.000291s ]
INFO: [ view_filter ] --END-- [ RunTime:0.000444s ]
INFO: [ app_end ] --START--
INFO: Run Behavior\ShowPageTraceBehavior [ RunTime:0.001265s ]
INFO: [ app_end ] --END-- [ RunTime:0.001711s ]

[ 2016-01-11T23:02:18+08:00 ] ::1 /Files_manage_system/Admin/Performance/attendence_create
INFO: [ app_init ] --START--
INFO: Run Behavior\BuildLiteBehavior [ RunTime:0.000052s ]
INFO: [ app_init ] --END-- [ RunTime:0.000661s ]
INFO: [ app_begin ] --START--
INFO: Run Behavior\ReadHtmlCacheBehavior [ RunTime:0.000558s ]
INFO: [ app_begin ] --END-- [ RunTime:0.000699s ]
SQL: SHOW COLUMNS FROM `fm_department` [ RunTime:0.0083s ]
SQL: SELECT * FROM `fm_department`  [ RunTime:0.0004s ]
SQL: SHOW COLUMNS FROM `fm_duty_info` [ RunTime:0.0068s ]
SQL: SELECT `id`,`emp_name` FROM `fm_duty_info` WHERE `emp_department` = 'Java项目组'  [ RunTime:0.0003s ]
SQL: SELECT `id`,`emp_name` FROM `fm_duty_info` WHERE `emp_department` = 'Php项目组'  [ RunTime:0.0002s ]
SQL: SELECT `id`,`emp_name` FROM `fm_duty_info` WHERE `emp_department` = 'IOS项目组'  [ RunTime:0.0002s ]
INFO: [ view_parse ] --START--
INFO: [ template_filter ] --START--
INFO: Run Behavior\ContentReplaceBehavior [ RunTime:0.000250s ]
INFO: [ template_filter ] --END-- [ RunTime:0.000524s ]
INFO: Run Behavior\ParseTemplateBehavior [ RunTime:0.017796s ]
INFO: [ view_parse ] --END-- [ RunTime:0.018077s ]
INFO: [ view_filter ] --START--
INFO: Run Behavior\WriteHtmlCacheBehavior [ RunTime:0.000366s ]
INFO: [ view_filter ] --END-- [ RunTime:0.000497s ]
INFO: [ app_end ] --START--
INFO: Run Behavior\ShowPageTraceBehavior [ RunTime:0.000526s ]
INFO: [ app_end ] --END-- [ RunTime:0.000659s ]

