[ 2017-03-31T18:06:37+08:00 ] ::1 /Files_manage_system/Admin/Salary/salary_setting
INFO: [ app_init ] --START--
INFO: Run Behavior\BuildLiteBehavior [ RunTime:0.000032s ]
INFO: [ app_init ] --END-- [ RunTime:0.000498s ]
INFO: [ app_begin ] --START--
INFO: Run Behavior\ReadHtmlCacheBehavior [ RunTime:0.000998s ]
INFO: [ app_begin ] --END-- [ RunTime:0.001327s ]
SQL: SHOW COLUMNS FROM `fm_personal_info` [ RunTime:0.0094s ]
SQL: SHOW COLUMNS FROM `fm_duty_info` [ RunTime:0.0121s ]
SQL: SHOW COLUMNS FROM `fm_salary` [ RunTime:0.0065s ]
SQL: SHOW COLUMNS FROM `fm_account_info` [ RunTime:0.0063s ]
SQL: SHOW COLUMNS FROM `fm_account_project` [ RunTime:0.0074s ]
SQL: SHOW COLUMNS FROM `fm_project_person` [ RunTime:0.0106s ]
SQL: SHOW COLUMNS FROM `fm_department` [ RunTime:0.0066s ]
SQL: SHOW COLUMNS FROM `fm_folk_type` [ RunTime:0.0056s ]
SQL: SHOW COLUMNS FROM `fm_native_type` [ RunTime:0.0057s ]
SQL: SHOW COLUMNS FROM `fm_use_form` [ RunTime:0.0054s ]
SQL: SELECT * FROM `fm_personal_info`  [ RunTime:0.0006s ]
SQL: SELECT * FROM `fm_duty_info`  [ RunTime:0.0003s ]
SQL: SELECT * FROM `fm_salary`  [ RunTime:0.0001s ]
SQL: SELECT `id` FROM `fm_account_info` WHERE ( use_status="on" )  [ RunTime:0.0002s ]
SQL: SELECT `project_id`,`project_name`,`project_unit` FROM `fm_account_project` WHERE ( account_id=1 and project_id>5 ) ORDER BY project_id asc  [ RunTime:0.0002s ]
SQL: SELECT `count`,`project_id` FROM `fm_project_person` WHERE ( account_id=1 and emp_id=1 and update_time like "2017-%" ) ORDER BY project_id asc  [ RunTime:0.0002s ]
SQL: SELECT `count`,`project_id` FROM `fm_project_person` WHERE ( account_id=1 and emp_id=2 and update_time like "2017-%" ) ORDER BY project_id asc  [ RunTime:0.0002s ]
SQL: SELECT * FROM `fm_department`  [ RunTime:0.0001s ]
SQL: SELECT * FROM `fm_folk_type`  [ RunTime:0.0002s ]
SQL: SELECT * FROM `fm_native_type`  [ RunTime:0.0002s ]
SQL: SELECT * FROM `fm_use_form`  [ RunTime:0.0001s ]
INFO: [ view_parse ] --START--
INFO: [ template_filter ] --START--
INFO: Run Behavior\ContentReplaceBehavior [ RunTime:0.000165s ]
INFO: [ template_filter ] --END-- [ RunTime:0.000314s ]
INFO: Run Behavior\ParseTemplateBehavior [ RunTime:0.009635s ]
INFO: [ view_parse ] --END-- [ RunTime:0.009853s ]
INFO: [ view_filter ] --START--
INFO: Run Behavior\WriteHtmlCacheBehavior [ RunTime:0.000388s ]
INFO: [ view_filter ] --END-- [ RunTime:0.000522s ]
INFO: [ app_end ] --START--
INFO: Run Behavior\ShowPageTraceBehavior [ RunTime:0.001019s ]
INFO: [ app_end ] --END-- [ RunTime:0.001441s ]

[ 2017-03-31T18:06:38+08:00 ] ::1 /Files_manage_system/Admin/Salary/salary_setting
INFO: [ app_init ] --START--
INFO: Run Behavior\BuildLiteBehavior [ RunTime:0.000032s ]
INFO: [ app_init ] --END-- [ RunTime:0.000467s ]
INFO: [ app_begin ] --START--
INFO: Run Behavior\ReadHtmlCacheBehavior [ RunTime:0.000541s ]
INFO: [ app_begin ] --END-- [ RunTime:0.000685s ]
SQL: SHOW COLUMNS FROM `fm_personal_info` [ RunTime:0.0114s ]
SQL: SHOW COLUMNS FROM `fm_duty_info` [ RunTime:0.0102s ]
SQL: SHOW COLUMNS FROM `fm_salary` [ RunTime:0.0065s ]
SQL: SHOW COLUMNS FROM `fm_account_info` [ RunTime:0.0055s ]
SQL: SHOW COLUMNS FROM `fm_account_project` [ RunTime:0.0060s ]
SQL: SHOW COLUMNS FROM `fm_project_person` [ RunTime:0.0087s ]
SQL: SHOW COLUMNS FROM `fm_department` [ RunTime:0.0059s ]
SQL: SHOW COLUMNS FROM `fm_folk_type` [ RunTime:0.0073s ]
SQL: SHOW COLUMNS FROM `fm_native_type` [ RunTime:0.0060s ]
SQL: SHOW COLUMNS FROM `fm_use_form` [ RunTime:0.0056s ]
SQL: SELECT * FROM `fm_personal_info`  [ RunTime:0.0006s ]
SQL: SELECT * FROM `fm_duty_info`  [ RunTime:0.0004s ]
SQL: SELECT * FROM `fm_salary`  [ RunTime:0.0002s ]
SQL: SELECT `id` FROM `fm_account_info` WHERE ( use_status="on" )  [ RunTime:0.0002s ]
SQL: SELECT `project_id`,`project_name`,`project_unit` FROM `fm_account_project` WHERE ( account_id=1 and project_id>5 ) ORDER BY project_id asc  [ RunTime:0.0002s ]
SQL: SELECT `count`,`project_id` FROM `fm_project_person` WHERE ( account_id=1 and emp_id=1 and update_time like "2017-%" ) ORDER BY project_id asc  [ RunTime:0.0002s ]
SQL: SELECT `count`,`project_id` FROM `fm_project_person` WHERE ( account_id=1 and emp_id=2 and update_time like "2017-%" ) ORDER BY project_id asc  [ RunTime:0.0002s ]
SQL: SELECT * FROM `fm_department`  [ RunTime:0.0003s ]
SQL: SELECT * FROM `fm_folk_type`  [ RunTime:0.0003s ]
SQL: SELECT * FROM `fm_native_type`  [ RunTime:0.0003s ]
SQL: SELECT * FROM `fm_use_form`  [ RunTime:0.0002s ]
INFO: [ view_parse ] --START--
INFO: [ template_filter ] --START--
INFO: Run Behavior\ContentReplaceBehavior [ RunTime:0.000166s ]
INFO: [ template_filter ] --END-- [ RunTime:0.000323s ]
INFO: Run Behavior\ParseTemplateBehavior [ RunTime:0.012633s ]
INFO: [ view_parse ] --END-- [ RunTime:0.012809s ]
INFO: [ view_filter ] --START--
INFO: Run Behavior\WriteHtmlCacheBehavior [ RunTime:0.000345s ]
INFO: [ view_filter ] --END-- [ RunTime:0.000478s ]
INFO: [ app_end ] --START--
INFO: Run Behavior\ShowPageTraceBehavior [ RunTime:0.000819s ]
INFO: [ app_end ] --END-- [ RunTime:0.001062s ]

[ 2017-03-31T18:06:57+08:00 ] ::1 /Files_manage_system/Admin/Salary/salary_edit
INFO: [ app_init ] --START--
INFO: Run Behavior\BuildLiteBehavior [ RunTime:0.000029s ]
INFO: [ app_init ] --END-- [ RunTime:0.000470s ]
INFO: [ app_begin ] --START--
INFO: Run Behavior\ReadHtmlCacheBehavior [ RunTime:0.000679s ]
INFO: [ app_begin ] --END-- [ RunTime:0.000790s ]
SQL: SHOW COLUMNS FROM `fm_salary` [ RunTime:0.0086s ]
SQL: SHOW COLUMNS FROM `fm_project_person` [ RunTime:0.0063s ]
SQL: SHOW COLUMNS FROM `fm_account_info` [ RunTime:0.0057s ]
SQL: SELECT * FROM `fm_salary` WHERE ( id=1 )  [ RunTime:0.0003s ]
SQL: UPDATE `fm_salary` SET `id`='1',`salary`='5000' WHERE ( id=1 ) [ RunTime:0.0552s ]
SQL: SELECT `id` FROM `fm_account_info` WHERE ( use_status="on" )  [ RunTime:0.0006s ]
SQL: SELECT `id` FROM `fm_project_person`  [ RunTime:0.0005s ]
SQL: DELETE FROM `fm_project_person` WHERE ( emp_id=1 and account_id=1 and update_time like "2017-%" ) [ RunTime:0.0005s ]
SQL: INSERT INTO `fm_project_person` (`id`,`account_id`,`project_id`,`emp_id`,`count`,`update_time`) VALUES ('1','1','6','1','1','2017-03-31') [ RunTime:0.0541s ]
INFO: [ app_end ] --START--
INFO: Run Behavior\ShowPageTraceBehavior [ RunTime:0.001744s ]
INFO: [ app_end ] --END-- [ RunTime:0.002062s ]

